2024-06-05 15:04:03 [main] INFO  c.f.FlightServiceApplication - Starting FlightServiceApplication using Java 17.0.9 with PID 10568 (C:\Users\USER\Documents\JourneyNest\Backend\Flight-Service\target\classes started by USER in C:\Users\USER\Documents\JourneyNest\Backend\Flight-Service)
2024-06-05 15:04:03 [main] INFO  c.f.FlightServiceApplication - No active profile set, falling back to 1 default profile: "default"
2024-06-05 15:04:03 [main] INFO  o.s.c.c.c.ConfigServerConfigDataLoader - Fetching config from server at : http://localhost:9999/
2024-06-05 15:04:03 [main] INFO  o.s.c.c.c.ConfigServerConfigDataLoader - Located environment: name=FLIGHT-SERVICE, profiles=[default], label=null, version=f09cc8a822fb1591eff501937aa868b4e776625b, state=null
2024-06-05 15:04:05 [main] INFO  o.s.d.r.c.RepositoryConfigurationDelegate - Bootstrapping Spring Data JPA repositories in DEFAULT mode.
2024-06-05 15:04:05 [main] INFO  o.s.d.r.c.RepositoryConfigurationDelegate - Finished Spring Data repository scanning in 255 ms. Found 2 JPA repository interfaces.
2024-06-05 15:04:05 [main] INFO  o.s.i.c.DefaultConfiguringBeanFactoryPostProcessor - No bean named 'errorChannel' has been explicitly defined. Therefore, a default PublishSubscribeChannel will be created.
2024-06-05 15:04:05 [main] INFO  o.s.i.c.DefaultConfiguringBeanFactoryPostProcessor - No bean named 'integrationHeaderChannelRegistry' has been explicitly defined. Therefore, a default DefaultHeaderChannelRegistry will be created.
2024-06-05 15:04:05 [main] INFO  o.s.cloud.context.scope.GenericScope - BeanFactory id=e73dc690-edf9-393e-9516-321fb0e280fc
2024-06-05 15:04:06 [main] WARN  o.s.c.s.PostProcessorRegistrationDelegate$BeanPostProcessorChecker - Bean 'org.springframework.boot.autoconfigure.integration.IntegrationAutoConfiguration$IntegrationJmxConfiguration' of type [org.springframework.boot.autoconfigure.integration.IntegrationAutoConfiguration$IntegrationJmxConfiguration] is not eligible for getting processed by all BeanPostProcessors (for example: not eligible for auto-proxying). The currently created BeanPostProcessor [integrationMbeanExporter] is declared through a non-static factory method on that class; consider declaring it as static instead.
2024-06-05 15:04:06 [main] WARN  o.s.c.s.PostProcessorRegistrationDelegate$BeanPostProcessorChecker - Bean 'org.springframework.cloud.stream.config.BindersHealthIndicatorAutoConfiguration' of type [org.springframework.cloud.stream.config.BindersHealthIndicatorAutoConfiguration] is not eligible for getting processed by all BeanPostProcessors (for example: not eligible for auto-proxying). Is this bean getting eagerly injected into a currently created BeanPostProcessor [integrationMbeanExporter]? Check the corresponding BeanPostProcessor declaration and its dependencies.
2024-06-05 15:04:06 [main] WARN  o.s.c.s.PostProcessorRegistrationDelegate$BeanPostProcessorChecker - Bean 'bindersHealthContributor' of type [org.springframework.cloud.stream.config.BindersHealthIndicatorAutoConfiguration$BindersHealthContributor] is not eligible for getting processed by all BeanPostProcessors (for example: not eligible for auto-proxying). Is this bean getting eagerly injected into a currently created BeanPostProcessor [integrationMbeanExporter]? Check the corresponding BeanPostProcessor declaration and its dependencies.
2024-06-05 15:04:06 [main] WARN  o.s.c.s.PostProcessorRegistrationDelegate$BeanPostProcessorChecker - Bean 'bindersHealthIndicatorListener' of type [org.springframework.cloud.stream.config.BindersHealthIndicatorAutoConfiguration$BindersHealthIndicatorListener] is not eligible for getting processed by all BeanPostProcessors (for example: not eligible for auto-proxying). Is this bean getting eagerly injected into a currently created BeanPostProcessor [integrationMbeanExporter]? Check the corresponding BeanPostProcessor declaration and its dependencies.
2024-06-05 15:04:06 [main] WARN  o.s.c.s.PostProcessorRegistrationDelegate$BeanPostProcessorChecker - Bean 'org.springframework.cloud.stream.binder.rabbit.config.ExtendedBindingHandlerMappingsProviderConfiguration' of type [org.springframework.cloud.stream.binder.rabbit.config.ExtendedBindingHandlerMappingsProviderConfiguration] is not eligible for getting processed by all BeanPostProcessors (for example: not eligible for auto-proxying). Is this bean getting eagerly injected into a currently created BeanPostProcessor [integrationMbeanExporter]? Check the corresponding BeanPostProcessor declaration and its dependencies.
2024-06-05 15:04:06 [main] WARN  o.s.c.s.PostProcessorRegistrationDelegate$BeanPostProcessorChecker - Bean 'rabbitExtendedPropertiesDefaultMappingsProvider' of type [org.springframework.cloud.stream.binder.rabbit.config.ExtendedBindingHandlerMappingsProviderConfiguration$$Lambda$764/0x000001d40156cdd0] is not eligible for getting processed by all BeanPostProcessors (for example: not eligible for auto-proxying). Is this bean getting eagerly injected into a currently created BeanPostProcessor [integrationMbeanExporter]? Check the corresponding BeanPostProcessor declaration and its dependencies.
2024-06-05 15:04:06 [main] WARN  o.s.c.s.PostProcessorRegistrationDelegate$BeanPostProcessorChecker - Bean 'BindingHandlerAdvise' of type [org.springframework.cloud.stream.config.BindingHandlerAdvise] is not eligible for getting processed by all BeanPostProcessors (for example: not eligible for auto-proxying). Is this bean getting eagerly injected into a currently created BeanPostProcessor [integrationMbeanExporter]? Check the corresponding BeanPostProcessor declaration and its dependencies.
2024-06-05 15:04:06 [main] WARN  o.s.c.s.PostProcessorRegistrationDelegate$BeanPostProcessorChecker - Bean 'org.springframework.cloud.commons.config.CommonsConfigAutoConfiguration' of type [org.springframework.cloud.commons.config.CommonsConfigAutoConfiguration] is not eligible for getting processed by all BeanPostProcessors (for example: not eligible for auto-proxying). Is this bean getting eagerly injected into a currently created BeanPostProcessor [integrationMbeanExporter]? Check the corresponding BeanPostProcessor declaration and its dependencies.
2024-06-05 15:04:06 [main] WARN  o.s.c.s.PostProcessorRegistrationDelegate$BeanPostProcessorChecker - Bean 'org.springframework.cloud.client.loadbalancer.LoadBalancerDefaultMappingsProviderAutoConfiguration' of type [org.springframework.cloud.client.loadbalancer.LoadBalancerDefaultMappingsProviderAutoConfiguration] is not eligible for getting processed by all BeanPostProcessors (for example: not eligible for auto-proxying). Is this bean getting eagerly injected into a currently created BeanPostProcessor [integrationMbeanExporter]? Check the corresponding BeanPostProcessor declaration and its dependencies.
2024-06-05 15:04:06 [main] WARN  o.s.c.s.PostProcessorRegistrationDelegate$BeanPostProcessorChecker - Bean 'loadBalancerClientsDefaultsMappingsProvider' of type [org.springframework.cloud.client.loadbalancer.LoadBalancerDefaultMappingsProviderAutoConfiguration$$Lambda$765/0x000001d40156cfe8] is not eligible for getting processed by all BeanPostProcessors (for example: not eligible for auto-proxying). Is this bean getting eagerly injected into a currently created BeanPostProcessor [integrationMbeanExporter]? Check the corresponding BeanPostProcessor declaration and its dependencies.
2024-06-05 15:04:06 [main] WARN  o.s.c.s.PostProcessorRegistrationDelegate$BeanPostProcessorChecker - Bean 'defaultsBindHandlerAdvisor' of type [org.springframework.cloud.commons.config.DefaultsBindHandlerAdvisor] is not eligible for getting processed by all BeanPostProcessors (for example: not eligible for auto-proxying). Is this bean getting eagerly injected into a currently created BeanPostProcessor [integrationMbeanExporter]? Check the corresponding BeanPostProcessor declaration and its dependencies.
2024-06-05 15:04:06 [main] WARN  o.s.c.s.PostProcessorRegistrationDelegate$BeanPostProcessorChecker - Bean 'spelConverter' of type [org.springframework.cloud.stream.config.SpelExpressionConverterConfiguration$SpelConverter] is not eligible for getting processed by all BeanPostProcessors (for example: not eligible for auto-proxying). Is this bean getting eagerly injected into a currently created BeanPostProcessor [integrationMbeanExporter]? Check the corresponding BeanPostProcessor declaration and its dependencies.
2024-06-05 15:04:06 [main] WARN  o.s.c.s.PostProcessorRegistrationDelegate$BeanPostProcessorChecker - Bean 'spring.jmx-org.springframework.boot.autoconfigure.jmx.JmxProperties' of type [org.springframework.boot.autoconfigure.jmx.JmxProperties] is not eligible for getting processed by all BeanPostProcessors (for example: not eligible for auto-proxying). Is this bean getting eagerly injected into a currently created BeanPostProcessor [integrationMbeanExporter]? Check the corresponding BeanPostProcessor declaration and its dependencies.
2024-06-05 15:04:06 [main] WARN  o.s.c.s.PostProcessorRegistrationDelegate$BeanPostProcessorChecker - Bean 'org.springframework.boot.autoconfigure.jmx.JmxAutoConfiguration' of type [org.springframework.boot.autoconfigure.jmx.JmxAutoConfiguration] is not eligible for getting processed by all BeanPostProcessors (for example: not eligible for auto-proxying). Is this bean getting eagerly injected into a currently created BeanPostProcessor [integrationMbeanExporter]? Check the corresponding BeanPostProcessor declaration and its dependencies.
2024-06-05 15:04:06 [main] WARN  o.s.c.s.PostProcessorRegistrationDelegate$BeanPostProcessorChecker - Bean 'mbeanServer' of type [com.sun.jmx.mbeanserver.JmxMBeanServer] is not eligible for getting processed by all BeanPostProcessors (for example: not eligible for auto-proxying). Is this bean getting eagerly injected into a currently created BeanPostProcessor [integrationMbeanExporter]? Check the corresponding BeanPostProcessor declaration and its dependencies.
2024-06-05 15:04:06 [main] WARN  o.s.c.s.PostProcessorRegistrationDelegate$BeanPostProcessorChecker - Bean 'org.springframework.cloud.client.loadbalancer.LoadBalancerAutoConfiguration$RetryInterceptorAutoConfiguration' of type [org.springframework.cloud.client.loadbalancer.LoadBalancerAutoConfiguration$RetryInterceptorAutoConfiguration] is not eligible for getting processed by all BeanPostProcessors (for example: not eligible for auto-proxying). The currently created BeanPostProcessor [lbRestClientPostProcessor] is declared through a non-static factory method on that class; consider declaring it as static instead.
2024-06-05 15:04:06 [main] WARN  o.s.c.s.PostProcessorRegistrationDelegate$BeanPostProcessorChecker - Bean 'org.springframework.cloud.loadbalancer.config.BlockingLoadBalancerClientAutoConfiguration' of type [org.springframework.cloud.loadbalancer.config.BlockingLoadBalancerClientAutoConfiguration] is not eligible for getting processed by all BeanPostProcessors (for example: not eligible for auto-proxying). Is this bean getting eagerly injected into a currently created BeanPostProcessor [lbRestClientPostProcessor]? Check the corresponding BeanPostProcessor declaration and its dependencies.
2024-06-05 15:04:06 [main] WARN  o.s.c.s.PostProcessorRegistrationDelegate$BeanPostProcessorChecker - Bean 'org.springframework.cloud.loadbalancer.config.LoadBalancerAutoConfiguration' of type [org.springframework.cloud.loadbalancer.config.LoadBalancerAutoConfiguration] is not eligible for getting processed by all BeanPostProcessors (for example: not eligible for auto-proxying). Is this bean getting eagerly injected into a currently created BeanPostProcessor [lbRestClientPostProcessor]? Check the corresponding BeanPostProcessor declaration and its dependencies.
2024-06-05 15:04:06 [main] WARN  o.s.c.s.PostProcessorRegistrationDelegate$BeanPostProcessorChecker - Bean 'spring.cloud.loadbalancer-org.springframework.cloud.client.loadbalancer.LoadBalancerClientsProperties' of type [org.springframework.cloud.client.loadbalancer.LoadBalancerClientsProperties] is not eligible for getting processed by all BeanPostProcessors (for example: not eligible for auto-proxying). Is this bean getting eagerly injected into a currently created BeanPostProcessor [lbRestClientPostProcessor]? Check the corresponding BeanPostProcessor declaration and its dependencies.
2024-06-05 15:04:06 [main] WARN  o.s.c.s.PostProcessorRegistrationDelegate$BeanPostProcessorChecker - Bean 'default.org.springframework.cloud.loadbalancer.config.LoadBalancerAutoConfiguration.LoadBalancerClientSpecification' of type [org.springframework.cloud.loadbalancer.annotation.LoadBalancerClientSpecification] is not eligible for getting processed by all BeanPostProcessors (for example: not eligible for auto-proxying). Is this bean getting eagerly injected into a currently created BeanPostProcessor [lbRestClientPostProcessor]? Check the corresponding BeanPostProcessor declaration and its dependencies.
2024-06-05 15:04:06 [main] WARN  o.s.c.s.PostProcessorRegistrationDelegate$BeanPostProcessorChecker - Bean 'default.org.springframework.cloud.loadbalancer.config.BlockingLoadBalancerClientAutoConfiguration.LoadBalancerClientSpecification' of type [org.springframework.cloud.loadbalancer.annotation.LoadBalancerClientSpecification] is not eligible for getting processed by all BeanPostProcessors (for example: not eligible for auto-proxying). Is this bean getting eagerly injected into a currently created BeanPostProcessor [lbRestClientPostProcessor]? Check the corresponding BeanPostProcessor declaration and its dependencies.
2024-06-05 15:04:06 [main] WARN  o.s.c.s.PostProcessorRegistrationDelegate$BeanPostProcessorChecker - Bean 'default.org.springframework.cloud.netflix.eureka.loadbalancer.LoadBalancerEurekaAutoConfiguration.LoadBalancerClientSpecification' of type [org.springframework.cloud.loadbalancer.annotation.LoadBalancerClientSpecification] is not eligible for getting processed by all BeanPostProcessors (for example: not eligible for auto-proxying). Is this bean getting eagerly injected into a currently created BeanPostProcessor [lbRestClientPostProcessor]? Check the corresponding BeanPostProcessor declaration and its dependencies.
2024-06-05 15:04:06 [main] WARN  o.s.c.s.PostProcessorRegistrationDelegate$BeanPostProcessorChecker - Bean 'loadBalancerClientFactory' of type [org.springframework.cloud.loadbalancer.support.LoadBalancerClientFactory] is not eligible for getting processed by all BeanPostProcessors (for example: not eligible for auto-proxying). Is this bean getting eagerly injected into a currently created BeanPostProcessor [lbRestClientPostProcessor]? Check the corresponding BeanPostProcessor declaration and its dependencies.
2024-06-05 15:04:06 [main] WARN  o.s.c.s.PostProcessorRegistrationDelegate$BeanPostProcessorChecker - Bean 'blockingLoadBalancerClient' of type [org.springframework.cloud.loadbalancer.blocking.client.BlockingLoadBalancerClient] is not eligible for getting processed by all BeanPostProcessors (for example: not eligible for auto-proxying). Is this bean getting eagerly injected into a currently created BeanPostProcessor [lbRestClientPostProcessor]? Check the corresponding BeanPostProcessor declaration and its dependencies.
2024-06-05 15:04:06 [main] WARN  o.s.c.s.PostProcessorRegistrationDelegate$BeanPostProcessorChecker - Bean 'loadBalancerServiceInstanceCookieTransformer' of type [org.springframework.cloud.loadbalancer.core.LoadBalancerServiceInstanceCookieTransformer] is not eligible for getting processed by all BeanPostProcessors (for example: not eligible for auto-proxying). Is this bean getting eagerly injected into a currently created BeanPostProcessor [lbRestClientPostProcessor]? Check the corresponding BeanPostProcessor declaration and its dependencies.
2024-06-05 15:04:06 [main] WARN  o.s.c.s.PostProcessorRegistrationDelegate$BeanPostProcessorChecker - Bean 'xForwarderHeadersTransformer' of type [org.springframework.cloud.loadbalancer.blocking.XForwardedHeadersTransformer] is not eligible for getting processed by all BeanPostProcessors (for example: not eligible for auto-proxying). Is this bean getting eagerly injected into a currently created BeanPostProcessor [lbRestClientPostProcessor]? Check the corresponding BeanPostProcessor declaration and its dependencies.
2024-06-05 15:04:06 [main] WARN  o.s.c.s.PostProcessorRegistrationDelegate$BeanPostProcessorChecker - Bean 'org.springframework.cloud.client.loadbalancer.LoadBalancerAutoConfiguration' of type [org.springframework.cloud.client.loadbalancer.LoadBalancerAutoConfiguration] is not eligible for getting processed by all BeanPostProcessors (for example: not eligible for auto-proxying). Is this bean getting eagerly injected into a currently created BeanPostProcessor [lbRestClientPostProcessor]? Check the corresponding BeanPostProcessor declaration and its dependencies.
2024-06-05 15:04:06 [main] WARN  o.s.c.s.PostProcessorRegistrationDelegate$BeanPostProcessorChecker - Bean 'loadBalancerRequestFactory' of type [org.springframework.cloud.client.loadbalancer.LoadBalancerRequestFactory] is not eligible for getting processed by all BeanPostProcessors (for example: not eligible for auto-proxying). Is this bean getting eagerly injected into a currently created BeanPostProcessor [lbRestClientPostProcessor]? Check the corresponding BeanPostProcessor declaration and its dependencies.
2024-06-05 15:04:06 [main] WARN  o.s.c.s.PostProcessorRegistrationDelegate$BeanPostProcessorChecker - Bean 'org.springframework.cloud.loadbalancer.config.BlockingLoadBalancerClientAutoConfiguration$BlockingLoadBalancerRetryConfig' of type [org.springframework.cloud.loadbalancer.config.BlockingLoadBalancerClientAutoConfiguration$BlockingLoadBalancerRetryConfig$$SpringCGLIB$$0] is not eligible for getting processed by all BeanPostProcessors (for example: not eligible for auto-proxying). Is this bean getting eagerly injected into a currently created BeanPostProcessor [lbRestClientPostProcessor]? Check the corresponding BeanPostProcessor declaration and its dependencies.
2024-06-05 15:04:06 [main] WARN  o.s.c.s.PostProcessorRegistrationDelegate$BeanPostProcessorChecker - Bean 'loadBalancedRetryFactory' of type [org.springframework.cloud.loadbalancer.blocking.retry.BlockingLoadBalancedRetryFactory] is not eligible for getting processed by all BeanPostProcessors (for example: not eligible for auto-proxying). Is this bean getting eagerly injected into a currently created BeanPostProcessor [lbRestClientPostProcessor]? Check the corresponding BeanPostProcessor declaration and its dependencies.
2024-06-05 15:04:06 [main] WARN  o.s.c.s.PostProcessorRegistrationDelegate$BeanPostProcessorChecker - Bean 'loadBalancerInterceptor' of type [org.springframework.cloud.client.loadbalancer.RetryLoadBalancerInterceptor] is not eligible for getting processed by all BeanPostProcessors (for example: not eligible for auto-proxying). Is this bean getting eagerly injected into a currently created BeanPostProcessor [lbRestClientPostProcessor]? Check the corresponding BeanPostProcessor declaration and its dependencies.
2024-06-05 15:04:06 [main] WARN  o.s.c.s.PostProcessorRegistrationDelegate$BeanPostProcessorChecker - Bean 'org.springframework.cloud.client.loadbalancer.reactive.LoadBalancerBeanPostProcessorAutoConfiguration' of type [org.springframework.cloud.client.loadbalancer.reactive.LoadBalancerBeanPostProcessorAutoConfiguration] is not eligible for getting processed by all BeanPostProcessors (for example: not eligible for auto-proxying). The currently created BeanPostProcessor [loadBalancerWebClientBuilderBeanPostProcessor] is declared through a non-static factory method on that class; consider declaring it as static instead.
2024-06-05 15:04:06 [main] WARN  o.s.c.s.PostProcessorRegistrationDelegate$BeanPostProcessorChecker - Bean 'org.springframework.cloud.client.loadbalancer.reactive.LoadBalancerBeanPostProcessorAutoConfiguration$ReactorDeferringLoadBalancerFilterConfig' of type [org.springframework.cloud.client.loadbalancer.reactive.LoadBalancerBeanPostProcessorAutoConfiguration$ReactorDeferringLoadBalancerFilterConfig] is not eligible for getting processed by all BeanPostProcessors (for example: not eligible for auto-proxying). Is this bean getting eagerly injected into a currently created BeanPostProcessor [loadBalancerWebClientBuilderBeanPostProcessor]? Check the corresponding BeanPostProcessor declaration and its dependencies.
2024-06-05 15:04:06 [main] WARN  o.s.c.s.PostProcessorRegistrationDelegate$BeanPostProcessorChecker - Bean 'reactorDeferringLoadBalancerExchangeFilterFunction' of type [org.springframework.cloud.client.loadbalancer.reactive.DeferringLoadBalancerExchangeFilterFunction] is not eligible for getting processed by all BeanPostProcessors (for example: not eligible for auto-proxying). Is this bean getting eagerly injected into a currently created BeanPostProcessor [loadBalancerWebClientBuilderBeanPostProcessor]? Check the corresponding BeanPostProcessor declaration and its dependencies.
2024-06-05 15:04:07 [main] INFO  o.s.b.w.e.tomcat.TomcatWebServer - Tomcat initialized with port 8086 (http)
2024-06-05 15:04:07 [main] INFO  o.a.catalina.core.StandardService - Starting service [Tomcat]
2024-06-05 15:04:07 [main] INFO  o.a.catalina.core.StandardEngine - Starting Servlet engine: [Apache Tomcat/10.1.17]
2024-06-05 15:04:07 [main] INFO  o.a.c.c.C.[Tomcat].[localhost].[/] - Initializing Spring embedded WebApplicationContext
2024-06-05 15:04:07 [main] INFO  o.s.b.w.s.c.ServletWebServerApplicationContext - Root WebApplicationContext: initialization completed in 3973 ms
2024-06-05 15:04:08 [main] INFO  o.h.jpa.internal.util.LogHelper - HHH000204: Processing PersistenceUnitInfo [name: default]
2024-06-05 15:04:08 [main] INFO  org.hibernate.Version - HHH000412: Hibernate ORM core version 6.4.1.Final
2024-06-05 15:04:08 [main] INFO  o.h.c.i.RegionFactoryInitiator - HHH000026: Second-level cache disabled
2024-06-05 15:04:08 [main] INFO  o.s.o.j.p.SpringPersistenceUnitInfo - No LoadTimeWeaver setup: ignoring JPA class transformer
2024-06-05 15:04:08 [main] INFO  com.zaxxer.hikari.HikariDataSource - HikariPool-1 - Starting...
2024-06-05 15:04:11 [main] INFO  com.zaxxer.hikari.pool.HikariPool - HikariPool-1 - Added connection org.postgresql.jdbc.PgConnection@32eb38e5
2024-06-05 15:04:11 [main] INFO  com.zaxxer.hikari.HikariDataSource - HikariPool-1 - Start completed.
2024-06-05 15:04:12 [main] WARN  org.hibernate.orm.deprecation - HHH90000025: PostgreSQLDialect does not need to be specified explicitly using 'hibernate.dialect' (remove the property setting and it will be selected by default)
2024-06-05 15:04:13 [main] INFO  o.h.e.t.j.p.i.JtaPlatformInitiator - HHH000489: No JTA platform available (set 'hibernate.transaction.jta.platform' to enable JTA platform integration)
2024-06-05 15:04:14 [main] DEBUG org.hibernate.SQL - create table flight (flight_id bigint not null, airline varchar(255), airline_logo varchar(255), arrival_time timestamp(6), departure_time timestamp(6), destination varchar(255), duration varchar(255), flight_model varchar(255), origin varchar(255), primary key (flight_id))
2024-06-05 15:04:15 [main] DEBUG org.hibernate.SQL - create table flight_seat_price (flight_flight_id bigint not null, seat_price integer, seat_price_key varchar(255) not null, primary key (flight_flight_id, seat_price_key))
2024-06-05 15:04:15 [main] DEBUG org.hibernate.SQL - create table flight_total_seat (flight_flight_id bigint not null, total_seat integer, total_seat_key varchar(255) not null, primary key (flight_flight_id, total_seat_key))
2024-06-05 15:04:15 [main] DEBUG org.hibernate.SQL - create table flight_booking_status (seat_id bigserial not null, primary key (seat_id))
2024-06-05 15:04:15 [main] DEBUG org.hibernate.SQL - create table flight_booking_status_booking_status (flight_booking_status_seat_id bigint not null, booking_status integer, booking_status_key varchar(255) not null, primary key (flight_booking_status_seat_id, booking_status_key))
2024-06-05 15:04:15 [main] DEBUG org.hibernate.SQL - alter table if exists flight_seat_price add constraint FKe9kder30o3ffqesbkygkitps9 foreign key (flight_flight_id) references flight
2024-06-05 15:04:16 [main] DEBUG org.hibernate.SQL - alter table if exists flight_total_seat add constraint FKbb3srxsed1amsdr8qp4ugof9v foreign key (flight_flight_id) references flight
2024-06-05 15:04:16 [main] DEBUG org.hibernate.SQL - alter table if exists flight_booking_status_booking_status add constraint FKmpjrgjvuw11osgop7v0ophyql foreign key (flight_booking_status_seat_id) references flight_booking_status
2024-06-05 15:04:16 [main] INFO  o.s.o.j.LocalContainerEntityManagerFactoryBean - Initialized JPA EntityManagerFactory for persistence unit 'default'
2024-06-05 15:04:16 [main] WARN  o.s.b.a.o.j.JpaBaseConfiguration$JpaWebConfiguration - spring.jpa.open-in-view is enabled by default. Therefore, database queries may be performed during view rendering. Explicitly configure spring.jpa.open-in-view to disable this warning
2024-06-05 15:04:19 [main] INFO  o.s.c.s.m.DirectWithAttributesChannel - Channel 'FLIGHT-SERVICE.springCloudBusInput' has 1 subscriber(s).
2024-06-05 15:04:20 [main] INFO  o.s.c.n.e.c.DiscoveryClientOptionalArgsConfiguration - Eureka HTTP Client uses RestTemplate.
2024-06-05 15:04:20 [main] WARN  o.s.c.l.c.LoadBalancerCacheAutoConfiguration$LoadBalancerCaffeineWarnLogger - Spring Cloud LoadBalancer is currently working with the default cache. While this cache implementation is useful for development and tests, it's recommended to use Caffeine cache in production.You can switch to using Caffeine cache, by adding it and org.springframework.cache.caffeine.CaffeineCacheManager to the classpath.
2024-06-05 15:04:20 [main] INFO  o.s.b.a.e.web.EndpointLinksResolver - Exposing 23 endpoint(s) beneath base path '/actuator'
2024-06-05 15:04:20 [main] INFO  o.s.i.m.IntegrationMBeanExporter - Registering MessageChannel errorChannel
2024-06-05 15:04:20 [main] INFO  o.s.i.m.IntegrationMBeanExporter - Registering MessageChannel springCloudBusInput
2024-06-05 15:04:20 [main] INFO  o.s.i.m.IntegrationMBeanExporter - Registering MessageChannel nullChannel
2024-06-05 15:04:20 [main] INFO  o.s.i.m.IntegrationMBeanExporter - Registering MessageHandler _org.springframework.integration.errorLogger
2024-06-05 15:04:20 [main] INFO  o.s.i.endpoint.EventDrivenConsumer - Adding {logging-channel-adapter:_org.springframework.integration.errorLogger} as a subscriber to the 'errorChannel' channel
2024-06-05 15:04:20 [main] INFO  o.s.i.c.PublishSubscribeChannel - Channel 'FLIGHT-SERVICE.errorChannel' has 1 subscriber(s).
2024-06-05 15:04:20 [main] INFO  o.s.i.endpoint.EventDrivenConsumer - started bean '_org.springframework.integration.errorLogger'
2024-06-05 15:04:20 [main] INFO  o.s.c.n.eureka.InstanceInfoFactory - Setting initial instance status as: STARTING
2024-06-05 15:04:20 [main] INFO  c.netflix.discovery.DiscoveryClient - Initializing Eureka in region us-east-1
2024-06-05 15:04:20 [main] INFO  c.n.d.s.r.aws.ConfigClusterResolver - Resolving eureka endpoints via configuration
2024-06-05 15:04:20 [main] INFO  c.netflix.discovery.DiscoveryClient - Disable delta property : false
2024-06-05 15:04:20 [main] INFO  c.netflix.discovery.DiscoveryClient - Single vip registry refresh property : null
2024-06-05 15:04:20 [main] INFO  c.netflix.discovery.DiscoveryClient - Force full registry fetch : false
2024-06-05 15:04:20 [main] INFO  c.netflix.discovery.DiscoveryClient - Application is null : false
2024-06-05 15:04:20 [main] INFO  c.netflix.discovery.DiscoveryClient - Registered Applications size is zero : true
2024-06-05 15:04:20 [main] INFO  c.netflix.discovery.DiscoveryClient - Application version is -1: true
2024-06-05 15:04:20 [main] INFO  c.netflix.discovery.DiscoveryClient - Getting all instance registry info from the eureka server
2024-06-05 15:04:20 [main] INFO  c.netflix.discovery.DiscoveryClient - The response status is 200
2024-06-05 15:04:20 [main] INFO  c.netflix.discovery.DiscoveryClient - Starting heartbeat executor: renew interval is: 30
2024-06-05 15:04:20 [main] INFO  c.n.discovery.InstanceInfoReplicator - InstanceInfoReplicator onDemand update allowed rate per min is 4
2024-06-05 15:04:20 [main] INFO  c.netflix.discovery.DiscoveryClient - Discovery Client initialized at timestamp 1717580060967 with initial instances count: 1
2024-06-05 15:04:20 [main] INFO  o.s.c.n.e.s.EurekaServiceRegistry - Registering application FLIGHT-SERVICE with eureka with status UP
2024-06-05 15:04:20 [main] INFO  c.netflix.discovery.DiscoveryClient - Saw local status change event StatusChangeEvent [timestamp=1717580060982, current=UP, previous=STARTING]
2024-06-05 15:04:20 [DiscoveryClient-InstanceInfoReplicator-0] INFO  c.netflix.discovery.DiscoveryClient - DiscoveryClient_FLIGHT-SERVICE/Akilan:FLIGHT-SERVICE:8086: registering service...
2024-06-05 15:04:21 [main] INFO  o.s.b.w.e.tomcat.TomcatWebServer - Tomcat started on port 8086 (http) with context path ''
2024-06-05 15:04:21 [main] INFO  o.s.c.n.e.s.EurekaAutoServiceRegistration - Updating port to 8086
2024-06-05 15:04:21 [DiscoveryClient-InstanceInfoReplicator-0] INFO  c.netflix.discovery.DiscoveryClient - DiscoveryClient_FLIGHT-SERVICE/Akilan:FLIGHT-SERVICE:8086 - registration status: 204
2024-06-05 15:04:21 [main] INFO  o.s.c.s.binder.DefaultBinderFactory - Creating binder: rabbit
2024-06-05 15:04:21 [main] INFO  o.s.c.s.binder.DefaultBinderFactory - Constructing binder child context for rabbit
2024-06-05 15:04:21 [main] INFO  o.s.c.s.binder.DefaultBinderFactory - Caching the binder: rabbit
2024-06-05 15:04:21 [main] INFO  o.s.c.s.b.r.p.RabbitExchangeQueueProvisioner - declaring queue for inbound: springCloudBus.anonymous.uXssSWlURMeGSVCq2mkCmQ, bound to: springCloudBus
2024-06-05 15:04:21 [main] INFO  o.s.a.r.c.CachingConnectionFactory - Attempting to connect to: [localhost:5672]
2024-06-05 15:04:24 [main] INFO  o.s.a.r.c.CachingConnectionFactory - Created new connection: rabbitConnectionFactory#11501f90:0/SimpleConnection@31e8949d [delegate=amqp://rabbitmq@127.0.0.1:5672/, localPort=56351]
2024-06-05 15:04:26 [main] INFO  o.s.c.s.binder.BinderErrorChannel - Channel 'rabbit-963453420.springCloudBusInput.errors' has 1 subscriber(s).
2024-06-05 15:04:26 [main] INFO  o.s.c.s.binder.BinderErrorChannel - Channel 'rabbit-963453420.springCloudBusInput.errors' has 2 subscriber(s).
2024-06-05 15:04:26 [main] INFO  o.s.i.a.i.AmqpInboundChannelAdapter - started bean 'inbound.springCloudBus.anonymous.uXssSWlURMeGSVCq2mkCmQ'
2024-06-05 15:04:26 [main] INFO  o.s.i.m.IntegrationMBeanExporter - Registering MessageChannel rabbit-963453420.springCloudBusInput.errors
2024-06-05 15:04:26 [main] INFO  c.f.FlightServiceApplication - Started FlightServiceApplication in 28.57 seconds (process running for 29.774)
2024-06-05 15:04:27 [RMI TCP Connection(3)-127.0.0.1] INFO  o.a.c.c.C.[Tomcat].[localhost].[/] - Initializing Spring DispatcherServlet 'dispatcherServlet'
2024-06-05 15:04:27 [RMI TCP Connection(3)-127.0.0.1] INFO  o.s.web.servlet.DispatcherServlet - Initializing Servlet 'dispatcherServlet'
2024-06-05 15:04:27 [RMI TCP Connection(3)-127.0.0.1] INFO  o.s.web.servlet.DispatcherServlet - Completed initialization in 0 ms
2024-06-05 15:09:20 [AsyncResolver-bootstrap-executor-0] INFO  c.n.d.s.r.aws.ConfigClusterResolver - Resolving eureka endpoints via configuration
2024-06-05 15:13:11 [http-nio-8086-exec-2] DEBUG org.hibernate.SQL - select f1_0.flight_id,f1_0.airline,f1_0.airline_logo,f1_0.arrival_time,f1_0.departure_time,f1_0.destination,f1_0.duration,f1_0.flight_model,f1_0.origin from flight f1_0
2024-06-05 15:13:11 [http-nio-8086-exec-2] INFO  c.f.e.ResponseEntityExceptionHandlerImpl - An Exception occured
2024-06-05 15:14:01 [http-nio-8086-exec-3] DEBUG org.hibernate.SQL - select f1_0.flight_id,f1_0.airline,f1_0.airline_logo,f1_0.arrival_time,f1_0.departure_time,f1_0.destination,f1_0.duration,f1_0.flight_model,f1_0.origin from flight f1_0
2024-06-05 15:14:01 [http-nio-8086-exec-3] DEBUG org.hibernate.SQL - select f1_0.flight_id,f1_0.airline,f1_0.airline_logo,f1_0.arrival_time,f1_0.departure_time,f1_0.destination,f1_0.duration,fbs1_0.seat_id,f1_0.flight_model,f1_0.origin from flight f1_0 left join flight_booking_status fbs1_0 on fbs1_0.seat_id=f1_0.flight_id where f1_0.flight_id=?
2024-06-05 15:14:01 [http-nio-8086-exec-3] DEBUG org.hibernate.SQL - insert into flight_booking_status default values
2024-06-05 15:14:01 [http-nio-8086-exec-3] DEBUG org.hibernate.SQL - insert into flight (airline,airline_logo,arrival_time,departure_time,destination,duration,flight_model,origin,flight_id) values (?,?,?,?,?,?,?,?,?)
2024-06-05 15:14:01 [http-nio-8086-exec-3] DEBUG org.hibernate.SQL - insert into flight_booking_status_booking_status (flight_booking_status_seat_id,booking_status_key,booking_status) values (?,?,?)
2024-06-05 15:14:02 [http-nio-8086-exec-3] DEBUG org.hibernate.SQL - insert into flight_booking_status_booking_status (flight_booking_status_seat_id,booking_status_key,booking_status) values (?,?,?)
2024-06-05 15:14:02 [http-nio-8086-exec-3] DEBUG org.hibernate.SQL - insert into flight_booking_status_booking_status (flight_booking_status_seat_id,booking_status_key,booking_status) values (?,?,?)
2024-06-05 15:14:02 [http-nio-8086-exec-3] DEBUG org.hibernate.SQL - insert into flight_seat_price (flight_flight_id,seat_price_key,seat_price) values (?,?,?)
2024-06-05 15:14:02 [http-nio-8086-exec-3] DEBUG org.hibernate.SQL - insert into flight_seat_price (flight_flight_id,seat_price_key,seat_price) values (?,?,?)
2024-06-05 15:14:02 [http-nio-8086-exec-3] DEBUG org.hibernate.SQL - insert into flight_seat_price (flight_flight_id,seat_price_key,seat_price) values (?,?,?)
2024-06-05 15:14:02 [http-nio-8086-exec-3] DEBUG org.hibernate.SQL - insert into flight_total_seat (flight_flight_id,total_seat_key,total_seat) values (?,?,?)
2024-06-05 15:14:02 [http-nio-8086-exec-3] DEBUG org.hibernate.SQL - insert into flight_total_seat (flight_flight_id,total_seat_key,total_seat) values (?,?,?)
2024-06-05 15:14:02 [http-nio-8086-exec-3] DEBUG org.hibernate.SQL - insert into flight_total_seat (flight_flight_id,total_seat_key,total_seat) values (?,?,?)
2024-06-05 15:14:18 [http-nio-8086-exec-4] DEBUG org.hibernate.SQL - select f1_0.flight_id,f1_0.airline,f1_0.airline_logo,f1_0.arrival_time,f1_0.departure_time,f1_0.destination,f1_0.duration,f1_0.flight_model,f1_0.origin from flight f1_0
2024-06-05 15:14:18 [http-nio-8086-exec-4] DEBUG org.hibernate.SQL - select fbs1_0.seat_id from flight_booking_status fbs1_0 where fbs1_0.seat_id=?
2024-06-05 15:14:18 [http-nio-8086-exec-4] DEBUG org.hibernate.SQL - select f1_0.flight_id,f1_0.airline,f1_0.airline_logo,f1_0.arrival_time,f1_0.departure_time,f1_0.destination,f1_0.duration,fbs1_0.seat_id,f1_0.flight_model,f1_0.origin from flight f1_0 left join flight_booking_status fbs1_0 on fbs1_0.seat_id=f1_0.flight_id where f1_0.flight_id=?
2024-06-05 15:14:18 [http-nio-8086-exec-4] DEBUG org.hibernate.SQL - insert into flight_booking_status default values
2024-06-05 15:14:18 [http-nio-8086-exec-4] DEBUG org.hibernate.SQL - insert into flight (airline,airline_logo,arrival_time,departure_time,destination,duration,flight_model,origin,flight_id) values (?,?,?,?,?,?,?,?,?)
2024-06-05 15:14:18 [http-nio-8086-exec-4] DEBUG org.hibernate.SQL - insert into flight_booking_status_booking_status (flight_booking_status_seat_id,booking_status_key,booking_status) values (?,?,?)
2024-06-05 15:14:18 [http-nio-8086-exec-4] DEBUG org.hibernate.SQL - insert into flight_booking_status_booking_status (flight_booking_status_seat_id,booking_status_key,booking_status) values (?,?,?)
2024-06-05 15:14:18 [http-nio-8086-exec-4] DEBUG org.hibernate.SQL - insert into flight_booking_status_booking_status (flight_booking_status_seat_id,booking_status_key,booking_status) values (?,?,?)
2024-06-05 15:14:18 [http-nio-8086-exec-4] DEBUG org.hibernate.SQL - insert into flight_seat_price (flight_flight_id,seat_price_key,seat_price) values (?,?,?)
2024-06-05 15:14:18 [http-nio-8086-exec-4] DEBUG org.hibernate.SQL - insert into flight_seat_price (flight_flight_id,seat_price_key,seat_price) values (?,?,?)
2024-06-05 15:14:18 [http-nio-8086-exec-4] DEBUG org.hibernate.SQL - insert into flight_seat_price (flight_flight_id,seat_price_key,seat_price) values (?,?,?)
2024-06-05 15:14:18 [http-nio-8086-exec-4] DEBUG org.hibernate.SQL - insert into flight_total_seat (flight_flight_id,total_seat_key,total_seat) values (?,?,?)
2024-06-05 15:14:18 [http-nio-8086-exec-4] DEBUG org.hibernate.SQL - insert into flight_total_seat (flight_flight_id,total_seat_key,total_seat) values (?,?,?)
2024-06-05 15:14:18 [http-nio-8086-exec-4] DEBUG org.hibernate.SQL - insert into flight_total_seat (flight_flight_id,total_seat_key,total_seat) values (?,?,?)
2024-06-05 15:14:20 [AsyncResolver-bootstrap-executor-0] INFO  c.n.d.s.r.aws.ConfigClusterResolver - Resolving eureka endpoints via configuration
2024-06-05 15:14:27 [http-nio-8086-exec-5] DEBUG org.hibernate.SQL - select f1_0.flight_id,f1_0.airline,f1_0.airline_logo,f1_0.arrival_time,f1_0.departure_time,f1_0.destination,f1_0.duration,f1_0.flight_model,f1_0.origin from flight f1_0
2024-06-05 15:14:27 [http-nio-8086-exec-5] DEBUG org.hibernate.SQL - select fbs1_0.seat_id from flight_booking_status fbs1_0 where fbs1_0.seat_id=?
2024-06-05 15:14:27 [http-nio-8086-exec-5] DEBUG org.hibernate.SQL - select fbs1_0.seat_id from flight_booking_status fbs1_0 where fbs1_0.seat_id=?
2024-06-05 15:14:27 [http-nio-8086-exec-5] DEBUG org.hibernate.SQL - select f1_0.flight_id,f1_0.airline,f1_0.airline_logo,f1_0.arrival_time,f1_0.departure_time,f1_0.destination,f1_0.duration,fbs1_0.seat_id,f1_0.flight_model,f1_0.origin from flight f1_0 left join flight_booking_status fbs1_0 on fbs1_0.seat_id=f1_0.flight_id where f1_0.flight_id=?
2024-06-05 15:14:27 [http-nio-8086-exec-5] DEBUG org.hibernate.SQL - insert into flight_booking_status default values
2024-06-05 15:14:27 [http-nio-8086-exec-5] DEBUG org.hibernate.SQL - insert into flight (airline,airline_logo,arrival_time,departure_time,destination,duration,flight_model,origin,flight_id) values (?,?,?,?,?,?,?,?,?)
2024-06-05 15:14:27 [http-nio-8086-exec-5] DEBUG org.hibernate.SQL - insert into flight_booking_status_booking_status (flight_booking_status_seat_id,booking_status_key,booking_status) values (?,?,?)
2024-06-05 15:14:27 [http-nio-8086-exec-5] DEBUG org.hibernate.SQL - insert into flight_booking_status_booking_status (flight_booking_status_seat_id,booking_status_key,booking_status) values (?,?,?)
2024-06-05 15:14:27 [http-nio-8086-exec-5] DEBUG org.hibernate.SQL - insert into flight_booking_status_booking_status (flight_booking_status_seat_id,booking_status_key,booking_status) values (?,?,?)
2024-06-05 15:14:27 [http-nio-8086-exec-5] DEBUG org.hibernate.SQL - insert into flight_seat_price (flight_flight_id,seat_price_key,seat_price) values (?,?,?)
2024-06-05 15:14:27 [http-nio-8086-exec-5] DEBUG org.hibernate.SQL - insert into flight_seat_price (flight_flight_id,seat_price_key,seat_price) values (?,?,?)
2024-06-05 15:14:27 [http-nio-8086-exec-5] DEBUG org.hibernate.SQL - insert into flight_seat_price (flight_flight_id,seat_price_key,seat_price) values (?,?,?)
2024-06-05 15:14:27 [http-nio-8086-exec-5] DEBUG org.hibernate.SQL - insert into flight_total_seat (flight_flight_id,total_seat_key,total_seat) values (?,?,?)
2024-06-05 15:14:27 [http-nio-8086-exec-5] DEBUG org.hibernate.SQL - insert into flight_total_seat (flight_flight_id,total_seat_key,total_seat) values (?,?,?)
2024-06-05 15:14:27 [http-nio-8086-exec-5] DEBUG org.hibernate.SQL - insert into flight_total_seat (flight_flight_id,total_seat_key,total_seat) values (?,?,?)
2024-06-05 15:18:15 [http-nio-8086-exec-8] DEBUG org.hibernate.SQL - select f1_0.flight_id,f1_0.airline,f1_0.airline_logo,f1_0.arrival_time,f1_0.departure_time,f1_0.destination,f1_0.duration,f1_0.flight_model,f1_0.origin from flight f1_0
2024-06-05 15:18:15 [http-nio-8086-exec-8] DEBUG org.hibernate.SQL - select fbs1_0.seat_id from flight_booking_status fbs1_0 where fbs1_0.seat_id=?
2024-06-05 15:18:15 [http-nio-8086-exec-8] DEBUG org.hibernate.SQL - select fbs1_0.seat_id from flight_booking_status fbs1_0 where fbs1_0.seat_id=?
2024-06-05 15:18:15 [http-nio-8086-exec-8] DEBUG org.hibernate.SQL - select fbs1_0.seat_id from flight_booking_status fbs1_0 where fbs1_0.seat_id=?
2024-06-05 15:19:20 [AsyncResolver-bootstrap-executor-0] INFO  c.n.d.s.r.aws.ConfigClusterResolver - Resolving eureka endpoints via configuration
2024-06-05 15:22:44 [http-nio-8086-exec-10] DEBUG org.hibernate.SQL - select f1_0.flight_id,f1_0.airline,f1_0.airline_logo,f1_0.arrival_time,f1_0.departure_time,f1_0.destination,f1_0.duration,f1_0.flight_model,f1_0.origin from flight f1_0
2024-06-05 15:22:44 [http-nio-8086-exec-10] DEBUG org.hibernate.SQL - select fbs1_0.seat_id from flight_booking_status fbs1_0 where fbs1_0.seat_id=?
2024-06-05 15:22:44 [http-nio-8086-exec-10] DEBUG org.hibernate.SQL - select fbs1_0.seat_id from flight_booking_status fbs1_0 where fbs1_0.seat_id=?
2024-06-05 15:22:44 [http-nio-8086-exec-10] DEBUG org.hibernate.SQL - select fbs1_0.seat_id from flight_booking_status fbs1_0 where fbs1_0.seat_id=?
2024-06-05 15:22:47 [http-nio-8086-exec-1] DEBUG org.hibernate.SQL - select f1_0.flight_id,f1_0.airline,f1_0.airline_logo,f1_0.arrival_time,f1_0.departure_time,f1_0.destination,f1_0.duration,f1_0.flight_model,f1_0.origin from flight f1_0
2024-06-05 15:22:47 [http-nio-8086-exec-1] DEBUG org.hibernate.SQL - select fbs1_0.seat_id from flight_booking_status fbs1_0 where fbs1_0.seat_id=?
2024-06-05 15:22:47 [http-nio-8086-exec-1] DEBUG org.hibernate.SQL - select fbs1_0.seat_id from flight_booking_status fbs1_0 where fbs1_0.seat_id=?
2024-06-05 15:22:47 [http-nio-8086-exec-1] DEBUG org.hibernate.SQL - select fbs1_0.seat_id from flight_booking_status fbs1_0 where fbs1_0.seat_id=?
2024-06-05 15:22:57 [http-nio-8086-exec-3] DEBUG org.hibernate.SQL - select f1_0.flight_id,f1_0.airline,f1_0.airline_logo,f1_0.arrival_time,f1_0.departure_time,f1_0.destination,f1_0.duration,f1_0.flight_model,f1_0.origin from flight f1_0
2024-06-05 15:22:57 [http-nio-8086-exec-3] DEBUG org.hibernate.SQL - select fbs1_0.seat_id from flight_booking_status fbs1_0 where fbs1_0.seat_id=?
2024-06-05 15:22:57 [http-nio-8086-exec-3] DEBUG org.hibernate.SQL - select fbs1_0.seat_id from flight_booking_status fbs1_0 where fbs1_0.seat_id=?
2024-06-05 15:22:57 [http-nio-8086-exec-3] DEBUG org.hibernate.SQL - select fbs1_0.seat_id from flight_booking_status fbs1_0 where fbs1_0.seat_id=?
2024-06-05 15:23:03 [http-nio-8086-exec-4] DEBUG org.hibernate.SQL - select f1_0.flight_id,f1_0.airline,f1_0.airline_logo,f1_0.arrival_time,f1_0.departure_time,f1_0.destination,f1_0.duration,f1_0.flight_model,f1_0.origin from flight f1_0
2024-06-05 15:23:03 [http-nio-8086-exec-4] DEBUG org.hibernate.SQL - select fbs1_0.seat_id from flight_booking_status fbs1_0 where fbs1_0.seat_id=?
2024-06-05 15:23:03 [http-nio-8086-exec-4] DEBUG org.hibernate.SQL - select fbs1_0.seat_id from flight_booking_status fbs1_0 where fbs1_0.seat_id=?
2024-06-05 15:23:03 [http-nio-8086-exec-4] DEBUG org.hibernate.SQL - select fbs1_0.seat_id from flight_booking_status fbs1_0 where fbs1_0.seat_id=?
2024-06-05 15:23:03 [http-nio-8086-exec-5] DEBUG org.hibernate.SQL - select f1_0.flight_id,f1_0.airline,f1_0.airline_logo,f1_0.arrival_time,f1_0.departure_time,f1_0.destination,f1_0.duration,f1_0.flight_model,f1_0.origin from flight f1_0
2024-06-05 15:23:03 [http-nio-8086-exec-5] DEBUG org.hibernate.SQL - select fbs1_0.seat_id from flight_booking_status fbs1_0 where fbs1_0.seat_id=?
2024-06-05 15:23:03 [http-nio-8086-exec-5] DEBUG org.hibernate.SQL - select fbs1_0.seat_id from flight_booking_status fbs1_0 where fbs1_0.seat_id=?
2024-06-05 15:23:03 [http-nio-8086-exec-5] DEBUG org.hibernate.SQL - select fbs1_0.seat_id from flight_booking_status fbs1_0 where fbs1_0.seat_id=?
2024-06-05 15:24:20 [AsyncResolver-bootstrap-executor-0] INFO  c.n.d.s.r.aws.ConfigClusterResolver - Resolving eureka endpoints via configuration
2024-06-05 15:29:20 [AsyncResolver-bootstrap-executor-0] INFO  c.n.d.s.r.aws.ConfigClusterResolver - Resolving eureka endpoints via configuration
2024-06-05 15:34:20 [AsyncResolver-bootstrap-executor-0] INFO  c.n.d.s.r.aws.ConfigClusterResolver - Resolving eureka endpoints via configuration
2024-06-05 15:39:20 [AsyncResolver-bootstrap-executor-0] INFO  c.n.d.s.r.aws.ConfigClusterResolver - Resolving eureka endpoints via configuration
2024-06-05 15:44:20 [AsyncResolver-bootstrap-executor-0] INFO  c.n.d.s.r.aws.ConfigClusterResolver - Resolving eureka endpoints via configuration
2024-06-05 15:46:03 [RMI TCP Connection(65)-127.0.0.1] INFO  o.s.b.a.SpringApplicationAdminMXBeanRegistrar$SpringApplicationAdmin - Application shutdown requested.
2024-06-05 15:46:03 [RMI TCP Connection(66)-127.0.0.1] INFO  o.s.b.a.SpringApplicationAdminMXBeanRegistrar$SpringApplicationAdmin - Application shutdown requested.
2024-06-05 15:46:03 [RMI TCP Connection(61)-127.0.0.1] INFO  o.s.b.a.SpringApplicationAdminMXBeanRegistrar$SpringApplicationAdmin - Application shutdown requested.
2024-06-05 15:46:03 [RMI TCP Connection(59)-127.0.0.1] INFO  o.s.b.a.SpringApplicationAdminMXBeanRegistrar$SpringApplicationAdmin - Application shutdown requested.
2024-06-05 15:46:03 [RMI TCP Connection(63)-127.0.0.1] INFO  o.s.b.a.SpringApplicationAdminMXBeanRegistrar$SpringApplicationAdmin - Application shutdown requested.
2024-06-05 15:46:03 [RMI TCP Connection(62)-127.0.0.1] INFO  o.s.b.a.SpringApplicationAdminMXBeanRegistrar$SpringApplicationAdmin - Application shutdown requested.
2024-06-05 15:46:03 [RMI TCP Connection(53)-127.0.0.1] INFO  o.s.b.a.SpringApplicationAdminMXBeanRegistrar$SpringApplicationAdmin - Application shutdown requested.
2024-06-05 15:46:03 [RMI TCP Connection(57)-127.0.0.1] INFO  o.s.b.a.SpringApplicationAdminMXBeanRegistrar$SpringApplicationAdmin - Application shutdown requested.
2024-06-05 15:46:03 [RMI TCP Connection(58)-127.0.0.1] INFO  o.s.b.a.SpringApplicationAdminMXBeanRegistrar$SpringApplicationAdmin - Application shutdown requested.
2024-06-05 15:46:03 [RMI TCP Connection(54)-127.0.0.1] INFO  o.s.b.a.SpringApplicationAdminMXBeanRegistrar$SpringApplicationAdmin - Application shutdown requested.
2024-06-05 15:46:03 [RMI TCP Connection(67)-127.0.0.1] INFO  o.s.b.a.SpringApplicationAdminMXBeanRegistrar$SpringApplicationAdmin - Application shutdown requested.
2024-06-05 15:46:03 [RMI TCP Connection(56)-127.0.0.1] INFO  o.s.b.a.SpringApplicationAdminMXBeanRegistrar$SpringApplicationAdmin - Application shutdown requested.
2024-06-05 15:46:03 [RMI TCP Connection(46)-127.0.0.1] INFO  o.s.b.a.SpringApplicationAdminMXBeanRegistrar$SpringApplicationAdmin - Application shutdown requested.
2024-06-05 15:46:03 [RMI TCP Connection(64)-127.0.0.1] INFO  o.s.b.a.SpringApplicationAdminMXBeanRegistrar$SpringApplicationAdmin - Application shutdown requested.
2024-06-05 15:46:04 [RMI TCP Connection(55)-127.0.0.1] INFO  o.s.b.a.SpringApplicationAdminMXBeanRegistrar$SpringApplicationAdmin - Application shutdown requested.
2024-06-05 15:46:04 [RMI TCP Connection(60)-127.0.0.1] INFO  o.s.b.a.SpringApplicationAdminMXBeanRegistrar$SpringApplicationAdmin - Application shutdown requested.
2024-06-05 15:46:05 [RMI TCP Connection(68)-127.0.0.1] INFO  o.s.b.a.SpringApplicationAdminMXBeanRegistrar$SpringApplicationAdmin - Application shutdown requested.
2024-06-05 15:46:05 [RMI TCP Connection(69)-127.0.0.1] INFO  o.s.b.a.SpringApplicationAdminMXBeanRegistrar$SpringApplicationAdmin - Application shutdown requested.
2024-06-05 15:46:05 [RMI TCP Connection(70)-127.0.0.1] INFO  o.s.b.a.SpringApplicationAdminMXBeanRegistrar$SpringApplicationAdmin - Application shutdown requested.
2024-06-05 15:46:05 [RMI TCP Connection(71)-127.0.0.1] INFO  o.s.b.a.SpringApplicationAdminMXBeanRegistrar$SpringApplicationAdmin - Application shutdown requested.
2024-06-05 15:46:05 [RMI TCP Connection(72)-127.0.0.1] INFO  o.s.b.a.SpringApplicationAdminMXBeanRegistrar$SpringApplicationAdmin - Application shutdown requested.
2024-06-05 15:46:06 [RMI TCP Connection(73)-127.0.0.1] INFO  o.s.b.a.SpringApplicationAdminMXBeanRegistrar$SpringApplicationAdmin - Application shutdown requested.
2024-06-05 15:46:06 [RMI TCP Connection(74)-127.0.0.1] INFO  o.s.b.a.SpringApplicationAdminMXBeanRegistrar$SpringApplicationAdmin - Application shutdown requested.
2024-06-05 15:46:06 [RMI TCP Connection(75)-127.0.0.1] INFO  o.s.b.a.SpringApplicationAdminMXBeanRegistrar$SpringApplicationAdmin - Application shutdown requested.
2024-06-05 15:46:06 [RMI TCP Connection(76)-127.0.0.1] INFO  o.s.b.a.SpringApplicationAdminMXBeanRegistrar$SpringApplicationAdmin - Application shutdown requested.
2024-06-05 15:46:06 [RMI TCP Connection(77)-127.0.0.1] INFO  o.s.b.a.SpringApplicationAdminMXBeanRegistrar$SpringApplicationAdmin - Application shutdown requested.
2024-06-05 15:46:07 [RMI TCP Connection(78)-127.0.0.1] INFO  o.s.b.a.SpringApplicationAdminMXBeanRegistrar$SpringApplicationAdmin - Application shutdown requested.
2024-06-05 15:46:07 [RMI TCP Connection(64)-127.0.0.1] INFO  o.s.c.n.e.s.EurekaServiceRegistry - Unregistering application FLIGHT-SERVICE with eureka with status DOWN
2024-06-05 15:46:07 [RMI TCP Connection(64)-127.0.0.1] INFO  c.netflix.discovery.DiscoveryClient - Saw local status change event StatusChangeEvent [timestamp=1717582567094, current=DOWN, previous=UP]
2024-06-05 15:46:07 [DiscoveryClient-InstanceInfoReplicator-0] INFO  c.netflix.discovery.DiscoveryClient - DiscoveryClient_FLIGHT-SERVICE/Akilan:FLIGHT-SERVICE:8086: registering service...
2024-06-05 15:46:07 [RMI TCP Connection(79)-127.0.0.1] INFO  o.s.b.a.SpringApplicationAdminMXBeanRegistrar$SpringApplicationAdmin - Application shutdown requested.
2024-06-05 15:46:07 [RMI TCP Connection(80)-127.0.0.1] INFO  o.s.b.a.SpringApplicationAdminMXBeanRegistrar$SpringApplicationAdmin - Application shutdown requested.
2024-06-05 15:46:07 [RMI TCP Connection(81)-127.0.0.1] INFO  o.s.b.a.SpringApplicationAdminMXBeanRegistrar$SpringApplicationAdmin - Application shutdown requested.
2024-06-05 15:46:07 [RMI TCP Connection(82)-127.0.0.1] INFO  o.s.b.a.SpringApplicationAdminMXBeanRegistrar$SpringApplicationAdmin - Application shutdown requested.
2024-06-05 15:46:07 [RMI TCP Connection(83)-127.0.0.1] INFO  o.s.b.a.SpringApplicationAdminMXBeanRegistrar$SpringApplicationAdmin - Application shutdown requested.
2024-06-05 15:46:08 [RMI TCP Connection(84)-127.0.0.1] INFO  o.s.b.a.SpringApplicationAdminMXBeanRegistrar$SpringApplicationAdmin - Application shutdown requested.
2024-06-05 15:46:08 [RMI TCP Connection(85)-127.0.0.1] INFO  o.s.b.a.SpringApplicationAdminMXBeanRegistrar$SpringApplicationAdmin - Application shutdown requested.
2024-06-05 15:46:08 [RMI TCP Connection(86)-127.0.0.1] INFO  o.s.b.a.SpringApplicationAdminMXBeanRegistrar$SpringApplicationAdmin - Application shutdown requested.
2024-06-05 15:46:08 [RMI TCP Connection(87)-127.0.0.1] INFO  o.s.b.a.SpringApplicationAdminMXBeanRegistrar$SpringApplicationAdmin - Application shutdown requested.
2024-06-05 15:46:08 [RMI TCP Connection(88)-127.0.0.1] INFO  o.s.b.a.SpringApplicationAdminMXBeanRegistrar$SpringApplicationAdmin - Application shutdown requested.
2024-06-05 15:46:09 [RMI TCP Connection(89)-127.0.0.1] INFO  o.s.b.a.SpringApplicationAdminMXBeanRegistrar$SpringApplicationAdmin - Application shutdown requested.
2024-06-05 15:46:09 [RMI TCP Connection(90)-127.0.0.1] INFO  o.s.b.a.SpringApplicationAdminMXBeanRegistrar$SpringApplicationAdmin - Application shutdown requested.
2024-06-05 15:46:09 [DiscoveryClient-InstanceInfoReplicator-0] INFO  c.netflix.discovery.DiscoveryClient - DiscoveryClient_FLIGHT-SERVICE/Akilan:FLIGHT-SERVICE:8086 - registration status: 204
2024-06-05 15:46:09 [RMI TCP Connection(91)-127.0.0.1] INFO  o.s.b.a.SpringApplicationAdminMXBeanRegistrar$SpringApplicationAdmin - Application shutdown requested.
2024-06-05 15:46:09 [RMI TCP Connection(92)-127.0.0.1] INFO  o.s.b.a.SpringApplicationAdminMXBeanRegistrar$SpringApplicationAdmin - Application shutdown requested.
2024-06-05 15:46:09 [RMI TCP Connection(93)-127.0.0.1] INFO  o.s.b.a.SpringApplicationAdminMXBeanRegistrar$SpringApplicationAdmin - Application shutdown requested.
2024-06-05 15:46:09 [RMI TCP Connection(94)-127.0.0.1] INFO  o.s.b.a.SpringApplicationAdminMXBeanRegistrar$SpringApplicationAdmin - Application shutdown requested.
2024-06-05 15:46:10 [RMI TCP Connection(95)-127.0.0.1] INFO  o.s.b.a.SpringApplicationAdminMXBeanRegistrar$SpringApplicationAdmin - Application shutdown requested.
2024-06-05 15:46:10 [RMI TCP Connection(96)-127.0.0.1] INFO  o.s.b.a.SpringApplicationAdminMXBeanRegistrar$SpringApplicationAdmin - Application shutdown requested.
2024-06-05 15:46:10 [RMI TCP Connection(97)-127.0.0.1] INFO  o.s.b.a.SpringApplicationAdminMXBeanRegistrar$SpringApplicationAdmin - Application shutdown requested.
2024-06-05 15:46:10 [RMI TCP Connection(98)-127.0.0.1] INFO  o.s.b.a.SpringApplicationAdminMXBeanRegistrar$SpringApplicationAdmin - Application shutdown requested.
2024-06-05 15:46:10 [RMI TCP Connection(99)-127.0.0.1] INFO  o.s.b.a.SpringApplicationAdminMXBeanRegistrar$SpringApplicationAdmin - Application shutdown requested.
2024-06-05 15:46:11 [RMI TCP Connection(100)-127.0.0.1] INFO  o.s.b.a.SpringApplicationAdminMXBeanRegistrar$SpringApplicationAdmin - Application shutdown requested.
2024-06-05 15:46:11 [RMI TCP Connection(101)-127.0.0.1] INFO  o.s.b.a.SpringApplicationAdminMXBeanRegistrar$SpringApplicationAdmin - Application shutdown requested.
2024-06-05 15:46:11 [RMI TCP Connection(102)-127.0.0.1] INFO  o.s.b.a.SpringApplicationAdminMXBeanRegistrar$SpringApplicationAdmin - Application shutdown requested.
2024-06-05 15:46:11 [RMI TCP Connection(103)-127.0.0.1] INFO  o.s.b.a.SpringApplicationAdminMXBeanRegistrar$SpringApplicationAdmin - Application shutdown requested.
2024-06-05 15:46:12 [RMI TCP Connection(104)-127.0.0.1] INFO  o.s.b.a.SpringApplicationAdminMXBeanRegistrar$SpringApplicationAdmin - Application shutdown requested.
2024-06-05 15:46:12 [RMI TCP Connection(105)-127.0.0.1] INFO  o.s.b.a.SpringApplicationAdminMXBeanRegistrar$SpringApplicationAdmin - Application shutdown requested.
2024-06-05 15:46:12 [RMI TCP Connection(106)-127.0.0.1] INFO  o.s.b.a.SpringApplicationAdminMXBeanRegistrar$SpringApplicationAdmin - Application shutdown requested.
2024-06-05 15:46:12 [RMI TCP Connection(107)-127.0.0.1] INFO  o.s.b.a.SpringApplicationAdminMXBeanRegistrar$SpringApplicationAdmin - Application shutdown requested.
2024-06-05 15:46:13 [RMI TCP Connection(108)-127.0.0.1] INFO  o.s.b.a.SpringApplicationAdminMXBeanRegistrar$SpringApplicationAdmin - Application shutdown requested.
2024-06-05 15:46:13 [RMI TCP Connection(109)-127.0.0.1] INFO  o.s.b.a.SpringApplicationAdminMXBeanRegistrar$SpringApplicationAdmin - Application shutdown requested.
2024-06-05 15:46:13 [RMI TCP Connection(110)-127.0.0.1] INFO  o.s.b.a.SpringApplicationAdminMXBeanRegistrar$SpringApplicationAdmin - Application shutdown requested.
2024-06-05 15:46:13 [RMI TCP Connection(111)-127.0.0.1] INFO  o.s.b.a.SpringApplicationAdminMXBeanRegistrar$SpringApplicationAdmin - Application shutdown requested.
2024-06-05 15:46:13 [RMI TCP Connection(112)-127.0.0.1] INFO  o.s.b.a.SpringApplicationAdminMXBeanRegistrar$SpringApplicationAdmin - Application shutdown requested.
2024-06-05 15:46:13 [RMI TCP Connection(113)-127.0.0.1] INFO  o.s.b.a.SpringApplicationAdminMXBeanRegistrar$SpringApplicationAdmin - Application shutdown requested.
2024-06-05 15:46:14 [RMI TCP Connection(114)-127.0.0.1] INFO  o.s.b.a.SpringApplicationAdminMXBeanRegistrar$SpringApplicationAdmin - Application shutdown requested.
2024-06-05 15:46:14 [RMI TCP Connection(115)-127.0.0.1] INFO  o.s.b.a.SpringApplicationAdminMXBeanRegistrar$SpringApplicationAdmin - Application shutdown requested.
2024-06-05 15:46:14 [RMI TCP Connection(116)-127.0.0.1] INFO  o.s.b.a.SpringApplicationAdminMXBeanRegistrar$SpringApplicationAdmin - Application shutdown requested.
2024-06-05 15:46:14 [RMI TCP Connection(117)-127.0.0.1] INFO  o.s.b.a.SpringApplicationAdminMXBeanRegistrar$SpringApplicationAdmin - Application shutdown requested.
2024-06-05 15:46:14 [RMI TCP Connection(118)-127.0.0.1] INFO  o.s.b.a.SpringApplicationAdminMXBeanRegistrar$SpringApplicationAdmin - Application shutdown requested.
2024-06-05 15:46:15 [RMI TCP Connection(119)-127.0.0.1] INFO  o.s.b.a.SpringApplicationAdminMXBeanRegistrar$SpringApplicationAdmin - Application shutdown requested.
2024-06-05 15:46:15 [RMI TCP Connection(120)-127.0.0.1] INFO  o.s.b.a.SpringApplicationAdminMXBeanRegistrar$SpringApplicationAdmin - Application shutdown requested.
2024-06-05 15:46:15 [RMI TCP Connection(64)-127.0.0.1] INFO  o.s.a.r.l.SimpleMessageListenerContainer - Waiting for workers to finish.
2024-06-05 15:46:15 [RMI TCP Connection(121)-127.0.0.1] INFO  o.s.b.a.SpringApplicationAdminMXBeanRegistrar$SpringApplicationAdmin - Application shutdown requested.
2024-06-05 15:46:15 [RMI TCP Connection(122)-127.0.0.1] INFO  o.s.b.a.SpringApplicationAdminMXBeanRegistrar$SpringApplicationAdmin - Application shutdown requested.
2024-06-05 15:46:15 [RMI TCP Connection(123)-127.0.0.1] INFO  o.s.b.a.SpringApplicationAdminMXBeanRegistrar$SpringApplicationAdmin - Application shutdown requested.
2024-06-05 15:46:16 [RMI TCP Connection(124)-127.0.0.1] INFO  o.s.b.a.SpringApplicationAdminMXBeanRegistrar$SpringApplicationAdmin - Application shutdown requested.
2024-06-05 15:46:16 [RMI TCP Connection(126)-127.0.0.1] INFO  o.s.b.a.SpringApplicationAdminMXBeanRegistrar$SpringApplicationAdmin - Application shutdown requested.
2024-06-05 15:46:16 [RMI TCP Connection(127)-127.0.0.1] INFO  o.s.b.a.SpringApplicationAdminMXBeanRegistrar$SpringApplicationAdmin - Application shutdown requested.
2024-06-05 15:46:17 [RMI TCP Connection(130)-127.0.0.1] INFO  o.s.b.a.SpringApplicationAdminMXBeanRegistrar$SpringApplicationAdmin - Application shutdown requested.
2024-06-05 15:46:17 [RMI TCP Connection(128)-127.0.0.1] INFO  o.s.b.a.SpringApplicationAdminMXBeanRegistrar$SpringApplicationAdmin - Application shutdown requested.
2024-06-05 15:46:17 [RMI TCP Connection(129)-127.0.0.1] INFO  o.s.b.a.SpringApplicationAdminMXBeanRegistrar$SpringApplicationAdmin - Application shutdown requested.
2024-06-05 15:46:16 [RMI TCP Connection(125)-127.0.0.1] INFO  o.s.b.a.SpringApplicationAdminMXBeanRegistrar$SpringApplicationAdmin - Application shutdown requested.
2024-06-05 15:46:17 [RMI TCP Connection(64)-127.0.0.1] INFO  o.s.a.r.l.SimpleMessageListenerContainer - Successfully waited for workers to finish.
2024-06-05 15:46:17 [RMI TCP Connection(131)-127.0.0.1] INFO  o.s.b.a.SpringApplicationAdminMXBeanRegistrar$SpringApplicationAdmin - Application shutdown requested.
2024-06-05 15:46:17 [RMI TCP Connection(132)-127.0.0.1] INFO  o.s.b.a.SpringApplicationAdminMXBeanRegistrar$SpringApplicationAdmin - Application shutdown requested.
2024-06-05 15:46:17 [RMI TCP Connection(64)-127.0.0.1] INFO  o.s.i.a.i.AmqpInboundChannelAdapter - stopped bean 'inbound.springCloudBus.anonymous.uXssSWlURMeGSVCq2mkCmQ'
2024-06-05 15:46:17 [RMI TCP Connection(133)-127.0.0.1] INFO  o.s.b.a.SpringApplicationAdminMXBeanRegistrar$SpringApplicationAdmin - Application shutdown requested.
2024-06-05 15:46:17 [RMI TCP Connection(134)-127.0.0.1] INFO  o.s.b.a.SpringApplicationAdminMXBeanRegistrar$SpringApplicationAdmin - Application shutdown requested.
2024-06-05 15:46:18 [RMI TCP Connection(135)-127.0.0.1] INFO  o.s.b.a.SpringApplicationAdminMXBeanRegistrar$SpringApplicationAdmin - Application shutdown requested.
2024-06-05 15:46:18 [RMI TCP Connection(136)-127.0.0.1] INFO  o.s.b.a.SpringApplicationAdminMXBeanRegistrar$SpringApplicationAdmin - Application shutdown requested.
2024-06-05 15:46:18 [RMI TCP Connection(137)-127.0.0.1] INFO  o.s.b.a.SpringApplicationAdminMXBeanRegistrar$SpringApplicationAdmin - Application shutdown requested.
2024-06-05 15:46:18 [RMI TCP Connection(138)-127.0.0.1] INFO  o.s.b.a.SpringApplicationAdminMXBeanRegistrar$SpringApplicationAdmin - Application shutdown requested.
2024-06-05 15:46:18 [RMI TCP Connection(139)-127.0.0.1] INFO  o.s.b.a.SpringApplicationAdminMXBeanRegistrar$SpringApplicationAdmin - Application shutdown requested.
2024-06-05 15:46:19 [RMI TCP Connection(140)-127.0.0.1] INFO  o.s.b.a.SpringApplicationAdminMXBeanRegistrar$SpringApplicationAdmin - Application shutdown requested.
2024-06-05 15:46:19 [RMI TCP Connection(141)-127.0.0.1] INFO  o.s.b.a.SpringApplicationAdminMXBeanRegistrar$SpringApplicationAdmin - Application shutdown requested.
2024-06-05 15:46:19 [RMI TCP Connection(142)-127.0.0.1] INFO  o.s.b.a.SpringApplicationAdminMXBeanRegistrar$SpringApplicationAdmin - Application shutdown requested.
2024-06-05 15:46:19 [RMI TCP Connection(143)-127.0.0.1] INFO  o.s.b.a.SpringApplicationAdminMXBeanRegistrar$SpringApplicationAdmin - Application shutdown requested.
2024-06-05 15:46:19 [RMI TCP Connection(144)-127.0.0.1] INFO  o.s.b.a.SpringApplicationAdminMXBeanRegistrar$SpringApplicationAdmin - Application shutdown requested.
2024-06-05 15:46:20 [RMI TCP Connection(145)-127.0.0.1] INFO  o.s.b.a.SpringApplicationAdminMXBeanRegistrar$SpringApplicationAdmin - Application shutdown requested.
2024-06-05 15:46:20 [RMI TCP Connection(146)-127.0.0.1] INFO  o.s.b.a.SpringApplicationAdminMXBeanRegistrar$SpringApplicationAdmin - Application shutdown requested.
2024-06-05 15:46:20 [RMI TCP Connection(64)-127.0.0.1] INFO  o.s.c.s.binder.BinderErrorChannel - Channel 'FLIGHT-SERVICE.rabbit-963453420.springCloudBusInput.errors' has 1 subscriber(s).
2024-06-05 15:46:20 [RMI TCP Connection(147)-127.0.0.1] INFO  o.s.b.a.SpringApplicationAdminMXBeanRegistrar$SpringApplicationAdmin - Application shutdown requested.
2024-06-05 15:46:20 [RMI TCP Connection(148)-127.0.0.1] INFO  o.s.b.a.SpringApplicationAdminMXBeanRegistrar$SpringApplicationAdmin - Application shutdown requested.
2024-06-05 15:46:20 [RMI TCP Connection(149)-127.0.0.1] INFO  o.s.b.a.SpringApplicationAdminMXBeanRegistrar$SpringApplicationAdmin - Application shutdown requested.
2024-06-05 15:46:21 [RMI TCP Connection(150)-127.0.0.1] INFO  o.s.b.a.SpringApplicationAdminMXBeanRegistrar$SpringApplicationAdmin - Application shutdown requested.
2024-06-05 15:46:21 [RMI TCP Connection(151)-127.0.0.1] INFO  o.s.b.a.SpringApplicationAdminMXBeanRegistrar$SpringApplicationAdmin - Application shutdown requested.
2024-06-05 15:46:21 [RMI TCP Connection(152)-127.0.0.1] INFO  o.s.b.a.SpringApplicationAdminMXBeanRegistrar$SpringApplicationAdmin - Application shutdown requested.
2024-06-05 15:46:21 [RMI TCP Connection(153)-127.0.0.1] INFO  o.s.b.a.SpringApplicationAdminMXBeanRegistrar$SpringApplicationAdmin - Application shutdown requested.
2024-06-05 15:46:21 [RMI TCP Connection(154)-127.0.0.1] INFO  o.s.b.a.SpringApplicationAdminMXBeanRegistrar$SpringApplicationAdmin - Application shutdown requested.
2024-06-05 15:46:22 [RMI TCP Connection(155)-127.0.0.1] INFO  o.s.b.a.SpringApplicationAdminMXBeanRegistrar$SpringApplicationAdmin - Application shutdown requested.
2024-06-05 15:46:22 [RMI TCP Connection(156)-127.0.0.1] INFO  o.s.b.a.SpringApplicationAdminMXBeanRegistrar$SpringApplicationAdmin - Application shutdown requested.
2024-06-05 15:46:22 [RMI TCP Connection(157)-127.0.0.1] INFO  o.s.b.a.SpringApplicationAdminMXBeanRegistrar$SpringApplicationAdmin - Application shutdown requested.
2024-06-05 15:46:22 [RMI TCP Connection(158)-127.0.0.1] INFO  o.s.b.a.SpringApplicationAdminMXBeanRegistrar$SpringApplicationAdmin - Application shutdown requested.
2024-06-05 15:46:22 [RMI TCP Connection(159)-127.0.0.1] INFO  o.s.b.a.SpringApplicationAdminMXBeanRegistrar$SpringApplicationAdmin - Application shutdown requested.
2024-06-05 15:46:23 [RMI TCP Connection(160)-127.0.0.1] INFO  o.s.b.a.SpringApplicationAdminMXBeanRegistrar$SpringApplicationAdmin - Application shutdown requested.
2024-06-05 15:46:23 [RMI TCP Connection(161)-127.0.0.1] INFO  o.s.b.a.SpringApplicationAdminMXBeanRegistrar$SpringApplicationAdmin - Application shutdown requested.
2024-06-05 15:46:23 [RMI TCP Connection(162)-127.0.0.1] INFO  o.s.b.a.SpringApplicationAdminMXBeanRegistrar$SpringApplicationAdmin - Application shutdown requested.
2024-06-05 15:46:23 [RMI TCP Connection(163)-127.0.0.1] INFO  o.s.b.a.SpringApplicationAdminMXBeanRegistrar$SpringApplicationAdmin - Application shutdown requested.
2024-06-05 15:46:23 [RMI TCP Connection(164)-127.0.0.1] INFO  o.s.b.a.SpringApplicationAdminMXBeanRegistrar$SpringApplicationAdmin - Application shutdown requested.
2024-06-05 15:46:24 [RMI TCP Connection(64)-127.0.0.1] INFO  o.s.i.endpoint.EventDrivenConsumer - Removing {logging-channel-adapter:_org.springframework.integration.errorLogger} as a subscriber to the 'errorChannel' channel
2024-06-05 15:46:24 [RMI TCP Connection(64)-127.0.0.1] INFO  o.s.i.c.PublishSubscribeChannel - Channel 'FLIGHT-SERVICE.errorChannel' has 0 subscriber(s).
2024-06-05 15:46:24 [RMI TCP Connection(64)-127.0.0.1] INFO  o.s.i.endpoint.EventDrivenConsumer - stopped bean '_org.springframework.integration.errorLogger'
2024-06-05 15:46:24 [RMI TCP Connection(165)-127.0.0.1] INFO  o.s.b.a.SpringApplicationAdminMXBeanRegistrar$SpringApplicationAdmin - Application shutdown requested.
