2024-05-24 12:00:33 [main] INFO  c.h.HotelServiceApplication - Starting HotelServiceApplication using Java 17.0.9 with PID 25376 (C:\Users\USER\Documents\HotelManagementService\HotelManagementService\Hotel-Service\target\classes started by USER in C:\Users\USER\Documents\HotelManagementService\HotelManagementService\Hotel-Service)
2024-05-24 12:00:33 [main] INFO  c.h.HotelServiceApplication - No active profile set, falling back to 1 default profile: "default"
2024-05-24 12:00:33 [main] INFO  o.s.c.c.c.ConfigServerConfigDataLoader - Fetching config from server at : http://localhost:9999/
2024-05-24 12:00:33 [main] INFO  o.s.c.c.c.ConfigServerConfigDataLoader - Located environment: name=HOTEL-SERVICE, profiles=[default], label=null, version=bfd6a135656d4f3c2ad1cf6021430e73132aab9f, state=null
2024-05-24 12:00:35 [main] INFO  o.s.d.r.c.RepositoryConfigurationDelegate - Bootstrapping Spring Data JPA repositories in DEFAULT mode.
2024-05-24 12:00:35 [main] INFO  o.s.d.r.c.RepositoryConfigurationDelegate - Finished Spring Data repository scanning in 294 ms. Found 1 JPA repository interface.
2024-05-24 12:00:35 [main] INFO  o.s.i.c.DefaultConfiguringBeanFactoryPostProcessor - No bean named 'errorChannel' has been explicitly defined. Therefore, a default PublishSubscribeChannel will be created.
2024-05-24 12:00:35 [main] INFO  o.s.i.c.DefaultConfiguringBeanFactoryPostProcessor - No bean named 'integrationHeaderChannelRegistry' has been explicitly defined. Therefore, a default DefaultHeaderChannelRegistry will be created.
2024-05-24 12:00:35 [main] INFO  o.s.cloud.context.scope.GenericScope - BeanFactory id=b9db7b91-9a21-336b-ba24-7421b4504946
2024-05-24 12:00:36 [main] WARN  o.s.c.s.PostProcessorRegistrationDelegate$BeanPostProcessorChecker - Bean 'org.springframework.boot.autoconfigure.integration.IntegrationAutoConfiguration$IntegrationJmxConfiguration' of type [org.springframework.boot.autoconfigure.integration.IntegrationAutoConfiguration$IntegrationJmxConfiguration] is not eligible for getting processed by all BeanPostProcessors (for example: not eligible for auto-proxying). The currently created BeanPostProcessor [integrationMbeanExporter] is declared through a non-static factory method on that class; consider declaring it as static instead.
2024-05-24 12:00:36 [main] WARN  o.s.c.s.PostProcessorRegistrationDelegate$BeanPostProcessorChecker - Bean 'org.springframework.cloud.stream.config.BindersHealthIndicatorAutoConfiguration' of type [org.springframework.cloud.stream.config.BindersHealthIndicatorAutoConfiguration] is not eligible for getting processed by all BeanPostProcessors (for example: not eligible for auto-proxying). Is this bean getting eagerly injected into a currently created BeanPostProcessor [integrationMbeanExporter]? Check the corresponding BeanPostProcessor declaration and its dependencies.
2024-05-24 12:00:36 [main] WARN  o.s.c.s.PostProcessorRegistrationDelegate$BeanPostProcessorChecker - Bean 'bindersHealthContributor' of type [org.springframework.cloud.stream.config.BindersHealthIndicatorAutoConfiguration$BindersHealthContributor] is not eligible for getting processed by all BeanPostProcessors (for example: not eligible for auto-proxying). Is this bean getting eagerly injected into a currently created BeanPostProcessor [integrationMbeanExporter]? Check the corresponding BeanPostProcessor declaration and its dependencies.
2024-05-24 12:00:36 [main] WARN  o.s.c.s.PostProcessorRegistrationDelegate$BeanPostProcessorChecker - Bean 'bindersHealthIndicatorListener' of type [org.springframework.cloud.stream.config.BindersHealthIndicatorAutoConfiguration$BindersHealthIndicatorListener] is not eligible for getting processed by all BeanPostProcessors (for example: not eligible for auto-proxying). Is this bean getting eagerly injected into a currently created BeanPostProcessor [integrationMbeanExporter]? Check the corresponding BeanPostProcessor declaration and its dependencies.
2024-05-24 12:00:36 [main] WARN  o.s.c.s.PostProcessorRegistrationDelegate$BeanPostProcessorChecker - Bean 'org.springframework.cloud.stream.binder.rabbit.config.ExtendedBindingHandlerMappingsProviderConfiguration' of type [org.springframework.cloud.stream.binder.rabbit.config.ExtendedBindingHandlerMappingsProviderConfiguration] is not eligible for getting processed by all BeanPostProcessors (for example: not eligible for auto-proxying). Is this bean getting eagerly injected into a currently created BeanPostProcessor [integrationMbeanExporter]? Check the corresponding BeanPostProcessor declaration and its dependencies.
2024-05-24 12:00:36 [main] WARN  o.s.c.s.PostProcessorRegistrationDelegate$BeanPostProcessorChecker - Bean 'rabbitExtendedPropertiesDefaultMappingsProvider' of type [org.springframework.cloud.stream.binder.rabbit.config.ExtendedBindingHandlerMappingsProviderConfiguration$$Lambda$764/0x000002172956a860] is not eligible for getting processed by all BeanPostProcessors (for example: not eligible for auto-proxying). Is this bean getting eagerly injected into a currently created BeanPostProcessor [integrationMbeanExporter]? Check the corresponding BeanPostProcessor declaration and its dependencies.
2024-05-24 12:00:36 [main] WARN  o.s.c.s.PostProcessorRegistrationDelegate$BeanPostProcessorChecker - Bean 'BindingHandlerAdvise' of type [org.springframework.cloud.stream.config.BindingHandlerAdvise] is not eligible for getting processed by all BeanPostProcessors (for example: not eligible for auto-proxying). Is this bean getting eagerly injected into a currently created BeanPostProcessor [integrationMbeanExporter]? Check the corresponding BeanPostProcessor declaration and its dependencies.
2024-05-24 12:00:36 [main] WARN  o.s.c.s.PostProcessorRegistrationDelegate$BeanPostProcessorChecker - Bean 'org.springframework.cloud.commons.config.CommonsConfigAutoConfiguration' of type [org.springframework.cloud.commons.config.CommonsConfigAutoConfiguration] is not eligible for getting processed by all BeanPostProcessors (for example: not eligible for auto-proxying). Is this bean getting eagerly injected into a currently created BeanPostProcessor [integrationMbeanExporter]? Check the corresponding BeanPostProcessor declaration and its dependencies.
2024-05-24 12:00:36 [main] WARN  o.s.c.s.PostProcessorRegistrationDelegate$BeanPostProcessorChecker - Bean 'org.springframework.cloud.client.loadbalancer.LoadBalancerDefaultMappingsProviderAutoConfiguration' of type [org.springframework.cloud.client.loadbalancer.LoadBalancerDefaultMappingsProviderAutoConfiguration] is not eligible for getting processed by all BeanPostProcessors (for example: not eligible for auto-proxying). Is this bean getting eagerly injected into a currently created BeanPostProcessor [integrationMbeanExporter]? Check the corresponding BeanPostProcessor declaration and its dependencies.
2024-05-24 12:00:36 [main] WARN  o.s.c.s.PostProcessorRegistrationDelegate$BeanPostProcessorChecker - Bean 'loadBalancerClientsDefaultsMappingsProvider' of type [org.springframework.cloud.client.loadbalancer.LoadBalancerDefaultMappingsProviderAutoConfiguration$$Lambda$765/0x000002172956aa78] is not eligible for getting processed by all BeanPostProcessors (for example: not eligible for auto-proxying). Is this bean getting eagerly injected into a currently created BeanPostProcessor [integrationMbeanExporter]? Check the corresponding BeanPostProcessor declaration and its dependencies.
2024-05-24 12:00:36 [main] WARN  o.s.c.s.PostProcessorRegistrationDelegate$BeanPostProcessorChecker - Bean 'defaultsBindHandlerAdvisor' of type [org.springframework.cloud.commons.config.DefaultsBindHandlerAdvisor] is not eligible for getting processed by all BeanPostProcessors (for example: not eligible for auto-proxying). Is this bean getting eagerly injected into a currently created BeanPostProcessor [integrationMbeanExporter]? Check the corresponding BeanPostProcessor declaration and its dependencies.
2024-05-24 12:00:36 [main] WARN  o.s.c.s.PostProcessorRegistrationDelegate$BeanPostProcessorChecker - Bean 'spelConverter' of type [org.springframework.cloud.stream.config.SpelExpressionConverterConfiguration$SpelConverter] is not eligible for getting processed by all BeanPostProcessors (for example: not eligible for auto-proxying). Is this bean getting eagerly injected into a currently created BeanPostProcessor [integrationMbeanExporter]? Check the corresponding BeanPostProcessor declaration and its dependencies.
2024-05-24 12:00:36 [main] WARN  o.s.c.s.PostProcessorRegistrationDelegate$BeanPostProcessorChecker - Bean 'spring.jmx-org.springframework.boot.autoconfigure.jmx.JmxProperties' of type [org.springframework.boot.autoconfigure.jmx.JmxProperties] is not eligible for getting processed by all BeanPostProcessors (for example: not eligible for auto-proxying). Is this bean getting eagerly injected into a currently created BeanPostProcessor [integrationMbeanExporter]? Check the corresponding BeanPostProcessor declaration and its dependencies.
2024-05-24 12:00:36 [main] WARN  o.s.c.s.PostProcessorRegistrationDelegate$BeanPostProcessorChecker - Bean 'org.springframework.boot.autoconfigure.jmx.JmxAutoConfiguration' of type [org.springframework.boot.autoconfigure.jmx.JmxAutoConfiguration] is not eligible for getting processed by all BeanPostProcessors (for example: not eligible for auto-proxying). Is this bean getting eagerly injected into a currently created BeanPostProcessor [integrationMbeanExporter]? Check the corresponding BeanPostProcessor declaration and its dependencies.
2024-05-24 12:00:36 [main] WARN  o.s.c.s.PostProcessorRegistrationDelegate$BeanPostProcessorChecker - Bean 'mbeanServer' of type [com.sun.jmx.mbeanserver.JmxMBeanServer] is not eligible for getting processed by all BeanPostProcessors (for example: not eligible for auto-proxying). Is this bean getting eagerly injected into a currently created BeanPostProcessor [integrationMbeanExporter]? Check the corresponding BeanPostProcessor declaration and its dependencies.
2024-05-24 12:00:36 [main] WARN  o.s.c.s.PostProcessorRegistrationDelegate$BeanPostProcessorChecker - Bean 'org.springframework.cloud.client.loadbalancer.LoadBalancerAutoConfiguration$RetryInterceptorAutoConfiguration' of type [org.springframework.cloud.client.loadbalancer.LoadBalancerAutoConfiguration$RetryInterceptorAutoConfiguration] is not eligible for getting processed by all BeanPostProcessors (for example: not eligible for auto-proxying). The currently created BeanPostProcessor [lbRestClientPostProcessor] is declared through a non-static factory method on that class; consider declaring it as static instead.
2024-05-24 12:00:36 [main] WARN  o.s.c.s.PostProcessorRegistrationDelegate$BeanPostProcessorChecker - Bean 'org.springframework.cloud.loadbalancer.config.BlockingLoadBalancerClientAutoConfiguration' of type [org.springframework.cloud.loadbalancer.config.BlockingLoadBalancerClientAutoConfiguration] is not eligible for getting processed by all BeanPostProcessors (for example: not eligible for auto-proxying). Is this bean getting eagerly injected into a currently created BeanPostProcessor [lbRestClientPostProcessor]? Check the corresponding BeanPostProcessor declaration and its dependencies.
2024-05-24 12:00:36 [main] WARN  o.s.c.s.PostProcessorRegistrationDelegate$BeanPostProcessorChecker - Bean 'org.springframework.cloud.loadbalancer.config.LoadBalancerAutoConfiguration' of type [org.springframework.cloud.loadbalancer.config.LoadBalancerAutoConfiguration] is not eligible for getting processed by all BeanPostProcessors (for example: not eligible for auto-proxying). Is this bean getting eagerly injected into a currently created BeanPostProcessor [lbRestClientPostProcessor]? Check the corresponding BeanPostProcessor declaration and its dependencies.
2024-05-24 12:00:36 [main] WARN  o.s.c.s.PostProcessorRegistrationDelegate$BeanPostProcessorChecker - Bean 'spring.cloud.loadbalancer-org.springframework.cloud.client.loadbalancer.LoadBalancerClientsProperties' of type [org.springframework.cloud.client.loadbalancer.LoadBalancerClientsProperties] is not eligible for getting processed by all BeanPostProcessors (for example: not eligible for auto-proxying). Is this bean getting eagerly injected into a currently created BeanPostProcessor [lbRestClientPostProcessor]? Check the corresponding BeanPostProcessor declaration and its dependencies.
2024-05-24 12:00:36 [main] WARN  o.s.c.s.PostProcessorRegistrationDelegate$BeanPostProcessorChecker - Bean 'default.org.springframework.cloud.loadbalancer.config.LoadBalancerAutoConfiguration.LoadBalancerClientSpecification' of type [org.springframework.cloud.loadbalancer.annotation.LoadBalancerClientSpecification] is not eligible for getting processed by all BeanPostProcessors (for example: not eligible for auto-proxying). Is this bean getting eagerly injected into a currently created BeanPostProcessor [lbRestClientPostProcessor]? Check the corresponding BeanPostProcessor declaration and its dependencies.
2024-05-24 12:00:36 [main] WARN  o.s.c.s.PostProcessorRegistrationDelegate$BeanPostProcessorChecker - Bean 'default.org.springframework.cloud.loadbalancer.config.BlockingLoadBalancerClientAutoConfiguration.LoadBalancerClientSpecification' of type [org.springframework.cloud.loadbalancer.annotation.LoadBalancerClientSpecification] is not eligible for getting processed by all BeanPostProcessors (for example: not eligible for auto-proxying). Is this bean getting eagerly injected into a currently created BeanPostProcessor [lbRestClientPostProcessor]? Check the corresponding BeanPostProcessor declaration and its dependencies.
2024-05-24 12:00:36 [main] WARN  o.s.c.s.PostProcessorRegistrationDelegate$BeanPostProcessorChecker - Bean 'default.org.springframework.cloud.netflix.eureka.loadbalancer.LoadBalancerEurekaAutoConfiguration.LoadBalancerClientSpecification' of type [org.springframework.cloud.loadbalancer.annotation.LoadBalancerClientSpecification] is not eligible for getting processed by all BeanPostProcessors (for example: not eligible for auto-proxying). Is this bean getting eagerly injected into a currently created BeanPostProcessor [lbRestClientPostProcessor]? Check the corresponding BeanPostProcessor declaration and its dependencies.
2024-05-24 12:00:36 [main] WARN  o.s.c.s.PostProcessorRegistrationDelegate$BeanPostProcessorChecker - Bean 'loadBalancerClientFactory' of type [org.springframework.cloud.loadbalancer.support.LoadBalancerClientFactory] is not eligible for getting processed by all BeanPostProcessors (for example: not eligible for auto-proxying). Is this bean getting eagerly injected into a currently created BeanPostProcessor [lbRestClientPostProcessor]? Check the corresponding BeanPostProcessor declaration and its dependencies.
2024-05-24 12:00:36 [main] WARN  o.s.c.s.PostProcessorRegistrationDelegate$BeanPostProcessorChecker - Bean 'blockingLoadBalancerClient' of type [org.springframework.cloud.loadbalancer.blocking.client.BlockingLoadBalancerClient] is not eligible for getting processed by all BeanPostProcessors (for example: not eligible for auto-proxying). Is this bean getting eagerly injected into a currently created BeanPostProcessor [lbRestClientPostProcessor]? Check the corresponding BeanPostProcessor declaration and its dependencies.
2024-05-24 12:00:36 [main] WARN  o.s.c.s.PostProcessorRegistrationDelegate$BeanPostProcessorChecker - Bean 'loadBalancerServiceInstanceCookieTransformer' of type [org.springframework.cloud.loadbalancer.core.LoadBalancerServiceInstanceCookieTransformer] is not eligible for getting processed by all BeanPostProcessors (for example: not eligible for auto-proxying). Is this bean getting eagerly injected into a currently created BeanPostProcessor [lbRestClientPostProcessor]? Check the corresponding BeanPostProcessor declaration and its dependencies.
2024-05-24 12:00:36 [main] WARN  o.s.c.s.PostProcessorRegistrationDelegate$BeanPostProcessorChecker - Bean 'xForwarderHeadersTransformer' of type [org.springframework.cloud.loadbalancer.blocking.XForwardedHeadersTransformer] is not eligible for getting processed by all BeanPostProcessors (for example: not eligible for auto-proxying). Is this bean getting eagerly injected into a currently created BeanPostProcessor [lbRestClientPostProcessor]? Check the corresponding BeanPostProcessor declaration and its dependencies.
2024-05-24 12:00:36 [main] WARN  o.s.c.s.PostProcessorRegistrationDelegate$BeanPostProcessorChecker - Bean 'org.springframework.cloud.client.loadbalancer.LoadBalancerAutoConfiguration' of type [org.springframework.cloud.client.loadbalancer.LoadBalancerAutoConfiguration] is not eligible for getting processed by all BeanPostProcessors (for example: not eligible for auto-proxying). Is this bean getting eagerly injected into a currently created BeanPostProcessor [lbRestClientPostProcessor]? Check the corresponding BeanPostProcessor declaration and its dependencies.
2024-05-24 12:00:36 [main] WARN  o.s.c.s.PostProcessorRegistrationDelegate$BeanPostProcessorChecker - Bean 'loadBalancerRequestFactory' of type [org.springframework.cloud.client.loadbalancer.LoadBalancerRequestFactory] is not eligible for getting processed by all BeanPostProcessors (for example: not eligible for auto-proxying). Is this bean getting eagerly injected into a currently created BeanPostProcessor [lbRestClientPostProcessor]? Check the corresponding BeanPostProcessor declaration and its dependencies.
2024-05-24 12:00:36 [main] WARN  o.s.c.s.PostProcessorRegistrationDelegate$BeanPostProcessorChecker - Bean 'org.springframework.cloud.loadbalancer.config.BlockingLoadBalancerClientAutoConfiguration$BlockingLoadBalancerRetryConfig' of type [org.springframework.cloud.loadbalancer.config.BlockingLoadBalancerClientAutoConfiguration$BlockingLoadBalancerRetryConfig$$SpringCGLIB$$0] is not eligible for getting processed by all BeanPostProcessors (for example: not eligible for auto-proxying). Is this bean getting eagerly injected into a currently created BeanPostProcessor [lbRestClientPostProcessor]? Check the corresponding BeanPostProcessor declaration and its dependencies.
2024-05-24 12:00:36 [main] WARN  o.s.c.s.PostProcessorRegistrationDelegate$BeanPostProcessorChecker - Bean 'loadBalancedRetryFactory' of type [org.springframework.cloud.loadbalancer.blocking.retry.BlockingLoadBalancedRetryFactory] is not eligible for getting processed by all BeanPostProcessors (for example: not eligible for auto-proxying). Is this bean getting eagerly injected into a currently created BeanPostProcessor [lbRestClientPostProcessor]? Check the corresponding BeanPostProcessor declaration and its dependencies.
2024-05-24 12:00:36 [main] WARN  o.s.c.s.PostProcessorRegistrationDelegate$BeanPostProcessorChecker - Bean 'loadBalancerInterceptor' of type [org.springframework.cloud.client.loadbalancer.RetryLoadBalancerInterceptor] is not eligible for getting processed by all BeanPostProcessors (for example: not eligible for auto-proxying). Is this bean getting eagerly injected into a currently created BeanPostProcessor [lbRestClientPostProcessor]? Check the corresponding BeanPostProcessor declaration and its dependencies.
2024-05-24 12:00:36 [main] WARN  o.s.c.s.PostProcessorRegistrationDelegate$BeanPostProcessorChecker - Bean 'org.springframework.cloud.client.loadbalancer.reactive.LoadBalancerBeanPostProcessorAutoConfiguration' of type [org.springframework.cloud.client.loadbalancer.reactive.LoadBalancerBeanPostProcessorAutoConfiguration] is not eligible for getting processed by all BeanPostProcessors (for example: not eligible for auto-proxying). The currently created BeanPostProcessor [loadBalancerWebClientBuilderBeanPostProcessor] is declared through a non-static factory method on that class; consider declaring it as static instead.
2024-05-24 12:00:37 [main] WARN  o.s.c.s.PostProcessorRegistrationDelegate$BeanPostProcessorChecker - Bean 'org.springframework.cloud.client.loadbalancer.reactive.LoadBalancerBeanPostProcessorAutoConfiguration$ReactorDeferringLoadBalancerFilterConfig' of type [org.springframework.cloud.client.loadbalancer.reactive.LoadBalancerBeanPostProcessorAutoConfiguration$ReactorDeferringLoadBalancerFilterConfig] is not eligible for getting processed by all BeanPostProcessors (for example: not eligible for auto-proxying). Is this bean getting eagerly injected into a currently created BeanPostProcessor [loadBalancerWebClientBuilderBeanPostProcessor]? Check the corresponding BeanPostProcessor declaration and its dependencies.
2024-05-24 12:00:37 [main] WARN  o.s.c.s.PostProcessorRegistrationDelegate$BeanPostProcessorChecker - Bean 'reactorDeferringLoadBalancerExchangeFilterFunction' of type [org.springframework.cloud.client.loadbalancer.reactive.DeferringLoadBalancerExchangeFilterFunction] is not eligible for getting processed by all BeanPostProcessors (for example: not eligible for auto-proxying). Is this bean getting eagerly injected into a currently created BeanPostProcessor [loadBalancerWebClientBuilderBeanPostProcessor]? Check the corresponding BeanPostProcessor declaration and its dependencies.
2024-05-24 12:00:37 [main] INFO  o.s.b.w.e.tomcat.TomcatWebServer - Tomcat initialized with port 8082 (http)
2024-05-24 12:00:37 [main] INFO  o.a.catalina.core.StandardService - Starting service [Tomcat]
2024-05-24 12:00:37 [main] INFO  o.a.catalina.core.StandardEngine - Starting Servlet engine: [Apache Tomcat/10.1.17]
2024-05-24 12:00:37 [main] INFO  o.a.c.c.C.[Tomcat].[localhost].[/] - Initializing Spring embedded WebApplicationContext
2024-05-24 12:00:37 [main] INFO  o.s.b.w.s.c.ServletWebServerApplicationContext - Root WebApplicationContext: initialization completed in 4788 ms
2024-05-24 12:00:38 [main] INFO  o.h.jpa.internal.util.LogHelper - HHH000204: Processing PersistenceUnitInfo [name: default]
2024-05-24 12:00:39 [main] INFO  org.hibernate.Version - HHH000412: Hibernate ORM core version 6.4.1.Final
2024-05-24 12:00:39 [main] INFO  o.h.c.i.RegionFactoryInitiator - HHH000026: Second-level cache disabled
2024-05-24 12:00:39 [main] INFO  o.s.o.j.p.SpringPersistenceUnitInfo - No LoadTimeWeaver setup: ignoring JPA class transformer
2024-05-24 12:00:39 [main] INFO  com.zaxxer.hikari.HikariDataSource - HikariPool-1 - Starting...
2024-05-24 12:00:40 [main] INFO  com.zaxxer.hikari.pool.HikariPool - HikariPool-1 - Added connection org.postgresql.jdbc.PgConnection@7b44e98e
2024-05-24 12:00:40 [main] INFO  com.zaxxer.hikari.HikariDataSource - HikariPool-1 - Start completed.
2024-05-24 12:00:40 [main] WARN  org.hibernate.orm.deprecation - HHH90000025: PostgreSQLDialect does not need to be specified explicitly using 'hibernate.dialect' (remove the property setting and it will be selected by default)
2024-05-24 12:00:43 [main] INFO  o.h.e.t.j.p.i.JtaPlatformInitiator - HHH000489: No JTA platform available (set 'hibernate.transaction.jta.platform' to enable JTA platform integration)
2024-05-24 12:00:44 [main] DEBUG org.hibernate.SQL - create table hotel (hotel_id bigint not null, address varchar(255), city varchar(255), description varchar(255), email varchar(255), hotel_image varchar(255), hotel_name varchar(255), mobile1 varchar(255), mobile2 varchar(255), website varchar(255), primary key (hotel_id))
2024-05-24 12:00:45 [main] DEBUG org.hibernate.SQL - create table room (room_id bigint not null, rate_per_day float(53) not null, room_image varchar(255), room_no integer not null check ((room_no>=100) and (room_no<=999)), roomtype varchar(255), hotel_id bigint, primary key (room_id))
2024-05-24 12:00:46 [main] DEBUG org.hibernate.SQL - alter table if exists room add constraint FKdosq3ww4h9m2osim6o0lugng8 foreign key (hotel_id) references hotel
2024-05-24 12:00:46 [main] INFO  o.s.o.j.LocalContainerEntityManagerFactoryBean - Initialized JPA EntityManagerFactory for persistence unit 'default'
2024-05-24 12:00:47 [main] WARN  o.s.b.a.o.j.JpaBaseConfiguration$JpaWebConfiguration - spring.jpa.open-in-view is enabled by default. Therefore, database queries may be performed during view rendering. Explicitly configure spring.jpa.open-in-view to disable this warning
2024-05-24 12:00:51 [main] INFO  o.s.c.s.m.DirectWithAttributesChannel - Channel 'HOTEL-SERVICE.springCloudBusInput' has 1 subscriber(s).
2024-05-24 12:00:52 [main] INFO  o.s.c.n.e.c.DiscoveryClientOptionalArgsConfiguration - Eureka HTTP Client uses RestTemplate.
2024-05-24 12:00:52 [main] WARN  o.s.c.l.c.LoadBalancerCacheAutoConfiguration$LoadBalancerCaffeineWarnLogger - Spring Cloud LoadBalancer is currently working with the default cache. While this cache implementation is useful for development and tests, it's recommended to use Caffeine cache in production.You can switch to using Caffeine cache, by adding it and org.springframework.cache.caffeine.CaffeineCacheManager to the classpath.
2024-05-24 12:00:52 [main] INFO  o.s.b.a.e.web.EndpointLinksResolver - Exposing 23 endpoint(s) beneath base path '/actuator'
2024-05-24 12:00:52 [main] INFO  o.s.i.m.IntegrationMBeanExporter - Registering MessageChannel errorChannel
2024-05-24 12:00:52 [main] INFO  o.s.i.m.IntegrationMBeanExporter - Registering MessageChannel springCloudBusInput
2024-05-24 12:00:52 [main] INFO  o.s.i.m.IntegrationMBeanExporter - Registering MessageChannel nullChannel
2024-05-24 12:00:52 [main] INFO  o.s.i.m.IntegrationMBeanExporter - Registering MessageHandler _org.springframework.integration.errorLogger
2024-05-24 12:00:52 [main] INFO  o.s.i.endpoint.EventDrivenConsumer - Adding {logging-channel-adapter:_org.springframework.integration.errorLogger} as a subscriber to the 'errorChannel' channel
2024-05-24 12:00:52 [main] INFO  o.s.i.c.PublishSubscribeChannel - Channel 'HOTEL-SERVICE.errorChannel' has 1 subscriber(s).
2024-05-24 12:00:52 [main] INFO  o.s.i.endpoint.EventDrivenConsumer - started bean '_org.springframework.integration.errorLogger'
2024-05-24 12:00:52 [main] INFO  o.s.c.n.eureka.InstanceInfoFactory - Setting initial instance status as: STARTING
2024-05-24 12:00:52 [main] INFO  c.netflix.discovery.DiscoveryClient - Initializing Eureka in region us-east-1
2024-05-24 12:00:52 [main] INFO  c.n.d.s.r.aws.ConfigClusterResolver - Resolving eureka endpoints via configuration
2024-05-24 12:00:52 [main] INFO  c.netflix.discovery.DiscoveryClient - Disable delta property : false
2024-05-24 12:00:52 [main] INFO  c.netflix.discovery.DiscoveryClient - Single vip registry refresh property : null
2024-05-24 12:00:52 [main] INFO  c.netflix.discovery.DiscoveryClient - Force full registry fetch : false
2024-05-24 12:00:52 [main] INFO  c.netflix.discovery.DiscoveryClient - Application is null : false
2024-05-24 12:00:52 [main] INFO  c.netflix.discovery.DiscoveryClient - Registered Applications size is zero : true
2024-05-24 12:00:52 [main] INFO  c.netflix.discovery.DiscoveryClient - Application version is -1: true
2024-05-24 12:00:52 [main] INFO  c.netflix.discovery.DiscoveryClient - Getting all instance registry info from the eureka server
2024-05-24 12:00:53 [main] INFO  c.netflix.discovery.DiscoveryClient - The response status is 200
2024-05-24 12:00:53 [main] INFO  c.netflix.discovery.DiscoveryClient - Starting heartbeat executor: renew interval is: 30
2024-05-24 12:00:53 [main] INFO  c.n.discovery.InstanceInfoReplicator - InstanceInfoReplicator onDemand update allowed rate per min is 4
2024-05-24 12:00:53 [main] INFO  c.netflix.discovery.DiscoveryClient - Discovery Client initialized at timestamp 1716532253233 with initial instances count: 4
2024-05-24 12:00:53 [main] INFO  o.s.c.n.e.s.EurekaServiceRegistry - Registering application HOTEL-SERVICE with eureka with status UP
2024-05-24 12:00:53 [main] INFO  c.netflix.discovery.DiscoveryClient - Saw local status change event StatusChangeEvent [timestamp=1716532253253, current=UP, previous=STARTING]
2024-05-24 12:00:53 [DiscoveryClient-InstanceInfoReplicator-0] INFO  c.netflix.discovery.DiscoveryClient - DiscoveryClient_HOTEL-SERVICE/Akilan:HOTEL-SERVICE:8082: registering service...
2024-05-24 12:00:53 [main] INFO  o.s.b.w.e.tomcat.TomcatWebServer - Tomcat started on port 8082 (http) with context path ''
2024-05-24 12:00:53 [main] INFO  o.s.c.n.e.s.EurekaAutoServiceRegistration - Updating port to 8082
2024-05-24 12:00:53 [DiscoveryClient-InstanceInfoReplicator-0] INFO  c.netflix.discovery.DiscoveryClient - DiscoveryClient_HOTEL-SERVICE/Akilan:HOTEL-SERVICE:8082 - registration status: 204
2024-05-24 12:00:53 [main] INFO  o.s.c.s.binder.DefaultBinderFactory - Creating binder: rabbit
2024-05-24 12:00:53 [main] INFO  o.s.c.s.binder.DefaultBinderFactory - Constructing binder child context for rabbit
2024-05-24 12:00:54 [main] INFO  o.s.c.s.binder.DefaultBinderFactory - Caching the binder: rabbit
2024-05-24 12:00:54 [main] INFO  o.s.c.s.b.r.p.RabbitExchangeQueueProvisioner - declaring queue for inbound: springCloudBus.anonymous.q-5Ky4DBSlWFJomQTVuFeA, bound to: springCloudBus
2024-05-24 12:00:54 [main] INFO  o.s.a.r.c.CachingConnectionFactory - Attempting to connect to: [localhost:5672]
2024-05-24 12:00:54 [main] INFO  o.s.a.r.c.CachingConnectionFactory - Created new connection: rabbitConnectionFactory#33116b8e:0/SimpleConnection@50bf00c2 [delegate=amqp://rabbitmq@127.0.0.1:5672/, localPort=61510]
2024-05-24 12:00:54 [main] INFO  o.s.c.s.binder.BinderErrorChannel - Channel 'rabbit-488650178.springCloudBusInput.errors' has 1 subscriber(s).
2024-05-24 12:00:54 [main] INFO  o.s.c.s.binder.BinderErrorChannel - Channel 'rabbit-488650178.springCloudBusInput.errors' has 2 subscriber(s).
2024-05-24 12:00:54 [main] INFO  o.s.i.a.i.AmqpInboundChannelAdapter - started bean 'inbound.springCloudBus.anonymous.q-5Ky4DBSlWFJomQTVuFeA'
2024-05-24 12:00:54 [main] INFO  o.s.i.m.IntegrationMBeanExporter - Registering MessageChannel rabbit-488650178.springCloudBusInput.errors
2024-05-24 12:00:54 [main] INFO  c.h.HotelServiceApplication - Started HotelServiceApplication in 24.336 seconds (process running for 25.715)
2024-05-24 12:00:55 [RMI TCP Connection(3)-127.0.0.1] INFO  o.a.c.c.C.[Tomcat].[localhost].[/] - Initializing Spring DispatcherServlet 'dispatcherServlet'
2024-05-24 12:00:55 [RMI TCP Connection(3)-127.0.0.1] INFO  o.s.web.servlet.DispatcherServlet - Initializing Servlet 'dispatcherServlet'
2024-05-24 12:00:55 [RMI TCP Connection(3)-127.0.0.1] INFO  o.s.web.servlet.DispatcherServlet - Completed initialization in 9 ms
2024-05-24 12:05:52 [AsyncResolver-bootstrap-executor-0] INFO  c.n.d.s.r.aws.ConfigClusterResolver - Resolving eureka endpoints via configuration
2024-05-24 12:10:53 [AsyncResolver-bootstrap-executor-0] INFO  c.n.d.s.r.aws.ConfigClusterResolver - Resolving eureka endpoints via configuration
2024-05-24 12:15:53 [AsyncResolver-bootstrap-executor-0] INFO  c.n.d.s.r.aws.ConfigClusterResolver - Resolving eureka endpoints via configuration
2024-05-24 12:20:53 [AsyncResolver-bootstrap-executor-0] INFO  c.n.d.s.r.aws.ConfigClusterResolver - Resolving eureka endpoints via configuration
2024-05-24 12:25:53 [AsyncResolver-bootstrap-executor-0] INFO  c.n.d.s.r.aws.ConfigClusterResolver - Resolving eureka endpoints via configuration
2024-05-24 12:27:31 [http-nio-8082-exec-2] DEBUG org.hibernate.SQL - select h1_0.hotel_id,h1_0.address,h1_0.city,h1_0.description,h1_0.email,h1_0.hotel_image,h1_0.hotel_name,h1_0.mobile1,h1_0.mobile2,h1_0.website from hotel h1_0
2024-05-24 12:27:32 [http-nio-8082-exec-1] DEBUG org.hibernate.SQL - select h1_0.hotel_id,h1_0.address,h1_0.city,h1_0.description,h1_0.email,h1_0.hotel_image,h1_0.hotel_name,h1_0.mobile1,h1_0.mobile2,h1_0.website from hotel h1_0
2024-05-24 12:27:35 [http-nio-8082-exec-1] INFO  c.h.e.ResponseEntityExceptionHandlerImpl - An Exception occured
2024-05-24 12:27:35 [http-nio-8082-exec-2] INFO  c.h.e.ResponseEntityExceptionHandlerImpl - An Exception occured
2024-05-24 12:28:48 [http-nio-8082-exec-5] DEBUG org.hibernate.SQL - select h1_0.hotel_id,h1_0.address,h1_0.city,h1_0.description,h1_0.email,h1_0.hotel_image,h1_0.hotel_name,h1_0.mobile1,h1_0.mobile2,h1_0.website from hotel h1_0
2024-05-24 12:28:48 [http-nio-8082-exec-5] DEBUG org.hibernate.SQL - select h1_0.hotel_id,h1_0.address,h1_0.city,h1_0.description,h1_0.email,h1_0.hotel_image,h1_0.hotel_name,h1_0.mobile1,h1_0.mobile2,h1_0.website,r1_0.hotel_id,r1_0.room_id,r1_0.rate_per_day,r1_0.room_image,r1_0.room_no,r1_0.roomtype from hotel h1_0 left join room r1_0 on h1_0.hotel_id=r1_0.hotel_id where h1_0.hotel_id=?
2024-05-24 12:28:49 [http-nio-8082-exec-5] DEBUG org.hibernate.SQL - insert into hotel (address,city,description,email,hotel_image,hotel_name,mobile1,mobile2,website,hotel_id) values (?,?,?,?,?,?,?,?,?,?)
2024-05-24 12:30:53 [AsyncResolver-bootstrap-executor-0] INFO  c.n.d.s.r.aws.ConfigClusterResolver - Resolving eureka endpoints via configuration
2024-05-24 12:35:53 [AsyncResolver-bootstrap-executor-0] INFO  c.n.d.s.r.aws.ConfigClusterResolver - Resolving eureka endpoints via configuration
2024-05-24 12:40:53 [AsyncResolver-bootstrap-executor-0] INFO  c.n.d.s.r.aws.ConfigClusterResolver - Resolving eureka endpoints via configuration
2024-05-24 12:45:53 [AsyncResolver-bootstrap-executor-0] INFO  c.n.d.s.r.aws.ConfigClusterResolver - Resolving eureka endpoints via configuration
2024-05-24 12:50:53 [AsyncResolver-bootstrap-executor-0] INFO  c.n.d.s.r.aws.ConfigClusterResolver - Resolving eureka endpoints via configuration
2024-05-24 12:55:53 [AsyncResolver-bootstrap-executor-0] INFO  c.n.d.s.r.aws.ConfigClusterResolver - Resolving eureka endpoints via configuration
2024-05-24 13:00:53 [AsyncResolver-bootstrap-executor-0] INFO  c.n.d.s.r.aws.ConfigClusterResolver - Resolving eureka endpoints via configuration
2024-05-24 13:06:13 [HikariPool-1 housekeeper] WARN  com.zaxxer.hikari.pool.HikariPool - HikariPool-1 - Thread starvation or clock leap detected (housekeeper delta=1m1s152ms879µs700ns).
2024-05-24 13:06:24 [AsyncResolver-bootstrap-executor-0] INFO  c.n.d.s.r.aws.ConfigClusterResolver - Resolving eureka endpoints via configuration
2024-05-24 13:11:24 [AsyncResolver-bootstrap-executor-0] INFO  c.n.d.s.r.aws.ConfigClusterResolver - Resolving eureka endpoints via configuration
2024-05-24 13:16:24 [AsyncResolver-bootstrap-executor-0] INFO  c.n.d.s.r.aws.ConfigClusterResolver - Resolving eureka endpoints via configuration
2024-05-24 13:21:25 [AsyncResolver-bootstrap-executor-0] INFO  c.n.d.s.r.aws.ConfigClusterResolver - Resolving eureka endpoints via configuration
2024-05-24 13:24:25 [http-nio-8082-exec-7] DEBUG org.hibernate.SQL - select h1_0.hotel_id,h1_0.address,h1_0.city,h1_0.description,h1_0.email,h1_0.hotel_image,h1_0.hotel_name,h1_0.mobile1,h1_0.mobile2,h1_0.website from hotel h1_0
2024-05-24 13:24:27 [http-nio-8082-exec-7] DEBUG org.hibernate.SQL - select h1_0.hotel_id,h1_0.address,h1_0.city,h1_0.description,h1_0.email,h1_0.hotel_image,h1_0.hotel_name,h1_0.mobile1,h1_0.mobile2,h1_0.website,r1_0.hotel_id,r1_0.room_id,r1_0.rate_per_day,r1_0.room_image,r1_0.room_no,r1_0.roomtype from hotel h1_0 left join room r1_0 on h1_0.hotel_id=r1_0.hotel_id where h1_0.hotel_id=?
2024-05-24 13:24:31 [http-nio-8082-exec-7] DEBUG org.hibernate.SQL - insert into hotel (address,city,description,email,hotel_image,hotel_name,mobile1,mobile2,website,hotel_id) values (?,?,?,?,?,?,?,?,?,?)
2024-05-24 13:25:12 [http-nio-8082-exec-8] DEBUG org.hibernate.SQL - select h1_0.hotel_id,h1_0.address,h1_0.city,h1_0.description,h1_0.email,h1_0.hotel_image,h1_0.hotel_name,h1_0.mobile1,h1_0.mobile2,h1_0.website from hotel h1_0
2024-05-24 13:25:12 [http-nio-8082-exec-8] DEBUG org.hibernate.SQL - select h1_0.hotel_id,h1_0.address,h1_0.city,h1_0.description,h1_0.email,h1_0.hotel_image,h1_0.hotel_name,h1_0.mobile1,h1_0.mobile2,h1_0.website,r1_0.hotel_id,r1_0.room_id,r1_0.rate_per_day,r1_0.room_image,r1_0.room_no,r1_0.roomtype from hotel h1_0 left join room r1_0 on h1_0.hotel_id=r1_0.hotel_id where h1_0.hotel_id=?
2024-05-24 13:25:13 [http-nio-8082-exec-8] DEBUG org.hibernate.SQL - insert into hotel (address,city,description,email,hotel_image,hotel_name,mobile1,mobile2,website,hotel_id) values (?,?,?,?,?,?,?,?,?,?)
2024-05-24 13:26:25 [AsyncResolver-bootstrap-executor-0] INFO  c.n.d.s.r.aws.ConfigClusterResolver - Resolving eureka endpoints via configuration
2024-05-24 13:29:55 [http-nio-8082-exec-10] DEBUG org.hibernate.SQL - select h1_0.hotel_id,h1_0.address,h1_0.city,h1_0.description,h1_0.email,h1_0.hotel_image,h1_0.hotel_name,h1_0.mobile1,h1_0.mobile2,h1_0.website from hotel h1_0
2024-05-24 13:30:02 [http-nio-8082-exec-9] DEBUG org.hibernate.SQL - select h1_0.hotel_id,h1_0.address,h1_0.city,h1_0.description,h1_0.email,h1_0.hotel_image,h1_0.hotel_name,h1_0.mobile1,h1_0.mobile2,h1_0.website from hotel h1_0
2024-05-24 13:30:04 [http-nio-8082-exec-2] DEBUG org.hibernate.SQL - select h1_0.hotel_id,h1_0.address,h1_0.city,h1_0.description,h1_0.email,h1_0.hotel_image,h1_0.hotel_name,h1_0.mobile1,h1_0.mobile2,h1_0.website from hotel h1_0
2024-05-24 13:30:09 [http-nio-8082-exec-1] DEBUG org.hibernate.SQL - select h1_0.hotel_id,h1_0.address,h1_0.city,h1_0.description,h1_0.email,h1_0.hotel_image,h1_0.hotel_name,h1_0.mobile1,h1_0.mobile2,h1_0.website from hotel h1_0
2024-05-24 13:30:18 [http-nio-8082-exec-3] DEBUG org.hibernate.SQL - select h1_0.hotel_id,h1_0.address,h1_0.city,h1_0.description,h1_0.email,h1_0.hotel_image,h1_0.hotel_name,h1_0.mobile1,h1_0.mobile2,h1_0.website from hotel h1_0
2024-05-24 13:31:25 [AsyncResolver-bootstrap-executor-0] INFO  c.n.d.s.r.aws.ConfigClusterResolver - Resolving eureka endpoints via configuration
2024-05-24 13:35:54 [RMI TCP Connection(108)-127.0.0.1] INFO  o.s.b.a.SpringApplicationAdminMXBeanRegistrar$SpringApplicationAdmin - Application shutdown requested.
2024-05-24 13:35:56 [RMI TCP Connection(108)-127.0.0.1] INFO  o.s.c.n.e.s.EurekaServiceRegistry - Unregistering application HOTEL-SERVICE with eureka with status DOWN
2024-05-24 13:35:56 [RMI TCP Connection(108)-127.0.0.1] INFO  c.netflix.discovery.DiscoveryClient - Saw local status change event StatusChangeEvent [timestamp=1716537956796, current=DOWN, previous=UP]
2024-05-24 13:35:56 [DiscoveryClient-InstanceInfoReplicator-0] INFO  c.netflix.discovery.DiscoveryClient - DiscoveryClient_HOTEL-SERVICE/Akilan:HOTEL-SERVICE:8082: registering service...
2024-05-24 13:36:01 [DiscoveryClient-InstanceInfoReplicator-0] INFO  c.netflix.discovery.DiscoveryClient - DiscoveryClient_HOTEL-SERVICE/Akilan:HOTEL-SERVICE:8082 - registration status: 204
2024-05-24 13:36:25 [AsyncResolver-bootstrap-executor-0] INFO  c.n.d.s.r.aws.ConfigClusterResolver - Resolving eureka endpoints via configuration
2024-05-24 13:36:26 [RMI TCP Connection(108)-127.0.0.1] INFO  o.s.a.r.l.SimpleMessageListenerContainer - Waiting for workers to finish.
2024-05-24 13:36:31 [RMI TCP Connection(108)-127.0.0.1] INFO  o.s.a.r.l.SimpleMessageListenerContainer - Workers not finished.
2024-05-24 13:36:31 [RMI TCP Connection(108)-127.0.0.1] WARN  o.s.a.r.l.SimpleMessageListenerContainer - Closing channel for unresponsive consumer: Consumer@395a5526: tags=[[amq.ctag-LqgvFstXLfj6YqnjnZgTQA]], channel=Cached Rabbit Channel: AMQChannel(amqp://rabbitmq@127.0.0.1:5672/,1), conn: Proxy@6a3044cb Shared Rabbit Connection: SimpleConnection@50bf00c2 [delegate=amqp://rabbitmq@127.0.0.1:5672/, localPort=61510], acknowledgeMode=AUTO local queue size=0
2024-05-24 13:36:36 [RMI TCP Connection(108)-127.0.0.1] INFO  o.s.i.a.i.AmqpInboundChannelAdapter - stopped bean 'inbound.springCloudBus.anonymous.q-5Ky4DBSlWFJomQTVuFeA'
2024-05-24 13:36:51 [RMI TCP Connection(108)-127.0.0.1] INFO  o.s.c.s.binder.BinderErrorChannel - Channel 'HOTEL-SERVICE.rabbit-488650178.springCloudBusInput.errors' has 1 subscriber(s).
2024-05-24 13:37:17 [RMI TCP Connection(108)-127.0.0.1] INFO  o.s.i.endpoint.EventDrivenConsumer - Removing {logging-channel-adapter:_org.springframework.integration.errorLogger} as a subscriber to the 'errorChannel' channel
2024-05-24 13:37:17 [RMI TCP Connection(108)-127.0.0.1] INFO  o.s.i.c.PublishSubscribeChannel - Channel 'HOTEL-SERVICE.errorChannel' has 0 subscriber(s).
2024-05-24 13:37:17 [RMI TCP Connection(108)-127.0.0.1] INFO  o.s.i.endpoint.EventDrivenConsumer - stopped bean '_org.springframework.integration.errorLogger'
2024-05-24 13:37:23 [RMI TCP Connection(108)-127.0.0.1] INFO  o.s.o.j.LocalContainerEntityManagerFactoryBean - Closing JPA EntityManagerFactory for persistence unit 'default'
2024-05-24 13:37:25 [RMI TCP Connection(108)-127.0.0.1] INFO  com.zaxxer.hikari.HikariDataSource - HikariPool-1 - Shutdown initiated...
2024-05-24 13:37:25 [RMI TCP Connection(108)-127.0.0.1] INFO  com.zaxxer.hikari.HikariDataSource - HikariPool-1 - Shutdown completed.
2024-05-24 13:37:26 [RMI TCP Connection(108)-127.0.0.1] INFO  c.netflix.discovery.DiscoveryClient - Shutting down DiscoveryClient ...
2024-05-24 13:37:29 [RMI TCP Connection(108)-127.0.0.1] INFO  c.netflix.discovery.DiscoveryClient - Unregistering ...
2024-05-24 13:37:37 [RMI TCP Connection(108)-127.0.0.1] INFO  c.netflix.discovery.DiscoveryClient - DiscoveryClient_HOTEL-SERVICE/Akilan:HOTEL-SERVICE:8082 - deregister  status: 200
2024-05-24 13:37:39 [RMI TCP Connection(108)-127.0.0.1] INFO  c.netflix.discovery.DiscoveryClient - Completed shut down of DiscoveryClient
2024-05-24 14:17:46 [main] INFO  c.h.HotelServiceApplication - Starting HotelServiceApplication using Java 17.0.9 with PID 11740 (C:\Users\USER\Documents\HotelManagementService\HotelManagementService\Hotel-Service\target\classes started by USER in C:\Users\USER\Documents\HotelManagementService\HotelManagementService\Hotel-Service)
2024-05-24 14:17:46 [main] INFO  c.h.HotelServiceApplication - No active profile set, falling back to 1 default profile: "default"
2024-05-24 14:17:47 [main] INFO  o.s.c.c.c.ConfigServerConfigDataLoader - Fetching config from server at : http://localhost:9999/
2024-05-24 14:17:47 [main] INFO  o.s.c.c.c.ConfigServerConfigDataLoader - Located environment: name=HOTEL-SERVICE, profiles=[default], label=null, version=bfd6a135656d4f3c2ad1cf6021430e73132aab9f, state=null
2024-05-24 14:17:49 [main] INFO  o.s.d.r.c.RepositoryConfigurationDelegate - Bootstrapping Spring Data JPA repositories in DEFAULT mode.
2024-05-24 14:17:49 [main] INFO  o.s.d.r.c.RepositoryConfigurationDelegate - Finished Spring Data repository scanning in 151 ms. Found 1 JPA repository interface.
2024-05-24 14:17:49 [main] INFO  o.s.i.c.DefaultConfiguringBeanFactoryPostProcessor - No bean named 'errorChannel' has been explicitly defined. Therefore, a default PublishSubscribeChannel will be created.
2024-05-24 14:17:49 [main] INFO  o.s.i.c.DefaultConfiguringBeanFactoryPostProcessor - No bean named 'integrationHeaderChannelRegistry' has been explicitly defined. Therefore, a default DefaultHeaderChannelRegistry will be created.
2024-05-24 14:17:49 [main] INFO  o.s.cloud.context.scope.GenericScope - BeanFactory id=b9db7b91-9a21-336b-ba24-7421b4504946
2024-05-24 14:17:50 [main] WARN  o.s.c.s.PostProcessorRegistrationDelegate$BeanPostProcessorChecker - Bean 'org.springframework.boot.autoconfigure.integration.IntegrationAutoConfiguration$IntegrationJmxConfiguration' of type [org.springframework.boot.autoconfigure.integration.IntegrationAutoConfiguration$IntegrationJmxConfiguration] is not eligible for getting processed by all BeanPostProcessors (for example: not eligible for auto-proxying). The currently created BeanPostProcessor [integrationMbeanExporter] is declared through a non-static factory method on that class; consider declaring it as static instead.
2024-05-24 14:17:50 [main] WARN  o.s.c.s.PostProcessorRegistrationDelegate$BeanPostProcessorChecker - Bean 'org.springframework.cloud.stream.config.BindersHealthIndicatorAutoConfiguration' of type [org.springframework.cloud.stream.config.BindersHealthIndicatorAutoConfiguration] is not eligible for getting processed by all BeanPostProcessors (for example: not eligible for auto-proxying). Is this bean getting eagerly injected into a currently created BeanPostProcessor [integrationMbeanExporter]? Check the corresponding BeanPostProcessor declaration and its dependencies.
2024-05-24 14:17:50 [main] WARN  o.s.c.s.PostProcessorRegistrationDelegate$BeanPostProcessorChecker - Bean 'bindersHealthContributor' of type [org.springframework.cloud.stream.config.BindersHealthIndicatorAutoConfiguration$BindersHealthContributor] is not eligible for getting processed by all BeanPostProcessors (for example: not eligible for auto-proxying). Is this bean getting eagerly injected into a currently created BeanPostProcessor [integrationMbeanExporter]? Check the corresponding BeanPostProcessor declaration and its dependencies.
2024-05-24 14:17:50 [main] WARN  o.s.c.s.PostProcessorRegistrationDelegate$BeanPostProcessorChecker - Bean 'bindersHealthIndicatorListener' of type [org.springframework.cloud.stream.config.BindersHealthIndicatorAutoConfiguration$BindersHealthIndicatorListener] is not eligible for getting processed by all BeanPostProcessors (for example: not eligible for auto-proxying). Is this bean getting eagerly injected into a currently created BeanPostProcessor [integrationMbeanExporter]? Check the corresponding BeanPostProcessor declaration and its dependencies.
2024-05-24 14:17:50 [main] WARN  o.s.c.s.PostProcessorRegistrationDelegate$BeanPostProcessorChecker - Bean 'org.springframework.cloud.stream.binder.rabbit.config.ExtendedBindingHandlerMappingsProviderConfiguration' of type [org.springframework.cloud.stream.binder.rabbit.config.ExtendedBindingHandlerMappingsProviderConfiguration] is not eligible for getting processed by all BeanPostProcessors (for example: not eligible for auto-proxying). Is this bean getting eagerly injected into a currently created BeanPostProcessor [integrationMbeanExporter]? Check the corresponding BeanPostProcessor declaration and its dependencies.
2024-05-24 14:17:50 [main] WARN  o.s.c.s.PostProcessorRegistrationDelegate$BeanPostProcessorChecker - Bean 'rabbitExtendedPropertiesDefaultMappingsProvider' of type [org.springframework.cloud.stream.binder.rabbit.config.ExtendedBindingHandlerMappingsProviderConfiguration$$Lambda$764/0x0000020b8156bd50] is not eligible for getting processed by all BeanPostProcessors (for example: not eligible for auto-proxying). Is this bean getting eagerly injected into a currently created BeanPostProcessor [integrationMbeanExporter]? Check the corresponding BeanPostProcessor declaration and its dependencies.
2024-05-24 14:17:50 [main] WARN  o.s.c.s.PostProcessorRegistrationDelegate$BeanPostProcessorChecker - Bean 'BindingHandlerAdvise' of type [org.springframework.cloud.stream.config.BindingHandlerAdvise] is not eligible for getting processed by all BeanPostProcessors (for example: not eligible for auto-proxying). Is this bean getting eagerly injected into a currently created BeanPostProcessor [integrationMbeanExporter]? Check the corresponding BeanPostProcessor declaration and its dependencies.
2024-05-24 14:17:50 [main] WARN  o.s.c.s.PostProcessorRegistrationDelegate$BeanPostProcessorChecker - Bean 'org.springframework.cloud.commons.config.CommonsConfigAutoConfiguration' of type [org.springframework.cloud.commons.config.CommonsConfigAutoConfiguration] is not eligible for getting processed by all BeanPostProcessors (for example: not eligible for auto-proxying). Is this bean getting eagerly injected into a currently created BeanPostProcessor [integrationMbeanExporter]? Check the corresponding BeanPostProcessor declaration and its dependencies.
2024-05-24 14:17:50 [main] WARN  o.s.c.s.PostProcessorRegistrationDelegate$BeanPostProcessorChecker - Bean 'org.springframework.cloud.client.loadbalancer.LoadBalancerDefaultMappingsProviderAutoConfiguration' of type [org.springframework.cloud.client.loadbalancer.LoadBalancerDefaultMappingsProviderAutoConfiguration] is not eligible for getting processed by all BeanPostProcessors (for example: not eligible for auto-proxying). Is this bean getting eagerly injected into a currently created BeanPostProcessor [integrationMbeanExporter]? Check the corresponding BeanPostProcessor declaration and its dependencies.
2024-05-24 14:17:50 [main] WARN  o.s.c.s.PostProcessorRegistrationDelegate$BeanPostProcessorChecker - Bean 'loadBalancerClientsDefaultsMappingsProvider' of type [org.springframework.cloud.client.loadbalancer.LoadBalancerDefaultMappingsProviderAutoConfiguration$$Lambda$765/0x0000020b8156bf68] is not eligible for getting processed by all BeanPostProcessors (for example: not eligible for auto-proxying). Is this bean getting eagerly injected into a currently created BeanPostProcessor [integrationMbeanExporter]? Check the corresponding BeanPostProcessor declaration and its dependencies.
2024-05-24 14:17:50 [main] WARN  o.s.c.s.PostProcessorRegistrationDelegate$BeanPostProcessorChecker - Bean 'defaultsBindHandlerAdvisor' of type [org.springframework.cloud.commons.config.DefaultsBindHandlerAdvisor] is not eligible for getting processed by all BeanPostProcessors (for example: not eligible for auto-proxying). Is this bean getting eagerly injected into a currently created BeanPostProcessor [integrationMbeanExporter]? Check the corresponding BeanPostProcessor declaration and its dependencies.
2024-05-24 14:17:50 [main] WARN  o.s.c.s.PostProcessorRegistrationDelegate$BeanPostProcessorChecker - Bean 'spelConverter' of type [org.springframework.cloud.stream.config.SpelExpressionConverterConfiguration$SpelConverter] is not eligible for getting processed by all BeanPostProcessors (for example: not eligible for auto-proxying). Is this bean getting eagerly injected into a currently created BeanPostProcessor [integrationMbeanExporter]? Check the corresponding BeanPostProcessor declaration and its dependencies.
2024-05-24 14:17:50 [main] WARN  o.s.c.s.PostProcessorRegistrationDelegate$BeanPostProcessorChecker - Bean 'spring.jmx-org.springframework.boot.autoconfigure.jmx.JmxProperties' of type [org.springframework.boot.autoconfigure.jmx.JmxProperties] is not eligible for getting processed by all BeanPostProcessors (for example: not eligible for auto-proxying). Is this bean getting eagerly injected into a currently created BeanPostProcessor [integrationMbeanExporter]? Check the corresponding BeanPostProcessor declaration and its dependencies.
2024-05-24 14:17:50 [main] WARN  o.s.c.s.PostProcessorRegistrationDelegate$BeanPostProcessorChecker - Bean 'org.springframework.boot.autoconfigure.jmx.JmxAutoConfiguration' of type [org.springframework.boot.autoconfigure.jmx.JmxAutoConfiguration] is not eligible for getting processed by all BeanPostProcessors (for example: not eligible for auto-proxying). Is this bean getting eagerly injected into a currently created BeanPostProcessor [integrationMbeanExporter]? Check the corresponding BeanPostProcessor declaration and its dependencies.
2024-05-24 14:17:50 [main] WARN  o.s.c.s.PostProcessorRegistrationDelegate$BeanPostProcessorChecker - Bean 'mbeanServer' of type [com.sun.jmx.mbeanserver.JmxMBeanServer] is not eligible for getting processed by all BeanPostProcessors (for example: not eligible for auto-proxying). Is this bean getting eagerly injected into a currently created BeanPostProcessor [integrationMbeanExporter]? Check the corresponding BeanPostProcessor declaration and its dependencies.
2024-05-24 14:17:50 [main] WARN  o.s.c.s.PostProcessorRegistrationDelegate$BeanPostProcessorChecker - Bean 'org.springframework.cloud.client.loadbalancer.LoadBalancerAutoConfiguration$RetryInterceptorAutoConfiguration' of type [org.springframework.cloud.client.loadbalancer.LoadBalancerAutoConfiguration$RetryInterceptorAutoConfiguration] is not eligible for getting processed by all BeanPostProcessors (for example: not eligible for auto-proxying). The currently created BeanPostProcessor [lbRestClientPostProcessor] is declared through a non-static factory method on that class; consider declaring it as static instead.
2024-05-24 14:17:50 [main] WARN  o.s.c.s.PostProcessorRegistrationDelegate$BeanPostProcessorChecker - Bean 'org.springframework.cloud.loadbalancer.config.BlockingLoadBalancerClientAutoConfiguration' of type [org.springframework.cloud.loadbalancer.config.BlockingLoadBalancerClientAutoConfiguration] is not eligible for getting processed by all BeanPostProcessors (for example: not eligible for auto-proxying). Is this bean getting eagerly injected into a currently created BeanPostProcessor [lbRestClientPostProcessor]? Check the corresponding BeanPostProcessor declaration and its dependencies.
2024-05-24 14:17:50 [main] WARN  o.s.c.s.PostProcessorRegistrationDelegate$BeanPostProcessorChecker - Bean 'org.springframework.cloud.loadbalancer.config.LoadBalancerAutoConfiguration' of type [org.springframework.cloud.loadbalancer.config.LoadBalancerAutoConfiguration] is not eligible for getting processed by all BeanPostProcessors (for example: not eligible for auto-proxying). Is this bean getting eagerly injected into a currently created BeanPostProcessor [lbRestClientPostProcessor]? Check the corresponding BeanPostProcessor declaration and its dependencies.
2024-05-24 14:17:50 [main] WARN  o.s.c.s.PostProcessorRegistrationDelegate$BeanPostProcessorChecker - Bean 'spring.cloud.loadbalancer-org.springframework.cloud.client.loadbalancer.LoadBalancerClientsProperties' of type [org.springframework.cloud.client.loadbalancer.LoadBalancerClientsProperties] is not eligible for getting processed by all BeanPostProcessors (for example: not eligible for auto-proxying). Is this bean getting eagerly injected into a currently created BeanPostProcessor [lbRestClientPostProcessor]? Check the corresponding BeanPostProcessor declaration and its dependencies.
2024-05-24 14:17:50 [main] WARN  o.s.c.s.PostProcessorRegistrationDelegate$BeanPostProcessorChecker - Bean 'default.org.springframework.cloud.loadbalancer.config.LoadBalancerAutoConfiguration.LoadBalancerClientSpecification' of type [org.springframework.cloud.loadbalancer.annotation.LoadBalancerClientSpecification] is not eligible for getting processed by all BeanPostProcessors (for example: not eligible for auto-proxying). Is this bean getting eagerly injected into a currently created BeanPostProcessor [lbRestClientPostProcessor]? Check the corresponding BeanPostProcessor declaration and its dependencies.
2024-05-24 14:17:50 [main] WARN  o.s.c.s.PostProcessorRegistrationDelegate$BeanPostProcessorChecker - Bean 'default.org.springframework.cloud.loadbalancer.config.BlockingLoadBalancerClientAutoConfiguration.LoadBalancerClientSpecification' of type [org.springframework.cloud.loadbalancer.annotation.LoadBalancerClientSpecification] is not eligible for getting processed by all BeanPostProcessors (for example: not eligible for auto-proxying). Is this bean getting eagerly injected into a currently created BeanPostProcessor [lbRestClientPostProcessor]? Check the corresponding BeanPostProcessor declaration and its dependencies.
2024-05-24 14:17:50 [main] WARN  o.s.c.s.PostProcessorRegistrationDelegate$BeanPostProcessorChecker - Bean 'default.org.springframework.cloud.netflix.eureka.loadbalancer.LoadBalancerEurekaAutoConfiguration.LoadBalancerClientSpecification' of type [org.springframework.cloud.loadbalancer.annotation.LoadBalancerClientSpecification] is not eligible for getting processed by all BeanPostProcessors (for example: not eligible for auto-proxying). Is this bean getting eagerly injected into a currently created BeanPostProcessor [lbRestClientPostProcessor]? Check the corresponding BeanPostProcessor declaration and its dependencies.
2024-05-24 14:17:50 [main] WARN  o.s.c.s.PostProcessorRegistrationDelegate$BeanPostProcessorChecker - Bean 'loadBalancerClientFactory' of type [org.springframework.cloud.loadbalancer.support.LoadBalancerClientFactory] is not eligible for getting processed by all BeanPostProcessors (for example: not eligible for auto-proxying). Is this bean getting eagerly injected into a currently created BeanPostProcessor [lbRestClientPostProcessor]? Check the corresponding BeanPostProcessor declaration and its dependencies.
2024-05-24 14:17:50 [main] WARN  o.s.c.s.PostProcessorRegistrationDelegate$BeanPostProcessorChecker - Bean 'blockingLoadBalancerClient' of type [org.springframework.cloud.loadbalancer.blocking.client.BlockingLoadBalancerClient] is not eligible for getting processed by all BeanPostProcessors (for example: not eligible for auto-proxying). Is this bean getting eagerly injected into a currently created BeanPostProcessor [lbRestClientPostProcessor]? Check the corresponding BeanPostProcessor declaration and its dependencies.
2024-05-24 14:17:50 [main] WARN  o.s.c.s.PostProcessorRegistrationDelegate$BeanPostProcessorChecker - Bean 'loadBalancerServiceInstanceCookieTransformer' of type [org.springframework.cloud.loadbalancer.core.LoadBalancerServiceInstanceCookieTransformer] is not eligible for getting processed by all BeanPostProcessors (for example: not eligible for auto-proxying). Is this bean getting eagerly injected into a currently created BeanPostProcessor [lbRestClientPostProcessor]? Check the corresponding BeanPostProcessor declaration and its dependencies.
2024-05-24 14:17:50 [main] WARN  o.s.c.s.PostProcessorRegistrationDelegate$BeanPostProcessorChecker - Bean 'xForwarderHeadersTransformer' of type [org.springframework.cloud.loadbalancer.blocking.XForwardedHeadersTransformer] is not eligible for getting processed by all BeanPostProcessors (for example: not eligible for auto-proxying). Is this bean getting eagerly injected into a currently created BeanPostProcessor [lbRestClientPostProcessor]? Check the corresponding BeanPostProcessor declaration and its dependencies.
2024-05-24 14:17:50 [main] WARN  o.s.c.s.PostProcessorRegistrationDelegate$BeanPostProcessorChecker - Bean 'org.springframework.cloud.client.loadbalancer.LoadBalancerAutoConfiguration' of type [org.springframework.cloud.client.loadbalancer.LoadBalancerAutoConfiguration] is not eligible for getting processed by all BeanPostProcessors (for example: not eligible for auto-proxying). Is this bean getting eagerly injected into a currently created BeanPostProcessor [lbRestClientPostProcessor]? Check the corresponding BeanPostProcessor declaration and its dependencies.
2024-05-24 14:17:50 [main] WARN  o.s.c.s.PostProcessorRegistrationDelegate$BeanPostProcessorChecker - Bean 'loadBalancerRequestFactory' of type [org.springframework.cloud.client.loadbalancer.LoadBalancerRequestFactory] is not eligible for getting processed by all BeanPostProcessors (for example: not eligible for auto-proxying). Is this bean getting eagerly injected into a currently created BeanPostProcessor [lbRestClientPostProcessor]? Check the corresponding BeanPostProcessor declaration and its dependencies.
2024-05-24 14:17:50 [main] WARN  o.s.c.s.PostProcessorRegistrationDelegate$BeanPostProcessorChecker - Bean 'org.springframework.cloud.loadbalancer.config.BlockingLoadBalancerClientAutoConfiguration$BlockingLoadBalancerRetryConfig' of type [org.springframework.cloud.loadbalancer.config.BlockingLoadBalancerClientAutoConfiguration$BlockingLoadBalancerRetryConfig$$SpringCGLIB$$0] is not eligible for getting processed by all BeanPostProcessors (for example: not eligible for auto-proxying). Is this bean getting eagerly injected into a currently created BeanPostProcessor [lbRestClientPostProcessor]? Check the corresponding BeanPostProcessor declaration and its dependencies.
2024-05-24 14:17:50 [main] WARN  o.s.c.s.PostProcessorRegistrationDelegate$BeanPostProcessorChecker - Bean 'loadBalancedRetryFactory' of type [org.springframework.cloud.loadbalancer.blocking.retry.BlockingLoadBalancedRetryFactory] is not eligible for getting processed by all BeanPostProcessors (for example: not eligible for auto-proxying). Is this bean getting eagerly injected into a currently created BeanPostProcessor [lbRestClientPostProcessor]? Check the corresponding BeanPostProcessor declaration and its dependencies.
2024-05-24 14:17:50 [main] WARN  o.s.c.s.PostProcessorRegistrationDelegate$BeanPostProcessorChecker - Bean 'loadBalancerInterceptor' of type [org.springframework.cloud.client.loadbalancer.RetryLoadBalancerInterceptor] is not eligible for getting processed by all BeanPostProcessors (for example: not eligible for auto-proxying). Is this bean getting eagerly injected into a currently created BeanPostProcessor [lbRestClientPostProcessor]? Check the corresponding BeanPostProcessor declaration and its dependencies.
2024-05-24 14:17:50 [main] WARN  o.s.c.s.PostProcessorRegistrationDelegate$BeanPostProcessorChecker - Bean 'org.springframework.cloud.client.loadbalancer.reactive.LoadBalancerBeanPostProcessorAutoConfiguration' of type [org.springframework.cloud.client.loadbalancer.reactive.LoadBalancerBeanPostProcessorAutoConfiguration] is not eligible for getting processed by all BeanPostProcessors (for example: not eligible for auto-proxying). The currently created BeanPostProcessor [loadBalancerWebClientBuilderBeanPostProcessor] is declared through a non-static factory method on that class; consider declaring it as static instead.
2024-05-24 14:17:50 [main] WARN  o.s.c.s.PostProcessorRegistrationDelegate$BeanPostProcessorChecker - Bean 'org.springframework.cloud.client.loadbalancer.reactive.LoadBalancerBeanPostProcessorAutoConfiguration$ReactorDeferringLoadBalancerFilterConfig' of type [org.springframework.cloud.client.loadbalancer.reactive.LoadBalancerBeanPostProcessorAutoConfiguration$ReactorDeferringLoadBalancerFilterConfig] is not eligible for getting processed by all BeanPostProcessors (for example: not eligible for auto-proxying). Is this bean getting eagerly injected into a currently created BeanPostProcessor [loadBalancerWebClientBuilderBeanPostProcessor]? Check the corresponding BeanPostProcessor declaration and its dependencies.
2024-05-24 14:17:50 [main] WARN  o.s.c.s.PostProcessorRegistrationDelegate$BeanPostProcessorChecker - Bean 'reactorDeferringLoadBalancerExchangeFilterFunction' of type [org.springframework.cloud.client.loadbalancer.reactive.DeferringLoadBalancerExchangeFilterFunction] is not eligible for getting processed by all BeanPostProcessors (for example: not eligible for auto-proxying). Is this bean getting eagerly injected into a currently created BeanPostProcessor [loadBalancerWebClientBuilderBeanPostProcessor]? Check the corresponding BeanPostProcessor declaration and its dependencies.
2024-05-24 14:17:51 [main] INFO  o.s.b.w.e.tomcat.TomcatWebServer - Tomcat initialized with port 8082 (http)
2024-05-24 14:17:51 [main] INFO  o.a.catalina.core.StandardService - Starting service [Tomcat]
2024-05-24 14:17:51 [main] INFO  o.a.catalina.core.StandardEngine - Starting Servlet engine: [Apache Tomcat/10.1.17]
2024-05-24 14:17:51 [main] INFO  o.a.c.c.C.[Tomcat].[localhost].[/] - Initializing Spring embedded WebApplicationContext
2024-05-24 14:17:51 [main] INFO  o.s.b.w.s.c.ServletWebServerApplicationContext - Root WebApplicationContext: initialization completed in 4112 ms
2024-05-24 14:17:51 [main] INFO  o.h.jpa.internal.util.LogHelper - HHH000204: Processing PersistenceUnitInfo [name: default]
2024-05-24 14:17:51 [main] INFO  org.hibernate.Version - HHH000412: Hibernate ORM core version 6.4.1.Final
2024-05-24 14:17:52 [main] INFO  o.h.c.i.RegionFactoryInitiator - HHH000026: Second-level cache disabled
2024-05-24 14:17:52 [main] INFO  o.s.o.j.p.SpringPersistenceUnitInfo - No LoadTimeWeaver setup: ignoring JPA class transformer
2024-05-24 14:17:52 [main] INFO  com.zaxxer.hikari.HikariDataSource - HikariPool-1 - Starting...
2024-05-24 14:17:52 [main] INFO  com.zaxxer.hikari.pool.HikariPool - HikariPool-1 - Added connection org.postgresql.jdbc.PgConnection@1256925b
2024-05-24 14:17:52 [main] INFO  com.zaxxer.hikari.HikariDataSource - HikariPool-1 - Start completed.
2024-05-24 14:17:53 [main] WARN  org.hibernate.orm.deprecation - HHH90000025: PostgreSQLDialect does not need to be specified explicitly using 'hibernate.dialect' (remove the property setting and it will be selected by default)
2024-05-24 14:17:54 [main] INFO  o.h.e.t.j.p.i.JtaPlatformInitiator - HHH000489: No JTA platform available (set 'hibernate.transaction.jta.platform' to enable JTA platform integration)
2024-05-24 14:17:57 [main] DEBUG org.hibernate.SQL - create table hotel (hotel_id bigint not null, address varchar(255), city varchar(255), description varchar(255), email varchar(255), hotel_image varchar(255), hotel_name varchar(255), mobile1 varchar(255), mobile2 varchar(255), website varchar(255), primary key (hotel_id))
2024-05-24 14:17:57 [main] DEBUG org.hibernate.SQL - create table room (room_id bigint not null, rate_per_day float(53) not null, room_image varchar(255), room_no integer not null check ((room_no>=100) and (room_no<=999)), roomtype varchar(255), hotel_id bigint, primary key (room_id))
2024-05-24 14:17:57 [main] DEBUG org.hibernate.SQL - alter table if exists room add constraint FKdosq3ww4h9m2osim6o0lugng8 foreign key (hotel_id) references hotel
2024-05-24 14:17:57 [main] INFO  o.s.o.j.LocalContainerEntityManagerFactoryBean - Initialized JPA EntityManagerFactory for persistence unit 'default'
2024-05-24 14:17:58 [main] WARN  o.s.b.a.o.j.JpaBaseConfiguration$JpaWebConfiguration - spring.jpa.open-in-view is enabled by default. Therefore, database queries may be performed during view rendering. Explicitly configure spring.jpa.open-in-view to disable this warning
2024-05-24 14:18:00 [main] INFO  o.s.c.s.m.DirectWithAttributesChannel - Channel 'HOTEL-SERVICE.springCloudBusInput' has 1 subscriber(s).
2024-05-24 14:18:01 [main] INFO  o.s.c.n.e.c.DiscoveryClientOptionalArgsConfiguration - Eureka HTTP Client uses RestTemplate.
2024-05-24 14:18:01 [main] WARN  o.s.c.l.c.LoadBalancerCacheAutoConfiguration$LoadBalancerCaffeineWarnLogger - Spring Cloud LoadBalancer is currently working with the default cache. While this cache implementation is useful for development and tests, it's recommended to use Caffeine cache in production.You can switch to using Caffeine cache, by adding it and org.springframework.cache.caffeine.CaffeineCacheManager to the classpath.
2024-05-24 14:18:01 [main] INFO  o.s.b.a.e.web.EndpointLinksResolver - Exposing 23 endpoint(s) beneath base path '/actuator'
2024-05-24 14:18:01 [main] INFO  o.s.i.m.IntegrationMBeanExporter - Registering MessageChannel errorChannel
2024-05-24 14:18:01 [main] INFO  o.s.i.m.IntegrationMBeanExporter - Registering MessageChannel springCloudBusInput
2024-05-24 14:18:01 [main] INFO  o.s.i.m.IntegrationMBeanExporter - Registering MessageChannel nullChannel
2024-05-24 14:18:01 [main] INFO  o.s.i.m.IntegrationMBeanExporter - Registering MessageHandler _org.springframework.integration.errorLogger
2024-05-24 14:18:01 [main] INFO  o.s.i.endpoint.EventDrivenConsumer - Adding {logging-channel-adapter:_org.springframework.integration.errorLogger} as a subscriber to the 'errorChannel' channel
2024-05-24 14:18:01 [main] INFO  o.s.i.c.PublishSubscribeChannel - Channel 'HOTEL-SERVICE.errorChannel' has 1 subscriber(s).
2024-05-24 14:18:01 [main] INFO  o.s.i.endpoint.EventDrivenConsumer - started bean '_org.springframework.integration.errorLogger'
2024-05-24 14:18:01 [main] INFO  o.s.c.n.eureka.InstanceInfoFactory - Setting initial instance status as: STARTING
2024-05-24 14:18:01 [main] INFO  c.netflix.discovery.DiscoveryClient - Initializing Eureka in region us-east-1
2024-05-24 14:18:01 [main] INFO  c.n.d.s.r.aws.ConfigClusterResolver - Resolving eureka endpoints via configuration
2024-05-24 14:18:01 [main] INFO  c.netflix.discovery.DiscoveryClient - Disable delta property : false
2024-05-24 14:18:01 [main] INFO  c.netflix.discovery.DiscoveryClient - Single vip registry refresh property : null
2024-05-24 14:18:01 [main] INFO  c.netflix.discovery.DiscoveryClient - Force full registry fetch : false
2024-05-24 14:18:01 [main] INFO  c.netflix.discovery.DiscoveryClient - Application is null : false
2024-05-24 14:18:01 [main] INFO  c.netflix.discovery.DiscoveryClient - Registered Applications size is zero : true
2024-05-24 14:18:01 [main] INFO  c.netflix.discovery.DiscoveryClient - Application version is -1: true
2024-05-24 14:18:01 [main] INFO  c.netflix.discovery.DiscoveryClient - Getting all instance registry info from the eureka server
2024-05-24 14:18:01 [main] INFO  c.netflix.discovery.DiscoveryClient - The response status is 200
2024-05-24 14:18:01 [main] INFO  c.netflix.discovery.DiscoveryClient - Starting heartbeat executor: renew interval is: 30
2024-05-24 14:18:01 [main] INFO  c.n.discovery.InstanceInfoReplicator - InstanceInfoReplicator onDemand update allowed rate per min is 4
2024-05-24 14:18:01 [main] INFO  c.netflix.discovery.DiscoveryClient - Discovery Client initialized at timestamp 1716540481948 with initial instances count: 3
2024-05-24 14:18:01 [main] INFO  o.s.c.n.e.s.EurekaServiceRegistry - Registering application HOTEL-SERVICE with eureka with status UP
2024-05-24 14:18:01 [main] INFO  c.netflix.discovery.DiscoveryClient - Saw local status change event StatusChangeEvent [timestamp=1716540481962, current=UP, previous=STARTING]
2024-05-24 14:18:01 [DiscoveryClient-InstanceInfoReplicator-0] INFO  c.netflix.discovery.DiscoveryClient - DiscoveryClient_HOTEL-SERVICE/Akilan:HOTEL-SERVICE:8082: registering service...
2024-05-24 14:18:01 [main] INFO  o.s.b.w.e.tomcat.TomcatWebServer - Tomcat started on port 8082 (http) with context path ''
2024-05-24 14:18:01 [main] INFO  o.s.c.n.e.s.EurekaAutoServiceRegistration - Updating port to 8082
2024-05-24 14:18:02 [DiscoveryClient-InstanceInfoReplicator-0] INFO  c.netflix.discovery.DiscoveryClient - DiscoveryClient_HOTEL-SERVICE/Akilan:HOTEL-SERVICE:8082 - registration status: 204
2024-05-24 14:18:02 [main] INFO  o.s.c.s.binder.DefaultBinderFactory - Creating binder: rabbit
2024-05-24 14:18:02 [main] INFO  o.s.c.s.binder.DefaultBinderFactory - Constructing binder child context for rabbit
2024-05-24 14:18:02 [main] INFO  o.s.c.s.binder.DefaultBinderFactory - Caching the binder: rabbit
2024-05-24 14:18:02 [main] INFO  o.s.c.s.b.r.p.RabbitExchangeQueueProvisioner - declaring queue for inbound: springCloudBus.anonymous.RPZfWG72Q8yjR1YPZ7Y9KQ, bound to: springCloudBus
2024-05-24 14:18:02 [main] INFO  o.s.a.r.c.CachingConnectionFactory - Attempting to connect to: [localhost:5672]
2024-05-24 14:18:03 [main] INFO  o.s.a.r.c.CachingConnectionFactory - Created new connection: rabbitConnectionFactory#81cba04:0/SimpleConnection@67a8a641 [delegate=amqp://rabbitmq@127.0.0.1:5672/, localPort=53523]
2024-05-24 14:18:03 [main] INFO  o.s.c.s.binder.BinderErrorChannel - Channel 'rabbit-1645545694.springCloudBusInput.errors' has 1 subscriber(s).
2024-05-24 14:18:03 [main] INFO  o.s.c.s.binder.BinderErrorChannel - Channel 'rabbit-1645545694.springCloudBusInput.errors' has 2 subscriber(s).
2024-05-24 14:18:03 [main] INFO  o.s.i.a.i.AmqpInboundChannelAdapter - started bean 'inbound.springCloudBus.anonymous.RPZfWG72Q8yjR1YPZ7Y9KQ'
2024-05-24 14:18:03 [main] INFO  o.s.i.m.IntegrationMBeanExporter - Registering MessageChannel rabbit-1645545694.springCloudBusInput.errors
2024-05-24 14:18:03 [main] INFO  c.h.HotelServiceApplication - Started HotelServiceApplication in 19.825 seconds (process running for 21.851)
2024-05-24 14:18:04 [RMI TCP Connection(3)-127.0.0.1] INFO  o.a.c.c.C.[Tomcat].[localhost].[/] - Initializing Spring DispatcherServlet 'dispatcherServlet'
2024-05-24 14:18:04 [RMI TCP Connection(3)-127.0.0.1] INFO  o.s.web.servlet.DispatcherServlet - Initializing Servlet 'dispatcherServlet'
2024-05-24 14:18:04 [RMI TCP Connection(3)-127.0.0.1] INFO  o.s.web.servlet.DispatcherServlet - Completed initialization in 5 ms
2024-05-24 14:23:02 [AsyncResolver-bootstrap-executor-0] INFO  c.n.d.s.r.aws.ConfigClusterResolver - Resolving eureka endpoints via configuration
2024-05-24 14:27:56 [http-nio-8082-exec-1] DEBUG org.hibernate.SQL - select h1_0.hotel_id,h1_0.address,h1_0.city,h1_0.description,h1_0.email,h1_0.hotel_image,h1_0.hotel_name,h1_0.mobile1,h1_0.mobile2,h1_0.website from hotel h1_0
2024-05-24 14:27:57 [http-nio-8082-exec-1] DEBUG org.hibernate.SQL - select h1_0.hotel_id,h1_0.address,h1_0.city,h1_0.description,h1_0.email,h1_0.hotel_image,h1_0.hotel_name,h1_0.mobile1,h1_0.mobile2,h1_0.website,r1_0.hotel_id,r1_0.room_id,r1_0.rate_per_day,r1_0.room_image,r1_0.room_no,r1_0.roomtype from hotel h1_0 left join room r1_0 on h1_0.hotel_id=r1_0.hotel_id where h1_0.hotel_id=?
2024-05-24 14:27:57 [http-nio-8082-exec-1] DEBUG org.hibernate.SQL - insert into hotel (address,city,description,email,hotel_image,hotel_name,mobile1,mobile2,website,hotel_id) values (?,?,?,?,?,?,?,?,?,?)
2024-05-24 14:28:05 [AsyncResolver-bootstrap-executor-0] INFO  c.n.d.s.r.aws.ConfigClusterResolver - Resolving eureka endpoints via configuration
2024-05-24 14:28:48 [http-nio-8082-exec-2] DEBUG org.hibernate.SQL - select h1_0.hotel_id,h1_0.address,h1_0.city,h1_0.description,h1_0.email,h1_0.hotel_image,h1_0.hotel_name,h1_0.mobile1,h1_0.mobile2,h1_0.website from hotel h1_0
2024-05-24 14:28:48 [http-nio-8082-exec-2] DEBUG org.hibernate.SQL - select h1_0.hotel_id,h1_0.address,h1_0.city,h1_0.description,h1_0.email,h1_0.hotel_image,h1_0.hotel_name,h1_0.mobile1,h1_0.mobile2,h1_0.website,r1_0.hotel_id,r1_0.room_id,r1_0.rate_per_day,r1_0.room_image,r1_0.room_no,r1_0.roomtype from hotel h1_0 left join room r1_0 on h1_0.hotel_id=r1_0.hotel_id where h1_0.hotel_id=?
2024-05-24 14:28:48 [http-nio-8082-exec-2] DEBUG org.hibernate.SQL - insert into hotel (address,city,description,email,hotel_image,hotel_name,mobile1,mobile2,website,hotel_id) values (?,?,?,?,?,?,?,?,?,?)
2024-05-24 14:29:19 [http-nio-8082-exec-3] DEBUG org.hibernate.SQL - select h1_0.hotel_id,h1_0.address,h1_0.city,h1_0.description,h1_0.email,h1_0.hotel_image,h1_0.hotel_name,h1_0.mobile1,h1_0.mobile2,h1_0.website from hotel h1_0
2024-05-24 14:29:19 [http-nio-8082-exec-3] DEBUG org.hibernate.SQL - select h1_0.hotel_id,h1_0.address,h1_0.city,h1_0.description,h1_0.email,h1_0.hotel_image,h1_0.hotel_name,h1_0.mobile1,h1_0.mobile2,h1_0.website,r1_0.hotel_id,r1_0.room_id,r1_0.rate_per_day,r1_0.room_image,r1_0.room_no,r1_0.roomtype from hotel h1_0 left join room r1_0 on h1_0.hotel_id=r1_0.hotel_id where h1_0.hotel_id=?
2024-05-24 14:29:19 [http-nio-8082-exec-3] DEBUG org.hibernate.SQL - insert into hotel (address,city,description,email,hotel_image,hotel_name,mobile1,mobile2,website,hotel_id) values (?,?,?,?,?,?,?,?,?,?)
2024-05-24 14:29:30 [http-nio-8082-exec-4] DEBUG org.hibernate.SQL - select h1_0.hotel_id,h1_0.address,h1_0.city,h1_0.description,h1_0.email,h1_0.hotel_image,h1_0.hotel_name,h1_0.mobile1,h1_0.mobile2,h1_0.website from hotel h1_0
2024-05-24 14:29:30 [http-nio-8082-exec-4] DEBUG org.hibernate.SQL - select h1_0.hotel_id,h1_0.address,h1_0.city,h1_0.description,h1_0.email,h1_0.hotel_image,h1_0.hotel_name,h1_0.mobile1,h1_0.mobile2,h1_0.website,r1_0.hotel_id,r1_0.room_id,r1_0.rate_per_day,r1_0.room_image,r1_0.room_no,r1_0.roomtype from hotel h1_0 left join room r1_0 on h1_0.hotel_id=r1_0.hotel_id where h1_0.hotel_id=?
2024-05-24 14:29:30 [http-nio-8082-exec-4] DEBUG org.hibernate.SQL - insert into hotel (address,city,description,email,hotel_image,hotel_name,mobile1,mobile2,website,hotel_id) values (?,?,?,?,?,?,?,?,?,?)
2024-05-24 14:30:52 [http-nio-8082-exec-6] DEBUG org.hibernate.SQL - select h1_0.hotel_id,h1_0.address,h1_0.city,h1_0.description,h1_0.email,h1_0.hotel_image,h1_0.hotel_name,h1_0.mobile1,h1_0.mobile2,h1_0.website from hotel h1_0
2024-05-24 14:30:52 [http-nio-8082-exec-6] DEBUG org.hibernate.SQL - select h1_0.hotel_id,h1_0.address,h1_0.city,h1_0.description,h1_0.email,h1_0.hotel_image,h1_0.hotel_name,h1_0.mobile1,h1_0.mobile2,h1_0.website,r1_0.hotel_id,r1_0.room_id,r1_0.rate_per_day,r1_0.room_image,r1_0.room_no,r1_0.roomtype from hotel h1_0 left join room r1_0 on h1_0.hotel_id=r1_0.hotel_id where h1_0.hotel_id=?
2024-05-24 14:30:52 [http-nio-8082-exec-6] DEBUG org.hibernate.SQL - insert into hotel (address,city,description,email,hotel_image,hotel_name,mobile1,mobile2,website,hotel_id) values (?,?,?,?,?,?,?,?,?,?)
2024-05-24 14:31:02 [http-nio-8082-exec-7] DEBUG org.hibernate.SQL - select h1_0.hotel_id,h1_0.address,h1_0.city,h1_0.description,h1_0.email,h1_0.hotel_image,h1_0.hotel_name,h1_0.mobile1,h1_0.mobile2,h1_0.website from hotel h1_0
2024-05-24 14:31:02 [http-nio-8082-exec-7] DEBUG org.hibernate.SQL - select h1_0.hotel_id,h1_0.address,h1_0.city,h1_0.description,h1_0.email,h1_0.hotel_image,h1_0.hotel_name,h1_0.mobile1,h1_0.mobile2,h1_0.website,r1_0.hotel_id,r1_0.room_id,r1_0.rate_per_day,r1_0.room_image,r1_0.room_no,r1_0.roomtype from hotel h1_0 left join room r1_0 on h1_0.hotel_id=r1_0.hotel_id where h1_0.hotel_id=?
2024-05-24 14:31:02 [http-nio-8082-exec-7] DEBUG org.hibernate.SQL - insert into hotel (address,city,description,email,hotel_image,hotel_name,mobile1,mobile2,website,hotel_id) values (?,?,?,?,?,?,?,?,?,?)
2024-05-24 14:33:05 [AsyncResolver-bootstrap-executor-0] INFO  c.n.d.s.r.aws.ConfigClusterResolver - Resolving eureka endpoints via configuration
2024-05-24 14:38:05 [AsyncResolver-bootstrap-executor-0] INFO  c.n.d.s.r.aws.ConfigClusterResolver - Resolving eureka endpoints via configuration
2024-05-24 14:43:05 [AsyncResolver-bootstrap-executor-0] INFO  c.n.d.s.r.aws.ConfigClusterResolver - Resolving eureka endpoints via configuration
2024-05-24 14:48:05 [AsyncResolver-bootstrap-executor-0] INFO  c.n.d.s.r.aws.ConfigClusterResolver - Resolving eureka endpoints via configuration
2024-05-24 14:53:05 [AsyncResolver-bootstrap-executor-0] INFO  c.n.d.s.r.aws.ConfigClusterResolver - Resolving eureka endpoints via configuration
2024-05-24 14:58:05 [AsyncResolver-bootstrap-executor-0] INFO  c.n.d.s.r.aws.ConfigClusterResolver - Resolving eureka endpoints via configuration
2024-05-24 15:03:05 [AsyncResolver-bootstrap-executor-0] INFO  c.n.d.s.r.aws.ConfigClusterResolver - Resolving eureka endpoints via configuration
2024-05-24 15:08:05 [AsyncResolver-bootstrap-executor-0] INFO  c.n.d.s.r.aws.ConfigClusterResolver - Resolving eureka endpoints via configuration
2024-05-24 15:13:05 [AsyncResolver-bootstrap-executor-0] INFO  c.n.d.s.r.aws.ConfigClusterResolver - Resolving eureka endpoints via configuration
2024-05-24 15:18:05 [AsyncResolver-bootstrap-executor-0] INFO  c.n.d.s.r.aws.ConfigClusterResolver - Resolving eureka endpoints via configuration
2024-05-24 15:22:19 [http-nio-8082-exec-9] DEBUG org.hibernate.SQL - select h1_0.hotel_id,h1_0.address,h1_0.city,h1_0.description,h1_0.email,h1_0.hotel_image,h1_0.hotel_name,h1_0.mobile1,h1_0.mobile2,h1_0.website from hotel h1_0
2024-05-24 15:22:21 [http-nio-8082-exec-10] DEBUG org.hibernate.SQL - select h1_0.hotel_id,h1_0.address,h1_0.city,h1_0.description,h1_0.email,h1_0.hotel_image,h1_0.hotel_name,h1_0.mobile1,h1_0.mobile2,h1_0.website from hotel h1_0
2024-05-24 15:23:05 [AsyncResolver-bootstrap-executor-0] INFO  c.n.d.s.r.aws.ConfigClusterResolver - Resolving eureka endpoints via configuration
2024-05-24 15:26:51 [http-nio-8082-exec-1] DEBUG org.hibernate.SQL - select h1_0.hotel_id,h1_0.address,h1_0.city,h1_0.description,h1_0.email,h1_0.hotel_image,h1_0.hotel_name,h1_0.mobile1,h1_0.mobile2,h1_0.website from hotel h1_0
2024-05-24 15:28:05 [AsyncResolver-bootstrap-executor-0] INFO  c.n.d.s.r.aws.ConfigClusterResolver - Resolving eureka endpoints via configuration
2024-05-24 15:28:45 [http-nio-8082-exec-2] DEBUG org.hibernate.SQL - select h1_0.hotel_id,h1_0.address,h1_0.city,h1_0.description,h1_0.email,h1_0.hotel_image,h1_0.hotel_name,h1_0.mobile1,h1_0.mobile2,h1_0.website from hotel h1_0
2024-05-24 15:28:48 [http-nio-8082-exec-3] DEBUG org.hibernate.SQL - select h1_0.hotel_id,h1_0.address,h1_0.city,h1_0.description,h1_0.email,h1_0.hotel_image,h1_0.hotel_name,h1_0.mobile1,h1_0.mobile2,h1_0.website from hotel h1_0
2024-05-24 15:28:50 [http-nio-8082-exec-4] DEBUG org.hibernate.SQL - select h1_0.hotel_id,h1_0.address,h1_0.city,h1_0.description,h1_0.email,h1_0.hotel_image,h1_0.hotel_name,h1_0.mobile1,h1_0.mobile2,h1_0.website from hotel h1_0
2024-05-24 15:29:21 [http-nio-8082-exec-5] DEBUG org.hibernate.SQL - select h1_0.hotel_id,h1_0.address,h1_0.city,h1_0.description,h1_0.email,h1_0.hotel_image,h1_0.hotel_name,h1_0.mobile1,h1_0.mobile2,h1_0.website from hotel h1_0
2024-05-24 15:30:12 [http-nio-8082-exec-6] DEBUG org.hibernate.SQL - select h1_0.hotel_id,h1_0.address,h1_0.city,h1_0.description,h1_0.email,h1_0.hotel_image,h1_0.hotel_name,h1_0.mobile1,h1_0.mobile2,h1_0.website from hotel h1_0
2024-05-24 15:30:14 [http-nio-8082-exec-7] DEBUG org.hibernate.SQL - select h1_0.hotel_id,h1_0.address,h1_0.city,h1_0.description,h1_0.email,h1_0.hotel_image,h1_0.hotel_name,h1_0.mobile1,h1_0.mobile2,h1_0.website from hotel h1_0
2024-05-24 15:30:32 [http-nio-8082-exec-8] DEBUG org.hibernate.SQL - select h1_0.hotel_id,h1_0.address,h1_0.city,h1_0.description,h1_0.email,h1_0.hotel_image,h1_0.hotel_name,h1_0.mobile1,h1_0.mobile2,h1_0.website from hotel h1_0
2024-05-24 15:30:33 [http-nio-8082-exec-9] DEBUG org.hibernate.SQL - select h1_0.hotel_id,h1_0.address,h1_0.city,h1_0.description,h1_0.email,h1_0.hotel_image,h1_0.hotel_name,h1_0.mobile1,h1_0.mobile2,h1_0.website from hotel h1_0
2024-05-24 15:30:34 [http-nio-8082-exec-10] DEBUG org.hibernate.SQL - select h1_0.hotel_id,h1_0.address,h1_0.city,h1_0.description,h1_0.email,h1_0.hotel_image,h1_0.hotel_name,h1_0.mobile1,h1_0.mobile2,h1_0.website from hotel h1_0
2024-05-24 15:33:05 [AsyncResolver-bootstrap-executor-0] INFO  c.n.d.s.r.aws.ConfigClusterResolver - Resolving eureka endpoints via configuration
