2024-05-28 00:01:58 [AsyncResolver-bootstrap-executor-0] INFO  c.n.d.s.r.aws.ConfigClusterResolver - Resolving eureka endpoints via configuration
2024-05-28 00:07:05 [AsyncResolver-bootstrap-executor-0] INFO  c.n.d.s.r.aws.ConfigClusterResolver - Resolving eureka endpoints via configuration
2024-05-28 00:12:05 [AsyncResolver-bootstrap-executor-0] INFO  c.n.d.s.r.aws.ConfigClusterResolver - Resolving eureka endpoints via configuration
2024-05-28 00:17:05 [AsyncResolver-bootstrap-executor-0] INFO  c.n.d.s.r.aws.ConfigClusterResolver - Resolving eureka endpoints via configuration
2024-05-28 00:22:05 [AsyncResolver-bootstrap-executor-0] INFO  c.n.d.s.r.aws.ConfigClusterResolver - Resolving eureka endpoints via configuration
2024-05-28 00:27:05 [AsyncResolver-bootstrap-executor-0] INFO  c.n.d.s.r.aws.ConfigClusterResolver - Resolving eureka endpoints via configuration
2024-05-28 00:32:05 [AsyncResolver-bootstrap-executor-0] INFO  c.n.d.s.r.aws.ConfigClusterResolver - Resolving eureka endpoints via configuration
2024-05-28 00:37:05 [AsyncResolver-bootstrap-executor-0] INFO  c.n.d.s.r.aws.ConfigClusterResolver - Resolving eureka endpoints via configuration
2024-05-28 00:42:05 [AsyncResolver-bootstrap-executor-0] INFO  c.n.d.s.r.aws.ConfigClusterResolver - Resolving eureka endpoints via configuration
2024-05-28 00:47:05 [AsyncResolver-bootstrap-executor-0] INFO  c.n.d.s.r.aws.ConfigClusterResolver - Resolving eureka endpoints via configuration
2024-05-28 00:52:05 [AsyncResolver-bootstrap-executor-0] INFO  c.n.d.s.r.aws.ConfigClusterResolver - Resolving eureka endpoints via configuration
2024-05-28 00:57:05 [AsyncResolver-bootstrap-executor-0] INFO  c.n.d.s.r.aws.ConfigClusterResolver - Resolving eureka endpoints via configuration
2024-05-28 01:02:05 [AsyncResolver-bootstrap-executor-0] INFO  c.n.d.s.r.aws.ConfigClusterResolver - Resolving eureka endpoints via configuration
2024-05-28 01:07:05 [AsyncResolver-bootstrap-executor-0] INFO  c.n.d.s.r.aws.ConfigClusterResolver - Resolving eureka endpoints via configuration
2024-05-28 01:12:05 [AsyncResolver-bootstrap-executor-0] INFO  c.n.d.s.r.aws.ConfigClusterResolver - Resolving eureka endpoints via configuration
2024-05-28 01:17:05 [AsyncResolver-bootstrap-executor-0] INFO  c.n.d.s.r.aws.ConfigClusterResolver - Resolving eureka endpoints via configuration
2024-05-28 01:22:05 [AsyncResolver-bootstrap-executor-0] INFO  c.n.d.s.r.aws.ConfigClusterResolver - Resolving eureka endpoints via configuration
2024-05-28 01:27:05 [AsyncResolver-bootstrap-executor-0] INFO  c.n.d.s.r.aws.ConfigClusterResolver - Resolving eureka endpoints via configuration
2024-05-28 01:32:05 [AsyncResolver-bootstrap-executor-0] INFO  c.n.d.s.r.aws.ConfigClusterResolver - Resolving eureka endpoints via configuration
2024-05-28 01:37:05 [AsyncResolver-bootstrap-executor-0] INFO  c.n.d.s.r.aws.ConfigClusterResolver - Resolving eureka endpoints via configuration
2024-05-28 01:42:05 [AsyncResolver-bootstrap-executor-0] INFO  c.n.d.s.r.aws.ConfigClusterResolver - Resolving eureka endpoints via configuration
2024-05-28 01:47:05 [AsyncResolver-bootstrap-executor-0] INFO  c.n.d.s.r.aws.ConfigClusterResolver - Resolving eureka endpoints via configuration
2024-05-28 01:52:05 [AsyncResolver-bootstrap-executor-0] INFO  c.n.d.s.r.aws.ConfigClusterResolver - Resolving eureka endpoints via configuration
2024-05-28 10:53:27 [main] INFO  c.roomservice.RoomServiceApplication - Starting RoomServiceApplication using Java 17.0.9 with PID 8496 (C:\Users\USER\Documents\HotelManagementService\HotelManagementService\Room-Service\target\classes started by USER in C:\Users\USER\Documents\HotelManagementService\HotelManagementService\Room-Service)
2024-05-28 10:53:27 [main] INFO  c.roomservice.RoomServiceApplication - No active profile set, falling back to 1 default profile: "default"
2024-05-28 10:53:27 [main] INFO  o.s.c.c.c.ConfigServerConfigDataLoader - Fetching config from server at : http://localhost:9999/
2024-05-28 10:53:27 [main] INFO  o.s.c.c.c.ConfigServerConfigDataLoader - Located environment: name=ROOM-SERVICE, profiles=[default], label=null, version=bfd6a135656d4f3c2ad1cf6021430e73132aab9f, state=null
2024-05-28 10:53:29 [main] INFO  o.s.d.r.c.RepositoryConfigurationDelegate - Bootstrapping Spring Data JPA repositories in DEFAULT mode.
2024-05-28 10:53:29 [main] INFO  o.s.d.r.c.RepositoryConfigurationDelegate - Finished Spring Data repository scanning in 212 ms. Found 2 JPA repository interfaces.
2024-05-28 10:53:30 [main] INFO  o.s.i.c.DefaultConfiguringBeanFactoryPostProcessor - No bean named 'errorChannel' has been explicitly defined. Therefore, a default PublishSubscribeChannel will be created.
2024-05-28 10:53:30 [main] INFO  o.s.i.c.DefaultConfiguringBeanFactoryPostProcessor - No bean named 'integrationHeaderChannelRegistry' has been explicitly defined. Therefore, a default DefaultHeaderChannelRegistry will be created.
2024-05-28 10:53:30 [main] INFO  o.s.cloud.context.scope.GenericScope - BeanFactory id=584529e3-9fb4-3977-92dc-233491bd7833
2024-05-28 10:53:30 [main] WARN  o.s.c.s.PostProcessorRegistrationDelegate$BeanPostProcessorChecker - Bean 'org.springframework.boot.autoconfigure.integration.IntegrationAutoConfiguration$IntegrationJmxConfiguration' of type [org.springframework.boot.autoconfigure.integration.IntegrationAutoConfiguration$IntegrationJmxConfiguration] is not eligible for getting processed by all BeanPostProcessors (for example: not eligible for auto-proxying). The currently created BeanPostProcessor [integrationMbeanExporter] is declared through a non-static factory method on that class; consider declaring it as static instead.
2024-05-28 10:53:30 [main] WARN  o.s.c.s.PostProcessorRegistrationDelegate$BeanPostProcessorChecker - Bean 'org.springframework.cloud.stream.config.BindersHealthIndicatorAutoConfiguration' of type [org.springframework.cloud.stream.config.BindersHealthIndicatorAutoConfiguration] is not eligible for getting processed by all BeanPostProcessors (for example: not eligible for auto-proxying). Is this bean getting eagerly injected into a currently created BeanPostProcessor [integrationMbeanExporter]? Check the corresponding BeanPostProcessor declaration and its dependencies.
2024-05-28 10:53:30 [main] WARN  o.s.c.s.PostProcessorRegistrationDelegate$BeanPostProcessorChecker - Bean 'bindersHealthContributor' of type [org.springframework.cloud.stream.config.BindersHealthIndicatorAutoConfiguration$BindersHealthContributor] is not eligible for getting processed by all BeanPostProcessors (for example: not eligible for auto-proxying). Is this bean getting eagerly injected into a currently created BeanPostProcessor [integrationMbeanExporter]? Check the corresponding BeanPostProcessor declaration and its dependencies.
2024-05-28 10:53:30 [main] WARN  o.s.c.s.PostProcessorRegistrationDelegate$BeanPostProcessorChecker - Bean 'bindersHealthIndicatorListener' of type [org.springframework.cloud.stream.config.BindersHealthIndicatorAutoConfiguration$BindersHealthIndicatorListener] is not eligible for getting processed by all BeanPostProcessors (for example: not eligible for auto-proxying). Is this bean getting eagerly injected into a currently created BeanPostProcessor [integrationMbeanExporter]? Check the corresponding BeanPostProcessor declaration and its dependencies.
2024-05-28 10:53:30 [main] WARN  o.s.c.s.PostProcessorRegistrationDelegate$BeanPostProcessorChecker - Bean 'org.springframework.cloud.stream.binder.rabbit.config.ExtendedBindingHandlerMappingsProviderConfiguration' of type [org.springframework.cloud.stream.binder.rabbit.config.ExtendedBindingHandlerMappingsProviderConfiguration] is not eligible for getting processed by all BeanPostProcessors (for example: not eligible for auto-proxying). Is this bean getting eagerly injected into a currently created BeanPostProcessor [integrationMbeanExporter]? Check the corresponding BeanPostProcessor declaration and its dependencies.
2024-05-28 10:53:30 [main] WARN  o.s.c.s.PostProcessorRegistrationDelegate$BeanPostProcessorChecker - Bean 'rabbitExtendedPropertiesDefaultMappingsProvider' of type [org.springframework.cloud.stream.binder.rabbit.config.ExtendedBindingHandlerMappingsProviderConfiguration$$Lambda$764/0x0000012655571e08] is not eligible for getting processed by all BeanPostProcessors (for example: not eligible for auto-proxying). Is this bean getting eagerly injected into a currently created BeanPostProcessor [integrationMbeanExporter]? Check the corresponding BeanPostProcessor declaration and its dependencies.
2024-05-28 10:53:30 [main] WARN  o.s.c.s.PostProcessorRegistrationDelegate$BeanPostProcessorChecker - Bean 'BindingHandlerAdvise' of type [org.springframework.cloud.stream.config.BindingHandlerAdvise] is not eligible for getting processed by all BeanPostProcessors (for example: not eligible for auto-proxying). Is this bean getting eagerly injected into a currently created BeanPostProcessor [integrationMbeanExporter]? Check the corresponding BeanPostProcessor declaration and its dependencies.
2024-05-28 10:53:30 [main] WARN  o.s.c.s.PostProcessorRegistrationDelegate$BeanPostProcessorChecker - Bean 'org.springframework.cloud.commons.config.CommonsConfigAutoConfiguration' of type [org.springframework.cloud.commons.config.CommonsConfigAutoConfiguration] is not eligible for getting processed by all BeanPostProcessors (for example: not eligible for auto-proxying). Is this bean getting eagerly injected into a currently created BeanPostProcessor [integrationMbeanExporter]? Check the corresponding BeanPostProcessor declaration and its dependencies.
2024-05-28 10:53:30 [main] WARN  o.s.c.s.PostProcessorRegistrationDelegate$BeanPostProcessorChecker - Bean 'org.springframework.cloud.client.loadbalancer.LoadBalancerDefaultMappingsProviderAutoConfiguration' of type [org.springframework.cloud.client.loadbalancer.LoadBalancerDefaultMappingsProviderAutoConfiguration] is not eligible for getting processed by all BeanPostProcessors (for example: not eligible for auto-proxying). Is this bean getting eagerly injected into a currently created BeanPostProcessor [integrationMbeanExporter]? Check the corresponding BeanPostProcessor declaration and its dependencies.
2024-05-28 10:53:30 [main] WARN  o.s.c.s.PostProcessorRegistrationDelegate$BeanPostProcessorChecker - Bean 'loadBalancerClientsDefaultsMappingsProvider' of type [org.springframework.cloud.client.loadbalancer.LoadBalancerDefaultMappingsProviderAutoConfiguration$$Lambda$765/0x0000012655572020] is not eligible for getting processed by all BeanPostProcessors (for example: not eligible for auto-proxying). Is this bean getting eagerly injected into a currently created BeanPostProcessor [integrationMbeanExporter]? Check the corresponding BeanPostProcessor declaration and its dependencies.
2024-05-28 10:53:30 [main] WARN  o.s.c.s.PostProcessorRegistrationDelegate$BeanPostProcessorChecker - Bean 'defaultsBindHandlerAdvisor' of type [org.springframework.cloud.commons.config.DefaultsBindHandlerAdvisor] is not eligible for getting processed by all BeanPostProcessors (for example: not eligible for auto-proxying). Is this bean getting eagerly injected into a currently created BeanPostProcessor [integrationMbeanExporter]? Check the corresponding BeanPostProcessor declaration and its dependencies.
2024-05-28 10:53:30 [main] WARN  o.s.c.s.PostProcessorRegistrationDelegate$BeanPostProcessorChecker - Bean 'spelConverter' of type [org.springframework.cloud.stream.config.SpelExpressionConverterConfiguration$SpelConverter] is not eligible for getting processed by all BeanPostProcessors (for example: not eligible for auto-proxying). Is this bean getting eagerly injected into a currently created BeanPostProcessor [integrationMbeanExporter]? Check the corresponding BeanPostProcessor declaration and its dependencies.
2024-05-28 10:53:30 [main] WARN  o.s.c.s.PostProcessorRegistrationDelegate$BeanPostProcessorChecker - Bean 'spring.jmx-org.springframework.boot.autoconfigure.jmx.JmxProperties' of type [org.springframework.boot.autoconfigure.jmx.JmxProperties] is not eligible for getting processed by all BeanPostProcessors (for example: not eligible for auto-proxying). Is this bean getting eagerly injected into a currently created BeanPostProcessor [integrationMbeanExporter]? Check the corresponding BeanPostProcessor declaration and its dependencies.
2024-05-28 10:53:30 [main] WARN  o.s.c.s.PostProcessorRegistrationDelegate$BeanPostProcessorChecker - Bean 'org.springframework.boot.autoconfigure.jmx.JmxAutoConfiguration' of type [org.springframework.boot.autoconfigure.jmx.JmxAutoConfiguration] is not eligible for getting processed by all BeanPostProcessors (for example: not eligible for auto-proxying). Is this bean getting eagerly injected into a currently created BeanPostProcessor [integrationMbeanExporter]? Check the corresponding BeanPostProcessor declaration and its dependencies.
2024-05-28 10:53:30 [main] WARN  o.s.c.s.PostProcessorRegistrationDelegate$BeanPostProcessorChecker - Bean 'mbeanServer' of type [com.sun.jmx.mbeanserver.JmxMBeanServer] is not eligible for getting processed by all BeanPostProcessors (for example: not eligible for auto-proxying). Is this bean getting eagerly injected into a currently created BeanPostProcessor [integrationMbeanExporter]? Check the corresponding BeanPostProcessor declaration and its dependencies.
2024-05-28 10:53:31 [main] WARN  o.s.c.s.PostProcessorRegistrationDelegate$BeanPostProcessorChecker - Bean 'org.springframework.cloud.client.loadbalancer.LoadBalancerAutoConfiguration$RetryInterceptorAutoConfiguration' of type [org.springframework.cloud.client.loadbalancer.LoadBalancerAutoConfiguration$RetryInterceptorAutoConfiguration] is not eligible for getting processed by all BeanPostProcessors (for example: not eligible for auto-proxying). The currently created BeanPostProcessor [lbRestClientPostProcessor] is declared through a non-static factory method on that class; consider declaring it as static instead.
2024-05-28 10:53:31 [main] WARN  o.s.c.s.PostProcessorRegistrationDelegate$BeanPostProcessorChecker - Bean 'org.springframework.cloud.loadbalancer.config.BlockingLoadBalancerClientAutoConfiguration' of type [org.springframework.cloud.loadbalancer.config.BlockingLoadBalancerClientAutoConfiguration] is not eligible for getting processed by all BeanPostProcessors (for example: not eligible for auto-proxying). Is this bean getting eagerly injected into a currently created BeanPostProcessor [lbRestClientPostProcessor]? Check the corresponding BeanPostProcessor declaration and its dependencies.
2024-05-28 10:53:31 [main] WARN  o.s.c.s.PostProcessorRegistrationDelegate$BeanPostProcessorChecker - Bean 'org.springframework.cloud.loadbalancer.config.LoadBalancerAutoConfiguration' of type [org.springframework.cloud.loadbalancer.config.LoadBalancerAutoConfiguration] is not eligible for getting processed by all BeanPostProcessors (for example: not eligible for auto-proxying). Is this bean getting eagerly injected into a currently created BeanPostProcessor [lbRestClientPostProcessor]? Check the corresponding BeanPostProcessor declaration and its dependencies.
2024-05-28 10:53:31 [main] WARN  o.s.c.s.PostProcessorRegistrationDelegate$BeanPostProcessorChecker - Bean 'spring.cloud.loadbalancer-org.springframework.cloud.client.loadbalancer.LoadBalancerClientsProperties' of type [org.springframework.cloud.client.loadbalancer.LoadBalancerClientsProperties] is not eligible for getting processed by all BeanPostProcessors (for example: not eligible for auto-proxying). Is this bean getting eagerly injected into a currently created BeanPostProcessor [lbRestClientPostProcessor]? Check the corresponding BeanPostProcessor declaration and its dependencies.
2024-05-28 10:53:31 [main] WARN  o.s.c.s.PostProcessorRegistrationDelegate$BeanPostProcessorChecker - Bean 'default.org.springframework.cloud.loadbalancer.config.LoadBalancerAutoConfiguration.LoadBalancerClientSpecification' of type [org.springframework.cloud.loadbalancer.annotation.LoadBalancerClientSpecification] is not eligible for getting processed by all BeanPostProcessors (for example: not eligible for auto-proxying). Is this bean getting eagerly injected into a currently created BeanPostProcessor [lbRestClientPostProcessor]? Check the corresponding BeanPostProcessor declaration and its dependencies.
2024-05-28 10:53:31 [main] WARN  o.s.c.s.PostProcessorRegistrationDelegate$BeanPostProcessorChecker - Bean 'default.org.springframework.cloud.loadbalancer.config.BlockingLoadBalancerClientAutoConfiguration.LoadBalancerClientSpecification' of type [org.springframework.cloud.loadbalancer.annotation.LoadBalancerClientSpecification] is not eligible for getting processed by all BeanPostProcessors (for example: not eligible for auto-proxying). Is this bean getting eagerly injected into a currently created BeanPostProcessor [lbRestClientPostProcessor]? Check the corresponding BeanPostProcessor declaration and its dependencies.
2024-05-28 10:53:31 [main] WARN  o.s.c.s.PostProcessorRegistrationDelegate$BeanPostProcessorChecker - Bean 'default.org.springframework.cloud.netflix.eureka.loadbalancer.LoadBalancerEurekaAutoConfiguration.LoadBalancerClientSpecification' of type [org.springframework.cloud.loadbalancer.annotation.LoadBalancerClientSpecification] is not eligible for getting processed by all BeanPostProcessors (for example: not eligible for auto-proxying). Is this bean getting eagerly injected into a currently created BeanPostProcessor [lbRestClientPostProcessor]? Check the corresponding BeanPostProcessor declaration and its dependencies.
2024-05-28 10:53:31 [main] WARN  o.s.c.s.PostProcessorRegistrationDelegate$BeanPostProcessorChecker - Bean 'loadBalancerClientFactory' of type [org.springframework.cloud.loadbalancer.support.LoadBalancerClientFactory] is not eligible for getting processed by all BeanPostProcessors (for example: not eligible for auto-proxying). Is this bean getting eagerly injected into a currently created BeanPostProcessor [lbRestClientPostProcessor]? Check the corresponding BeanPostProcessor declaration and its dependencies.
2024-05-28 10:53:31 [main] WARN  o.s.c.s.PostProcessorRegistrationDelegate$BeanPostProcessorChecker - Bean 'blockingLoadBalancerClient' of type [org.springframework.cloud.loadbalancer.blocking.client.BlockingLoadBalancerClient] is not eligible for getting processed by all BeanPostProcessors (for example: not eligible for auto-proxying). Is this bean getting eagerly injected into a currently created BeanPostProcessor [lbRestClientPostProcessor]? Check the corresponding BeanPostProcessor declaration and its dependencies.
2024-05-28 10:53:31 [main] WARN  o.s.c.s.PostProcessorRegistrationDelegate$BeanPostProcessorChecker - Bean 'loadBalancerServiceInstanceCookieTransformer' of type [org.springframework.cloud.loadbalancer.core.LoadBalancerServiceInstanceCookieTransformer] is not eligible for getting processed by all BeanPostProcessors (for example: not eligible for auto-proxying). Is this bean getting eagerly injected into a currently created BeanPostProcessor [lbRestClientPostProcessor]? Check the corresponding BeanPostProcessor declaration and its dependencies.
2024-05-28 10:53:31 [main] WARN  o.s.c.s.PostProcessorRegistrationDelegate$BeanPostProcessorChecker - Bean 'xForwarderHeadersTransformer' of type [org.springframework.cloud.loadbalancer.blocking.XForwardedHeadersTransformer] is not eligible for getting processed by all BeanPostProcessors (for example: not eligible for auto-proxying). Is this bean getting eagerly injected into a currently created BeanPostProcessor [lbRestClientPostProcessor]? Check the corresponding BeanPostProcessor declaration and its dependencies.
2024-05-28 10:53:31 [main] WARN  o.s.c.s.PostProcessorRegistrationDelegate$BeanPostProcessorChecker - Bean 'org.springframework.cloud.client.loadbalancer.LoadBalancerAutoConfiguration' of type [org.springframework.cloud.client.loadbalancer.LoadBalancerAutoConfiguration] is not eligible for getting processed by all BeanPostProcessors (for example: not eligible for auto-proxying). Is this bean getting eagerly injected into a currently created BeanPostProcessor [lbRestClientPostProcessor]? Check the corresponding BeanPostProcessor declaration and its dependencies.
2024-05-28 10:53:31 [main] WARN  o.s.c.s.PostProcessorRegistrationDelegate$BeanPostProcessorChecker - Bean 'loadBalancerRequestFactory' of type [org.springframework.cloud.client.loadbalancer.LoadBalancerRequestFactory] is not eligible for getting processed by all BeanPostProcessors (for example: not eligible for auto-proxying). Is this bean getting eagerly injected into a currently created BeanPostProcessor [lbRestClientPostProcessor]? Check the corresponding BeanPostProcessor declaration and its dependencies.
2024-05-28 10:53:31 [main] WARN  o.s.c.s.PostProcessorRegistrationDelegate$BeanPostProcessorChecker - Bean 'org.springframework.cloud.loadbalancer.config.BlockingLoadBalancerClientAutoConfiguration$BlockingLoadBalancerRetryConfig' of type [org.springframework.cloud.loadbalancer.config.BlockingLoadBalancerClientAutoConfiguration$BlockingLoadBalancerRetryConfig$$SpringCGLIB$$0] is not eligible for getting processed by all BeanPostProcessors (for example: not eligible for auto-proxying). Is this bean getting eagerly injected into a currently created BeanPostProcessor [lbRestClientPostProcessor]? Check the corresponding BeanPostProcessor declaration and its dependencies.
2024-05-28 10:53:31 [main] WARN  o.s.c.s.PostProcessorRegistrationDelegate$BeanPostProcessorChecker - Bean 'loadBalancedRetryFactory' of type [org.springframework.cloud.loadbalancer.blocking.retry.BlockingLoadBalancedRetryFactory] is not eligible for getting processed by all BeanPostProcessors (for example: not eligible for auto-proxying). Is this bean getting eagerly injected into a currently created BeanPostProcessor [lbRestClientPostProcessor]? Check the corresponding BeanPostProcessor declaration and its dependencies.
2024-05-28 10:53:31 [main] WARN  o.s.c.s.PostProcessorRegistrationDelegate$BeanPostProcessorChecker - Bean 'loadBalancerInterceptor' of type [org.springframework.cloud.client.loadbalancer.RetryLoadBalancerInterceptor] is not eligible for getting processed by all BeanPostProcessors (for example: not eligible for auto-proxying). Is this bean getting eagerly injected into a currently created BeanPostProcessor [lbRestClientPostProcessor]? Check the corresponding BeanPostProcessor declaration and its dependencies.
2024-05-28 10:53:31 [main] WARN  o.s.c.s.PostProcessorRegistrationDelegate$BeanPostProcessorChecker - Bean 'org.springframework.cloud.client.loadbalancer.reactive.LoadBalancerBeanPostProcessorAutoConfiguration' of type [org.springframework.cloud.client.loadbalancer.reactive.LoadBalancerBeanPostProcessorAutoConfiguration] is not eligible for getting processed by all BeanPostProcessors (for example: not eligible for auto-proxying). The currently created BeanPostProcessor [loadBalancerWebClientBuilderBeanPostProcessor] is declared through a non-static factory method on that class; consider declaring it as static instead.
2024-05-28 10:53:31 [main] WARN  o.s.c.s.PostProcessorRegistrationDelegate$BeanPostProcessorChecker - Bean 'org.springframework.cloud.client.loadbalancer.reactive.LoadBalancerBeanPostProcessorAutoConfiguration$ReactorDeferringLoadBalancerFilterConfig' of type [org.springframework.cloud.client.loadbalancer.reactive.LoadBalancerBeanPostProcessorAutoConfiguration$ReactorDeferringLoadBalancerFilterConfig] is not eligible for getting processed by all BeanPostProcessors (for example: not eligible for auto-proxying). Is this bean getting eagerly injected into a currently created BeanPostProcessor [loadBalancerWebClientBuilderBeanPostProcessor]? Check the corresponding BeanPostProcessor declaration and its dependencies.
2024-05-28 10:53:31 [main] WARN  o.s.c.s.PostProcessorRegistrationDelegate$BeanPostProcessorChecker - Bean 'reactorDeferringLoadBalancerExchangeFilterFunction' of type [org.springframework.cloud.client.loadbalancer.reactive.DeferringLoadBalancerExchangeFilterFunction] is not eligible for getting processed by all BeanPostProcessors (for example: not eligible for auto-proxying). Is this bean getting eagerly injected into a currently created BeanPostProcessor [loadBalancerWebClientBuilderBeanPostProcessor]? Check the corresponding BeanPostProcessor declaration and its dependencies.
2024-05-28 10:53:31 [main] INFO  o.s.b.w.e.tomcat.TomcatWebServer - Tomcat initialized with port 8083 (http)
2024-05-28 10:53:31 [main] INFO  o.a.catalina.core.StandardService - Starting service [Tomcat]
2024-05-28 10:53:31 [main] INFO  o.a.catalina.core.StandardEngine - Starting Servlet engine: [Apache Tomcat/10.1.17]
2024-05-28 10:53:31 [main] INFO  o.a.c.c.C.[Tomcat].[localhost].[/] - Initializing Spring embedded WebApplicationContext
2024-05-28 10:53:31 [main] INFO  o.s.b.w.s.c.ServletWebServerApplicationContext - Root WebApplicationContext: initialization completed in 3943 ms
2024-05-28 10:53:32 [main] INFO  o.h.jpa.internal.util.LogHelper - HHH000204: Processing PersistenceUnitInfo [name: default]
2024-05-28 10:53:32 [main] INFO  org.hibernate.Version - HHH000412: Hibernate ORM core version 6.4.1.Final
2024-05-28 10:53:32 [main] INFO  o.h.c.i.RegionFactoryInitiator - HHH000026: Second-level cache disabled
2024-05-28 10:53:32 [main] INFO  o.s.o.j.p.SpringPersistenceUnitInfo - No LoadTimeWeaver setup: ignoring JPA class transformer
2024-05-28 10:53:32 [main] INFO  com.zaxxer.hikari.HikariDataSource - HikariPool-1 - Starting...
2024-05-28 10:53:33 [main] INFO  com.zaxxer.hikari.pool.HikariPool - HikariPool-1 - Added connection org.postgresql.jdbc.PgConnection@3724ab90
2024-05-28 10:53:33 [main] INFO  com.zaxxer.hikari.HikariDataSource - HikariPool-1 - Start completed.
2024-05-28 10:53:35 [main] WARN  org.hibernate.orm.deprecation - HHH90000025: PostgreSQLDialect does not need to be specified explicitly using 'hibernate.dialect' (remove the property setting and it will be selected by default)
2024-05-28 10:53:36 [main] INFO  o.h.e.t.j.p.i.JtaPlatformInitiator - HHH000489: No JTA platform available (set 'hibernate.transaction.jta.platform' to enable JTA platform integration)
2024-05-28 10:53:38 [main] INFO  o.s.o.j.LocalContainerEntityManagerFactoryBean - Initialized JPA EntityManagerFactory for persistence unit 'default'
2024-05-28 10:53:40 [main] WARN  o.s.b.a.o.j.JpaBaseConfiguration$JpaWebConfiguration - spring.jpa.open-in-view is enabled by default. Therefore, database queries may be performed during view rendering. Explicitly configure spring.jpa.open-in-view to disable this warning
2024-05-28 10:53:43 [main] INFO  o.s.c.s.m.DirectWithAttributesChannel - Channel 'ROOM-SERVICE.springCloudBusInput' has 1 subscriber(s).
2024-05-28 10:53:44 [main] INFO  o.s.c.n.e.c.DiscoveryClientOptionalArgsConfiguration - Eureka HTTP Client uses RestTemplate.
2024-05-28 10:53:44 [main] WARN  o.s.c.l.c.LoadBalancerCacheAutoConfiguration$LoadBalancerCaffeineWarnLogger - Spring Cloud LoadBalancer is currently working with the default cache. While this cache implementation is useful for development and tests, it's recommended to use Caffeine cache in production.You can switch to using Caffeine cache, by adding it and org.springframework.cache.caffeine.CaffeineCacheManager to the classpath.
2024-05-28 10:53:44 [main] INFO  o.s.b.a.e.web.EndpointLinksResolver - Exposing 23 endpoint(s) beneath base path '/actuator'
2024-05-28 10:53:44 [main] INFO  o.s.i.m.IntegrationMBeanExporter - Registering MessageChannel errorChannel
2024-05-28 10:53:44 [main] INFO  o.s.i.m.IntegrationMBeanExporter - Registering MessageChannel springCloudBusInput
2024-05-28 10:53:44 [main] INFO  o.s.i.m.IntegrationMBeanExporter - Registering MessageChannel nullChannel
2024-05-28 10:53:44 [main] INFO  o.s.i.m.IntegrationMBeanExporter - Registering MessageHandler _org.springframework.integration.errorLogger
2024-05-28 10:53:44 [main] INFO  o.s.i.endpoint.EventDrivenConsumer - Adding {logging-channel-adapter:_org.springframework.integration.errorLogger} as a subscriber to the 'errorChannel' channel
2024-05-28 10:53:44 [main] INFO  o.s.i.c.PublishSubscribeChannel - Channel 'ROOM-SERVICE.errorChannel' has 1 subscriber(s).
2024-05-28 10:53:44 [main] INFO  o.s.i.endpoint.EventDrivenConsumer - started bean '_org.springframework.integration.errorLogger'
2024-05-28 10:53:44 [main] INFO  o.s.c.n.eureka.InstanceInfoFactory - Setting initial instance status as: STARTING
2024-05-28 10:53:44 [main] INFO  c.netflix.discovery.DiscoveryClient - Initializing Eureka in region us-east-1
2024-05-28 10:53:44 [main] INFO  c.n.d.s.r.aws.ConfigClusterResolver - Resolving eureka endpoints via configuration
2024-05-28 10:53:44 [main] INFO  c.netflix.discovery.DiscoveryClient - Disable delta property : false
2024-05-28 10:53:44 [main] INFO  c.netflix.discovery.DiscoveryClient - Single vip registry refresh property : null
2024-05-28 10:53:44 [main] INFO  c.netflix.discovery.DiscoveryClient - Force full registry fetch : false
2024-05-28 10:53:44 [main] INFO  c.netflix.discovery.DiscoveryClient - Application is null : false
2024-05-28 10:53:44 [main] INFO  c.netflix.discovery.DiscoveryClient - Registered Applications size is zero : true
2024-05-28 10:53:44 [main] INFO  c.netflix.discovery.DiscoveryClient - Application version is -1: true
2024-05-28 10:53:44 [main] INFO  c.netflix.discovery.DiscoveryClient - Getting all instance registry info from the eureka server
2024-05-28 10:53:45 [main] INFO  c.netflix.discovery.DiscoveryClient - The response status is 200
2024-05-28 10:53:45 [main] INFO  c.netflix.discovery.DiscoveryClient - Starting heartbeat executor: renew interval is: 30
2024-05-28 10:53:45 [main] INFO  c.n.discovery.InstanceInfoReplicator - InstanceInfoReplicator onDemand update allowed rate per min is 4
2024-05-28 10:53:45 [main] INFO  c.netflix.discovery.DiscoveryClient - Discovery Client initialized at timestamp 1716873825199 with initial instances count: 6
2024-05-28 10:53:45 [main] INFO  o.s.c.n.e.s.EurekaServiceRegistry - Registering application ROOM-SERVICE with eureka with status UP
2024-05-28 10:53:45 [main] INFO  c.netflix.discovery.DiscoveryClient - Saw local status change event StatusChangeEvent [timestamp=1716873825214, current=UP, previous=STARTING]
2024-05-28 10:53:45 [DiscoveryClient-InstanceInfoReplicator-0] INFO  c.netflix.discovery.DiscoveryClient - DiscoveryClient_ROOM-SERVICE/Akilan:ROOM-SERVICE:8083: registering service...
2024-05-28 10:53:45 [main] INFO  o.s.b.w.e.tomcat.TomcatWebServer - Tomcat started on port 8083 (http) with context path ''
2024-05-28 10:53:45 [main] INFO  o.s.c.n.e.s.EurekaAutoServiceRegistration - Updating port to 8083
2024-05-28 10:53:45 [DiscoveryClient-InstanceInfoReplicator-0] INFO  c.netflix.discovery.DiscoveryClient - DiscoveryClient_ROOM-SERVICE/Akilan:ROOM-SERVICE:8083 - registration status: 204
2024-05-28 10:53:45 [main] INFO  o.s.c.s.binder.DefaultBinderFactory - Creating binder: rabbit
2024-05-28 10:53:45 [main] INFO  o.s.c.s.binder.DefaultBinderFactory - Constructing binder child context for rabbit
2024-05-28 10:53:45 [main] INFO  o.s.c.s.binder.DefaultBinderFactory - Caching the binder: rabbit
2024-05-28 10:53:45 [main] INFO  o.s.c.s.b.r.p.RabbitExchangeQueueProvisioner - declaring queue for inbound: springCloudBus.anonymous.phz5xi5_QD2zpcKLo_QFPg, bound to: springCloudBus
2024-05-28 10:53:45 [main] INFO  o.s.a.r.c.CachingConnectionFactory - Attempting to connect to: [localhost:5672]
2024-05-28 10:53:46 [main] INFO  o.s.a.r.c.CachingConnectionFactory - Created new connection: rabbitConnectionFactory#222e4377:0/SimpleConnection@3ae2721b [delegate=amqp://rabbitmq@127.0.0.1:5672/, localPort=64035]
2024-05-28 10:53:46 [main] INFO  o.s.c.s.binder.BinderErrorChannel - Channel 'rabbit-1424859323.springCloudBusInput.errors' has 1 subscriber(s).
2024-05-28 10:53:46 [main] INFO  o.s.c.s.binder.BinderErrorChannel - Channel 'rabbit-1424859323.springCloudBusInput.errors' has 2 subscriber(s).
2024-05-28 10:53:46 [main] INFO  o.s.i.a.i.AmqpInboundChannelAdapter - started bean 'inbound.springCloudBus.anonymous.phz5xi5_QD2zpcKLo_QFPg'
2024-05-28 10:53:46 [main] INFO  o.s.i.m.IntegrationMBeanExporter - Registering MessageChannel rabbit-1424859323.springCloudBusInput.errors
2024-05-28 10:53:46 [main] INFO  c.roomservice.RoomServiceApplication - Started RoomServiceApplication in 23.299 seconds (process running for 25.458)
2024-05-28 10:53:47 [RMI TCP Connection(3)-127.0.0.1] INFO  o.a.c.c.C.[Tomcat].[localhost].[/] - Initializing Spring DispatcherServlet 'dispatcherServlet'
2024-05-28 10:53:47 [RMI TCP Connection(3)-127.0.0.1] INFO  o.s.web.servlet.DispatcherServlet - Initializing Servlet 'dispatcherServlet'
2024-05-28 10:53:47 [RMI TCP Connection(3)-127.0.0.1] INFO  o.s.web.servlet.DispatcherServlet - Completed initialization in 2 ms
2024-05-28 10:58:45 [AsyncResolver-bootstrap-executor-0] INFO  c.n.d.s.r.aws.ConfigClusterResolver - Resolving eureka endpoints via configuration
2024-05-28 11:03:45 [AsyncResolver-bootstrap-executor-0] INFO  c.n.d.s.r.aws.ConfigClusterResolver - Resolving eureka endpoints via configuration
2024-05-28 11:08:45 [AsyncResolver-bootstrap-executor-0] INFO  c.n.d.s.r.aws.ConfigClusterResolver - Resolving eureka endpoints via configuration
2024-05-28 11:13:45 [AsyncResolver-bootstrap-executor-0] INFO  c.n.d.s.r.aws.ConfigClusterResolver - Resolving eureka endpoints via configuration
2024-05-28 11:18:45 [AsyncResolver-bootstrap-executor-0] INFO  c.n.d.s.r.aws.ConfigClusterResolver - Resolving eureka endpoints via configuration
2024-05-28 11:23:45 [AsyncResolver-bootstrap-executor-0] INFO  c.n.d.s.r.aws.ConfigClusterResolver - Resolving eureka endpoints via configuration
2024-05-28 11:28:45 [AsyncResolver-bootstrap-executor-0] INFO  c.n.d.s.r.aws.ConfigClusterResolver - Resolving eureka endpoints via configuration
2024-05-28 11:33:45 [AsyncResolver-bootstrap-executor-0] INFO  c.n.d.s.r.aws.ConfigClusterResolver - Resolving eureka endpoints via configuration
2024-05-28 11:38:35 [RMI TCP Connection(48)-127.0.0.1] WARN  javax.management.remote.misc - The server has decided to close this client connection.
2024-05-28 11:38:45 [AsyncResolver-bootstrap-executor-0] INFO  c.n.d.s.r.aws.ConfigClusterResolver - Resolving eureka endpoints via configuration
2024-05-28 11:43:45 [AsyncResolver-bootstrap-executor-0] INFO  c.n.d.s.r.aws.ConfigClusterResolver - Resolving eureka endpoints via configuration
2024-05-28 11:48:45 [AsyncResolver-bootstrap-executor-0] INFO  c.n.d.s.r.aws.ConfigClusterResolver - Resolving eureka endpoints via configuration
2024-05-28 11:53:45 [AsyncResolver-bootstrap-executor-0] INFO  c.n.d.s.r.aws.ConfigClusterResolver - Resolving eureka endpoints via configuration
2024-05-28 11:58:45 [AsyncResolver-bootstrap-executor-0] INFO  c.n.d.s.r.aws.ConfigClusterResolver - Resolving eureka endpoints via configuration
2024-05-28 12:03:45 [AsyncResolver-bootstrap-executor-0] INFO  c.n.d.s.r.aws.ConfigClusterResolver - Resolving eureka endpoints via configuration
2024-05-28 12:08:45 [AsyncResolver-bootstrap-executor-0] INFO  c.n.d.s.r.aws.ConfigClusterResolver - Resolving eureka endpoints via configuration
2024-05-28 12:13:45 [AsyncResolver-bootstrap-executor-0] INFO  c.n.d.s.r.aws.ConfigClusterResolver - Resolving eureka endpoints via configuration
2024-05-28 12:18:45 [AsyncResolver-bootstrap-executor-0] INFO  c.n.d.s.r.aws.ConfigClusterResolver - Resolving eureka endpoints via configuration
2024-05-28 12:23:45 [AsyncResolver-bootstrap-executor-0] INFO  c.n.d.s.r.aws.ConfigClusterResolver - Resolving eureka endpoints via configuration
2024-05-28 12:28:45 [AsyncResolver-bootstrap-executor-0] INFO  c.n.d.s.r.aws.ConfigClusterResolver - Resolving eureka endpoints via configuration
2024-05-28 12:33:45 [AsyncResolver-bootstrap-executor-0] INFO  c.n.d.s.r.aws.ConfigClusterResolver - Resolving eureka endpoints via configuration
2024-05-28 12:38:45 [AsyncResolver-bootstrap-executor-0] INFO  c.n.d.s.r.aws.ConfigClusterResolver - Resolving eureka endpoints via configuration
2024-05-28 12:43:45 [AsyncResolver-bootstrap-executor-0] INFO  c.n.d.s.r.aws.ConfigClusterResolver - Resolving eureka endpoints via configuration
2024-05-28 12:48:45 [AsyncResolver-bootstrap-executor-0] INFO  c.n.d.s.r.aws.ConfigClusterResolver - Resolving eureka endpoints via configuration
2024-05-28 12:53:45 [AsyncResolver-bootstrap-executor-0] INFO  c.n.d.s.r.aws.ConfigClusterResolver - Resolving eureka endpoints via configuration
2024-05-28 12:58:45 [AsyncResolver-bootstrap-executor-0] INFO  c.n.d.s.r.aws.ConfigClusterResolver - Resolving eureka endpoints via configuration
2024-05-28 13:03:45 [AsyncResolver-bootstrap-executor-0] INFO  c.n.d.s.r.aws.ConfigClusterResolver - Resolving eureka endpoints via configuration
2024-05-28 13:08:45 [AsyncResolver-bootstrap-executor-0] INFO  c.n.d.s.r.aws.ConfigClusterResolver - Resolving eureka endpoints via configuration
2024-05-28 13:13:45 [AsyncResolver-bootstrap-executor-0] INFO  c.n.d.s.r.aws.ConfigClusterResolver - Resolving eureka endpoints via configuration
2024-05-28 13:18:45 [AsyncResolver-bootstrap-executor-0] INFO  c.n.d.s.r.aws.ConfigClusterResolver - Resolving eureka endpoints via configuration
2024-05-28 13:23:45 [AsyncResolver-bootstrap-executor-0] INFO  c.n.d.s.r.aws.ConfigClusterResolver - Resolving eureka endpoints via configuration
2024-05-28 13:25:43 [HikariPool-1 housekeeper] WARN  com.zaxxer.hikari.pool.HikariPool - HikariPool-1 - Thread starvation or clock leap detected (housekeeper delta=1m2s333ms534µs).
2024-05-28 13:28:45 [AsyncResolver-bootstrap-executor-0] INFO  c.n.d.s.r.aws.ConfigClusterResolver - Resolving eureka endpoints via configuration
2024-05-28 13:33:45 [AsyncResolver-bootstrap-executor-0] INFO  c.n.d.s.r.aws.ConfigClusterResolver - Resolving eureka endpoints via configuration
2024-05-28 13:38:45 [AsyncResolver-bootstrap-executor-0] INFO  c.n.d.s.r.aws.ConfigClusterResolver - Resolving eureka endpoints via configuration
2024-05-28 13:43:45 [AsyncResolver-bootstrap-executor-0] INFO  c.n.d.s.r.aws.ConfigClusterResolver - Resolving eureka endpoints via configuration
2024-05-28 13:48:46 [AsyncResolver-bootstrap-executor-0] INFO  c.n.d.s.r.aws.ConfigClusterResolver - Resolving eureka endpoints via configuration
2024-05-28 13:53:46 [AsyncResolver-bootstrap-executor-0] INFO  c.n.d.s.r.aws.ConfigClusterResolver - Resolving eureka endpoints via configuration
2024-05-28 13:58:46 [AsyncResolver-bootstrap-executor-0] INFO  c.n.d.s.r.aws.ConfigClusterResolver - Resolving eureka endpoints via configuration
2024-05-28 14:03:46 [AsyncResolver-bootstrap-executor-0] INFO  c.n.d.s.r.aws.ConfigClusterResolver - Resolving eureka endpoints via configuration
2024-05-28 14:08:46 [AsyncResolver-bootstrap-executor-0] INFO  c.n.d.s.r.aws.ConfigClusterResolver - Resolving eureka endpoints via configuration
2024-05-28 14:13:46 [AsyncResolver-bootstrap-executor-0] INFO  c.n.d.s.r.aws.ConfigClusterResolver - Resolving eureka endpoints via configuration
2024-05-28 14:18:46 [AsyncResolver-bootstrap-executor-0] INFO  c.n.d.s.r.aws.ConfigClusterResolver - Resolving eureka endpoints via configuration
2024-05-28 14:23:46 [AsyncResolver-bootstrap-executor-0] INFO  c.n.d.s.r.aws.ConfigClusterResolver - Resolving eureka endpoints via configuration
2024-05-28 14:28:46 [AsyncResolver-bootstrap-executor-0] INFO  c.n.d.s.r.aws.ConfigClusterResolver - Resolving eureka endpoints via configuration
2024-05-28 14:33:46 [AsyncResolver-bootstrap-executor-0] INFO  c.n.d.s.r.aws.ConfigClusterResolver - Resolving eureka endpoints via configuration
2024-05-28 14:38:46 [AsyncResolver-bootstrap-executor-0] INFO  c.n.d.s.r.aws.ConfigClusterResolver - Resolving eureka endpoints via configuration
2024-05-28 14:43:46 [AsyncResolver-bootstrap-executor-0] INFO  c.n.d.s.r.aws.ConfigClusterResolver - Resolving eureka endpoints via configuration
2024-05-28 14:48:46 [AsyncResolver-bootstrap-executor-0] INFO  c.n.d.s.r.aws.ConfigClusterResolver - Resolving eureka endpoints via configuration
2024-05-28 14:53:46 [AsyncResolver-bootstrap-executor-0] INFO  c.n.d.s.r.aws.ConfigClusterResolver - Resolving eureka endpoints via configuration
2024-05-28 14:58:46 [AsyncResolver-bootstrap-executor-0] INFO  c.n.d.s.r.aws.ConfigClusterResolver - Resolving eureka endpoints via configuration
2024-05-28 15:03:46 [AsyncResolver-bootstrap-executor-0] INFO  c.n.d.s.r.aws.ConfigClusterResolver - Resolving eureka endpoints via configuration
2024-05-28 15:08:46 [AsyncResolver-bootstrap-executor-0] INFO  c.n.d.s.r.aws.ConfigClusterResolver - Resolving eureka endpoints via configuration
2024-05-28 15:13:46 [AsyncResolver-bootstrap-executor-0] INFO  c.n.d.s.r.aws.ConfigClusterResolver - Resolving eureka endpoints via configuration
2024-05-28 15:18:46 [AsyncResolver-bootstrap-executor-0] INFO  c.n.d.s.r.aws.ConfigClusterResolver - Resolving eureka endpoints via configuration
2024-05-28 15:23:46 [AsyncResolver-bootstrap-executor-0] INFO  c.n.d.s.r.aws.ConfigClusterResolver - Resolving eureka endpoints via configuration
2024-05-28 15:25:36 [HikariPool-1 housekeeper] WARN  com.zaxxer.hikari.pool.HikariPool - HikariPool-1 - Thread starvation or clock leap detected (housekeeper delta=47s467ms244µs100ns).
2024-05-28 15:24:56 [DiscoveryClient-1] WARN  c.n.discovery.TimedSupervisorTask - task supervisor timed out
java.util.concurrent.TimeoutException: null
	at java.base/java.util.concurrent.FutureTask.get(FutureTask.java:204)
	at com.netflix.discovery.TimedSupervisorTask.run(TimedSupervisorTask.java:68)
	at java.base/java.util.concurrent.Executors$RunnableAdapter.call(Executors.java:539)
	at java.base/java.util.concurrent.FutureTask.run(FutureTask.java:264)
	at java.base/java.util.concurrent.ScheduledThreadPoolExecutor$ScheduledFutureTask.run(ScheduledThreadPoolExecutor.java:304)
	at java.base/java.util.concurrent.ThreadPoolExecutor.runWorker(ThreadPoolExecutor.java:1136)
	at java.base/java.util.concurrent.ThreadPoolExecutor$Worker.run(ThreadPoolExecutor.java:635)
	at java.base/java.lang.Thread.run(Thread.java:842)
2024-05-28 15:27:00 [springCloudBus.anonymous.phz5xi5_QD2zpcKLo_QFPg-1] INFO  o.s.a.r.l.SimpleMessageListenerContainer - Restarting Consumer@68284cf9: tags=[[amq.ctag-asGCxdymBgCGdyfyz-d04A]], channel=Cached Rabbit Channel: AMQChannel(amqp://rabbitmq@127.0.0.1:5672/,1), conn: Proxy@7e21f10e Shared Rabbit Connection: SimpleConnection@3ae2721b [delegate=amqp://rabbitmq@127.0.0.1:5672/, localPort=64035], acknowledgeMode=AUTO local queue size=0
2024-05-28 15:28:29 [springCloudBus.anonymous.phz5xi5_QD2zpcKLo_QFPg-2] INFO  o.s.a.r.c.CachingConnectionFactory - Attempting to connect to: [localhost:5672]
2024-05-28 15:28:45 [springCloudBus.anonymous.phz5xi5_QD2zpcKLo_QFPg-2] INFO  o.s.a.r.l.SimpleMessageListenerContainer - Restarting Consumer@3cecbb81: tags=[[]], channel=null, acknowledgeMode=AUTO local queue size=0
2024-05-28 15:28:45 [springCloudBus.anonymous.phz5xi5_QD2zpcKLo_QFPg-3] INFO  o.s.a.r.c.CachingConnectionFactory - Attempting to connect to: [localhost:5672]
2024-05-28 15:28:46 [AsyncResolver-bootstrap-executor-0] INFO  c.n.d.s.r.aws.ConfigClusterResolver - Resolving eureka endpoints via configuration
2024-05-28 15:28:51 [springCloudBus.anonymous.phz5xi5_QD2zpcKLo_QFPg-3] INFO  o.s.a.r.l.SimpleMessageListenerContainer - Restarting Consumer@4c70033d: tags=[[]], channel=null, acknowledgeMode=AUTO local queue size=0
2024-05-28 15:28:51 [springCloudBus.anonymous.phz5xi5_QD2zpcKLo_QFPg-4] INFO  o.s.a.r.c.CachingConnectionFactory - Attempting to connect to: [localhost:5672]
2024-05-28 15:28:56 [springCloudBus.anonymous.phz5xi5_QD2zpcKLo_QFPg-4] INFO  o.s.a.r.l.SimpleMessageListenerContainer - Restarting Consumer@2016e51d: tags=[[]], channel=null, acknowledgeMode=AUTO local queue size=0
2024-05-28 15:28:56 [springCloudBus.anonymous.phz5xi5_QD2zpcKLo_QFPg-5] INFO  o.s.a.r.c.CachingConnectionFactory - Attempting to connect to: [localhost:5672]
2024-05-28 15:29:01 [springCloudBus.anonymous.phz5xi5_QD2zpcKLo_QFPg-5] INFO  o.s.a.r.l.SimpleMessageListenerContainer - Restarting Consumer@2fada2bf: tags=[[]], channel=null, acknowledgeMode=AUTO local queue size=0
2024-05-28 15:29:01 [springCloudBus.anonymous.phz5xi5_QD2zpcKLo_QFPg-6] INFO  o.s.a.r.c.CachingConnectionFactory - Attempting to connect to: [localhost:5672]
2024-05-28 15:29:07 [springCloudBus.anonymous.phz5xi5_QD2zpcKLo_QFPg-6] INFO  o.s.a.r.l.SimpleMessageListenerContainer - Restarting Consumer@b820cbd: tags=[[]], channel=null, acknowledgeMode=AUTO local queue size=0
2024-05-28 15:29:07 [springCloudBus.anonymous.phz5xi5_QD2zpcKLo_QFPg-7] INFO  o.s.a.r.c.CachingConnectionFactory - Attempting to connect to: [localhost:5672]
2024-05-28 15:29:12 [springCloudBus.anonymous.phz5xi5_QD2zpcKLo_QFPg-7] INFO  o.s.a.r.l.SimpleMessageListenerContainer - Restarting Consumer@7c787cde: tags=[[]], channel=null, acknowledgeMode=AUTO local queue size=0
2024-05-28 15:29:12 [springCloudBus.anonymous.phz5xi5_QD2zpcKLo_QFPg-8] INFO  o.s.a.r.c.CachingConnectionFactory - Attempting to connect to: [localhost:5672]
2024-05-28 15:29:17 [springCloudBus.anonymous.phz5xi5_QD2zpcKLo_QFPg-8] INFO  o.s.a.r.l.SimpleMessageListenerContainer - Restarting Consumer@6a167981: tags=[[]], channel=null, acknowledgeMode=AUTO local queue size=0
2024-05-28 15:29:17 [springCloudBus.anonymous.phz5xi5_QD2zpcKLo_QFPg-9] INFO  o.s.a.r.c.CachingConnectionFactory - Attempting to connect to: [localhost:5672]
2024-05-28 15:29:56 [springCloudBus.anonymous.phz5xi5_QD2zpcKLo_QFPg-9] INFO  o.s.a.r.l.SimpleMessageListenerContainer - Restarting Consumer@30c95fde: tags=[[]], channel=null, acknowledgeMode=AUTO local queue size=0
2024-05-28 15:29:56 [springCloudBus.anonymous.phz5xi5_QD2zpcKLo_QFPg-10] INFO  o.s.a.r.c.CachingConnectionFactory - Attempting to connect to: [localhost:5672]
2024-05-28 15:30:02 [springCloudBus.anonymous.phz5xi5_QD2zpcKLo_QFPg-10] INFO  o.s.a.r.l.SimpleMessageListenerContainer - Restarting Consumer@78893ca1: tags=[[]], channel=null, acknowledgeMode=AUTO local queue size=0
2024-05-28 15:30:02 [springCloudBus.anonymous.phz5xi5_QD2zpcKLo_QFPg-11] INFO  o.s.a.r.c.CachingConnectionFactory - Attempting to connect to: [localhost:5672]
2024-05-28 15:30:03 [AMQP Connection 0:0:0:0:0:0:0:1:5672] ERROR c.r.c.impl.ForgivingExceptionHandler - An unexpected connection driver error occurred
java.net.SocketException: An established connection was aborted by the software in your host machine
	at java.base/sun.nio.ch.NioSocketImpl.implRead(NioSocketImpl.java:330)
	at java.base/sun.nio.ch.NioSocketImpl.read(NioSocketImpl.java:355)
	at java.base/sun.nio.ch.NioSocketImpl$1.read(NioSocketImpl.java:808)
	at java.base/java.net.Socket$SocketInputStream.read(Socket.java:966)
	at java.base/java.io.BufferedInputStream.fill(BufferedInputStream.java:244)
	at java.base/java.io.BufferedInputStream.read(BufferedInputStream.java:263)
	at java.base/java.io.DataInputStream.readUnsignedByte(DataInputStream.java:294)
	at com.rabbitmq.client.impl.Frame.readFrom(Frame.java:91)
	at com.rabbitmq.client.impl.SocketFrameHandler.readFrame(SocketFrameHandler.java:199)
	at com.rabbitmq.client.impl.AMQConnection$MainLoop.run(AMQConnection.java:687)
	at java.base/java.lang.Thread.run(Thread.java:842)
2024-05-28 15:30:09 [springCloudBus.anonymous.phz5xi5_QD2zpcKLo_QFPg-11] INFO  o.s.a.r.l.SimpleMessageListenerContainer - Restarting Consumer@5bb23ac5: tags=[[]], channel=null, acknowledgeMode=AUTO local queue size=0
2024-05-28 15:30:09 [springCloudBus.anonymous.phz5xi5_QD2zpcKLo_QFPg-12] INFO  o.s.a.r.c.CachingConnectionFactory - Attempting to connect to: [localhost:5672]
2024-05-28 15:30:15 [springCloudBus.anonymous.phz5xi5_QD2zpcKLo_QFPg-12] INFO  o.s.a.r.l.SimpleMessageListenerContainer - Restarting Consumer@7a9b49c3: tags=[[]], channel=null, acknowledgeMode=AUTO local queue size=0
2024-05-28 15:30:15 [springCloudBus.anonymous.phz5xi5_QD2zpcKLo_QFPg-13] INFO  o.s.a.r.c.CachingConnectionFactory - Attempting to connect to: [localhost:5672]
2024-05-28 15:30:20 [springCloudBus.anonymous.phz5xi5_QD2zpcKLo_QFPg-13] INFO  o.s.a.r.l.SimpleMessageListenerContainer - Restarting Consumer@1a4774b3: tags=[[]], channel=null, acknowledgeMode=AUTO local queue size=0
2024-05-28 15:30:20 [springCloudBus.anonymous.phz5xi5_QD2zpcKLo_QFPg-14] INFO  o.s.a.r.c.CachingConnectionFactory - Attempting to connect to: [localhost:5672]
2024-05-28 15:30:25 [springCloudBus.anonymous.phz5xi5_QD2zpcKLo_QFPg-14] INFO  o.s.a.r.l.SimpleMessageListenerContainer - Restarting Consumer@1e9fb13e: tags=[[]], channel=null, acknowledgeMode=AUTO local queue size=0
2024-05-28 15:30:25 [springCloudBus.anonymous.phz5xi5_QD2zpcKLo_QFPg-15] INFO  o.s.a.r.c.CachingConnectionFactory - Attempting to connect to: [localhost:5672]
2024-05-28 15:30:33 [springCloudBus.anonymous.phz5xi5_QD2zpcKLo_QFPg-15] WARN  o.s.a.r.l.SimpleMessageListenerContainer - Consumer raised exception, processing can restart if the connection factory supports it. Exception summary: org.springframework.amqp.AmqpConnectException: java.net.ConnectException: Connection refused: no further information
2024-05-28 15:30:33 [springCloudBus.anonymous.phz5xi5_QD2zpcKLo_QFPg-15] INFO  o.s.a.r.l.SimpleMessageListenerContainer - Restarting Consumer@4c91afed: tags=[[]], channel=null, acknowledgeMode=AUTO local queue size=0
2024-05-28 15:30:33 [springCloudBus.anonymous.phz5xi5_QD2zpcKLo_QFPg-16] INFO  o.s.a.r.c.CachingConnectionFactory - Attempting to connect to: [localhost:5672]
2024-05-28 15:30:38 [springCloudBus.anonymous.phz5xi5_QD2zpcKLo_QFPg-16] WARN  o.s.a.r.l.SimpleMessageListenerContainer - Consumer raised exception, processing can restart if the connection factory supports it. Exception summary: org.springframework.amqp.AmqpConnectException: java.net.ConnectException: Connection refused: no further information
2024-05-28 15:30:38 [springCloudBus.anonymous.phz5xi5_QD2zpcKLo_QFPg-16] INFO  o.s.a.r.l.SimpleMessageListenerContainer - Restarting Consumer@3ad9390d: tags=[[]], channel=null, acknowledgeMode=AUTO local queue size=0
2024-05-28 15:30:38 [springCloudBus.anonymous.phz5xi5_QD2zpcKLo_QFPg-17] INFO  o.s.a.r.c.CachingConnectionFactory - Attempting to connect to: [localhost:5672]
2024-05-28 15:30:43 [springCloudBus.anonymous.phz5xi5_QD2zpcKLo_QFPg-17] WARN  o.s.a.r.l.SimpleMessageListenerContainer - Consumer raised exception, processing can restart if the connection factory supports it. Exception summary: org.springframework.amqp.AmqpConnectException: java.net.ConnectException: Connection refused: no further information
2024-05-28 15:30:43 [springCloudBus.anonymous.phz5xi5_QD2zpcKLo_QFPg-17] INFO  o.s.a.r.l.SimpleMessageListenerContainer - Restarting Consumer@71b31578: tags=[[]], channel=null, acknowledgeMode=AUTO local queue size=0
2024-05-28 15:30:43 [springCloudBus.anonymous.phz5xi5_QD2zpcKLo_QFPg-18] INFO  o.s.a.r.c.CachingConnectionFactory - Attempting to connect to: [localhost:5672]
2024-05-28 15:30:48 [springCloudBus.anonymous.phz5xi5_QD2zpcKLo_QFPg-18] WARN  o.s.a.r.l.SimpleMessageListenerContainer - Consumer raised exception, processing can restart if the connection factory supports it. Exception summary: org.springframework.amqp.AmqpConnectException: java.net.ConnectException: Connection refused: no further information
2024-05-28 15:30:48 [springCloudBus.anonymous.phz5xi5_QD2zpcKLo_QFPg-18] INFO  o.s.a.r.l.SimpleMessageListenerContainer - Restarting Consumer@74ccc95f: tags=[[]], channel=null, acknowledgeMode=AUTO local queue size=0
2024-05-28 15:30:48 [springCloudBus.anonymous.phz5xi5_QD2zpcKLo_QFPg-19] INFO  o.s.a.r.c.CachingConnectionFactory - Attempting to connect to: [localhost:5672]
2024-05-28 15:30:53 [springCloudBus.anonymous.phz5xi5_QD2zpcKLo_QFPg-19] WARN  o.s.a.r.l.SimpleMessageListenerContainer - Consumer raised exception, processing can restart if the connection factory supports it. Exception summary: org.springframework.amqp.AmqpConnectException: java.net.ConnectException: Connection refused: no further information
2024-05-28 15:30:53 [springCloudBus.anonymous.phz5xi5_QD2zpcKLo_QFPg-19] INFO  o.s.a.r.l.SimpleMessageListenerContainer - Restarting Consumer@31b80dc2: tags=[[]], channel=null, acknowledgeMode=AUTO local queue size=0
2024-05-28 15:30:53 [springCloudBus.anonymous.phz5xi5_QD2zpcKLo_QFPg-20] INFO  o.s.a.r.c.CachingConnectionFactory - Attempting to connect to: [localhost:5672]
2024-05-28 15:30:59 [springCloudBus.anonymous.phz5xi5_QD2zpcKLo_QFPg-20] WARN  o.s.a.r.l.SimpleMessageListenerContainer - Consumer raised exception, processing can restart if the connection factory supports it. Exception summary: org.springframework.amqp.AmqpConnectException: java.net.ConnectException: Connection refused: no further information
2024-05-28 15:30:59 [springCloudBus.anonymous.phz5xi5_QD2zpcKLo_QFPg-20] INFO  o.s.a.r.l.SimpleMessageListenerContainer - Restarting Consumer@6343413d: tags=[[]], channel=null, acknowledgeMode=AUTO local queue size=0
2024-05-28 15:30:59 [springCloudBus.anonymous.phz5xi5_QD2zpcKLo_QFPg-21] INFO  o.s.a.r.c.CachingConnectionFactory - Attempting to connect to: [localhost:5672]
2024-05-28 15:31:04 [springCloudBus.anonymous.phz5xi5_QD2zpcKLo_QFPg-21] WARN  o.s.a.r.l.SimpleMessageListenerContainer - Consumer raised exception, processing can restart if the connection factory supports it. Exception summary: org.springframework.amqp.AmqpConnectException: java.net.ConnectException: Connection refused: no further information
2024-05-28 15:31:04 [springCloudBus.anonymous.phz5xi5_QD2zpcKLo_QFPg-21] INFO  o.s.a.r.l.SimpleMessageListenerContainer - Restarting Consumer@3535f75b: tags=[[]], channel=null, acknowledgeMode=AUTO local queue size=0
2024-05-28 15:31:04 [springCloudBus.anonymous.phz5xi5_QD2zpcKLo_QFPg-22] INFO  o.s.a.r.c.CachingConnectionFactory - Attempting to connect to: [localhost:5672]
2024-05-28 15:31:09 [springCloudBus.anonymous.phz5xi5_QD2zpcKLo_QFPg-22] WARN  o.s.a.r.l.SimpleMessageListenerContainer - Consumer raised exception, processing can restart if the connection factory supports it. Exception summary: org.springframework.amqp.AmqpConnectException: java.net.ConnectException: Connection refused: no further information
2024-05-28 15:31:09 [springCloudBus.anonymous.phz5xi5_QD2zpcKLo_QFPg-22] INFO  o.s.a.r.l.SimpleMessageListenerContainer - Restarting Consumer@1794a719: tags=[[]], channel=null, acknowledgeMode=AUTO local queue size=0
2024-05-28 15:31:09 [springCloudBus.anonymous.phz5xi5_QD2zpcKLo_QFPg-23] INFO  o.s.a.r.c.CachingConnectionFactory - Attempting to connect to: [localhost:5672]
2024-05-28 15:31:14 [springCloudBus.anonymous.phz5xi5_QD2zpcKLo_QFPg-23] WARN  o.s.a.r.l.SimpleMessageListenerContainer - Consumer raised exception, processing can restart if the connection factory supports it. Exception summary: org.springframework.amqp.AmqpConnectException: java.net.ConnectException: Connection refused: no further information
2024-05-28 15:31:14 [springCloudBus.anonymous.phz5xi5_QD2zpcKLo_QFPg-23] INFO  o.s.a.r.l.SimpleMessageListenerContainer - Restarting Consumer@2e7cf350: tags=[[]], channel=null, acknowledgeMode=AUTO local queue size=0
2024-05-28 15:31:14 [springCloudBus.anonymous.phz5xi5_QD2zpcKLo_QFPg-24] INFO  o.s.a.r.c.CachingConnectionFactory - Attempting to connect to: [localhost:5672]
2024-05-28 15:31:19 [springCloudBus.anonymous.phz5xi5_QD2zpcKLo_QFPg-24] WARN  o.s.a.r.l.SimpleMessageListenerContainer - Consumer raised exception, processing can restart if the connection factory supports it. Exception summary: org.springframework.amqp.AmqpConnectException: java.net.ConnectException: Connection refused: no further information
2024-05-28 15:31:19 [springCloudBus.anonymous.phz5xi5_QD2zpcKLo_QFPg-24] INFO  o.s.a.r.l.SimpleMessageListenerContainer - Restarting Consumer@6cfc58a9: tags=[[]], channel=null, acknowledgeMode=AUTO local queue size=0
2024-05-28 15:31:19 [springCloudBus.anonymous.phz5xi5_QD2zpcKLo_QFPg-25] INFO  o.s.a.r.c.CachingConnectionFactory - Attempting to connect to: [localhost:5672]
2024-05-28 15:31:24 [springCloudBus.anonymous.phz5xi5_QD2zpcKLo_QFPg-25] WARN  o.s.a.r.l.SimpleMessageListenerContainer - Consumer raised exception, processing can restart if the connection factory supports it. Exception summary: org.springframework.amqp.AmqpConnectException: java.net.ConnectException: Connection refused: no further information
2024-05-28 15:31:24 [springCloudBus.anonymous.phz5xi5_QD2zpcKLo_QFPg-25] INFO  o.s.a.r.l.SimpleMessageListenerContainer - Restarting Consumer@2dce2692: tags=[[]], channel=null, acknowledgeMode=AUTO local queue size=0
2024-05-28 15:31:24 [springCloudBus.anonymous.phz5xi5_QD2zpcKLo_QFPg-26] INFO  o.s.a.r.c.CachingConnectionFactory - Attempting to connect to: [localhost:5672]
2024-05-28 15:31:29 [springCloudBus.anonymous.phz5xi5_QD2zpcKLo_QFPg-26] WARN  o.s.a.r.l.SimpleMessageListenerContainer - Consumer raised exception, processing can restart if the connection factory supports it. Exception summary: org.springframework.amqp.AmqpConnectException: java.net.ConnectException: Connection refused: no further information
2024-05-28 15:31:29 [springCloudBus.anonymous.phz5xi5_QD2zpcKLo_QFPg-26] INFO  o.s.a.r.l.SimpleMessageListenerContainer - Restarting Consumer@20bc4f4b: tags=[[]], channel=null, acknowledgeMode=AUTO local queue size=0
2024-05-28 15:31:29 [springCloudBus.anonymous.phz5xi5_QD2zpcKLo_QFPg-27] INFO  o.s.a.r.c.CachingConnectionFactory - Attempting to connect to: [localhost:5672]
2024-05-28 15:31:34 [springCloudBus.anonymous.phz5xi5_QD2zpcKLo_QFPg-27] WARN  o.s.a.r.l.SimpleMessageListenerContainer - Consumer raised exception, processing can restart if the connection factory supports it. Exception summary: org.springframework.amqp.AmqpConnectException: java.net.ConnectException: Connection refused: no further information
2024-05-28 15:31:34 [springCloudBus.anonymous.phz5xi5_QD2zpcKLo_QFPg-27] INFO  o.s.a.r.l.SimpleMessageListenerContainer - Restarting Consumer@cb1cede: tags=[[]], channel=null, acknowledgeMode=AUTO local queue size=0
2024-05-28 15:31:34 [springCloudBus.anonymous.phz5xi5_QD2zpcKLo_QFPg-28] INFO  o.s.a.r.c.CachingConnectionFactory - Attempting to connect to: [localhost:5672]
2024-05-28 15:31:40 [springCloudBus.anonymous.phz5xi5_QD2zpcKLo_QFPg-28] WARN  o.s.a.r.l.SimpleMessageListenerContainer - Consumer raised exception, processing can restart if the connection factory supports it. Exception summary: org.springframework.amqp.AmqpConnectException: java.net.ConnectException: Connection refused: no further information
2024-05-28 15:31:40 [springCloudBus.anonymous.phz5xi5_QD2zpcKLo_QFPg-28] INFO  o.s.a.r.l.SimpleMessageListenerContainer - Restarting Consumer@779eebbb: tags=[[]], channel=null, acknowledgeMode=AUTO local queue size=0
2024-05-28 15:31:40 [springCloudBus.anonymous.phz5xi5_QD2zpcKLo_QFPg-29] INFO  o.s.a.r.c.CachingConnectionFactory - Attempting to connect to: [localhost:5672]
2024-05-28 15:31:45 [springCloudBus.anonymous.phz5xi5_QD2zpcKLo_QFPg-29] WARN  o.s.a.r.l.SimpleMessageListenerContainer - Consumer raised exception, processing can restart if the connection factory supports it. Exception summary: org.springframework.amqp.AmqpConnectException: java.net.ConnectException: Connection refused: no further information
2024-05-28 15:31:45 [springCloudBus.anonymous.phz5xi5_QD2zpcKLo_QFPg-29] INFO  o.s.a.r.l.SimpleMessageListenerContainer - Restarting Consumer@43f2263d: tags=[[]], channel=null, acknowledgeMode=AUTO local queue size=0
2024-05-28 15:31:45 [springCloudBus.anonymous.phz5xi5_QD2zpcKLo_QFPg-30] INFO  o.s.a.r.c.CachingConnectionFactory - Attempting to connect to: [localhost:5672]
2024-05-28 15:31:50 [springCloudBus.anonymous.phz5xi5_QD2zpcKLo_QFPg-30] WARN  o.s.a.r.l.SimpleMessageListenerContainer - Consumer raised exception, processing can restart if the connection factory supports it. Exception summary: org.springframework.amqp.AmqpConnectException: java.net.ConnectException: Connection refused: no further information
2024-05-28 15:31:50 [springCloudBus.anonymous.phz5xi5_QD2zpcKLo_QFPg-30] INFO  o.s.a.r.l.SimpleMessageListenerContainer - Restarting Consumer@27d76e8b: tags=[[]], channel=null, acknowledgeMode=AUTO local queue size=0
2024-05-28 15:31:50 [springCloudBus.anonymous.phz5xi5_QD2zpcKLo_QFPg-31] INFO  o.s.a.r.c.CachingConnectionFactory - Attempting to connect to: [localhost:5672]
2024-05-28 15:31:55 [springCloudBus.anonymous.phz5xi5_QD2zpcKLo_QFPg-31] WARN  o.s.a.r.l.SimpleMessageListenerContainer - Consumer raised exception, processing can restart if the connection factory supports it. Exception summary: org.springframework.amqp.AmqpConnectException: java.net.ConnectException: Connection refused: no further information
2024-05-28 15:31:55 [springCloudBus.anonymous.phz5xi5_QD2zpcKLo_QFPg-31] INFO  o.s.a.r.l.SimpleMessageListenerContainer - Restarting Consumer@ec21ae: tags=[[]], channel=null, acknowledgeMode=AUTO local queue size=0
2024-05-28 15:31:55 [springCloudBus.anonymous.phz5xi5_QD2zpcKLo_QFPg-32] INFO  o.s.a.r.c.CachingConnectionFactory - Attempting to connect to: [localhost:5672]
2024-05-28 15:32:00 [springCloudBus.anonymous.phz5xi5_QD2zpcKLo_QFPg-32] WARN  o.s.a.r.l.SimpleMessageListenerContainer - Consumer raised exception, processing can restart if the connection factory supports it. Exception summary: org.springframework.amqp.AmqpConnectException: java.net.ConnectException: Connection refused: no further information
2024-05-28 15:32:00 [springCloudBus.anonymous.phz5xi5_QD2zpcKLo_QFPg-32] INFO  o.s.a.r.l.SimpleMessageListenerContainer - Restarting Consumer@57d38643: tags=[[]], channel=null, acknowledgeMode=AUTO local queue size=0
2024-05-28 15:32:00 [springCloudBus.anonymous.phz5xi5_QD2zpcKLo_QFPg-33] INFO  o.s.a.r.c.CachingConnectionFactory - Attempting to connect to: [localhost:5672]
2024-05-28 15:32:05 [springCloudBus.anonymous.phz5xi5_QD2zpcKLo_QFPg-33] WARN  o.s.a.r.l.SimpleMessageListenerContainer - Consumer raised exception, processing can restart if the connection factory supports it. Exception summary: org.springframework.amqp.AmqpConnectException: java.net.ConnectException: Connection refused: no further information
2024-05-28 15:32:05 [springCloudBus.anonymous.phz5xi5_QD2zpcKLo_QFPg-33] INFO  o.s.a.r.l.SimpleMessageListenerContainer - Restarting Consumer@5117b77c: tags=[[]], channel=null, acknowledgeMode=AUTO local queue size=0
2024-05-28 15:32:05 [springCloudBus.anonymous.phz5xi5_QD2zpcKLo_QFPg-34] INFO  o.s.a.r.c.CachingConnectionFactory - Attempting to connect to: [localhost:5672]
2024-05-28 15:32:10 [springCloudBus.anonymous.phz5xi5_QD2zpcKLo_QFPg-34] WARN  o.s.a.r.l.SimpleMessageListenerContainer - Consumer raised exception, processing can restart if the connection factory supports it. Exception summary: org.springframework.amqp.AmqpConnectException: java.net.ConnectException: Connection refused: no further information
2024-05-28 15:32:10 [springCloudBus.anonymous.phz5xi5_QD2zpcKLo_QFPg-34] INFO  o.s.a.r.l.SimpleMessageListenerContainer - Restarting Consumer@69ee33aa: tags=[[]], channel=null, acknowledgeMode=AUTO local queue size=0
2024-05-28 15:32:10 [springCloudBus.anonymous.phz5xi5_QD2zpcKLo_QFPg-35] INFO  o.s.a.r.c.CachingConnectionFactory - Attempting to connect to: [localhost:5672]
2024-05-28 15:32:15 [springCloudBus.anonymous.phz5xi5_QD2zpcKLo_QFPg-35] WARN  o.s.a.r.l.SimpleMessageListenerContainer - Consumer raised exception, processing can restart if the connection factory supports it. Exception summary: org.springframework.amqp.AmqpConnectException: java.net.ConnectException: Connection refused: no further information
2024-05-28 15:32:15 [springCloudBus.anonymous.phz5xi5_QD2zpcKLo_QFPg-35] INFO  o.s.a.r.l.SimpleMessageListenerContainer - Restarting Consumer@10c9ba38: tags=[[]], channel=null, acknowledgeMode=AUTO local queue size=0
2024-05-28 15:32:15 [springCloudBus.anonymous.phz5xi5_QD2zpcKLo_QFPg-36] INFO  o.s.a.r.c.CachingConnectionFactory - Attempting to connect to: [localhost:5672]
2024-05-28 15:32:21 [springCloudBus.anonymous.phz5xi5_QD2zpcKLo_QFPg-36] WARN  o.s.a.r.l.SimpleMessageListenerContainer - Consumer raised exception, processing can restart if the connection factory supports it. Exception summary: org.springframework.amqp.AmqpConnectException: java.net.ConnectException: Connection refused: no further information
2024-05-28 15:32:21 [springCloudBus.anonymous.phz5xi5_QD2zpcKLo_QFPg-36] INFO  o.s.a.r.l.SimpleMessageListenerContainer - Restarting Consumer@5eaa750f: tags=[[]], channel=null, acknowledgeMode=AUTO local queue size=0
2024-05-28 15:32:21 [springCloudBus.anonymous.phz5xi5_QD2zpcKLo_QFPg-37] INFO  o.s.a.r.c.CachingConnectionFactory - Attempting to connect to: [localhost:5672]
2024-05-28 15:32:26 [springCloudBus.anonymous.phz5xi5_QD2zpcKLo_QFPg-37] WARN  o.s.a.r.l.SimpleMessageListenerContainer - Consumer raised exception, processing can restart if the connection factory supports it. Exception summary: org.springframework.amqp.AmqpConnectException: java.net.ConnectException: Connection refused: no further information
2024-05-28 15:32:26 [springCloudBus.anonymous.phz5xi5_QD2zpcKLo_QFPg-37] INFO  o.s.a.r.l.SimpleMessageListenerContainer - Restarting Consumer@3c2a66b4: tags=[[]], channel=null, acknowledgeMode=AUTO local queue size=0
2024-05-28 15:32:26 [springCloudBus.anonymous.phz5xi5_QD2zpcKLo_QFPg-38] INFO  o.s.a.r.c.CachingConnectionFactory - Attempting to connect to: [localhost:5672]
2024-05-28 15:32:31 [springCloudBus.anonymous.phz5xi5_QD2zpcKLo_QFPg-38] WARN  o.s.a.r.l.SimpleMessageListenerContainer - Consumer raised exception, processing can restart if the connection factory supports it. Exception summary: org.springframework.amqp.AmqpConnectException: java.net.ConnectException: Connection refused: no further information
2024-05-28 15:32:31 [springCloudBus.anonymous.phz5xi5_QD2zpcKLo_QFPg-38] INFO  o.s.a.r.l.SimpleMessageListenerContainer - Restarting Consumer@79ed6ea0: tags=[[]], channel=null, acknowledgeMode=AUTO local queue size=0
2024-05-28 15:32:31 [springCloudBus.anonymous.phz5xi5_QD2zpcKLo_QFPg-39] INFO  o.s.a.r.c.CachingConnectionFactory - Attempting to connect to: [localhost:5672]
2024-05-28 15:32:36 [springCloudBus.anonymous.phz5xi5_QD2zpcKLo_QFPg-39] WARN  o.s.a.r.l.SimpleMessageListenerContainer - Consumer raised exception, processing can restart if the connection factory supports it. Exception summary: org.springframework.amqp.AmqpConnectException: java.net.ConnectException: Connection refused: no further information
2024-05-28 15:32:36 [springCloudBus.anonymous.phz5xi5_QD2zpcKLo_QFPg-39] INFO  o.s.a.r.l.SimpleMessageListenerContainer - Restarting Consumer@30dbc287: tags=[[]], channel=null, acknowledgeMode=AUTO local queue size=0
2024-05-28 15:32:36 [springCloudBus.anonymous.phz5xi5_QD2zpcKLo_QFPg-40] INFO  o.s.a.r.c.CachingConnectionFactory - Attempting to connect to: [localhost:5672]
2024-05-28 15:32:41 [springCloudBus.anonymous.phz5xi5_QD2zpcKLo_QFPg-40] WARN  o.s.a.r.l.SimpleMessageListenerContainer - Consumer raised exception, processing can restart if the connection factory supports it. Exception summary: org.springframework.amqp.AmqpConnectException: java.net.ConnectException: Connection refused: no further information
2024-05-28 15:32:41 [springCloudBus.anonymous.phz5xi5_QD2zpcKLo_QFPg-40] INFO  o.s.a.r.l.SimpleMessageListenerContainer - Restarting Consumer@91a6bd7: tags=[[]], channel=null, acknowledgeMode=AUTO local queue size=0
2024-05-28 15:32:41 [springCloudBus.anonymous.phz5xi5_QD2zpcKLo_QFPg-41] INFO  o.s.a.r.c.CachingConnectionFactory - Attempting to connect to: [localhost:5672]
2024-05-28 15:32:46 [springCloudBus.anonymous.phz5xi5_QD2zpcKLo_QFPg-41] WARN  o.s.a.r.l.SimpleMessageListenerContainer - Consumer raised exception, processing can restart if the connection factory supports it. Exception summary: org.springframework.amqp.AmqpConnectException: java.net.ConnectException: Connection refused: no further information
2024-05-28 15:32:46 [springCloudBus.anonymous.phz5xi5_QD2zpcKLo_QFPg-41] INFO  o.s.a.r.l.SimpleMessageListenerContainer - Restarting Consumer@3b47e18b: tags=[[]], channel=null, acknowledgeMode=AUTO local queue size=0
2024-05-28 15:32:46 [springCloudBus.anonymous.phz5xi5_QD2zpcKLo_QFPg-42] INFO  o.s.a.r.c.CachingConnectionFactory - Attempting to connect to: [localhost:5672]
2024-05-28 15:32:52 [springCloudBus.anonymous.phz5xi5_QD2zpcKLo_QFPg-42] WARN  o.s.a.r.l.SimpleMessageListenerContainer - Consumer raised exception, processing can restart if the connection factory supports it. Exception summary: org.springframework.amqp.AmqpConnectException: java.net.ConnectException: Connection refused: no further information
2024-05-28 15:32:52 [springCloudBus.anonymous.phz5xi5_QD2zpcKLo_QFPg-42] INFO  o.s.a.r.l.SimpleMessageListenerContainer - Restarting Consumer@5af92f23: tags=[[]], channel=null, acknowledgeMode=AUTO local queue size=0
2024-05-28 15:32:52 [springCloudBus.anonymous.phz5xi5_QD2zpcKLo_QFPg-43] INFO  o.s.a.r.c.CachingConnectionFactory - Attempting to connect to: [localhost:5672]
2024-05-28 15:32:57 [springCloudBus.anonymous.phz5xi5_QD2zpcKLo_QFPg-43] WARN  o.s.a.r.l.SimpleMessageListenerContainer - Consumer raised exception, processing can restart if the connection factory supports it. Exception summary: org.springframework.amqp.AmqpConnectException: java.net.ConnectException: Connection refused: no further information
2024-05-28 15:32:57 [springCloudBus.anonymous.phz5xi5_QD2zpcKLo_QFPg-43] INFO  o.s.a.r.l.SimpleMessageListenerContainer - Restarting Consumer@328375b7: tags=[[]], channel=null, acknowledgeMode=AUTO local queue size=0
2024-05-28 15:32:57 [springCloudBus.anonymous.phz5xi5_QD2zpcKLo_QFPg-44] INFO  o.s.a.r.c.CachingConnectionFactory - Attempting to connect to: [localhost:5672]
2024-05-28 15:33:02 [springCloudBus.anonymous.phz5xi5_QD2zpcKLo_QFPg-44] WARN  o.s.a.r.l.SimpleMessageListenerContainer - Consumer raised exception, processing can restart if the connection factory supports it. Exception summary: org.springframework.amqp.AmqpConnectException: java.net.ConnectException: Connection refused: no further information
2024-05-28 15:33:02 [springCloudBus.anonymous.phz5xi5_QD2zpcKLo_QFPg-44] INFO  o.s.a.r.l.SimpleMessageListenerContainer - Restarting Consumer@62dec240: tags=[[]], channel=null, acknowledgeMode=AUTO local queue size=0
2024-05-28 15:33:02 [springCloudBus.anonymous.phz5xi5_QD2zpcKLo_QFPg-45] INFO  o.s.a.r.c.CachingConnectionFactory - Attempting to connect to: [localhost:5672]
2024-05-28 15:33:07 [springCloudBus.anonymous.phz5xi5_QD2zpcKLo_QFPg-45] WARN  o.s.a.r.l.SimpleMessageListenerContainer - Consumer raised exception, processing can restart if the connection factory supports it. Exception summary: org.springframework.amqp.AmqpConnectException: java.net.ConnectException: Connection refused: no further information
2024-05-28 15:33:07 [springCloudBus.anonymous.phz5xi5_QD2zpcKLo_QFPg-45] INFO  o.s.a.r.l.SimpleMessageListenerContainer - Restarting Consumer@6e39b811: tags=[[]], channel=null, acknowledgeMode=AUTO local queue size=0
2024-05-28 15:33:07 [springCloudBus.anonymous.phz5xi5_QD2zpcKLo_QFPg-46] INFO  o.s.a.r.c.CachingConnectionFactory - Attempting to connect to: [localhost:5672]
2024-05-28 15:33:12 [springCloudBus.anonymous.phz5xi5_QD2zpcKLo_QFPg-46] WARN  o.s.a.r.l.SimpleMessageListenerContainer - Consumer raised exception, processing can restart if the connection factory supports it. Exception summary: org.springframework.amqp.AmqpConnectException: java.net.ConnectException: Connection refused: no further information
2024-05-28 15:33:12 [springCloudBus.anonymous.phz5xi5_QD2zpcKLo_QFPg-46] INFO  o.s.a.r.l.SimpleMessageListenerContainer - Restarting Consumer@1757f0c1: tags=[[]], channel=null, acknowledgeMode=AUTO local queue size=0
2024-05-28 15:33:12 [springCloudBus.anonymous.phz5xi5_QD2zpcKLo_QFPg-47] INFO  o.s.a.r.c.CachingConnectionFactory - Attempting to connect to: [localhost:5672]
2024-05-28 15:33:17 [springCloudBus.anonymous.phz5xi5_QD2zpcKLo_QFPg-47] WARN  o.s.a.r.l.SimpleMessageListenerContainer - Consumer raised exception, processing can restart if the connection factory supports it. Exception summary: org.springframework.amqp.AmqpConnectException: java.net.ConnectException: Connection refused: no further information
2024-05-28 15:33:17 [springCloudBus.anonymous.phz5xi5_QD2zpcKLo_QFPg-47] INFO  o.s.a.r.l.SimpleMessageListenerContainer - Restarting Consumer@1742c5af: tags=[[]], channel=null, acknowledgeMode=AUTO local queue size=0
2024-05-28 15:33:17 [springCloudBus.anonymous.phz5xi5_QD2zpcKLo_QFPg-48] INFO  o.s.a.r.c.CachingConnectionFactory - Attempting to connect to: [localhost:5672]
2024-05-28 15:33:22 [springCloudBus.anonymous.phz5xi5_QD2zpcKLo_QFPg-48] WARN  o.s.a.r.l.SimpleMessageListenerContainer - Consumer raised exception, processing can restart if the connection factory supports it. Exception summary: org.springframework.amqp.AmqpConnectException: java.net.ConnectException: Connection refused: no further information
2024-05-28 15:33:22 [springCloudBus.anonymous.phz5xi5_QD2zpcKLo_QFPg-48] INFO  o.s.a.r.l.SimpleMessageListenerContainer - Restarting Consumer@271e2b06: tags=[[]], channel=null, acknowledgeMode=AUTO local queue size=0
2024-05-28 15:33:22 [springCloudBus.anonymous.phz5xi5_QD2zpcKLo_QFPg-49] INFO  o.s.a.r.c.CachingConnectionFactory - Attempting to connect to: [localhost:5672]
2024-05-28 15:33:27 [springCloudBus.anonymous.phz5xi5_QD2zpcKLo_QFPg-49] WARN  o.s.a.r.l.SimpleMessageListenerContainer - Consumer raised exception, processing can restart if the connection factory supports it. Exception summary: org.springframework.amqp.AmqpConnectException: java.net.ConnectException: Connection refused: no further information
2024-05-28 15:33:27 [springCloudBus.anonymous.phz5xi5_QD2zpcKLo_QFPg-49] INFO  o.s.a.r.l.SimpleMessageListenerContainer - Restarting Consumer@69053c5a: tags=[[]], channel=null, acknowledgeMode=AUTO local queue size=0
2024-05-28 15:33:27 [springCloudBus.anonymous.phz5xi5_QD2zpcKLo_QFPg-50] INFO  o.s.a.r.c.CachingConnectionFactory - Attempting to connect to: [localhost:5672]
2024-05-28 15:33:33 [springCloudBus.anonymous.phz5xi5_QD2zpcKLo_QFPg-50] WARN  o.s.a.r.l.SimpleMessageListenerContainer - Consumer raised exception, processing can restart if the connection factory supports it. Exception summary: org.springframework.amqp.AmqpConnectException: java.net.ConnectException: Connection refused: no further information
2024-05-28 15:33:33 [springCloudBus.anonymous.phz5xi5_QD2zpcKLo_QFPg-50] INFO  o.s.a.r.l.SimpleMessageListenerContainer - Restarting Consumer@2a5361e2: tags=[[]], channel=null, acknowledgeMode=AUTO local queue size=0
2024-05-28 15:33:33 [springCloudBus.anonymous.phz5xi5_QD2zpcKLo_QFPg-51] INFO  o.s.a.r.c.CachingConnectionFactory - Attempting to connect to: [localhost:5672]
2024-05-28 15:33:38 [springCloudBus.anonymous.phz5xi5_QD2zpcKLo_QFPg-51] WARN  o.s.a.r.l.SimpleMessageListenerContainer - Consumer raised exception, processing can restart if the connection factory supports it. Exception summary: org.springframework.amqp.AmqpConnectException: java.net.ConnectException: Connection refused: no further information
2024-05-28 15:33:38 [springCloudBus.anonymous.phz5xi5_QD2zpcKLo_QFPg-51] INFO  o.s.a.r.l.SimpleMessageListenerContainer - Restarting Consumer@59c35978: tags=[[]], channel=null, acknowledgeMode=AUTO local queue size=0
2024-05-28 15:33:38 [springCloudBus.anonymous.phz5xi5_QD2zpcKLo_QFPg-52] INFO  o.s.a.r.c.CachingConnectionFactory - Attempting to connect to: [localhost:5672]
2024-05-28 15:33:43 [springCloudBus.anonymous.phz5xi5_QD2zpcKLo_QFPg-52] WARN  o.s.a.r.l.SimpleMessageListenerContainer - Consumer raised exception, processing can restart if the connection factory supports it. Exception summary: org.springframework.amqp.AmqpConnectException: java.net.ConnectException: Connection refused: no further information
2024-05-28 15:33:43 [springCloudBus.anonymous.phz5xi5_QD2zpcKLo_QFPg-52] INFO  o.s.a.r.l.SimpleMessageListenerContainer - Restarting Consumer@7f17abb2: tags=[[]], channel=null, acknowledgeMode=AUTO local queue size=0
2024-05-28 15:33:43 [springCloudBus.anonymous.phz5xi5_QD2zpcKLo_QFPg-53] INFO  o.s.a.r.c.CachingConnectionFactory - Attempting to connect to: [localhost:5672]
2024-05-28 15:33:46 [AsyncResolver-bootstrap-executor-0] INFO  c.n.d.s.r.aws.ConfigClusterResolver - Resolving eureka endpoints via configuration
2024-05-28 15:33:48 [springCloudBus.anonymous.phz5xi5_QD2zpcKLo_QFPg-53] WARN  o.s.a.r.l.SimpleMessageListenerContainer - Consumer raised exception, processing can restart if the connection factory supports it. Exception summary: org.springframework.amqp.AmqpConnectException: java.net.ConnectException: Connection refused: no further information
2024-05-28 15:33:48 [springCloudBus.anonymous.phz5xi5_QD2zpcKLo_QFPg-53] INFO  o.s.a.r.l.SimpleMessageListenerContainer - Restarting Consumer@182e2cec: tags=[[]], channel=null, acknowledgeMode=AUTO local queue size=0
2024-05-28 15:33:48 [springCloudBus.anonymous.phz5xi5_QD2zpcKLo_QFPg-54] INFO  o.s.a.r.c.CachingConnectionFactory - Attempting to connect to: [localhost:5672]
2024-05-28 15:33:53 [springCloudBus.anonymous.phz5xi5_QD2zpcKLo_QFPg-54] WARN  o.s.a.r.l.SimpleMessageListenerContainer - Consumer raised exception, processing can restart if the connection factory supports it. Exception summary: org.springframework.amqp.AmqpConnectException: java.net.ConnectException: Connection refused: no further information
2024-05-28 15:33:53 [springCloudBus.anonymous.phz5xi5_QD2zpcKLo_QFPg-54] INFO  o.s.a.r.l.SimpleMessageListenerContainer - Restarting Consumer@418c898c: tags=[[]], channel=null, acknowledgeMode=AUTO local queue size=0
2024-05-28 15:33:53 [springCloudBus.anonymous.phz5xi5_QD2zpcKLo_QFPg-55] INFO  o.s.a.r.c.CachingConnectionFactory - Attempting to connect to: [localhost:5672]
2024-05-28 15:33:58 [springCloudBus.anonymous.phz5xi5_QD2zpcKLo_QFPg-55] WARN  o.s.a.r.l.SimpleMessageListenerContainer - Consumer raised exception, processing can restart if the connection factory supports it. Exception summary: org.springframework.amqp.AmqpConnectException: java.net.ConnectException: Connection refused: no further information
2024-05-28 15:33:58 [springCloudBus.anonymous.phz5xi5_QD2zpcKLo_QFPg-55] INFO  o.s.a.r.l.SimpleMessageListenerContainer - Restarting Consumer@492efb68: tags=[[]], channel=null, acknowledgeMode=AUTO local queue size=0
2024-05-28 15:33:58 [springCloudBus.anonymous.phz5xi5_QD2zpcKLo_QFPg-56] INFO  o.s.a.r.c.CachingConnectionFactory - Attempting to connect to: [localhost:5672]
2024-05-28 15:34:03 [springCloudBus.anonymous.phz5xi5_QD2zpcKLo_QFPg-56] WARN  o.s.a.r.l.SimpleMessageListenerContainer - Consumer raised exception, processing can restart if the connection factory supports it. Exception summary: org.springframework.amqp.AmqpConnectException: java.net.ConnectException: Connection refused: no further information
2024-05-28 15:34:03 [springCloudBus.anonymous.phz5xi5_QD2zpcKLo_QFPg-56] INFO  o.s.a.r.l.SimpleMessageListenerContainer - Restarting Consumer@5ac257d7: tags=[[]], channel=null, acknowledgeMode=AUTO local queue size=0
2024-05-28 15:34:03 [springCloudBus.anonymous.phz5xi5_QD2zpcKLo_QFPg-57] INFO  o.s.a.r.c.CachingConnectionFactory - Attempting to connect to: [localhost:5672]
2024-05-28 15:34:08 [springCloudBus.anonymous.phz5xi5_QD2zpcKLo_QFPg-57] WARN  o.s.a.r.l.SimpleMessageListenerContainer - Consumer raised exception, processing can restart if the connection factory supports it. Exception summary: org.springframework.amqp.AmqpConnectException: java.net.ConnectException: Connection refused: no further information
2024-05-28 15:34:08 [springCloudBus.anonymous.phz5xi5_QD2zpcKLo_QFPg-57] INFO  o.s.a.r.l.SimpleMessageListenerContainer - Restarting Consumer@1ae18a67: tags=[[]], channel=null, acknowledgeMode=AUTO local queue size=0
2024-05-28 15:34:08 [springCloudBus.anonymous.phz5xi5_QD2zpcKLo_QFPg-58] INFO  o.s.a.r.c.CachingConnectionFactory - Attempting to connect to: [localhost:5672]
2024-05-28 15:34:14 [springCloudBus.anonymous.phz5xi5_QD2zpcKLo_QFPg-58] WARN  o.s.a.r.l.SimpleMessageListenerContainer - Consumer raised exception, processing can restart if the connection factory supports it. Exception summary: org.springframework.amqp.AmqpConnectException: java.net.ConnectException: Connection refused: no further information
2024-05-28 15:34:14 [springCloudBus.anonymous.phz5xi5_QD2zpcKLo_QFPg-58] INFO  o.s.a.r.l.SimpleMessageListenerContainer - Restarting Consumer@5403d01b: tags=[[]], channel=null, acknowledgeMode=AUTO local queue size=0
2024-05-28 15:34:14 [springCloudBus.anonymous.phz5xi5_QD2zpcKLo_QFPg-59] INFO  o.s.a.r.c.CachingConnectionFactory - Attempting to connect to: [localhost:5672]
2024-05-28 15:34:19 [springCloudBus.anonymous.phz5xi5_QD2zpcKLo_QFPg-59] WARN  o.s.a.r.l.SimpleMessageListenerContainer - Consumer raised exception, processing can restart if the connection factory supports it. Exception summary: org.springframework.amqp.AmqpConnectException: java.net.ConnectException: Connection refused: no further information
2024-05-28 15:34:19 [springCloudBus.anonymous.phz5xi5_QD2zpcKLo_QFPg-59] INFO  o.s.a.r.l.SimpleMessageListenerContainer - Restarting Consumer@7672ee7d: tags=[[]], channel=null, acknowledgeMode=AUTO local queue size=0
2024-05-28 15:34:19 [springCloudBus.anonymous.phz5xi5_QD2zpcKLo_QFPg-60] INFO  o.s.a.r.c.CachingConnectionFactory - Attempting to connect to: [localhost:5672]
2024-05-28 15:34:24 [springCloudBus.anonymous.phz5xi5_QD2zpcKLo_QFPg-60] WARN  o.s.a.r.l.SimpleMessageListenerContainer - Consumer raised exception, processing can restart if the connection factory supports it. Exception summary: org.springframework.amqp.AmqpConnectException: java.net.ConnectException: Connection refused: no further information
2024-05-28 15:34:24 [springCloudBus.anonymous.phz5xi5_QD2zpcKLo_QFPg-60] INFO  o.s.a.r.l.SimpleMessageListenerContainer - Restarting Consumer@69a4a674: tags=[[]], channel=null, acknowledgeMode=AUTO local queue size=0
2024-05-28 15:34:24 [springCloudBus.anonymous.phz5xi5_QD2zpcKLo_QFPg-61] INFO  o.s.a.r.c.CachingConnectionFactory - Attempting to connect to: [localhost:5672]
2024-05-28 15:34:29 [springCloudBus.anonymous.phz5xi5_QD2zpcKLo_QFPg-61] WARN  o.s.a.r.l.SimpleMessageListenerContainer - Consumer raised exception, processing can restart if the connection factory supports it. Exception summary: org.springframework.amqp.AmqpConnectException: java.net.ConnectException: Connection refused: no further information
2024-05-28 15:34:29 [springCloudBus.anonymous.phz5xi5_QD2zpcKLo_QFPg-61] INFO  o.s.a.r.l.SimpleMessageListenerContainer - Restarting Consumer@773000f1: tags=[[]], channel=null, acknowledgeMode=AUTO local queue size=0
2024-05-28 15:34:29 [springCloudBus.anonymous.phz5xi5_QD2zpcKLo_QFPg-62] INFO  o.s.a.r.c.CachingConnectionFactory - Attempting to connect to: [localhost:5672]
2024-05-28 15:34:34 [springCloudBus.anonymous.phz5xi5_QD2zpcKLo_QFPg-62] WARN  o.s.a.r.l.SimpleMessageListenerContainer - Consumer raised exception, processing can restart if the connection factory supports it. Exception summary: org.springframework.amqp.AmqpConnectException: java.net.ConnectException: Connection refused: no further information
2024-05-28 15:34:34 [springCloudBus.anonymous.phz5xi5_QD2zpcKLo_QFPg-62] INFO  o.s.a.r.l.SimpleMessageListenerContainer - Restarting Consumer@334f6aca: tags=[[]], channel=null, acknowledgeMode=AUTO local queue size=0
2024-05-28 15:34:34 [springCloudBus.anonymous.phz5xi5_QD2zpcKLo_QFPg-63] INFO  o.s.a.r.c.CachingConnectionFactory - Attempting to connect to: [localhost:5672]
2024-05-28 15:34:39 [springCloudBus.anonymous.phz5xi5_QD2zpcKLo_QFPg-63] WARN  o.s.a.r.l.SimpleMessageListenerContainer - Consumer raised exception, processing can restart if the connection factory supports it. Exception summary: org.springframework.amqp.AmqpConnectException: java.net.ConnectException: Connection refused: no further information
2024-05-28 15:34:39 [springCloudBus.anonymous.phz5xi5_QD2zpcKLo_QFPg-63] INFO  o.s.a.r.l.SimpleMessageListenerContainer - Restarting Consumer@3b7da338: tags=[[]], channel=null, acknowledgeMode=AUTO local queue size=0
2024-05-28 15:34:39 [springCloudBus.anonymous.phz5xi5_QD2zpcKLo_QFPg-64] INFO  o.s.a.r.c.CachingConnectionFactory - Attempting to connect to: [localhost:5672]
2024-05-28 15:34:44 [springCloudBus.anonymous.phz5xi5_QD2zpcKLo_QFPg-64] WARN  o.s.a.r.l.SimpleMessageListenerContainer - Consumer raised exception, processing can restart if the connection factory supports it. Exception summary: org.springframework.amqp.AmqpConnectException: java.net.ConnectException: Connection refused: no further information
2024-05-28 15:34:44 [springCloudBus.anonymous.phz5xi5_QD2zpcKLo_QFPg-64] INFO  o.s.a.r.l.SimpleMessageListenerContainer - Restarting Consumer@680d66bc: tags=[[]], channel=null, acknowledgeMode=AUTO local queue size=0
2024-05-28 15:34:44 [springCloudBus.anonymous.phz5xi5_QD2zpcKLo_QFPg-65] INFO  o.s.a.r.c.CachingConnectionFactory - Attempting to connect to: [localhost:5672]
2024-05-28 15:34:49 [springCloudBus.anonymous.phz5xi5_QD2zpcKLo_QFPg-65] WARN  o.s.a.r.l.SimpleMessageListenerContainer - Consumer raised exception, processing can restart if the connection factory supports it. Exception summary: org.springframework.amqp.AmqpConnectException: java.net.ConnectException: Connection refused: no further information
2024-05-28 15:34:49 [springCloudBus.anonymous.phz5xi5_QD2zpcKLo_QFPg-65] INFO  o.s.a.r.l.SimpleMessageListenerContainer - Restarting Consumer@3425734b: tags=[[]], channel=null, acknowledgeMode=AUTO local queue size=0
2024-05-28 15:34:49 [springCloudBus.anonymous.phz5xi5_QD2zpcKLo_QFPg-66] INFO  o.s.a.r.c.CachingConnectionFactory - Attempting to connect to: [localhost:5672]
2024-05-28 15:34:55 [springCloudBus.anonymous.phz5xi5_QD2zpcKLo_QFPg-66] WARN  o.s.a.r.l.SimpleMessageListenerContainer - Consumer raised exception, processing can restart if the connection factory supports it. Exception summary: org.springframework.amqp.AmqpConnectException: java.net.ConnectException: Connection refused: no further information
2024-05-28 15:34:55 [springCloudBus.anonymous.phz5xi5_QD2zpcKLo_QFPg-66] INFO  o.s.a.r.l.SimpleMessageListenerContainer - Restarting Consumer@14744145: tags=[[]], channel=null, acknowledgeMode=AUTO local queue size=0
2024-05-28 15:34:55 [springCloudBus.anonymous.phz5xi5_QD2zpcKLo_QFPg-67] INFO  o.s.a.r.c.CachingConnectionFactory - Attempting to connect to: [localhost:5672]
2024-05-28 15:35:00 [springCloudBus.anonymous.phz5xi5_QD2zpcKLo_QFPg-67] WARN  o.s.a.r.l.SimpleMessageListenerContainer - Consumer raised exception, processing can restart if the connection factory supports it. Exception summary: org.springframework.amqp.AmqpConnectException: java.net.ConnectException: Connection refused: no further information
2024-05-28 15:35:00 [springCloudBus.anonymous.phz5xi5_QD2zpcKLo_QFPg-67] INFO  o.s.a.r.l.SimpleMessageListenerContainer - Restarting Consumer@31271087: tags=[[]], channel=null, acknowledgeMode=AUTO local queue size=0
2024-05-28 15:35:00 [springCloudBus.anonymous.phz5xi5_QD2zpcKLo_QFPg-68] INFO  o.s.a.r.c.CachingConnectionFactory - Attempting to connect to: [localhost:5672]
2024-05-28 15:35:05 [springCloudBus.anonymous.phz5xi5_QD2zpcKLo_QFPg-68] WARN  o.s.a.r.l.SimpleMessageListenerContainer - Consumer raised exception, processing can restart if the connection factory supports it. Exception summary: org.springframework.amqp.AmqpConnectException: java.net.ConnectException: Connection refused: no further information
2024-05-28 15:35:05 [springCloudBus.anonymous.phz5xi5_QD2zpcKLo_QFPg-68] INFO  o.s.a.r.l.SimpleMessageListenerContainer - Restarting Consumer@677a1732: tags=[[]], channel=null, acknowledgeMode=AUTO local queue size=0
2024-05-28 15:35:05 [springCloudBus.anonymous.phz5xi5_QD2zpcKLo_QFPg-69] INFO  o.s.a.r.c.CachingConnectionFactory - Attempting to connect to: [localhost:5672]
2024-05-28 15:35:10 [springCloudBus.anonymous.phz5xi5_QD2zpcKLo_QFPg-69] WARN  o.s.a.r.l.SimpleMessageListenerContainer - Consumer raised exception, processing can restart if the connection factory supports it. Exception summary: org.springframework.amqp.AmqpConnectException: java.net.ConnectException: Connection refused: no further information
2024-05-28 15:35:10 [springCloudBus.anonymous.phz5xi5_QD2zpcKLo_QFPg-69] INFO  o.s.a.r.l.SimpleMessageListenerContainer - Restarting Consumer@b7cccf8: tags=[[]], channel=null, acknowledgeMode=AUTO local queue size=0
2024-05-28 15:35:10 [springCloudBus.anonymous.phz5xi5_QD2zpcKLo_QFPg-70] INFO  o.s.a.r.c.CachingConnectionFactory - Attempting to connect to: [localhost:5672]
2024-05-28 15:35:15 [springCloudBus.anonymous.phz5xi5_QD2zpcKLo_QFPg-70] WARN  o.s.a.r.l.SimpleMessageListenerContainer - Consumer raised exception, processing can restart if the connection factory supports it. Exception summary: org.springframework.amqp.AmqpConnectException: java.net.ConnectException: Connection refused: no further information
2024-05-28 15:35:15 [springCloudBus.anonymous.phz5xi5_QD2zpcKLo_QFPg-70] INFO  o.s.a.r.l.SimpleMessageListenerContainer - Restarting Consumer@6b725d27: tags=[[]], channel=null, acknowledgeMode=AUTO local queue size=0
2024-05-28 15:35:15 [springCloudBus.anonymous.phz5xi5_QD2zpcKLo_QFPg-71] INFO  o.s.a.r.c.CachingConnectionFactory - Attempting to connect to: [localhost:5672]
2024-05-28 15:35:20 [springCloudBus.anonymous.phz5xi5_QD2zpcKLo_QFPg-71] WARN  o.s.a.r.l.SimpleMessageListenerContainer - Consumer raised exception, processing can restart if the connection factory supports it. Exception summary: org.springframework.amqp.AmqpConnectException: java.net.ConnectException: Connection refused: no further information
2024-05-28 15:35:20 [springCloudBus.anonymous.phz5xi5_QD2zpcKLo_QFPg-71] INFO  o.s.a.r.l.SimpleMessageListenerContainer - Restarting Consumer@217a6c65: tags=[[]], channel=null, acknowledgeMode=AUTO local queue size=0
2024-05-28 15:35:20 [springCloudBus.anonymous.phz5xi5_QD2zpcKLo_QFPg-72] INFO  o.s.a.r.c.CachingConnectionFactory - Attempting to connect to: [localhost:5672]
2024-05-28 15:35:25 [springCloudBus.anonymous.phz5xi5_QD2zpcKLo_QFPg-72] WARN  o.s.a.r.l.SimpleMessageListenerContainer - Consumer raised exception, processing can restart if the connection factory supports it. Exception summary: org.springframework.amqp.AmqpConnectException: java.net.ConnectException: Connection refused: no further information
2024-05-28 15:35:25 [springCloudBus.anonymous.phz5xi5_QD2zpcKLo_QFPg-72] INFO  o.s.a.r.l.SimpleMessageListenerContainer - Restarting Consumer@5a85cc7d: tags=[[]], channel=null, acknowledgeMode=AUTO local queue size=0
2024-05-28 15:35:25 [springCloudBus.anonymous.phz5xi5_QD2zpcKLo_QFPg-73] INFO  o.s.a.r.c.CachingConnectionFactory - Attempting to connect to: [localhost:5672]
2024-05-28 15:35:30 [springCloudBus.anonymous.phz5xi5_QD2zpcKLo_QFPg-73] WARN  o.s.a.r.l.SimpleMessageListenerContainer - Consumer raised exception, processing can restart if the connection factory supports it. Exception summary: org.springframework.amqp.AmqpConnectException: java.net.ConnectException: Connection refused: no further information
2024-05-28 15:35:30 [springCloudBus.anonymous.phz5xi5_QD2zpcKLo_QFPg-73] INFO  o.s.a.r.l.SimpleMessageListenerContainer - Restarting Consumer@180367ac: tags=[[]], channel=null, acknowledgeMode=AUTO local queue size=0
2024-05-28 15:35:30 [springCloudBus.anonymous.phz5xi5_QD2zpcKLo_QFPg-74] INFO  o.s.a.r.c.CachingConnectionFactory - Attempting to connect to: [localhost:5672]
2024-05-28 15:35:36 [springCloudBus.anonymous.phz5xi5_QD2zpcKLo_QFPg-74] WARN  o.s.a.r.l.SimpleMessageListenerContainer - Consumer raised exception, processing can restart if the connection factory supports it. Exception summary: org.springframework.amqp.AmqpConnectException: java.net.ConnectException: Connection refused: no further information
2024-05-28 15:35:36 [springCloudBus.anonymous.phz5xi5_QD2zpcKLo_QFPg-74] INFO  o.s.a.r.l.SimpleMessageListenerContainer - Restarting Consumer@5f84ea8a: tags=[[]], channel=null, acknowledgeMode=AUTO local queue size=0
2024-05-28 15:35:36 [springCloudBus.anonymous.phz5xi5_QD2zpcKLo_QFPg-75] INFO  o.s.a.r.c.CachingConnectionFactory - Attempting to connect to: [localhost:5672]
2024-05-28 15:35:41 [springCloudBus.anonymous.phz5xi5_QD2zpcKLo_QFPg-75] WARN  o.s.a.r.l.SimpleMessageListenerContainer - Consumer raised exception, processing can restart if the connection factory supports it. Exception summary: org.springframework.amqp.AmqpConnectException: java.net.ConnectException: Connection refused: no further information
2024-05-28 15:35:41 [springCloudBus.anonymous.phz5xi5_QD2zpcKLo_QFPg-75] INFO  o.s.a.r.l.SimpleMessageListenerContainer - Restarting Consumer@13bb00cf: tags=[[]], channel=null, acknowledgeMode=AUTO local queue size=0
2024-05-28 15:35:41 [springCloudBus.anonymous.phz5xi5_QD2zpcKLo_QFPg-76] INFO  o.s.a.r.c.CachingConnectionFactory - Attempting to connect to: [localhost:5672]
2024-05-28 15:35:46 [springCloudBus.anonymous.phz5xi5_QD2zpcKLo_QFPg-76] WARN  o.s.a.r.l.SimpleMessageListenerContainer - Consumer raised exception, processing can restart if the connection factory supports it. Exception summary: org.springframework.amqp.AmqpConnectException: java.net.ConnectException: Connection refused: no further information
2024-05-28 15:35:46 [springCloudBus.anonymous.phz5xi5_QD2zpcKLo_QFPg-76] INFO  o.s.a.r.l.SimpleMessageListenerContainer - Restarting Consumer@bd6d5f8: tags=[[]], channel=null, acknowledgeMode=AUTO local queue size=0
2024-05-28 15:35:46 [springCloudBus.anonymous.phz5xi5_QD2zpcKLo_QFPg-77] INFO  o.s.a.r.c.CachingConnectionFactory - Attempting to connect to: [localhost:5672]
2024-05-28 15:35:51 [springCloudBus.anonymous.phz5xi5_QD2zpcKLo_QFPg-77] WARN  o.s.a.r.l.SimpleMessageListenerContainer - Consumer raised exception, processing can restart if the connection factory supports it. Exception summary: org.springframework.amqp.AmqpConnectException: java.net.ConnectException: Connection refused: no further information
2024-05-28 15:35:51 [springCloudBus.anonymous.phz5xi5_QD2zpcKLo_QFPg-77] INFO  o.s.a.r.l.SimpleMessageListenerContainer - Restarting Consumer@4019c547: tags=[[]], channel=null, acknowledgeMode=AUTO local queue size=0
2024-05-28 15:35:51 [springCloudBus.anonymous.phz5xi5_QD2zpcKLo_QFPg-78] INFO  o.s.a.r.c.CachingConnectionFactory - Attempting to connect to: [localhost:5672]
2024-05-28 15:35:56 [springCloudBus.anonymous.phz5xi5_QD2zpcKLo_QFPg-78] WARN  o.s.a.r.l.SimpleMessageListenerContainer - Consumer raised exception, processing can restart if the connection factory supports it. Exception summary: org.springframework.amqp.AmqpConnectException: java.net.ConnectException: Connection refused: no further information
2024-05-28 15:35:56 [springCloudBus.anonymous.phz5xi5_QD2zpcKLo_QFPg-78] INFO  o.s.a.r.l.SimpleMessageListenerContainer - Restarting Consumer@728d107c: tags=[[]], channel=null, acknowledgeMode=AUTO local queue size=0
