2024-06-19 00:03:15 [AsyncResolver-bootstrap-executor-0] INFO  c.n.d.s.r.aws.ConfigClusterResolver - Resolving eureka endpoints via configuration
2024-06-19 00:08:17 [AsyncResolver-bootstrap-executor-0] INFO  c.n.d.s.r.aws.ConfigClusterResolver - Resolving eureka endpoints via configuration
2024-06-19 00:13:17 [AsyncResolver-bootstrap-executor-0] INFO  c.n.d.s.r.aws.ConfigClusterResolver - Resolving eureka endpoints via configuration
2024-06-19 00:18:17 [AsyncResolver-bootstrap-executor-0] INFO  c.n.d.s.r.aws.ConfigClusterResolver - Resolving eureka endpoints via configuration
2024-06-19 00:23:17 [AsyncResolver-bootstrap-executor-0] INFO  c.n.d.s.r.aws.ConfigClusterResolver - Resolving eureka endpoints via configuration
2024-06-19 00:28:17 [AsyncResolver-bootstrap-executor-0] INFO  c.n.d.s.r.aws.ConfigClusterResolver - Resolving eureka endpoints via configuration
2024-06-19 00:33:17 [AsyncResolver-bootstrap-executor-0] INFO  c.n.d.s.r.aws.ConfigClusterResolver - Resolving eureka endpoints via configuration
2024-06-19 00:38:17 [AsyncResolver-bootstrap-executor-0] INFO  c.n.d.s.r.aws.ConfigClusterResolver - Resolving eureka endpoints via configuration
2024-06-19 00:43:17 [AsyncResolver-bootstrap-executor-0] INFO  c.n.d.s.r.aws.ConfigClusterResolver - Resolving eureka endpoints via configuration
2024-06-19 00:48:17 [AsyncResolver-bootstrap-executor-0] INFO  c.n.d.s.r.aws.ConfigClusterResolver - Resolving eureka endpoints via configuration
2024-06-19 00:53:17 [AsyncResolver-bootstrap-executor-0] INFO  c.n.d.s.r.aws.ConfigClusterResolver - Resolving eureka endpoints via configuration
2024-06-19 00:58:17 [AsyncResolver-bootstrap-executor-0] INFO  c.n.d.s.r.aws.ConfigClusterResolver - Resolving eureka endpoints via configuration
2024-06-19 01:03:17 [AsyncResolver-bootstrap-executor-0] INFO  c.n.d.s.r.aws.ConfigClusterResolver - Resolving eureka endpoints via configuration
2024-06-19 01:08:17 [AsyncResolver-bootstrap-executor-0] INFO  c.n.d.s.r.aws.ConfigClusterResolver - Resolving eureka endpoints via configuration
2024-06-19 01:13:17 [AsyncResolver-bootstrap-executor-0] INFO  c.n.d.s.r.aws.ConfigClusterResolver - Resolving eureka endpoints via configuration
2024-06-19 01:18:17 [AsyncResolver-bootstrap-executor-0] INFO  c.n.d.s.r.aws.ConfigClusterResolver - Resolving eureka endpoints via configuration
2024-06-19 01:23:17 [AsyncResolver-bootstrap-executor-0] INFO  c.n.d.s.r.aws.ConfigClusterResolver - Resolving eureka endpoints via configuration
2024-06-19 01:28:17 [AsyncResolver-bootstrap-executor-0] INFO  c.n.d.s.r.aws.ConfigClusterResolver - Resolving eureka endpoints via configuration
2024-06-19 01:33:17 [AsyncResolver-bootstrap-executor-0] INFO  c.n.d.s.r.aws.ConfigClusterResolver - Resolving eureka endpoints via configuration
2024-06-19 01:38:17 [AsyncResolver-bootstrap-executor-0] INFO  c.n.d.s.r.aws.ConfigClusterResolver - Resolving eureka endpoints via configuration
2024-06-19 01:43:17 [AsyncResolver-bootstrap-executor-0] INFO  c.n.d.s.r.aws.ConfigClusterResolver - Resolving eureka endpoints via configuration
2024-06-19 01:48:17 [AsyncResolver-bootstrap-executor-0] INFO  c.n.d.s.r.aws.ConfigClusterResolver - Resolving eureka endpoints via configuration
2024-06-19 01:53:17 [AsyncResolver-bootstrap-executor-0] INFO  c.n.d.s.r.aws.ConfigClusterResolver - Resolving eureka endpoints via configuration
2024-06-19 01:56:59 [springCloudBus.anonymous.19x2xGdGRnuNnkiC8FPd_g-1] INFO  o.s.a.r.l.SimpleMessageListenerContainer - Restarting Consumer@20843604: tags=[[amq.ctag-2AAFvyHhuUzXjaL_8P9NPw]], channel=Cached Rabbit Channel: AMQChannel(amqp://rabbitmq@127.0.0.1:5672/,1), conn: Proxy@5a5024eb Shared Rabbit Connection: SimpleConnection@6fb2b972 [delegate=amqp://rabbitmq@127.0.0.1:5672/, localPort=58367], acknowledgeMode=AUTO local queue size=0
2024-06-19 01:57:15 [springCloudBus.anonymous.19x2xGdGRnuNnkiC8FPd_g-2] INFO  o.s.a.r.c.CachingConnectionFactory - Attempting to connect to: [localhost:5672]
2024-06-19 01:57:28 [springCloudBus.anonymous.19x2xGdGRnuNnkiC8FPd_g-2] INFO  o.s.a.r.l.SimpleMessageListenerContainer - Restarting Consumer@165d0b16: tags=[[]], channel=null, acknowledgeMode=AUTO local queue size=0
2024-06-19 01:57:28 [springCloudBus.anonymous.19x2xGdGRnuNnkiC8FPd_g-3] INFO  o.s.a.r.c.CachingConnectionFactory - Attempting to connect to: [localhost:5672]
2024-06-19 01:57:34 [springCloudBus.anonymous.19x2xGdGRnuNnkiC8FPd_g-3] INFO  o.s.a.r.l.SimpleMessageListenerContainer - Restarting Consumer@36fcaf74: tags=[[]], channel=null, acknowledgeMode=AUTO local queue size=0
2024-06-19 01:57:34 [springCloudBus.anonymous.19x2xGdGRnuNnkiC8FPd_g-4] INFO  o.s.a.r.c.CachingConnectionFactory - Attempting to connect to: [localhost:5672]
2024-06-19 01:57:39 [springCloudBus.anonymous.19x2xGdGRnuNnkiC8FPd_g-4] INFO  o.s.a.r.l.SimpleMessageListenerContainer - Restarting Consumer@74f082e8: tags=[[]], channel=null, acknowledgeMode=AUTO local queue size=0
2024-06-19 01:57:40 [springCloudBus.anonymous.19x2xGdGRnuNnkiC8FPd_g-5] INFO  o.s.a.r.c.CachingConnectionFactory - Attempting to connect to: [localhost:5672]
2024-06-19 01:57:45 [springCloudBus.anonymous.19x2xGdGRnuNnkiC8FPd_g-5] INFO  o.s.a.r.l.SimpleMessageListenerContainer - Restarting Consumer@72cceb5a: tags=[[]], channel=null, acknowledgeMode=AUTO local queue size=0
2024-06-19 01:57:45 [springCloudBus.anonymous.19x2xGdGRnuNnkiC8FPd_g-6] INFO  o.s.a.r.c.CachingConnectionFactory - Attempting to connect to: [localhost:5672]
2024-06-19 01:57:50 [springCloudBus.anonymous.19x2xGdGRnuNnkiC8FPd_g-6] INFO  o.s.a.r.l.SimpleMessageListenerContainer - Restarting Consumer@6e50f652: tags=[[]], channel=null, acknowledgeMode=AUTO local queue size=0
2024-06-19 01:57:50 [springCloudBus.anonymous.19x2xGdGRnuNnkiC8FPd_g-7] INFO  o.s.a.r.c.CachingConnectionFactory - Attempting to connect to: [localhost:5672]
2024-06-19 01:57:55 [springCloudBus.anonymous.19x2xGdGRnuNnkiC8FPd_g-7] INFO  o.s.a.r.l.SimpleMessageListenerContainer - Restarting Consumer@69185ba: tags=[[]], channel=null, acknowledgeMode=AUTO local queue size=0
2024-06-19 01:57:55 [springCloudBus.anonymous.19x2xGdGRnuNnkiC8FPd_g-8] INFO  o.s.a.r.c.CachingConnectionFactory - Attempting to connect to: [localhost:5672]
2024-06-19 01:58:00 [springCloudBus.anonymous.19x2xGdGRnuNnkiC8FPd_g-8] INFO  o.s.a.r.l.SimpleMessageListenerContainer - Restarting Consumer@737a6cc3: tags=[[]], channel=null, acknowledgeMode=AUTO local queue size=0
2024-06-19 01:58:01 [springCloudBus.anonymous.19x2xGdGRnuNnkiC8FPd_g-9] INFO  o.s.a.r.c.CachingConnectionFactory - Attempting to connect to: [localhost:5672]
2024-06-19 01:58:06 [springCloudBus.anonymous.19x2xGdGRnuNnkiC8FPd_g-9] INFO  o.s.a.r.l.SimpleMessageListenerContainer - Restarting Consumer@767df126: tags=[[]], channel=null, acknowledgeMode=AUTO local queue size=0
2024-06-19 01:58:06 [springCloudBus.anonymous.19x2xGdGRnuNnkiC8FPd_g-10] INFO  o.s.a.r.c.CachingConnectionFactory - Attempting to connect to: [localhost:5672]
2024-06-19 01:58:11 [springCloudBus.anonymous.19x2xGdGRnuNnkiC8FPd_g-10] INFO  o.s.a.r.l.SimpleMessageListenerContainer - Restarting Consumer@32825fab: tags=[[]], channel=null, acknowledgeMode=AUTO local queue size=0
2024-06-19 01:58:11 [springCloudBus.anonymous.19x2xGdGRnuNnkiC8FPd_g-11] INFO  o.s.a.r.c.CachingConnectionFactory - Attempting to connect to: [localhost:5672]
2024-06-19 01:58:16 [springCloudBus.anonymous.19x2xGdGRnuNnkiC8FPd_g-11] INFO  o.s.a.r.l.SimpleMessageListenerContainer - Restarting Consumer@591a2b59: tags=[[]], channel=null, acknowledgeMode=AUTO local queue size=0
2024-06-19 01:58:16 [springCloudBus.anonymous.19x2xGdGRnuNnkiC8FPd_g-12] INFO  o.s.a.r.c.CachingConnectionFactory - Attempting to connect to: [localhost:5672]
2024-06-19 01:58:17 [AsyncResolver-bootstrap-executor-0] INFO  c.n.d.s.r.aws.ConfigClusterResolver - Resolving eureka endpoints via configuration
2024-06-19 01:58:21 [springCloudBus.anonymous.19x2xGdGRnuNnkiC8FPd_g-12] INFO  o.s.a.r.l.SimpleMessageListenerContainer - Restarting Consumer@6480b27a: tags=[[]], channel=null, acknowledgeMode=AUTO local queue size=0
2024-06-19 01:58:21 [springCloudBus.anonymous.19x2xGdGRnuNnkiC8FPd_g-13] INFO  o.s.a.r.c.CachingConnectionFactory - Attempting to connect to: [localhost:5672]
2024-06-19 01:58:26 [springCloudBus.anonymous.19x2xGdGRnuNnkiC8FPd_g-13] INFO  o.s.a.r.l.SimpleMessageListenerContainer - Restarting Consumer@7fb26ff9: tags=[[]], channel=null, acknowledgeMode=AUTO local queue size=0
2024-06-19 01:58:26 [springCloudBus.anonymous.19x2xGdGRnuNnkiC8FPd_g-14] INFO  o.s.a.r.c.CachingConnectionFactory - Attempting to connect to: [localhost:5672]
2024-06-19 01:58:31 [springCloudBus.anonymous.19x2xGdGRnuNnkiC8FPd_g-14] INFO  o.s.a.r.l.SimpleMessageListenerContainer - Restarting Consumer@2929ad8f: tags=[[]], channel=null, acknowledgeMode=AUTO local queue size=0
2024-06-19 01:58:31 [springCloudBus.anonymous.19x2xGdGRnuNnkiC8FPd_g-15] INFO  o.s.a.r.c.CachingConnectionFactory - Attempting to connect to: [localhost:5672]
2024-06-19 01:58:49 [springCloudBus.anonymous.19x2xGdGRnuNnkiC8FPd_g-15] WARN  o.s.a.r.l.SimpleMessageListenerContainer - Consumer raised exception, processing can restart if the connection factory supports it. Exception summary: org.springframework.amqp.AmqpConnectException: java.net.ConnectException: Connection refused: no further information
2024-06-19 01:58:49 [springCloudBus.anonymous.19x2xGdGRnuNnkiC8FPd_g-15] INFO  o.s.a.r.l.SimpleMessageListenerContainer - Restarting Consumer@818fcd5: tags=[[]], channel=null, acknowledgeMode=AUTO local queue size=0
2024-06-19 01:58:49 [springCloudBus.anonymous.19x2xGdGRnuNnkiC8FPd_g-16] INFO  o.s.a.r.c.CachingConnectionFactory - Attempting to connect to: [localhost:5672]
2024-06-19 01:58:54 [springCloudBus.anonymous.19x2xGdGRnuNnkiC8FPd_g-16] WARN  o.s.a.r.l.SimpleMessageListenerContainer - Consumer raised exception, processing can restart if the connection factory supports it. Exception summary: org.springframework.amqp.AmqpConnectException: java.net.ConnectException: Connection refused: no further information
2024-06-19 01:58:54 [springCloudBus.anonymous.19x2xGdGRnuNnkiC8FPd_g-16] INFO  o.s.a.r.l.SimpleMessageListenerContainer - Restarting Consumer@1576724b: tags=[[]], channel=null, acknowledgeMode=AUTO local queue size=0
2024-06-19 01:58:54 [springCloudBus.anonymous.19x2xGdGRnuNnkiC8FPd_g-17] INFO  o.s.a.r.c.CachingConnectionFactory - Attempting to connect to: [localhost:5672]
2024-06-19 01:59:10 [springCloudBus.anonymous.19x2xGdGRnuNnkiC8FPd_g-17] WARN  o.s.a.r.l.SimpleMessageListenerContainer - Consumer raised exception, processing can restart if the connection factory supports it. Exception summary: org.springframework.amqp.AmqpConnectException: java.net.ConnectException: Connection refused: no further information
2024-06-19 01:59:10 [springCloudBus.anonymous.19x2xGdGRnuNnkiC8FPd_g-17] INFO  o.s.a.r.l.SimpleMessageListenerContainer - Restarting Consumer@1423966c: tags=[[]], channel=null, acknowledgeMode=AUTO local queue size=0
2024-06-19 01:59:10 [springCloudBus.anonymous.19x2xGdGRnuNnkiC8FPd_g-18] INFO  o.s.a.r.c.CachingConnectionFactory - Attempting to connect to: [localhost:5672]
2024-06-19 01:59:15 [springCloudBus.anonymous.19x2xGdGRnuNnkiC8FPd_g-18] WARN  o.s.a.r.l.SimpleMessageListenerContainer - Consumer raised exception, processing can restart if the connection factory supports it. Exception summary: org.springframework.amqp.AmqpConnectException: java.net.ConnectException: Connection refused: no further information
2024-06-19 01:59:15 [springCloudBus.anonymous.19x2xGdGRnuNnkiC8FPd_g-18] INFO  o.s.a.r.l.SimpleMessageListenerContainer - Restarting Consumer@370aebb: tags=[[]], channel=null, acknowledgeMode=AUTO local queue size=0
2024-06-19 01:59:15 [springCloudBus.anonymous.19x2xGdGRnuNnkiC8FPd_g-19] INFO  o.s.a.r.c.CachingConnectionFactory - Attempting to connect to: [localhost:5672]
2024-06-19 01:59:20 [springCloudBus.anonymous.19x2xGdGRnuNnkiC8FPd_g-19] WARN  o.s.a.r.l.SimpleMessageListenerContainer - Consumer raised exception, processing can restart if the connection factory supports it. Exception summary: org.springframework.amqp.AmqpConnectException: java.net.ConnectException: Connection refused: no further information
2024-06-19 01:59:20 [springCloudBus.anonymous.19x2xGdGRnuNnkiC8FPd_g-19] INFO  o.s.a.r.l.SimpleMessageListenerContainer - Restarting Consumer@7a807b25: tags=[[]], channel=null, acknowledgeMode=AUTO local queue size=0
2024-06-19 01:59:20 [springCloudBus.anonymous.19x2xGdGRnuNnkiC8FPd_g-20] INFO  o.s.a.r.c.CachingConnectionFactory - Attempting to connect to: [localhost:5672]
2024-06-19 01:59:25 [springCloudBus.anonymous.19x2xGdGRnuNnkiC8FPd_g-20] WARN  o.s.a.r.l.SimpleMessageListenerContainer - Consumer raised exception, processing can restart if the connection factory supports it. Exception summary: org.springframework.amqp.AmqpConnectException: java.net.ConnectException: Connection refused: no further information
2024-06-19 01:59:25 [springCloudBus.anonymous.19x2xGdGRnuNnkiC8FPd_g-20] INFO  o.s.a.r.l.SimpleMessageListenerContainer - Restarting Consumer@60a8794e: tags=[[]], channel=null, acknowledgeMode=AUTO local queue size=0
2024-06-19 01:59:25 [springCloudBus.anonymous.19x2xGdGRnuNnkiC8FPd_g-21] INFO  o.s.a.r.c.CachingConnectionFactory - Attempting to connect to: [localhost:5672]
2024-06-19 01:59:31 [springCloudBus.anonymous.19x2xGdGRnuNnkiC8FPd_g-21] WARN  o.s.a.r.l.SimpleMessageListenerContainer - Consumer raised exception, processing can restart if the connection factory supports it. Exception summary: org.springframework.amqp.AmqpConnectException: java.net.ConnectException: Connection refused: no further information
2024-06-19 01:59:31 [springCloudBus.anonymous.19x2xGdGRnuNnkiC8FPd_g-21] INFO  o.s.a.r.l.SimpleMessageListenerContainer - Restarting Consumer@1010904b: tags=[[]], channel=null, acknowledgeMode=AUTO local queue size=0
2024-06-19 01:59:31 [springCloudBus.anonymous.19x2xGdGRnuNnkiC8FPd_g-22] INFO  o.s.a.r.c.CachingConnectionFactory - Attempting to connect to: [localhost:5672]
2024-06-19 01:59:36 [springCloudBus.anonymous.19x2xGdGRnuNnkiC8FPd_g-22] WARN  o.s.a.r.l.SimpleMessageListenerContainer - Consumer raised exception, processing can restart if the connection factory supports it. Exception summary: org.springframework.amqp.AmqpConnectException: java.net.ConnectException: Connection refused: no further information
2024-06-19 01:59:36 [springCloudBus.anonymous.19x2xGdGRnuNnkiC8FPd_g-22] INFO  o.s.a.r.l.SimpleMessageListenerContainer - Restarting Consumer@7cd3d6f4: tags=[[]], channel=null, acknowledgeMode=AUTO local queue size=0
2024-06-19 01:59:36 [springCloudBus.anonymous.19x2xGdGRnuNnkiC8FPd_g-23] INFO  o.s.a.r.c.CachingConnectionFactory - Attempting to connect to: [localhost:5672]
2024-06-19 01:59:41 [springCloudBus.anonymous.19x2xGdGRnuNnkiC8FPd_g-23] WARN  o.s.a.r.l.SimpleMessageListenerContainer - Consumer raised exception, processing can restart if the connection factory supports it. Exception summary: org.springframework.amqp.AmqpConnectException: java.net.ConnectException: Connection refused: no further information
2024-06-19 01:59:41 [springCloudBus.anonymous.19x2xGdGRnuNnkiC8FPd_g-23] INFO  o.s.a.r.l.SimpleMessageListenerContainer - Restarting Consumer@cb4c454: tags=[[]], channel=null, acknowledgeMode=AUTO local queue size=0
2024-06-19 01:59:41 [springCloudBus.anonymous.19x2xGdGRnuNnkiC8FPd_g-24] INFO  o.s.a.r.c.CachingConnectionFactory - Attempting to connect to: [localhost:5672]
2024-06-19 01:59:46 [springCloudBus.anonymous.19x2xGdGRnuNnkiC8FPd_g-24] WARN  o.s.a.r.l.SimpleMessageListenerContainer - Consumer raised exception, processing can restart if the connection factory supports it. Exception summary: org.springframework.amqp.AmqpConnectException: java.net.ConnectException: Connection refused: no further information
2024-06-19 01:59:46 [springCloudBus.anonymous.19x2xGdGRnuNnkiC8FPd_g-24] INFO  o.s.a.r.l.SimpleMessageListenerContainer - Restarting Consumer@d11fd8e: tags=[[]], channel=null, acknowledgeMode=AUTO local queue size=0
2024-06-19 01:59:46 [springCloudBus.anonymous.19x2xGdGRnuNnkiC8FPd_g-25] INFO  o.s.a.r.c.CachingConnectionFactory - Attempting to connect to: [localhost:5672]
2024-06-19 01:59:51 [springCloudBus.anonymous.19x2xGdGRnuNnkiC8FPd_g-25] WARN  o.s.a.r.l.SimpleMessageListenerContainer - Consumer raised exception, processing can restart if the connection factory supports it. Exception summary: org.springframework.amqp.AmqpConnectException: java.net.ConnectException: Connection refused: no further information
2024-06-19 01:59:51 [springCloudBus.anonymous.19x2xGdGRnuNnkiC8FPd_g-25] INFO  o.s.a.r.l.SimpleMessageListenerContainer - Restarting Consumer@1169eac1: tags=[[]], channel=null, acknowledgeMode=AUTO local queue size=0
2024-06-19 01:59:51 [springCloudBus.anonymous.19x2xGdGRnuNnkiC8FPd_g-26] INFO  o.s.a.r.c.CachingConnectionFactory - Attempting to connect to: [localhost:5672]
2024-06-19 01:59:56 [springCloudBus.anonymous.19x2xGdGRnuNnkiC8FPd_g-26] WARN  o.s.a.r.l.SimpleMessageListenerContainer - Consumer raised exception, processing can restart if the connection factory supports it. Exception summary: org.springframework.amqp.AmqpConnectException: java.net.ConnectException: Connection refused: no further information
2024-06-19 01:59:56 [springCloudBus.anonymous.19x2xGdGRnuNnkiC8FPd_g-26] INFO  o.s.a.r.l.SimpleMessageListenerContainer - Restarting Consumer@6dbe41aa: tags=[[]], channel=null, acknowledgeMode=AUTO local queue size=0
2024-06-19 01:59:56 [springCloudBus.anonymous.19x2xGdGRnuNnkiC8FPd_g-27] INFO  o.s.a.r.c.CachingConnectionFactory - Attempting to connect to: [localhost:5672]
2024-06-19 02:00:01 [springCloudBus.anonymous.19x2xGdGRnuNnkiC8FPd_g-27] WARN  o.s.a.r.l.SimpleMessageListenerContainer - Consumer raised exception, processing can restart if the connection factory supports it. Exception summary: org.springframework.amqp.AmqpConnectException: java.net.ConnectException: Connection refused: no further information
2024-06-19 02:00:01 [springCloudBus.anonymous.19x2xGdGRnuNnkiC8FPd_g-27] INFO  o.s.a.r.l.SimpleMessageListenerContainer - Restarting Consumer@6b89be67: tags=[[]], channel=null, acknowledgeMode=AUTO local queue size=0
2024-06-19 02:00:01 [springCloudBus.anonymous.19x2xGdGRnuNnkiC8FPd_g-28] INFO  o.s.a.r.c.CachingConnectionFactory - Attempting to connect to: [localhost:5672]
2024-06-19 02:00:06 [springCloudBus.anonymous.19x2xGdGRnuNnkiC8FPd_g-28] WARN  o.s.a.r.l.SimpleMessageListenerContainer - Consumer raised exception, processing can restart if the connection factory supports it. Exception summary: org.springframework.amqp.AmqpConnectException: java.net.ConnectException: Connection refused: no further information
2024-06-19 02:00:06 [springCloudBus.anonymous.19x2xGdGRnuNnkiC8FPd_g-28] INFO  o.s.a.r.l.SimpleMessageListenerContainer - Restarting Consumer@125b4161: tags=[[]], channel=null, acknowledgeMode=AUTO local queue size=0
2024-06-19 02:00:06 [springCloudBus.anonymous.19x2xGdGRnuNnkiC8FPd_g-29] INFO  o.s.a.r.c.CachingConnectionFactory - Attempting to connect to: [localhost:5672]
2024-06-19 02:00:11 [springCloudBus.anonymous.19x2xGdGRnuNnkiC8FPd_g-29] WARN  o.s.a.r.l.SimpleMessageListenerContainer - Consumer raised exception, processing can restart if the connection factory supports it. Exception summary: org.springframework.amqp.AmqpConnectException: java.net.ConnectException: Connection refused: no further information
2024-06-19 02:00:12 [springCloudBus.anonymous.19x2xGdGRnuNnkiC8FPd_g-29] INFO  o.s.a.r.l.SimpleMessageListenerContainer - Restarting Consumer@4e12463c: tags=[[]], channel=null, acknowledgeMode=AUTO local queue size=0
2024-06-19 02:00:12 [springCloudBus.anonymous.19x2xGdGRnuNnkiC8FPd_g-30] INFO  o.s.a.r.c.CachingConnectionFactory - Attempting to connect to: [localhost:5672]
2024-06-19 02:00:17 [springCloudBus.anonymous.19x2xGdGRnuNnkiC8FPd_g-30] WARN  o.s.a.r.l.SimpleMessageListenerContainer - Consumer raised exception, processing can restart if the connection factory supports it. Exception summary: org.springframework.amqp.AmqpConnectException: java.net.ConnectException: Connection refused: no further information
2024-06-19 02:00:17 [springCloudBus.anonymous.19x2xGdGRnuNnkiC8FPd_g-30] INFO  o.s.a.r.l.SimpleMessageListenerContainer - Restarting Consumer@5b68e720: tags=[[]], channel=null, acknowledgeMode=AUTO local queue size=0
2024-06-19 02:00:17 [springCloudBus.anonymous.19x2xGdGRnuNnkiC8FPd_g-31] INFO  o.s.a.r.c.CachingConnectionFactory - Attempting to connect to: [localhost:5672]
2024-06-19 02:00:17 [RMI TCP Connection(175)-127.0.0.1] INFO  o.s.b.a.SpringApplicationAdminMXBeanRegistrar$SpringApplicationAdmin - Application shutdown requested.
2024-06-19 02:00:17 [RMI TCP Connection(172)-127.0.0.1] INFO  o.s.b.a.SpringApplicationAdminMXBeanRegistrar$SpringApplicationAdmin - Application shutdown requested.
2024-06-19 02:00:17 [RMI TCP Connection(171)-127.0.0.1] INFO  o.s.b.a.SpringApplicationAdminMXBeanRegistrar$SpringApplicationAdmin - Application shutdown requested.
2024-06-19 02:00:17 [RMI TCP Connection(173)-127.0.0.1] INFO  o.s.b.a.SpringApplicationAdminMXBeanRegistrar$SpringApplicationAdmin - Application shutdown requested.
2024-06-19 02:00:17 [RMI TCP Connection(174)-127.0.0.1] INFO  o.s.b.a.SpringApplicationAdminMXBeanRegistrar$SpringApplicationAdmin - Application shutdown requested.
2024-06-19 02:00:18 [RMI TCP Connection(175)-127.0.0.1] INFO  o.s.c.n.e.s.EurekaServiceRegistry - Unregistering application API-GATEWAY with eureka with status DOWN
2024-06-19 02:00:18 [RMI TCP Connection(175)-127.0.0.1] INFO  c.netflix.discovery.DiscoveryClient - Saw local status change event StatusChangeEvent [timestamp=1718742618012, current=DOWN, previous=UP]
2024-06-19 02:00:18 [DiscoveryClient-InstanceInfoReplicator-0] INFO  c.netflix.discovery.DiscoveryClient - DiscoveryClient_API-GATEWAY/Akilan:API-GATEWAY:8080: registering service...
2024-06-19 02:00:18 [RMI TCP Connection(175)-127.0.0.1] INFO  o.s.a.r.l.SimpleMessageListenerContainer - Waiting for workers to finish.
2024-06-19 02:00:18 [RMI TCP Connection(175)-127.0.0.1] INFO  o.s.a.r.l.SimpleMessageListenerContainer - Successfully waited for workers to finish.
2024-06-19 02:00:18 [RMI TCP Connection(175)-127.0.0.1] INFO  o.s.i.a.i.AmqpInboundChannelAdapter - stopped bean 'inbound.springCloudBus.anonymous.19x2xGdGRnuNnkiC8FPd_g'
2024-06-19 02:00:18 [DiscoveryClient-InstanceInfoReplicator-0] INFO  c.netflix.discovery.DiscoveryClient - DiscoveryClient_API-GATEWAY/Akilan:API-GATEWAY:8080 - registration status: 204
2024-06-19 02:00:18 [RMI TCP Connection(175)-127.0.0.1] INFO  o.s.c.s.binder.BinderErrorChannel - Channel 'API-GATEWAY.rabbit-620961748.springCloudBusInput.errors' has 1 subscriber(s).
2024-06-19 02:00:18 [RMI TCP Connection(176)-127.0.0.1] INFO  o.s.b.a.SpringApplicationAdminMXBeanRegistrar$SpringApplicationAdmin - Application shutdown requested.
2024-06-19 02:00:18 [RMI TCP Connection(177)-127.0.0.1] INFO  o.s.b.a.SpringApplicationAdminMXBeanRegistrar$SpringApplicationAdmin - Application shutdown requested.
2024-06-19 02:00:18 [RMI TCP Connection(178)-127.0.0.1] INFO  o.s.b.a.SpringApplicationAdminMXBeanRegistrar$SpringApplicationAdmin - Application shutdown requested.
2024-06-19 02:00:18 [RMI TCP Connection(179)-127.0.0.1] INFO  o.s.b.a.SpringApplicationAdminMXBeanRegistrar$SpringApplicationAdmin - Application shutdown requested.
2024-06-19 02:00:19 [RMI TCP Connection(181)-127.0.0.1] INFO  o.s.b.a.SpringApplicationAdminMXBeanRegistrar$SpringApplicationAdmin - Application shutdown requested.
2024-06-19 02:00:19 [RMI TCP Connection(180)-127.0.0.1] INFO  o.s.b.a.SpringApplicationAdminMXBeanRegistrar$SpringApplicationAdmin - Application shutdown requested.
2024-06-19 02:00:19 [RMI TCP Connection(182)-127.0.0.1] INFO  o.s.b.a.SpringApplicationAdminMXBeanRegistrar$SpringApplicationAdmin - Application shutdown requested.
2024-06-19 02:00:19 [RMI TCP Connection(183)-127.0.0.1] INFO  o.s.b.a.SpringApplicationAdminMXBeanRegistrar$SpringApplicationAdmin - Application shutdown requested.
2024-06-19 02:00:19 [RMI TCP Connection(175)-127.0.0.1] WARN  o.s.c.s.DefaultLifecycleProcessor - Failed to stop bean 'reactorResourceFactory'
reactor.core.Exceptions$ReactiveException: java.lang.InterruptedException
	at reactor.core.Exceptions.propagate(Exceptions.java:410)
	at reactor.core.publisher.BlockingSingleSubscriber.blockingGet(BlockingSingleSubscriber.java:96)
	at reactor.core.publisher.Mono.block(Mono.java:1779)
	at org.springframework.http.client.ReactorResourceFactory.stop(ReactorResourceFactory.java:251)
	at org.springframework.context.support.DefaultLifecycleProcessor.doStop(DefaultLifecycleProcessor.java:361)
	at org.springframework.context.support.DefaultLifecycleProcessor$LifecycleGroup.stop(DefaultLifecycleProcessor.java:487)
	at java.base/java.lang.Iterable.forEach(Iterable.java:75)
	at org.springframework.context.support.DefaultLifecycleProcessor.stopBeans(DefaultLifecycleProcessor.java:317)
	at org.springframework.context.support.DefaultLifecycleProcessor.onClose(DefaultLifecycleProcessor.java:218)
	at org.springframework.context.support.AbstractApplicationContext.doClose(AbstractApplicationContext.java:1139)
	at org.springframework.boot.web.reactive.context.ReactiveWebServerApplicationContext.doClose(ReactiveWebServerApplicationContext.java:149)
	at org.springframework.context.support.AbstractApplicationContext.close(AbstractApplicationContext.java:1093)
	at org.springframework.boot.admin.SpringApplicationAdminMXBeanRegistrar$SpringApplicationAdmin.shutdown(SpringApplicationAdminMXBeanRegistrar.java:160)
	at java.base/jdk.internal.reflect.NativeMethodAccessorImpl.invoke0(Native Method)
	at java.base/jdk.internal.reflect.NativeMethodAccessorImpl.invoke(NativeMethodAccessorImpl.java:77)
	at java.base/jdk.internal.reflect.DelegatingMethodAccessorImpl.invoke(DelegatingMethodAccessorImpl.java:43)
	at java.base/java.lang.reflect.Method.invoke(Method.java:568)
	at sun.reflect.misc.Trampoline.invoke(MethodUtil.java:72)
	at java.base/jdk.internal.reflect.NativeMethodAccessorImpl.invoke0(Native Method)
	at java.base/jdk.internal.reflect.NativeMethodAccessorImpl.invoke(NativeMethodAccessorImpl.java:77)
	at java.base/jdk.internal.reflect.DelegatingMethodAccessorImpl.invoke(DelegatingMethodAccessorImpl.java:43)
	at java.base/java.lang.reflect.Method.invoke(Method.java:568)
	at java.base/sun.reflect.misc.MethodUtil.invoke(MethodUtil.java:262)
	at java.management/com.sun.jmx.mbeanserver.ConvertingMethod.invokeWithOpenReturn(ConvertingMethod.java:193)
	at java.management/com.sun.jmx.mbeanserver.ConvertingMethod.invokeWithOpenReturn(ConvertingMethod.java:175)
	at java.management/com.sun.jmx.mbeanserver.MXBeanIntrospector.invokeM2(MXBeanIntrospector.java:117)
	at java.management/com.sun.jmx.mbeanserver.MXBeanIntrospector.invokeM2(MXBeanIntrospector.java:54)
	at java.management/com.sun.jmx.mbeanserver.MBeanIntrospector.invokeM(MBeanIntrospector.java:237)
	at java.management/com.sun.jmx.mbeanserver.PerInterface.invoke(PerInterface.java:138)
	at java.management/com.sun.jmx.mbeanserver.MBeanSupport.invoke(MBeanSupport.java:252)
	at java.management/com.sun.jmx.interceptor.DefaultMBeanServerInterceptor.invoke(DefaultMBeanServerInterceptor.java:814)
	at java.management/com.sun.jmx.mbeanserver.JmxMBeanServer.invoke(JmxMBeanServer.java:802)
	at java.management.rmi/javax.management.remote.rmi.RMIConnectionImpl.doOperation(RMIConnectionImpl.java:1472)
	at java.management.rmi/javax.management.remote.rmi.RMIConnectionImpl$PrivilegedOperation.run(RMIConnectionImpl.java:1310)
	at java.management.rmi/javax.management.remote.rmi.RMIConnectionImpl.doPrivilegedOperation(RMIConnectionImpl.java:1405)
	at java.management.rmi/javax.management.remote.rmi.RMIConnectionImpl.invoke(RMIConnectionImpl.java:829)
	at java.base/jdk.internal.reflect.NativeMethodAccessorImpl.invoke0(Native Method)
	at java.base/jdk.internal.reflect.NativeMethodAccessorImpl.invoke(NativeMethodAccessorImpl.java:77)
	at java.base/jdk.internal.reflect.DelegatingMethodAccessorImpl.invoke(DelegatingMethodAccessorImpl.java:43)
	at java.base/java.lang.reflect.Method.invoke(Method.java:568)
	at java.rmi/sun.rmi.server.UnicastServerRef.dispatch(UnicastServerRef.java:360)
	at java.rmi/sun.rmi.transport.Transport$1.run(Transport.java:200)
	at java.rmi/sun.rmi.transport.Transport$1.run(Transport.java:197)
	at java.base/java.security.AccessController.doPrivileged(AccessController.java:712)
	at java.rmi/sun.rmi.transport.Transport.serviceCall(Transport.java:196)
	at java.rmi/sun.rmi.transport.tcp.TCPTransport.handleMessages(TCPTransport.java:587)
	at java.rmi/sun.rmi.transport.tcp.TCPTransport$ConnectionHandler.run0(TCPTransport.java:828)
	at java.rmi/sun.rmi.transport.tcp.TCPTransport$ConnectionHandler.lambda$run$0(TCPTransport.java:705)
	at java.base/java.security.AccessController.doPrivileged(AccessController.java:399)
	at java.rmi/sun.rmi.transport.tcp.TCPTransport$ConnectionHandler.run(TCPTransport.java:704)
	at java.base/java.util.concurrent.ThreadPoolExecutor.runWorker(ThreadPoolExecutor.java:1136)
	at java.base/java.util.concurrent.ThreadPoolExecutor$Worker.run(ThreadPoolExecutor.java:635)
	at java.base/java.lang.Thread.run(Thread.java:842)
Caused by: java.lang.InterruptedException: null
	at java.base/java.util.concurrent.locks.AbstractQueuedSynchronizer.acquireSharedInterruptibly(AbstractQueuedSynchronizer.java:1048)
	at java.base/java.util.concurrent.CountDownLatch.await(CountDownLatch.java:230)
	at reactor.core.publisher.BlockingSingleSubscriber.blockingGet(BlockingSingleSubscriber.java:91)
	... 51 common frames omitted
2024-06-19 02:00:19 [RMI TCP Connection(175)-127.0.0.1] INFO  o.s.i.endpoint.EventDrivenConsumer - Removing {logging-channel-adapter:_org.springframework.integration.errorLogger} as a subscriber to the 'errorChannel' channel
2024-06-19 02:00:19 [RMI TCP Connection(175)-127.0.0.1] INFO  o.s.i.c.PublishSubscribeChannel - Channel 'API-GATEWAY.errorChannel' has 0 subscriber(s).
2024-06-19 02:00:19 [RMI TCP Connection(175)-127.0.0.1] INFO  o.s.i.endpoint.EventDrivenConsumer - stopped bean '_org.springframework.integration.errorLogger'
2024-06-19 02:00:19 [RMI TCP Connection(175)-127.0.0.1] INFO  c.netflix.discovery.DiscoveryClient - Shutting down DiscoveryClient ...
2024-06-19 02:00:19 [RMI TCP Connection(175)-127.0.0.1] WARN  c.n.discovery.InstanceInfoReplicator - InstanceInfoReplicator stop interrupted
2024-06-19 02:00:20 [RMI TCP Connection(175)-127.0.0.1] INFO  c.netflix.discovery.DiscoveryClient - Unregistering ...
