2024-06-11 00:00:10 [http-nio-8888-exec-4] DEBUG org.hibernate.SQL - select r1_0.username,r1_0.address,r1_0.email,r1_0.gender,r1_0.marital_status,r1_0.mobile,r1_0.name,r1_0.password,r1_0.roles from users r1_0 where r1_0.username=?
2024-06-11 00:00:10 [http-nio-8888-exec-9] DEBUG org.hibernate.SQL - select r1_0.username,r1_0.address,r1_0.email,r1_0.gender,r1_0.marital_status,r1_0.mobile,r1_0.name,r1_0.password,r1_0.roles from users r1_0 where r1_0.username=?
2024-06-11 00:00:32 [http-nio-8888-exec-3] DEBUG org.hibernate.SQL - select r1_0.username,r1_0.address,r1_0.email,r1_0.gender,r1_0.marital_status,r1_0.mobile,r1_0.name,r1_0.password,r1_0.roles from users r1_0 where r1_0.username=?
2024-06-11 00:00:33 [http-nio-8888-exec-7] DEBUG org.hibernate.SQL - select r1_0.username,r1_0.address,r1_0.email,r1_0.gender,r1_0.marital_status,r1_0.mobile,r1_0.name,r1_0.password,r1_0.roles from users r1_0 where r1_0.username=?
2024-06-11 00:01:23 [http-nio-8888-exec-6] DEBUG org.hibernate.SQL - select r1_0.username,r1_0.address,r1_0.email,r1_0.gender,r1_0.marital_status,r1_0.mobile,r1_0.name,r1_0.password,r1_0.roles from users r1_0 where r1_0.username=?
2024-06-11 00:01:23 [http-nio-8888-exec-8] DEBUG org.hibernate.SQL - select r1_0.username,r1_0.address,r1_0.email,r1_0.gender,r1_0.marital_status,r1_0.mobile,r1_0.name,r1_0.password,r1_0.roles from users r1_0 where r1_0.username=?
2024-06-11 00:01:25 [http-nio-8888-exec-2] DEBUG org.hibernate.SQL - select r1_0.username,r1_0.address,r1_0.email,r1_0.gender,r1_0.marital_status,r1_0.mobile,r1_0.name,r1_0.password,r1_0.roles from users r1_0 where r1_0.username=?
2024-06-11 00:01:28 [http-nio-8888-exec-5] DEBUG org.hibernate.SQL - select r1_0.username,r1_0.address,r1_0.email,r1_0.gender,r1_0.marital_status,r1_0.mobile,r1_0.name,r1_0.password,r1_0.roles from users r1_0 where r1_0.username=?
2024-06-11 00:01:32 [http-nio-8888-exec-10] DEBUG org.hibernate.SQL - select r1_0.username,r1_0.address,r1_0.email,r1_0.gender,r1_0.marital_status,r1_0.mobile,r1_0.name,r1_0.password,r1_0.roles from users r1_0 where r1_0.username=?
2024-06-11 00:01:32 [http-nio-8888-exec-1] DEBUG org.hibernate.SQL - select r1_0.username,r1_0.address,r1_0.email,r1_0.gender,r1_0.marital_status,r1_0.mobile,r1_0.name,r1_0.password,r1_0.roles from users r1_0 where r1_0.username=?
2024-06-11 00:01:36 [http-nio-8888-exec-9] DEBUG org.hibernate.SQL - select r1_0.username,r1_0.address,r1_0.email,r1_0.gender,r1_0.marital_status,r1_0.mobile,r1_0.name,r1_0.password,r1_0.roles from users r1_0 where r1_0.username=?
2024-06-11 00:01:36 [http-nio-8888-exec-3] DEBUG org.hibernate.SQL - select r1_0.username,r1_0.address,r1_0.email,r1_0.gender,r1_0.marital_status,r1_0.mobile,r1_0.name,r1_0.password,r1_0.roles from users r1_0 where r1_0.username=?
2024-06-11 00:04:49 [AsyncResolver-bootstrap-executor-0] INFO  c.n.d.s.r.aws.ConfigClusterResolver - Resolving eureka endpoints via configuration
2024-06-11 00:06:31 [http-nio-8888-exec-2] DEBUG org.hibernate.SQL - select r1_0.username,r1_0.address,r1_0.email,r1_0.gender,r1_0.marital_status,r1_0.mobile,r1_0.name,r1_0.password,r1_0.roles from users r1_0 where r1_0.username=?
2024-06-11 00:06:31 [http-nio-8888-exec-6] DEBUG org.hibernate.SQL - select r1_0.username,r1_0.address,r1_0.email,r1_0.gender,r1_0.marital_status,r1_0.mobile,r1_0.name,r1_0.password,r1_0.roles from users r1_0 where r1_0.username=?
2024-06-11 00:06:39 [http-nio-8888-exec-5] DEBUG org.hibernate.SQL - select r1_0.username,r1_0.address,r1_0.email,r1_0.gender,r1_0.marital_status,r1_0.mobile,r1_0.name,r1_0.password,r1_0.roles from users r1_0 where r1_0.username=?
2024-06-11 00:06:39 [http-nio-8888-exec-8] DEBUG org.hibernate.SQL - select r1_0.username,r1_0.address,r1_0.email,r1_0.gender,r1_0.marital_status,r1_0.mobile,r1_0.name,r1_0.password,r1_0.roles from users r1_0 where r1_0.username=?
2024-06-11 00:06:42 [http-nio-8888-exec-1] DEBUG org.hibernate.SQL - select r1_0.username,r1_0.address,r1_0.email,r1_0.gender,r1_0.marital_status,r1_0.mobile,r1_0.name,r1_0.password,r1_0.roles from users r1_0 where r1_0.username=?
2024-06-11 00:06:42 [http-nio-8888-exec-10] DEBUG org.hibernate.SQL - select r1_0.username,r1_0.address,r1_0.email,r1_0.gender,r1_0.marital_status,r1_0.mobile,r1_0.name,r1_0.password,r1_0.roles from users r1_0 where r1_0.username=?
2024-06-11 00:07:06 [http-nio-8888-exec-3] DEBUG org.hibernate.SQL - select r1_0.username,r1_0.address,r1_0.email,r1_0.gender,r1_0.marital_status,r1_0.mobile,r1_0.name,r1_0.password,r1_0.roles from users r1_0 where r1_0.username=?
2024-06-11 00:07:07 [http-nio-8888-exec-9] DEBUG org.hibernate.SQL - select r1_0.username,r1_0.address,r1_0.email,r1_0.gender,r1_0.marital_status,r1_0.mobile,r1_0.name,r1_0.password,r1_0.roles from users r1_0 where r1_0.username=?
2024-06-11 00:07:09 [http-nio-8888-exec-4] DEBUG org.hibernate.SQL - select r1_0.username,r1_0.address,r1_0.email,r1_0.gender,r1_0.marital_status,r1_0.mobile,r1_0.name,r1_0.password,r1_0.roles from users r1_0 where r1_0.username=?
2024-06-11 00:07:09 [http-nio-8888-exec-7] DEBUG org.hibernate.SQL - select r1_0.username,r1_0.address,r1_0.email,r1_0.gender,r1_0.marital_status,r1_0.mobile,r1_0.name,r1_0.password,r1_0.roles from users r1_0 where r1_0.username=?
2024-06-11 00:07:13 [http-nio-8888-exec-6] DEBUG org.hibernate.SQL - select r1_0.username,r1_0.address,r1_0.email,r1_0.gender,r1_0.marital_status,r1_0.mobile,r1_0.name,r1_0.password,r1_0.roles from users r1_0 where r1_0.username=?
2024-06-11 00:07:13 [http-nio-8888-exec-2] DEBUG org.hibernate.SQL - select r1_0.username,r1_0.address,r1_0.email,r1_0.gender,r1_0.marital_status,r1_0.mobile,r1_0.name,r1_0.password,r1_0.roles from users r1_0 where r1_0.username=?
2024-06-11 00:07:15 [http-nio-8888-exec-5] DEBUG org.hibernate.SQL - select r1_0.username,r1_0.address,r1_0.email,r1_0.gender,r1_0.marital_status,r1_0.mobile,r1_0.name,r1_0.password,r1_0.roles from users r1_0 where r1_0.username=?
2024-06-11 00:07:15 [http-nio-8888-exec-8] DEBUG org.hibernate.SQL - select r1_0.username,r1_0.address,r1_0.email,r1_0.gender,r1_0.marital_status,r1_0.mobile,r1_0.name,r1_0.password,r1_0.roles from users r1_0 where r1_0.username=?
2024-06-11 00:07:19 [http-nio-8888-exec-1] DEBUG org.hibernate.SQL - select r1_0.username,r1_0.address,r1_0.email,r1_0.gender,r1_0.marital_status,r1_0.mobile,r1_0.name,r1_0.password,r1_0.roles from users r1_0 where r1_0.username=?
2024-06-11 00:07:19 [http-nio-8888-exec-10] DEBUG org.hibernate.SQL - select r1_0.username,r1_0.address,r1_0.email,r1_0.gender,r1_0.marital_status,r1_0.mobile,r1_0.name,r1_0.password,r1_0.roles from users r1_0 where r1_0.username=?
2024-06-11 00:07:19 [http-nio-8888-exec-3] DEBUG org.hibernate.SQL - select r1_0.username,r1_0.address,r1_0.email,r1_0.gender,r1_0.marital_status,r1_0.mobile,r1_0.name,r1_0.password,r1_0.roles from users r1_0 where r1_0.username=?
2024-06-11 00:07:19 [http-nio-8888-exec-4] DEBUG org.hibernate.SQL - select r1_0.username,r1_0.address,r1_0.email,r1_0.gender,r1_0.marital_status,r1_0.mobile,r1_0.name,r1_0.password,r1_0.roles from users r1_0 where r1_0.username=?
2024-06-11 00:07:25 [http-nio-8888-exec-9] DEBUG org.hibernate.SQL - select r1_0.username,r1_0.address,r1_0.email,r1_0.gender,r1_0.marital_status,r1_0.mobile,r1_0.name,r1_0.password,r1_0.roles from users r1_0 where r1_0.username=?
2024-06-11 00:07:25 [http-nio-8888-exec-7] DEBUG org.hibernate.SQL - select r1_0.username,r1_0.address,r1_0.email,r1_0.gender,r1_0.marital_status,r1_0.mobile,r1_0.name,r1_0.password,r1_0.roles from users r1_0 where r1_0.username=?
2024-06-11 00:07:26 [http-nio-8888-exec-6] DEBUG org.hibernate.SQL - select r1_0.username,r1_0.address,r1_0.email,r1_0.gender,r1_0.marital_status,r1_0.mobile,r1_0.name,r1_0.password,r1_0.roles from users r1_0 where r1_0.username=?
2024-06-11 00:07:26 [http-nio-8888-exec-2] DEBUG org.hibernate.SQL - select r1_0.username,r1_0.address,r1_0.email,r1_0.gender,r1_0.marital_status,r1_0.mobile,r1_0.name,r1_0.password,r1_0.roles from users r1_0 where r1_0.username=?
2024-06-11 00:09:46 [http-nio-8888-exec-10] DEBUG org.hibernate.SQL - select r1_0.username,r1_0.address,r1_0.email,r1_0.gender,r1_0.marital_status,r1_0.mobile,r1_0.name,r1_0.password,r1_0.roles from users r1_0 where r1_0.username=?
2024-06-11 00:09:46 [http-nio-8888-exec-3] DEBUG org.hibernate.SQL - select r1_0.username,r1_0.address,r1_0.email,r1_0.gender,r1_0.marital_status,r1_0.mobile,r1_0.name,r1_0.password,r1_0.roles from users r1_0 where r1_0.username=?
2024-06-11 00:09:49 [AsyncResolver-bootstrap-executor-0] INFO  c.n.d.s.r.aws.ConfigClusterResolver - Resolving eureka endpoints via configuration
2024-06-11 00:10:10 [http-nio-8888-exec-4] DEBUG org.hibernate.SQL - select r1_0.username,r1_0.address,r1_0.email,r1_0.gender,r1_0.marital_status,r1_0.mobile,r1_0.name,r1_0.password,r1_0.roles from users r1_0 where r1_0.username=?
2024-06-11 00:10:30 [http-nio-8888-exec-7] DEBUG org.hibernate.SQL - select r1_0.username,r1_0.address,r1_0.email,r1_0.gender,r1_0.marital_status,r1_0.mobile,r1_0.name,r1_0.password,r1_0.roles from users r1_0 where r1_0.username=?
2024-06-11 00:12:14 [http-nio-8888-exec-9] DEBUG org.hibernate.SQL - select r1_0.username,r1_0.address,r1_0.email,r1_0.gender,r1_0.marital_status,r1_0.mobile,r1_0.name,r1_0.password,r1_0.roles from users r1_0 where r1_0.username=?
2024-06-11 00:12:14 [http-nio-8888-exec-6] DEBUG org.hibernate.SQL - select r1_0.username,r1_0.address,r1_0.email,r1_0.gender,r1_0.marital_status,r1_0.mobile,r1_0.name,r1_0.password,r1_0.roles from users r1_0 where r1_0.username=?
2024-06-11 00:12:15 [http-nio-8888-exec-2] DEBUG org.hibernate.SQL - select r1_0.username,r1_0.address,r1_0.email,r1_0.gender,r1_0.marital_status,r1_0.mobile,r1_0.name,r1_0.password,r1_0.roles from users r1_0 where r1_0.username=?
2024-06-11 00:12:15 [http-nio-8888-exec-8] DEBUG org.hibernate.SQL - select r1_0.username,r1_0.address,r1_0.email,r1_0.gender,r1_0.marital_status,r1_0.mobile,r1_0.name,r1_0.password,r1_0.roles from users r1_0 where r1_0.username=?
2024-06-11 00:12:20 [http-nio-8888-exec-5] DEBUG org.hibernate.SQL - select r1_0.username,r1_0.address,r1_0.email,r1_0.gender,r1_0.marital_status,r1_0.mobile,r1_0.name,r1_0.password,r1_0.roles from users r1_0 where r1_0.username=?
2024-06-11 00:12:20 [http-nio-8888-exec-1] DEBUG org.hibernate.SQL - select r1_0.username,r1_0.address,r1_0.email,r1_0.gender,r1_0.marital_status,r1_0.mobile,r1_0.name,r1_0.password,r1_0.roles from users r1_0 where r1_0.username=?
2024-06-11 00:12:20 [http-nio-8888-exec-10] DEBUG org.hibernate.SQL - select r1_0.username,r1_0.address,r1_0.email,r1_0.gender,r1_0.marital_status,r1_0.mobile,r1_0.name,r1_0.password,r1_0.roles from users r1_0 where r1_0.username=?
2024-06-11 00:12:21 [http-nio-8888-exec-1] INFO  c.a.e.ResponseEntityExceptionHandlerImpl - Connection refused: no further information executing GET http://localhost:8086/Flight/getbyid/100000
2024-06-11 00:12:21 [http-nio-8888-exec-3] DEBUG org.hibernate.SQL - select r1_0.username,r1_0.address,r1_0.email,r1_0.gender,r1_0.marital_status,r1_0.mobile,r1_0.name,r1_0.password,r1_0.roles from users r1_0 where r1_0.username=?
2024-06-11 00:12:21 [http-nio-8888-exec-3] INFO  c.a.e.ResponseEntityExceptionHandlerImpl - Connection refused: no further information executing GET http://localhost:8086/Flight/getbyid/100000
2024-06-11 00:14:49 [AsyncResolver-bootstrap-executor-0] INFO  c.n.d.s.r.aws.ConfigClusterResolver - Resolving eureka endpoints via configuration
2024-06-11 00:16:33 [http-nio-8888-exec-7] DEBUG org.hibernate.SQL - select r1_0.username,r1_0.address,r1_0.email,r1_0.gender,r1_0.marital_status,r1_0.mobile,r1_0.name,r1_0.password,r1_0.roles from users r1_0 where r1_0.username=?
2024-06-11 00:16:33 [http-nio-8888-exec-4] DEBUG org.hibernate.SQL - select r1_0.username,r1_0.address,r1_0.email,r1_0.gender,r1_0.marital_status,r1_0.mobile,r1_0.name,r1_0.password,r1_0.roles from users r1_0 where r1_0.username=?
2024-06-11 00:16:37 [http-nio-8888-exec-6] DEBUG org.hibernate.SQL - select r1_0.username,r1_0.address,r1_0.email,r1_0.gender,r1_0.marital_status,r1_0.mobile,r1_0.name,r1_0.password,r1_0.roles from users r1_0 where r1_0.username=?
2024-06-11 00:16:37 [http-nio-8888-exec-9] DEBUG org.hibernate.SQL - select r1_0.username,r1_0.address,r1_0.email,r1_0.gender,r1_0.marital_status,r1_0.mobile,r1_0.name,r1_0.password,r1_0.roles from users r1_0 where r1_0.username=?
2024-06-11 00:16:38 [http-nio-8888-exec-2] DEBUG org.hibernate.SQL - select r1_0.username,r1_0.address,r1_0.email,r1_0.gender,r1_0.marital_status,r1_0.mobile,r1_0.name,r1_0.password,r1_0.roles from users r1_0 where r1_0.username=?
2024-06-11 00:16:38 [http-nio-8888-exec-8] DEBUG org.hibernate.SQL - select r1_0.username,r1_0.address,r1_0.email,r1_0.gender,r1_0.marital_status,r1_0.mobile,r1_0.name,r1_0.password,r1_0.roles from users r1_0 where r1_0.username=?
2024-06-11 00:18:23 [http-nio-8888-exec-3] DEBUG org.hibernate.SQL - select r1_0.username,r1_0.address,r1_0.email,r1_0.gender,r1_0.marital_status,r1_0.mobile,r1_0.name,r1_0.password,r1_0.roles from users r1_0 where r1_0.username=?
2024-06-11 00:18:23 [http-nio-8888-exec-1] DEBUG org.hibernate.SQL - select r1_0.username,r1_0.address,r1_0.email,r1_0.gender,r1_0.marital_status,r1_0.mobile,r1_0.name,r1_0.password,r1_0.roles from users r1_0 where r1_0.username=?
2024-06-11 00:18:27 [http-nio-8888-exec-7] DEBUG org.hibernate.SQL - select r1_0.username,r1_0.address,r1_0.email,r1_0.gender,r1_0.marital_status,r1_0.mobile,r1_0.name,r1_0.password,r1_0.roles from users r1_0 where r1_0.username=?
2024-06-11 00:18:27 [http-nio-8888-exec-4] DEBUG org.hibernate.SQL - select r1_0.username,r1_0.address,r1_0.email,r1_0.gender,r1_0.marital_status,r1_0.mobile,r1_0.name,r1_0.password,r1_0.roles from users r1_0 where r1_0.username=?
2024-06-11 00:18:27 [http-nio-8888-exec-6] DEBUG org.hibernate.SQL - select r1_0.username,r1_0.address,r1_0.email,r1_0.gender,r1_0.marital_status,r1_0.mobile,r1_0.name,r1_0.password,r1_0.roles from users r1_0 where r1_0.username=?
2024-06-11 00:18:27 [http-nio-8888-exec-9] DEBUG org.hibernate.SQL - select r1_0.username,r1_0.address,r1_0.email,r1_0.gender,r1_0.marital_status,r1_0.mobile,r1_0.name,r1_0.password,r1_0.roles from users r1_0 where r1_0.username=?
2024-06-11 00:18:53 [http-nio-8888-exec-8] DEBUG org.hibernate.SQL - select r1_0.username,r1_0.address,r1_0.email,r1_0.gender,r1_0.marital_status,r1_0.mobile,r1_0.name,r1_0.password,r1_0.roles from users r1_0 where r1_0.username=?
2024-06-11 00:18:53 [http-nio-8888-exec-2] DEBUG org.hibernate.SQL - select r1_0.username,r1_0.address,r1_0.email,r1_0.gender,r1_0.marital_status,r1_0.mobile,r1_0.name,r1_0.password,r1_0.roles from users r1_0 where r1_0.username=?
2024-06-11 00:18:54 [http-nio-8888-exec-10] DEBUG org.hibernate.SQL - select r1_0.username,r1_0.address,r1_0.email,r1_0.gender,r1_0.marital_status,r1_0.mobile,r1_0.name,r1_0.password,r1_0.roles from users r1_0 where r1_0.username=?
2024-06-11 00:18:54 [http-nio-8888-exec-5] DEBUG org.hibernate.SQL - select r1_0.username,r1_0.address,r1_0.email,r1_0.gender,r1_0.marital_status,r1_0.mobile,r1_0.name,r1_0.password,r1_0.roles from users r1_0 where r1_0.username=?
2024-06-11 00:18:55 [http-nio-8888-exec-3] DEBUG org.hibernate.SQL - select r1_0.username,r1_0.address,r1_0.email,r1_0.gender,r1_0.marital_status,r1_0.mobile,r1_0.name,r1_0.password,r1_0.roles from users r1_0 where r1_0.username=?
2024-06-11 00:18:55 [http-nio-8888-exec-1] DEBUG org.hibernate.SQL - select r1_0.username,r1_0.address,r1_0.email,r1_0.gender,r1_0.marital_status,r1_0.mobile,r1_0.name,r1_0.password,r1_0.roles from users r1_0 where r1_0.username=?
2024-06-11 00:19:10 [http-nio-8888-exec-7] DEBUG org.hibernate.SQL - select r1_0.username,r1_0.address,r1_0.email,r1_0.gender,r1_0.marital_status,r1_0.mobile,r1_0.name,r1_0.password,r1_0.roles from users r1_0 where r1_0.username=?
2024-06-11 00:19:10 [http-nio-8888-exec-4] DEBUG org.hibernate.SQL - select r1_0.username,r1_0.address,r1_0.email,r1_0.gender,r1_0.marital_status,r1_0.mobile,r1_0.name,r1_0.password,r1_0.roles from users r1_0 where r1_0.username=?
2024-06-11 00:19:16 [http-nio-8888-exec-6] DEBUG org.hibernate.SQL - select r1_0.username,r1_0.address,r1_0.email,r1_0.gender,r1_0.marital_status,r1_0.mobile,r1_0.name,r1_0.password,r1_0.roles from users r1_0 where r1_0.username=?
2024-06-11 00:19:16 [http-nio-8888-exec-9] DEBUG org.hibernate.SQL - select r1_0.username,r1_0.address,r1_0.email,r1_0.gender,r1_0.marital_status,r1_0.mobile,r1_0.name,r1_0.password,r1_0.roles from users r1_0 where r1_0.username=?
2024-06-11 00:19:27 [http-nio-8888-exec-2] DEBUG org.hibernate.SQL - select r1_0.username,r1_0.address,r1_0.email,r1_0.gender,r1_0.marital_status,r1_0.mobile,r1_0.name,r1_0.password,r1_0.roles from users r1_0 where r1_0.username=?
2024-06-11 00:19:27 [http-nio-8888-exec-10] DEBUG org.hibernate.SQL - select r1_0.username,r1_0.address,r1_0.email,r1_0.gender,r1_0.marital_status,r1_0.mobile,r1_0.name,r1_0.password,r1_0.roles from users r1_0 where r1_0.username=?
2024-06-11 00:19:38 [http-nio-8888-exec-8] DEBUG org.hibernate.SQL - select r1_0.username,r1_0.address,r1_0.email,r1_0.gender,r1_0.marital_status,r1_0.mobile,r1_0.name,r1_0.password,r1_0.roles from users r1_0 where r1_0.username=?
2024-06-11 00:19:41 [http-nio-8888-exec-5] DEBUG org.hibernate.SQL - select r1_0.username,r1_0.address,r1_0.email,r1_0.gender,r1_0.marital_status,r1_0.mobile,r1_0.name,r1_0.password,r1_0.roles from users r1_0 where r1_0.username=?
2024-06-11 00:19:41 [http-nio-8888-exec-1] DEBUG org.hibernate.SQL - select r1_0.username,r1_0.address,r1_0.email,r1_0.gender,r1_0.marital_status,r1_0.mobile,r1_0.name,r1_0.password,r1_0.roles from users r1_0 where r1_0.username=?
2024-06-11 00:19:41 [http-nio-8888-exec-3] DEBUG org.hibernate.SQL - select r1_0.username,r1_0.address,r1_0.email,r1_0.gender,r1_0.marital_status,r1_0.mobile,r1_0.name,r1_0.password,r1_0.roles from users r1_0 where r1_0.username=?
2024-06-11 00:19:49 [AsyncResolver-bootstrap-executor-0] INFO  c.n.d.s.r.aws.ConfigClusterResolver - Resolving eureka endpoints via configuration
2024-06-11 00:19:49 [http-nio-8888-exec-4] DEBUG org.hibernate.SQL - select r1_0.username,r1_0.address,r1_0.email,r1_0.gender,r1_0.marital_status,r1_0.mobile,r1_0.name,r1_0.password,r1_0.roles from users r1_0 where r1_0.username=?
2024-06-11 00:19:49 [http-nio-8888-exec-7] DEBUG org.hibernate.SQL - select r1_0.username,r1_0.address,r1_0.email,r1_0.gender,r1_0.marital_status,r1_0.mobile,r1_0.name,r1_0.password,r1_0.roles from users r1_0 where r1_0.username=?
2024-06-11 00:20:01 [http-nio-8888-exec-9] DEBUG org.hibernate.SQL - select r1_0.username,r1_0.address,r1_0.email,r1_0.gender,r1_0.marital_status,r1_0.mobile,r1_0.name,r1_0.password,r1_0.roles from users r1_0 where r1_0.username=?
2024-06-11 00:20:04 [http-nio-8888-exec-6] DEBUG org.hibernate.SQL - select r1_0.username,r1_0.address,r1_0.email,r1_0.gender,r1_0.marital_status,r1_0.mobile,r1_0.name,r1_0.password,r1_0.roles from users r1_0 where r1_0.username=?
2024-06-11 00:20:09 [http-nio-8888-exec-10] DEBUG org.hibernate.SQL - select r1_0.username,r1_0.address,r1_0.email,r1_0.gender,r1_0.marital_status,r1_0.mobile,r1_0.name,r1_0.password,r1_0.roles from users r1_0 where r1_0.username=?
2024-06-11 00:20:10 [http-nio-8888-exec-2] DEBUG org.hibernate.SQL - select r1_0.username,r1_0.address,r1_0.email,r1_0.gender,r1_0.marital_status,r1_0.mobile,r1_0.name,r1_0.password,r1_0.roles from users r1_0 where r1_0.username=?
2024-06-11 00:20:11 [http-nio-8888-exec-8] DEBUG org.hibernate.SQL - select r1_0.username,r1_0.address,r1_0.email,r1_0.gender,r1_0.marital_status,r1_0.mobile,r1_0.name,r1_0.password,r1_0.roles from users r1_0 where r1_0.username=?
2024-06-11 00:20:14 [http-nio-8888-exec-1] DEBUG org.hibernate.SQL - select r1_0.username,r1_0.address,r1_0.email,r1_0.gender,r1_0.marital_status,r1_0.mobile,r1_0.name,r1_0.password,r1_0.roles from users r1_0 where r1_0.username=?
2024-06-11 00:20:17 [http-nio-8888-exec-5] DEBUG org.hibernate.SQL - select r1_0.username,r1_0.address,r1_0.email,r1_0.gender,r1_0.marital_status,r1_0.mobile,r1_0.name,r1_0.password,r1_0.roles from users r1_0 where r1_0.username=?
2024-06-11 00:20:21 [http-nio-8888-exec-3] DEBUG org.hibernate.SQL - select r1_0.username,r1_0.address,r1_0.email,r1_0.gender,r1_0.marital_status,r1_0.mobile,r1_0.name,r1_0.password,r1_0.roles from users r1_0 where r1_0.username=?
2024-06-11 00:20:22 [http-nio-8888-exec-7] DEBUG org.hibernate.SQL - select r1_0.username,r1_0.address,r1_0.email,r1_0.gender,r1_0.marital_status,r1_0.mobile,r1_0.name,r1_0.password,r1_0.roles from users r1_0 where r1_0.username=?
2024-06-11 00:20:25 [http-nio-8888-exec-9] DEBUG org.hibernate.SQL - select r1_0.username,r1_0.address,r1_0.email,r1_0.gender,r1_0.marital_status,r1_0.mobile,r1_0.name,r1_0.password,r1_0.roles from users r1_0 where r1_0.username=?
2024-06-11 00:20:25 [http-nio-8888-exec-6] DEBUG org.hibernate.SQL - select r1_0.username,r1_0.address,r1_0.email,r1_0.gender,r1_0.marital_status,r1_0.mobile,r1_0.name,r1_0.password,r1_0.roles from users r1_0 where r1_0.username=?
2024-06-11 00:20:29 [http-nio-8888-exec-10] DEBUG org.hibernate.SQL - select r1_0.username,r1_0.address,r1_0.email,r1_0.gender,r1_0.marital_status,r1_0.mobile,r1_0.name,r1_0.password,r1_0.roles from users r1_0 where r1_0.username=?
2024-06-11 00:20:29 [http-nio-8888-exec-2] DEBUG org.hibernate.SQL - select r1_0.username,r1_0.address,r1_0.email,r1_0.gender,r1_0.marital_status,r1_0.mobile,r1_0.name,r1_0.password,r1_0.roles from users r1_0 where r1_0.username=?
2024-06-11 00:20:30 [http-nio-8888-exec-8] DEBUG org.hibernate.SQL - select r1_0.username,r1_0.address,r1_0.email,r1_0.gender,r1_0.marital_status,r1_0.mobile,r1_0.name,r1_0.password,r1_0.roles from users r1_0 where r1_0.username=?
2024-06-11 00:20:33 [http-nio-8888-exec-1] DEBUG org.hibernate.SQL - select r1_0.username,r1_0.address,r1_0.email,r1_0.gender,r1_0.marital_status,r1_0.mobile,r1_0.name,r1_0.password,r1_0.roles from users r1_0 where r1_0.username=?
2024-06-11 00:20:38 [http-nio-8888-exec-5] DEBUG org.hibernate.SQL - select r1_0.username,r1_0.address,r1_0.email,r1_0.gender,r1_0.marital_status,r1_0.mobile,r1_0.name,r1_0.password,r1_0.roles from users r1_0 where r1_0.username=?
2024-06-11 00:20:38 [http-nio-8888-exec-3] DEBUG org.hibernate.SQL - select r1_0.username,r1_0.address,r1_0.email,r1_0.gender,r1_0.marital_status,r1_0.mobile,r1_0.name,r1_0.password,r1_0.roles from users r1_0 where r1_0.username=?
2024-06-11 00:20:38 [http-nio-8888-exec-6] DEBUG org.hibernate.SQL - select r1_0.username,r1_0.address,r1_0.email,r1_0.gender,r1_0.marital_status,r1_0.mobile,r1_0.name,r1_0.password,r1_0.roles from users r1_0 where r1_0.username=?
2024-06-11 00:20:39 [http-nio-8888-exec-10] DEBUG org.hibernate.SQL - select r1_0.username,r1_0.address,r1_0.email,r1_0.gender,r1_0.marital_status,r1_0.mobile,r1_0.name,r1_0.password,r1_0.roles from users r1_0 where r1_0.username=?
2024-06-11 00:20:39 [http-nio-8888-exec-4] DEBUG org.hibernate.SQL - select r1_0.username,r1_0.address,r1_0.email,r1_0.gender,r1_0.marital_status,r1_0.mobile,r1_0.name,r1_0.password,r1_0.roles from users r1_0 where r1_0.username=?
2024-06-11 00:20:40 [http-nio-8888-exec-5] DEBUG org.hibernate.SQL - select r1_0.username,r1_0.address,r1_0.email,r1_0.gender,r1_0.marital_status,r1_0.mobile,r1_0.name,r1_0.password,r1_0.roles from users r1_0 where r1_0.username=?
2024-06-11 00:20:40 [http-nio-8888-exec-3] DEBUG org.hibernate.SQL - select r1_0.username,r1_0.address,r1_0.email,r1_0.gender,r1_0.marital_status,r1_0.mobile,r1_0.name,r1_0.password,r1_0.roles from users r1_0 where r1_0.username=?
2024-06-11 00:21:03 [http-nio-8888-exec-6] DEBUG org.hibernate.SQL - select r1_0.username,r1_0.address,r1_0.email,r1_0.gender,r1_0.marital_status,r1_0.mobile,r1_0.name,r1_0.password,r1_0.roles from users r1_0 where r1_0.username=?
2024-06-11 00:21:23 [http-nio-8888-exec-7] INFO  c.a.e.ResponseEntityExceptionHandlerImpl - Read timed out executing GET http://localhost:8087/Bus/getbyid/100000
2024-06-11 00:21:24 [http-nio-8888-exec-10] DEBUG org.hibernate.SQL - select r1_0.username,r1_0.address,r1_0.email,r1_0.gender,r1_0.marital_status,r1_0.mobile,r1_0.name,r1_0.password,r1_0.roles from users r1_0 where r1_0.username=?
2024-06-11 00:21:24 [http-nio-8888-exec-4] DEBUG org.hibernate.SQL - select r1_0.username,r1_0.address,r1_0.email,r1_0.gender,r1_0.marital_status,r1_0.mobile,r1_0.name,r1_0.password,r1_0.roles from users r1_0 where r1_0.username=?
2024-06-11 00:21:24 [http-nio-8888-exec-5] DEBUG org.hibernate.SQL - select r1_0.username,r1_0.address,r1_0.email,r1_0.gender,r1_0.marital_status,r1_0.mobile,r1_0.name,r1_0.password,r1_0.roles from users r1_0 where r1_0.username=?
2024-06-11 00:21:25 [http-nio-8888-exec-9] INFO  c.a.e.ResponseEntityExceptionHandlerImpl - Read timed out executing GET http://localhost:8087/Bus/getbyid/100000
2024-06-11 00:21:29 [http-nio-8888-exec-2] INFO  c.a.e.ResponseEntityExceptionHandlerImpl - Read timed out executing GET http://localhost:8087/Bus/getbyid/100000
2024-06-11 00:21:30 [http-nio-8888-exec-8] INFO  c.a.e.ResponseEntityExceptionHandlerImpl - Read timed out executing GET http://localhost:8087/Bus/getbyid/100000
2024-06-11 00:21:33 [http-nio-8888-exec-1] INFO  c.a.e.ResponseEntityExceptionHandlerImpl - Read timed out executing GET http://localhost:8087/Bus/getbyid/100000
2024-06-11 00:24:49 [AsyncResolver-bootstrap-executor-0] INFO  c.n.d.s.r.aws.ConfigClusterResolver - Resolving eureka endpoints via configuration
2024-06-11 00:27:28 [http-nio-8888-exec-10] DEBUG org.hibernate.SQL - select r1_0.username,r1_0.address,r1_0.email,r1_0.gender,r1_0.marital_status,r1_0.mobile,r1_0.name,r1_0.password,r1_0.roles from users r1_0 where r1_0.username=?
2024-06-11 00:27:28 [http-nio-8888-exec-4] DEBUG org.hibernate.SQL - select r1_0.username,r1_0.address,r1_0.email,r1_0.gender,r1_0.marital_status,r1_0.mobile,r1_0.name,r1_0.password,r1_0.roles from users r1_0 where r1_0.username=?
2024-06-11 00:27:31 [http-nio-8888-exec-9] DEBUG org.hibernate.SQL - select r1_0.username,r1_0.address,r1_0.email,r1_0.gender,r1_0.marital_status,r1_0.mobile,r1_0.name,r1_0.password,r1_0.roles from users r1_0 where r1_0.username=?
2024-06-11 00:27:31 [http-nio-8888-exec-2] DEBUG org.hibernate.SQL - select r1_0.username,r1_0.address,r1_0.email,r1_0.gender,r1_0.marital_status,r1_0.mobile,r1_0.name,r1_0.password,r1_0.roles from users r1_0 where r1_0.username=?
2024-06-11 00:27:32 [http-nio-8888-exec-8] DEBUG org.hibernate.SQL - select r1_0.username,r1_0.address,r1_0.email,r1_0.gender,r1_0.marital_status,r1_0.mobile,r1_0.name,r1_0.password,r1_0.roles from users r1_0 where r1_0.username=?
2024-06-11 00:27:32 [http-nio-8888-exec-1] DEBUG org.hibernate.SQL - select r1_0.username,r1_0.address,r1_0.email,r1_0.gender,r1_0.marital_status,r1_0.mobile,r1_0.name,r1_0.password,r1_0.roles from users r1_0 where r1_0.username=?
2024-06-11 00:27:45 [http-nio-8888-exec-6] DEBUG org.hibernate.SQL - select r1_0.username,r1_0.address,r1_0.email,r1_0.gender,r1_0.marital_status,r1_0.mobile,r1_0.name,r1_0.password,r1_0.roles from users r1_0 where r1_0.username=?
2024-06-11 00:27:45 [http-nio-8888-exec-5] DEBUG org.hibernate.SQL - select r1_0.username,r1_0.address,r1_0.email,r1_0.gender,r1_0.marital_status,r1_0.mobile,r1_0.name,r1_0.password,r1_0.roles from users r1_0 where r1_0.username=?
2024-06-11 00:27:56 [http-nio-8888-exec-3] DEBUG org.hibernate.SQL - select r1_0.username,r1_0.address,r1_0.email,r1_0.gender,r1_0.marital_status,r1_0.mobile,r1_0.name,r1_0.password,r1_0.roles from users r1_0 where r1_0.username=?
2024-06-11 00:27:56 [http-nio-8888-exec-7] DEBUG org.hibernate.SQL - select r1_0.username,r1_0.address,r1_0.email,r1_0.gender,r1_0.marital_status,r1_0.mobile,r1_0.name,r1_0.password,r1_0.roles from users r1_0 where r1_0.username=?
2024-06-11 00:27:59 [http-nio-8888-exec-10] DEBUG org.hibernate.SQL - select r1_0.username,r1_0.address,r1_0.email,r1_0.gender,r1_0.marital_status,r1_0.mobile,r1_0.name,r1_0.password,r1_0.roles from users r1_0 where r1_0.username=?
2024-06-11 00:27:59 [http-nio-8888-exec-4] DEBUG org.hibernate.SQL - select r1_0.username,r1_0.address,r1_0.email,r1_0.gender,r1_0.marital_status,r1_0.mobile,r1_0.name,r1_0.password,r1_0.roles from users r1_0 where r1_0.username=?
2024-06-11 00:28:07 [http-nio-8888-exec-2] DEBUG org.hibernate.SQL - select r1_0.username,r1_0.address,r1_0.email,r1_0.gender,r1_0.marital_status,r1_0.mobile,r1_0.name,r1_0.password,r1_0.roles from users r1_0 where r1_0.username=?
2024-06-11 00:28:07 [http-nio-8888-exec-9] DEBUG org.hibernate.SQL - select r1_0.username,r1_0.address,r1_0.email,r1_0.gender,r1_0.marital_status,r1_0.mobile,r1_0.name,r1_0.password,r1_0.roles from users r1_0 where r1_0.username=?
2024-06-11 00:29:12 [http-nio-8888-exec-6] DEBUG org.hibernate.SQL - select r1_0.username,r1_0.address,r1_0.email,r1_0.gender,r1_0.marital_status,r1_0.mobile,r1_0.name,r1_0.password,r1_0.roles from users r1_0 where r1_0.username=?
2024-06-11 00:29:12 [http-nio-8888-exec-5] DEBUG org.hibernate.SQL - select r1_0.username,r1_0.address,r1_0.email,r1_0.gender,r1_0.marital_status,r1_0.mobile,r1_0.name,r1_0.password,r1_0.roles from users r1_0 where r1_0.username=?
2024-06-11 00:29:12 [http-nio-8888-exec-3] DEBUG org.hibernate.SQL - select r1_0.username,r1_0.address,r1_0.email,r1_0.gender,r1_0.marital_status,r1_0.mobile,r1_0.name,r1_0.password,r1_0.roles from users r1_0 where r1_0.username=?
2024-06-11 00:29:12 [http-nio-8888-exec-7] DEBUG org.hibernate.SQL - select r1_0.username,r1_0.address,r1_0.email,r1_0.gender,r1_0.marital_status,r1_0.mobile,r1_0.name,r1_0.password,r1_0.roles from users r1_0 where r1_0.username=?
2024-06-11 00:29:21 [http-nio-8888-exec-4] DEBUG org.hibernate.SQL - select r1_0.username,r1_0.address,r1_0.email,r1_0.gender,r1_0.marital_status,r1_0.mobile,r1_0.name,r1_0.password,r1_0.roles from users r1_0 where r1_0.username=?
2024-06-11 00:29:21 [http-nio-8888-exec-10] DEBUG org.hibernate.SQL - select r1_0.username,r1_0.address,r1_0.email,r1_0.gender,r1_0.marital_status,r1_0.mobile,r1_0.name,r1_0.password,r1_0.roles from users r1_0 where r1_0.username=?
2024-06-11 00:29:25 [http-nio-8888-exec-9] DEBUG org.hibernate.SQL - select r1_0.username,r1_0.address,r1_0.email,r1_0.gender,r1_0.marital_status,r1_0.mobile,r1_0.name,r1_0.password,r1_0.roles from users r1_0 where r1_0.username=?
2024-06-11 00:29:25 [http-nio-8888-exec-2] DEBUG org.hibernate.SQL - select r1_0.username,r1_0.address,r1_0.email,r1_0.gender,r1_0.marital_status,r1_0.mobile,r1_0.name,r1_0.password,r1_0.roles from users r1_0 where r1_0.username=?
2024-06-11 00:29:49 [AsyncResolver-bootstrap-executor-0] INFO  c.n.d.s.r.aws.ConfigClusterResolver - Resolving eureka endpoints via configuration
2024-06-11 00:29:51 [http-nio-8888-exec-8] DEBUG org.hibernate.SQL - select r1_0.username,r1_0.address,r1_0.email,r1_0.gender,r1_0.marital_status,r1_0.mobile,r1_0.name,r1_0.password,r1_0.roles from users r1_0 where r1_0.username=?
2024-06-11 00:29:51 [http-nio-8888-exec-1] DEBUG org.hibernate.SQL - select r1_0.username,r1_0.address,r1_0.email,r1_0.gender,r1_0.marital_status,r1_0.mobile,r1_0.name,r1_0.password,r1_0.roles from users r1_0 where r1_0.username=?
2024-06-11 00:30:04 [http-nio-8888-exec-5] DEBUG org.hibernate.SQL - select r1_0.username,r1_0.address,r1_0.email,r1_0.gender,r1_0.marital_status,r1_0.mobile,r1_0.name,r1_0.password,r1_0.roles from users r1_0 where r1_0.username=?
2024-06-11 00:30:04 [http-nio-8888-exec-6] DEBUG org.hibernate.SQL - select r1_0.username,r1_0.address,r1_0.email,r1_0.gender,r1_0.marital_status,r1_0.mobile,r1_0.name,r1_0.password,r1_0.roles from users r1_0 where r1_0.username=?
2024-06-11 00:30:26 [http-nio-8888-exec-7] DEBUG org.hibernate.SQL - select r1_0.username,r1_0.address,r1_0.email,r1_0.gender,r1_0.marital_status,r1_0.mobile,r1_0.name,r1_0.password,r1_0.roles from users r1_0 where r1_0.username=?
2024-06-11 00:30:26 [http-nio-8888-exec-3] DEBUG org.hibernate.SQL - select r1_0.username,r1_0.address,r1_0.email,r1_0.gender,r1_0.marital_status,r1_0.mobile,r1_0.name,r1_0.password,r1_0.roles from users r1_0 where r1_0.username=?
2024-06-11 00:30:29 [http-nio-8888-exec-10] DEBUG org.hibernate.SQL - select r1_0.username,r1_0.address,r1_0.email,r1_0.gender,r1_0.marital_status,r1_0.mobile,r1_0.name,r1_0.password,r1_0.roles from users r1_0 where r1_0.username=?
2024-06-11 00:30:29 [http-nio-8888-exec-4] DEBUG org.hibernate.SQL - select r1_0.username,r1_0.address,r1_0.email,r1_0.gender,r1_0.marital_status,r1_0.mobile,r1_0.name,r1_0.password,r1_0.roles from users r1_0 where r1_0.username=?
2024-06-11 00:31:08 [http-nio-8888-exec-9] DEBUG org.hibernate.SQL - select r1_0.username,r1_0.address,r1_0.email,r1_0.gender,r1_0.marital_status,r1_0.mobile,r1_0.name,r1_0.password,r1_0.roles from users r1_0 where r1_0.username=?
2024-06-11 00:31:09 [http-nio-8888-exec-2] DEBUG org.hibernate.SQL - select r1_0.username,r1_0.address,r1_0.email,r1_0.gender,r1_0.marital_status,r1_0.mobile,r1_0.name,r1_0.password,r1_0.roles from users r1_0 where r1_0.username=?
2024-06-11 00:31:22 [http-nio-8888-exec-1] DEBUG org.hibernate.SQL - select r1_0.username,r1_0.address,r1_0.email,r1_0.gender,r1_0.marital_status,r1_0.mobile,r1_0.name,r1_0.password,r1_0.roles from users r1_0 where r1_0.username=?
2024-06-11 00:31:24 [http-nio-8888-exec-8] DEBUG org.hibernate.SQL - select r1_0.username,r1_0.address,r1_0.email,r1_0.gender,r1_0.marital_status,r1_0.mobile,r1_0.name,r1_0.password,r1_0.roles from users r1_0 where r1_0.username=?
2024-06-11 00:32:02 [http-nio-8888-exec-6] DEBUG org.hibernate.SQL - select r1_0.username,r1_0.address,r1_0.email,r1_0.gender,r1_0.marital_status,r1_0.mobile,r1_0.name,r1_0.password,r1_0.roles from users r1_0 where r1_0.username=?
2024-06-11 00:32:02 [http-nio-8888-exec-5] DEBUG org.hibernate.SQL - select r1_0.username,r1_0.address,r1_0.email,r1_0.gender,r1_0.marital_status,r1_0.mobile,r1_0.name,r1_0.password,r1_0.roles from users r1_0 where r1_0.username=?
2024-06-11 00:32:03 [http-nio-8888-exec-7] DEBUG org.hibernate.SQL - select r1_0.username,r1_0.address,r1_0.email,r1_0.gender,r1_0.marital_status,r1_0.mobile,r1_0.name,r1_0.password,r1_0.roles from users r1_0 where r1_0.username=?
2024-06-11 00:32:04 [http-nio-8888-exec-3] DEBUG org.hibernate.SQL - select r1_0.username,r1_0.address,r1_0.email,r1_0.gender,r1_0.marital_status,r1_0.mobile,r1_0.name,r1_0.password,r1_0.roles from users r1_0 where r1_0.username=?
2024-06-11 00:34:19 [http-nio-8888-exec-7] DEBUG org.hibernate.SQL - select r1_0.username,r1_0.address,r1_0.email,r1_0.gender,r1_0.marital_status,r1_0.mobile,r1_0.name,r1_0.password,r1_0.roles from users r1_0 where r1_0.username=?
2024-06-11 00:34:19 [http-nio-8888-exec-6] DEBUG org.hibernate.SQL - select r1_0.username,r1_0.address,r1_0.email,r1_0.gender,r1_0.marital_status,r1_0.mobile,r1_0.name,r1_0.password,r1_0.roles from users r1_0 where r1_0.username=?
2024-06-11 00:34:49 [AsyncResolver-bootstrap-executor-0] INFO  c.n.d.s.r.aws.ConfigClusterResolver - Resolving eureka endpoints via configuration
2024-06-11 00:39:49 [AsyncResolver-bootstrap-executor-0] INFO  c.n.d.s.r.aws.ConfigClusterResolver - Resolving eureka endpoints via configuration
2024-06-11 00:43:31 [http-nio-8888-exec-8] DEBUG org.hibernate.SQL - select r1_0.username,r1_0.address,r1_0.email,r1_0.gender,r1_0.marital_status,r1_0.mobile,r1_0.name,r1_0.password,r1_0.roles from users r1_0 where r1_0.username=?
2024-06-11 00:43:31 [http-nio-8888-exec-1] DEBUG org.hibernate.SQL - select r1_0.username,r1_0.address,r1_0.email,r1_0.gender,r1_0.marital_status,r1_0.mobile,r1_0.name,r1_0.password,r1_0.roles from users r1_0 where r1_0.username=?
2024-06-11 00:43:38 [http-nio-8888-exec-4] DEBUG org.hibernate.SQL - select r1_0.username,r1_0.address,r1_0.email,r1_0.gender,r1_0.marital_status,r1_0.mobile,r1_0.name,r1_0.password,r1_0.roles from users r1_0 where r1_0.username=?
2024-06-11 00:43:38 [http-nio-8888-exec-10] DEBUG org.hibernate.SQL - select r1_0.username,r1_0.address,r1_0.email,r1_0.gender,r1_0.marital_status,r1_0.mobile,r1_0.name,r1_0.password,r1_0.roles from users r1_0 where r1_0.username=?
2024-06-11 00:43:40 [http-nio-8888-exec-9] DEBUG org.hibernate.SQL - select r1_0.username,r1_0.address,r1_0.email,r1_0.gender,r1_0.marital_status,r1_0.mobile,r1_0.name,r1_0.password,r1_0.roles from users r1_0 where r1_0.username=?
2024-06-11 00:43:40 [http-nio-8888-exec-2] DEBUG org.hibernate.SQL - select r1_0.username,r1_0.address,r1_0.email,r1_0.gender,r1_0.marital_status,r1_0.mobile,r1_0.name,r1_0.password,r1_0.roles from users r1_0 where r1_0.username=?
2024-06-11 00:43:45 [http-nio-8888-exec-6] DEBUG org.hibernate.SQL - select r1_0.username,r1_0.address,r1_0.email,r1_0.gender,r1_0.marital_status,r1_0.mobile,r1_0.name,r1_0.password,r1_0.roles from users r1_0 where r1_0.username=?
2024-06-11 00:43:45 [http-nio-8888-exec-7] DEBUG org.hibernate.SQL - select r1_0.username,r1_0.address,r1_0.email,r1_0.gender,r1_0.marital_status,r1_0.mobile,r1_0.name,r1_0.password,r1_0.roles from users r1_0 where r1_0.username=?
2024-06-11 00:43:50 [http-nio-8888-exec-5] DEBUG org.hibernate.SQL - select r1_0.username,r1_0.address,r1_0.email,r1_0.gender,r1_0.marital_status,r1_0.mobile,r1_0.name,r1_0.password,r1_0.roles from users r1_0 where r1_0.username=?
2024-06-11 00:43:50 [http-nio-8888-exec-3] DEBUG org.hibernate.SQL - select r1_0.username,r1_0.address,r1_0.email,r1_0.gender,r1_0.marital_status,r1_0.mobile,r1_0.name,r1_0.password,r1_0.roles from users r1_0 where r1_0.username=?
2024-06-11 00:43:51 [http-nio-8888-exec-8] DEBUG org.hibernate.SQL - select r1_0.username,r1_0.address,r1_0.email,r1_0.gender,r1_0.marital_status,r1_0.mobile,r1_0.name,r1_0.password,r1_0.roles from users r1_0 where r1_0.username=?
2024-06-11 00:43:51 [http-nio-8888-exec-1] DEBUG org.hibernate.SQL - select r1_0.username,r1_0.address,r1_0.email,r1_0.gender,r1_0.marital_status,r1_0.mobile,r1_0.name,r1_0.password,r1_0.roles from users r1_0 where r1_0.username=?
2024-06-11 00:43:55 [http-nio-8888-exec-10] DEBUG org.hibernate.SQL - select r1_0.username,r1_0.address,r1_0.email,r1_0.gender,r1_0.marital_status,r1_0.mobile,r1_0.name,r1_0.password,r1_0.roles from users r1_0 where r1_0.username=?
2024-06-11 00:43:55 [http-nio-8888-exec-4] DEBUG org.hibernate.SQL - select r1_0.username,r1_0.address,r1_0.email,r1_0.gender,r1_0.marital_status,r1_0.mobile,r1_0.name,r1_0.password,r1_0.roles from users r1_0 where r1_0.username=?
2024-06-11 00:43:56 [http-nio-8888-exec-9] DEBUG org.hibernate.SQL - select r1_0.username,r1_0.address,r1_0.email,r1_0.gender,r1_0.marital_status,r1_0.mobile,r1_0.name,r1_0.password,r1_0.roles from users r1_0 where r1_0.username=?
2024-06-11 00:43:56 [http-nio-8888-exec-2] DEBUG org.hibernate.SQL - select r1_0.username,r1_0.address,r1_0.email,r1_0.gender,r1_0.marital_status,r1_0.mobile,r1_0.name,r1_0.password,r1_0.roles from users r1_0 where r1_0.username=?
2024-06-11 00:44:49 [AsyncResolver-bootstrap-executor-0] INFO  c.n.d.s.r.aws.ConfigClusterResolver - Resolving eureka endpoints via configuration
2024-06-11 00:49:42 [http-nio-8888-exec-5] DEBUG org.hibernate.SQL - select r1_0.username,r1_0.address,r1_0.email,r1_0.gender,r1_0.marital_status,r1_0.mobile,r1_0.name,r1_0.password,r1_0.roles from users r1_0 where r1_0.username=?
2024-06-11 00:49:42 [http-nio-8888-exec-3] DEBUG org.hibernate.SQL - select r1_0.username,r1_0.address,r1_0.email,r1_0.gender,r1_0.marital_status,r1_0.mobile,r1_0.name,r1_0.password,r1_0.roles from users r1_0 where r1_0.username=?
2024-06-11 00:49:43 [http-nio-8888-exec-8] DEBUG org.hibernate.SQL - select r1_0.username,r1_0.address,r1_0.email,r1_0.gender,r1_0.marital_status,r1_0.mobile,r1_0.name,r1_0.password,r1_0.roles from users r1_0 where r1_0.username=?
2024-06-11 00:49:43 [http-nio-8888-exec-1] DEBUG org.hibernate.SQL - select r1_0.username,r1_0.address,r1_0.email,r1_0.gender,r1_0.marital_status,r1_0.mobile,r1_0.name,r1_0.password,r1_0.roles from users r1_0 where r1_0.username=?
2024-06-11 00:49:49 [AsyncResolver-bootstrap-executor-0] INFO  c.n.d.s.r.aws.ConfigClusterResolver - Resolving eureka endpoints via configuration
2024-06-11 00:51:43 [http-nio-8888-exec-9] DEBUG org.hibernate.SQL - select r1_0.username,r1_0.address,r1_0.email,r1_0.gender,r1_0.marital_status,r1_0.mobile,r1_0.name,r1_0.password,r1_0.roles from users r1_0 where r1_0.username=?
2024-06-11 00:51:43 [http-nio-8888-exec-2] DEBUG org.hibernate.SQL - select r1_0.username,r1_0.address,r1_0.email,r1_0.gender,r1_0.marital_status,r1_0.mobile,r1_0.name,r1_0.password,r1_0.roles from users r1_0 where r1_0.username=?
2024-06-11 00:51:53 [http-nio-8888-exec-6] DEBUG org.hibernate.SQL - select r1_0.username,r1_0.address,r1_0.email,r1_0.gender,r1_0.marital_status,r1_0.mobile,r1_0.name,r1_0.password,r1_0.roles from users r1_0 where r1_0.username=?
2024-06-11 00:51:53 [http-nio-8888-exec-7] DEBUG org.hibernate.SQL - select r1_0.username,r1_0.address,r1_0.email,r1_0.gender,r1_0.marital_status,r1_0.mobile,r1_0.name,r1_0.password,r1_0.roles from users r1_0 where r1_0.username=?
2024-06-11 00:54:49 [AsyncResolver-bootstrap-executor-0] INFO  c.n.d.s.r.aws.ConfigClusterResolver - Resolving eureka endpoints via configuration
2024-06-11 00:58:12 [http-nio-8888-exec-8] DEBUG org.hibernate.SQL - select r1_0.username,r1_0.address,r1_0.email,r1_0.gender,r1_0.marital_status,r1_0.mobile,r1_0.name,r1_0.password,r1_0.roles from users r1_0 where r1_0.username=?
2024-06-11 00:58:12 [http-nio-8888-exec-1] DEBUG org.hibernate.SQL - select r1_0.username,r1_0.address,r1_0.email,r1_0.gender,r1_0.marital_status,r1_0.mobile,r1_0.name,r1_0.password,r1_0.roles from users r1_0 where r1_0.username=?
2024-06-11 00:58:35 [http-nio-8888-exec-4] DEBUG org.hibernate.SQL - select r1_0.username,r1_0.address,r1_0.email,r1_0.gender,r1_0.marital_status,r1_0.mobile,r1_0.name,r1_0.password,r1_0.roles from users r1_0 where r1_0.username=?
2024-06-11 00:58:39 [http-nio-8888-exec-10] DEBUG org.hibernate.SQL - select r1_0.username,r1_0.address,r1_0.email,r1_0.gender,r1_0.marital_status,r1_0.mobile,r1_0.name,r1_0.password,r1_0.roles from users r1_0 where r1_0.username=?
2024-06-11 00:58:41 [http-nio-8888-exec-9] DEBUG org.hibernate.SQL - select r1_0.username,r1_0.address,r1_0.email,r1_0.gender,r1_0.marital_status,r1_0.mobile,r1_0.name,r1_0.password,r1_0.roles from users r1_0 where r1_0.username=?
2024-06-11 00:58:41 [http-nio-8888-exec-2] DEBUG org.hibernate.SQL - select r1_0.username,r1_0.address,r1_0.email,r1_0.gender,r1_0.marital_status,r1_0.mobile,r1_0.name,r1_0.password,r1_0.roles from users r1_0 where r1_0.username=?
2024-06-11 00:58:42 [http-nio-8888-exec-6] DEBUG org.hibernate.SQL - select r1_0.username,r1_0.address,r1_0.email,r1_0.gender,r1_0.marital_status,r1_0.mobile,r1_0.name,r1_0.password,r1_0.roles from users r1_0 where r1_0.username=?
2024-06-11 00:58:42 [http-nio-8888-exec-7] DEBUG org.hibernate.SQL - select r1_0.username,r1_0.address,r1_0.email,r1_0.gender,r1_0.marital_status,r1_0.mobile,r1_0.name,r1_0.password,r1_0.roles from users r1_0 where r1_0.username=?
2024-06-11 00:59:49 [AsyncResolver-bootstrap-executor-0] INFO  c.n.d.s.r.aws.ConfigClusterResolver - Resolving eureka endpoints via configuration
2024-06-11 01:04:49 [AsyncResolver-bootstrap-executor-0] INFO  c.n.d.s.r.aws.ConfigClusterResolver - Resolving eureka endpoints via configuration
2024-06-11 01:06:54 [http-nio-8888-exec-1] DEBUG org.hibernate.SQL - select r1_0.username,r1_0.address,r1_0.email,r1_0.gender,r1_0.marital_status,r1_0.mobile,r1_0.name,r1_0.password,r1_0.roles from users r1_0 where r1_0.username=?
2024-06-11 01:06:54 [http-nio-8888-exec-4] DEBUG org.hibernate.SQL - select r1_0.username,r1_0.address,r1_0.email,r1_0.gender,r1_0.marital_status,r1_0.mobile,r1_0.name,r1_0.password,r1_0.roles from users r1_0 where r1_0.username=?
2024-06-11 01:06:56 [http-nio-8888-exec-10] DEBUG org.hibernate.SQL - select r1_0.username,r1_0.address,r1_0.email,r1_0.gender,r1_0.marital_status,r1_0.mobile,r1_0.name,r1_0.password,r1_0.roles from users r1_0 where r1_0.username=?
2024-06-11 01:07:02 [http-nio-8888-exec-9] DEBUG org.hibernate.SQL - select r1_0.username,r1_0.address,r1_0.email,r1_0.gender,r1_0.marital_status,r1_0.mobile,r1_0.name,r1_0.password,r1_0.roles from users r1_0 where r1_0.username=?
2024-06-11 01:07:02 [http-nio-8888-exec-6] DEBUG org.hibernate.SQL - select r1_0.username,r1_0.address,r1_0.email,r1_0.gender,r1_0.marital_status,r1_0.mobile,r1_0.name,r1_0.password,r1_0.roles from users r1_0 where r1_0.username=?
2024-06-11 01:07:05 [http-nio-8888-exec-2] DEBUG org.hibernate.SQL - select r1_0.username,r1_0.address,r1_0.email,r1_0.gender,r1_0.marital_status,r1_0.mobile,r1_0.name,r1_0.password,r1_0.roles from users r1_0 where r1_0.username=?
2024-06-11 01:07:08 [http-nio-8888-exec-7] DEBUG org.hibernate.SQL - select r1_0.username,r1_0.address,r1_0.email,r1_0.gender,r1_0.marital_status,r1_0.mobile,r1_0.name,r1_0.password,r1_0.roles from users r1_0 where r1_0.username=?
2024-06-11 01:07:08 [http-nio-8888-exec-5] DEBUG org.hibernate.SQL - select r1_0.username,r1_0.address,r1_0.email,r1_0.gender,r1_0.marital_status,r1_0.mobile,r1_0.name,r1_0.password,r1_0.roles from users r1_0 where r1_0.username=?
2024-06-11 01:07:09 [http-nio-8888-exec-8] DEBUG org.hibernate.SQL - select r1_0.username,r1_0.address,r1_0.email,r1_0.gender,r1_0.marital_status,r1_0.mobile,r1_0.name,r1_0.password,r1_0.roles from users r1_0 where r1_0.username=?
2024-06-11 01:07:10 [http-nio-8888-exec-3] DEBUG org.hibernate.SQL - select r1_0.username,r1_0.address,r1_0.email,r1_0.gender,r1_0.marital_status,r1_0.mobile,r1_0.name,r1_0.password,r1_0.roles from users r1_0 where r1_0.username=?
2024-06-11 01:07:14 [http-nio-8888-exec-1] DEBUG org.hibernate.SQL - select r1_0.username,r1_0.address,r1_0.email,r1_0.gender,r1_0.marital_status,r1_0.mobile,r1_0.name,r1_0.password,r1_0.roles from users r1_0 where r1_0.username=?
2024-06-11 01:07:16 [http-nio-8888-exec-4] DEBUG org.hibernate.SQL - select r1_0.username,r1_0.address,r1_0.email,r1_0.gender,r1_0.marital_status,r1_0.mobile,r1_0.name,r1_0.password,r1_0.roles from users r1_0 where r1_0.username=?
2024-06-11 01:07:16 [http-nio-8888-exec-5] DEBUG org.hibernate.SQL - select r1_0.username,r1_0.address,r1_0.email,r1_0.gender,r1_0.marital_status,r1_0.mobile,r1_0.name,r1_0.password,r1_0.roles from users r1_0 where r1_0.username=?
2024-06-11 01:07:17 [http-nio-8888-exec-7] DEBUG org.hibernate.SQL - select r1_0.username,r1_0.address,r1_0.email,r1_0.gender,r1_0.marital_status,r1_0.mobile,r1_0.name,r1_0.password,r1_0.roles from users r1_0 where r1_0.username=?
2024-06-11 01:07:17 [http-nio-8888-exec-8] DEBUG org.hibernate.SQL - select r1_0.username,r1_0.address,r1_0.email,r1_0.gender,r1_0.marital_status,r1_0.mobile,r1_0.name,r1_0.password,r1_0.roles from users r1_0 where r1_0.username=?
2024-06-11 01:07:18 [http-nio-8888-exec-3] DEBUG org.hibernate.SQL - select r1_0.username,r1_0.address,r1_0.email,r1_0.gender,r1_0.marital_status,r1_0.mobile,r1_0.name,r1_0.password,r1_0.roles from users r1_0 where r1_0.username=?
2024-06-11 01:07:22 [http-nio-8888-exec-4] DEBUG org.hibernate.SQL - select r1_0.username,r1_0.address,r1_0.email,r1_0.gender,r1_0.marital_status,r1_0.mobile,r1_0.name,r1_0.password,r1_0.roles from users r1_0 where r1_0.username=?
2024-06-11 01:07:22 [http-nio-8888-exec-5] DEBUG org.hibernate.SQL - select r1_0.username,r1_0.address,r1_0.email,r1_0.gender,r1_0.marital_status,r1_0.mobile,r1_0.name,r1_0.password,r1_0.roles from users r1_0 where r1_0.username=?
2024-06-11 01:07:24 [http-nio-8888-exec-1] DEBUG org.hibernate.SQL - select r1_0.username,r1_0.address,r1_0.email,r1_0.gender,r1_0.marital_status,r1_0.mobile,r1_0.name,r1_0.password,r1_0.roles from users r1_0 where r1_0.username=?
2024-06-11 01:07:27 [http-nio-8888-exec-7] DEBUG org.hibernate.SQL - select r1_0.username,r1_0.address,r1_0.email,r1_0.gender,r1_0.marital_status,r1_0.mobile,r1_0.name,r1_0.password,r1_0.roles from users r1_0 where r1_0.username=?
2024-06-11 01:08:02 [http-nio-8888-exec-9] INFO  c.a.e.ResponseEntityExceptionHandlerImpl - Read timed out executing DELETE http://localhost:8081/User/deletetraveller/Akil11/3
2024-06-11 01:08:02 [http-nio-8888-exec-6] INFO  c.a.e.ResponseEntityExceptionHandlerImpl - Read timed out executing DELETE http://localhost:8081/User/deletetraveller/Akil11/1
2024-06-11 01:08:02 [http-nio-8888-exec-10] INFO  c.a.e.ResponseEntityExceptionHandlerImpl - Read timed out executing DELETE http://localhost:8081/User/deletetraveller/Akil11/2
2024-06-11 01:08:04 [http-nio-8888-exec-8] DEBUG org.hibernate.SQL - select r1_0.username,r1_0.address,r1_0.email,r1_0.gender,r1_0.marital_status,r1_0.mobile,r1_0.name,r1_0.password,r1_0.roles from users r1_0 where r1_0.username=?
2024-06-11 01:08:04 [http-nio-8888-exec-4] DEBUG org.hibernate.SQL - select r1_0.username,r1_0.address,r1_0.email,r1_0.gender,r1_0.marital_status,r1_0.mobile,r1_0.name,r1_0.password,r1_0.roles from users r1_0 where r1_0.username=?
2024-06-11 01:08:04 [http-nio-8888-exec-3] DEBUG org.hibernate.SQL - select r1_0.username,r1_0.address,r1_0.email,r1_0.gender,r1_0.marital_status,r1_0.mobile,r1_0.name,r1_0.password,r1_0.roles from users r1_0 where r1_0.username=?
2024-06-11 01:08:05 [http-nio-8888-exec-2] INFO  c.a.e.ResponseEntityExceptionHandlerImpl - Read timed out executing DELETE http://localhost:8081/User/deletetraveller/Akil11/2
2024-06-11 01:08:07 [http-nio-8888-exec-5] DEBUG org.hibernate.SQL - select r1_0.username,r1_0.address,r1_0.email,r1_0.gender,r1_0.marital_status,r1_0.mobile,r1_0.name,r1_0.password,r1_0.roles from users r1_0 where r1_0.username=?
2024-06-11 01:08:08 [http-nio-8888-exec-6] DEBUG org.hibernate.SQL - select r1_0.username,r1_0.address,r1_0.email,r1_0.gender,r1_0.marital_status,r1_0.mobile,r1_0.name,r1_0.password,r1_0.roles from users r1_0 where r1_0.username=?
2024-06-11 01:08:12 [http-nio-8888-exec-9] DEBUG org.hibernate.SQL - select r1_0.username,r1_0.address,r1_0.email,r1_0.gender,r1_0.marital_status,r1_0.mobile,r1_0.name,r1_0.password,r1_0.roles from users r1_0 where r1_0.username=?
2024-06-11 01:08:12 [http-nio-8888-exec-10] DEBUG org.hibernate.SQL - select r1_0.username,r1_0.address,r1_0.email,r1_0.gender,r1_0.marital_status,r1_0.mobile,r1_0.name,r1_0.password,r1_0.roles from users r1_0 where r1_0.username=?
2024-06-11 01:08:13 [http-nio-8888-exec-2] DEBUG org.hibernate.SQL - select r1_0.username,r1_0.address,r1_0.email,r1_0.gender,r1_0.marital_status,r1_0.mobile,r1_0.name,r1_0.password,r1_0.roles from users r1_0 where r1_0.username=?
2024-06-11 01:09:49 [AsyncResolver-bootstrap-executor-0] INFO  c.n.d.s.r.aws.ConfigClusterResolver - Resolving eureka endpoints via configuration
2024-06-11 01:14:49 [AsyncResolver-bootstrap-executor-0] INFO  c.n.d.s.r.aws.ConfigClusterResolver - Resolving eureka endpoints via configuration
2024-06-11 01:19:49 [AsyncResolver-bootstrap-executor-0] INFO  c.n.d.s.r.aws.ConfigClusterResolver - Resolving eureka endpoints via configuration
2024-06-11 01:22:54 [http-nio-8888-exec-3] DEBUG org.hibernate.SQL - select r1_0.username,r1_0.address,r1_0.email,r1_0.gender,r1_0.marital_status,r1_0.mobile,r1_0.name,r1_0.password,r1_0.roles from users r1_0 where r1_0.username=?
2024-06-11 01:23:05 [http-nio-8888-exec-7] DEBUG org.hibernate.SQL - select r1_0.username,r1_0.address,r1_0.email,r1_0.gender,r1_0.marital_status,r1_0.mobile,r1_0.name,r1_0.password,r1_0.roles from users r1_0 where r1_0.username=?
2024-06-11 01:23:10 [http-nio-8888-exec-9] DEBUG org.hibernate.SQL - select r1_0.username,r1_0.address,r1_0.email,r1_0.gender,r1_0.marital_status,r1_0.mobile,r1_0.name,r1_0.password,r1_0.roles from users r1_0 where r1_0.username=?
2024-06-11 01:23:15 [http-nio-8888-exec-10] DEBUG org.hibernate.SQL - select r1_0.username,r1_0.address,r1_0.email,r1_0.gender,r1_0.marital_status,r1_0.mobile,r1_0.name,r1_0.password,r1_0.roles from users r1_0 where r1_0.username=?
2024-06-11 01:23:19 [http-nio-8888-exec-2] DEBUG org.hibernate.SQL - select r1_0.username,r1_0.address,r1_0.email,r1_0.gender,r1_0.marital_status,r1_0.mobile,r1_0.name,r1_0.password,r1_0.roles from users r1_0 where r1_0.username=?
2024-06-11 01:23:20 [http-nio-8888-exec-1] DEBUG org.hibernate.SQL - select r1_0.username,r1_0.address,r1_0.email,r1_0.gender,r1_0.marital_status,r1_0.mobile,r1_0.name,r1_0.password,r1_0.roles from users r1_0 where r1_0.username=?
2024-06-11 01:24:06 [http-nio-8888-exec-4] DEBUG org.hibernate.SQL - select r1_0.username,r1_0.address,r1_0.email,r1_0.gender,r1_0.marital_status,r1_0.mobile,r1_0.name,r1_0.password,r1_0.roles from users r1_0 where r1_0.username=?
2024-06-11 01:24:06 [http-nio-8888-exec-6] DEBUG org.hibernate.SQL - select r1_0.username,r1_0.address,r1_0.email,r1_0.gender,r1_0.marital_status,r1_0.mobile,r1_0.name,r1_0.password,r1_0.roles from users r1_0 where r1_0.username=?
2024-06-11 01:24:06 [http-nio-8888-exec-5] DEBUG org.hibernate.SQL - select r1_0.username,r1_0.address,r1_0.email,r1_0.gender,r1_0.marital_status,r1_0.mobile,r1_0.name,r1_0.password,r1_0.roles from users r1_0 where r1_0.username=?
2024-06-11 01:24:07 [http-nio-8888-exec-8] DEBUG org.hibernate.SQL - select r1_0.username,r1_0.address,r1_0.email,r1_0.gender,r1_0.marital_status,r1_0.mobile,r1_0.name,r1_0.password,r1_0.roles from users r1_0 where r1_0.username=?
2024-06-11 01:24:49 [AsyncResolver-bootstrap-executor-0] INFO  c.n.d.s.r.aws.ConfigClusterResolver - Resolving eureka endpoints via configuration
2024-06-11 01:29:49 [AsyncResolver-bootstrap-executor-0] INFO  c.n.d.s.r.aws.ConfigClusterResolver - Resolving eureka endpoints via configuration
2024-06-11 01:31:10 [http-nio-8888-exec-2] DEBUG org.hibernate.SQL - select r1_0.username,r1_0.address,r1_0.email,r1_0.gender,r1_0.marital_status,r1_0.mobile,r1_0.name,r1_0.password,r1_0.roles from users r1_0 where r1_0.username=?
2024-06-11 01:31:10 [http-nio-8888-exec-3] DEBUG org.hibernate.SQL - select r1_0.username,r1_0.address,r1_0.email,r1_0.gender,r1_0.marital_status,r1_0.mobile,r1_0.name,r1_0.password,r1_0.roles from users r1_0 where r1_0.username=?
2024-06-11 01:34:49 [AsyncResolver-bootstrap-executor-0] INFO  c.n.d.s.r.aws.ConfigClusterResolver - Resolving eureka endpoints via configuration
2024-06-11 01:35:58 [http-nio-8888-exec-5] DEBUG org.hibernate.SQL - select r1_0.username,r1_0.address,r1_0.email,r1_0.gender,r1_0.marital_status,r1_0.mobile,r1_0.name,r1_0.password,r1_0.roles from users r1_0 where r1_0.username=?
2024-06-11 01:35:58 [http-nio-8888-exec-4] DEBUG org.hibernate.SQL - select r1_0.username,r1_0.address,r1_0.email,r1_0.gender,r1_0.marital_status,r1_0.mobile,r1_0.name,r1_0.password,r1_0.roles from users r1_0 where r1_0.username=?
2024-06-11 01:35:58 [http-nio-8888-exec-8] DEBUG org.hibernate.SQL - select r1_0.username,r1_0.address,r1_0.email,r1_0.gender,r1_0.marital_status,r1_0.mobile,r1_0.name,r1_0.password,r1_0.roles from users r1_0 where r1_0.username=?
2024-06-11 01:36:00 [http-nio-8888-exec-10] DEBUG org.hibernate.SQL - select r1_0.username,r1_0.address,r1_0.email,r1_0.gender,r1_0.marital_status,r1_0.mobile,r1_0.name,r1_0.password,r1_0.roles from users r1_0 where r1_0.username=?
2024-06-11 01:36:04 [http-nio-8888-exec-9] DEBUG org.hibernate.SQL - select r1_0.username,r1_0.address,r1_0.email,r1_0.gender,r1_0.marital_status,r1_0.mobile,r1_0.name,r1_0.password,r1_0.roles from users r1_0 where r1_0.username=?
2024-06-11 01:36:04 [http-nio-8888-exec-7] DEBUG org.hibernate.SQL - select r1_0.username,r1_0.address,r1_0.email,r1_0.gender,r1_0.marital_status,r1_0.mobile,r1_0.name,r1_0.password,r1_0.roles from users r1_0 where r1_0.username=?
2024-06-11 01:36:07 [http-nio-8888-exec-2] DEBUG org.hibernate.SQL - select r1_0.username,r1_0.address,r1_0.email,r1_0.gender,r1_0.marital_status,r1_0.mobile,r1_0.name,r1_0.password,r1_0.roles from users r1_0 where r1_0.username=?
2024-06-11 01:36:07 [http-nio-8888-exec-3] DEBUG org.hibernate.SQL - select r1_0.username,r1_0.address,r1_0.email,r1_0.gender,r1_0.marital_status,r1_0.mobile,r1_0.name,r1_0.password,r1_0.roles from users r1_0 where r1_0.username=?
2024-06-11 01:36:13 [http-nio-8888-exec-1] DEBUG org.hibernate.SQL - select r1_0.username,r1_0.address,r1_0.email,r1_0.gender,r1_0.marital_status,r1_0.mobile,r1_0.name,r1_0.password,r1_0.roles from users r1_0 where r1_0.username=?
2024-06-11 01:36:13 [http-nio-8888-exec-6] DEBUG org.hibernate.SQL - select r1_0.username,r1_0.address,r1_0.email,r1_0.gender,r1_0.marital_status,r1_0.mobile,r1_0.name,r1_0.password,r1_0.roles from users r1_0 where r1_0.username=?
2024-06-11 01:36:13 [http-nio-8888-exec-5] DEBUG org.hibernate.SQL - select r1_0.username,r1_0.address,r1_0.email,r1_0.gender,r1_0.marital_status,r1_0.mobile,r1_0.name,r1_0.password,r1_0.roles from users r1_0 where r1_0.username=?
2024-06-11 01:36:23 [http-nio-8888-exec-8] DEBUG org.hibernate.SQL - select r1_0.username,r1_0.address,r1_0.email,r1_0.gender,r1_0.marital_status,r1_0.mobile,r1_0.name,r1_0.password,r1_0.roles from users r1_0 where r1_0.username=?
2024-06-11 01:39:49 [AsyncResolver-bootstrap-executor-0] INFO  c.n.d.s.r.aws.ConfigClusterResolver - Resolving eureka endpoints via configuration
2024-06-11 01:41:25 [http-nio-8888-exec-7] DEBUG org.hibernate.SQL - select r1_0.username,r1_0.address,r1_0.email,r1_0.gender,r1_0.marital_status,r1_0.mobile,r1_0.name,r1_0.password,r1_0.roles from users r1_0 where r1_0.username=?
2024-06-11 01:41:25 [http-nio-8888-exec-9] DEBUG org.hibernate.SQL - select r1_0.username,r1_0.address,r1_0.email,r1_0.gender,r1_0.marital_status,r1_0.mobile,r1_0.name,r1_0.password,r1_0.roles from users r1_0 where r1_0.username=?
2024-06-11 01:41:50 [http-nio-8888-exec-3] DEBUG org.hibernate.SQL - select r1_0.username,r1_0.address,r1_0.email,r1_0.gender,r1_0.marital_status,r1_0.mobile,r1_0.name,r1_0.password,r1_0.roles from users r1_0 where r1_0.username=?
2024-06-11 01:41:51 [http-nio-8888-exec-2] DEBUG org.hibernate.SQL - select r1_0.username,r1_0.address,r1_0.email,r1_0.gender,r1_0.marital_status,r1_0.mobile,r1_0.name,r1_0.password,r1_0.roles from users r1_0 where r1_0.username=?
2024-06-11 01:42:02 [http-nio-8888-exec-6] DEBUG org.hibernate.SQL - select r1_0.username,r1_0.address,r1_0.email,r1_0.gender,r1_0.marital_status,r1_0.mobile,r1_0.name,r1_0.password,r1_0.roles from users r1_0 where r1_0.username=?
2024-06-11 01:42:02 [http-nio-8888-exec-5] DEBUG org.hibernate.SQL - select r1_0.username,r1_0.address,r1_0.email,r1_0.gender,r1_0.marital_status,r1_0.mobile,r1_0.name,r1_0.password,r1_0.roles from users r1_0 where r1_0.username=?
2024-06-11 01:42:06 [http-nio-8888-exec-1] DEBUG org.hibernate.SQL - select r1_0.username,r1_0.address,r1_0.email,r1_0.gender,r1_0.marital_status,r1_0.mobile,r1_0.name,r1_0.password,r1_0.roles from users r1_0 where r1_0.username=?
2024-06-11 01:42:07 [http-nio-8888-exec-8] DEBUG org.hibernate.SQL - select r1_0.username,r1_0.address,r1_0.email,r1_0.gender,r1_0.marital_status,r1_0.mobile,r1_0.name,r1_0.password,r1_0.roles from users r1_0 where r1_0.username=?
2024-06-11 01:42:13 [http-nio-8888-exec-4] DEBUG org.hibernate.SQL - select r1_0.username,r1_0.address,r1_0.email,r1_0.gender,r1_0.marital_status,r1_0.mobile,r1_0.name,r1_0.password,r1_0.roles from users r1_0 where r1_0.username=?
2024-06-11 01:42:13 [http-nio-8888-exec-10] DEBUG org.hibernate.SQL - select r1_0.username,r1_0.address,r1_0.email,r1_0.gender,r1_0.marital_status,r1_0.mobile,r1_0.name,r1_0.password,r1_0.roles from users r1_0 where r1_0.username=?
2024-06-11 01:42:18 [http-nio-8888-exec-7] DEBUG org.hibernate.SQL - select r1_0.username,r1_0.address,r1_0.email,r1_0.gender,r1_0.marital_status,r1_0.mobile,r1_0.name,r1_0.password,r1_0.roles from users r1_0 where r1_0.username=?
2024-06-11 01:42:18 [http-nio-8888-exec-9] DEBUG org.hibernate.SQL - select r1_0.username,r1_0.address,r1_0.email,r1_0.gender,r1_0.marital_status,r1_0.mobile,r1_0.name,r1_0.password,r1_0.roles from users r1_0 where r1_0.username=?
2024-06-11 01:42:19 [http-nio-8888-exec-3] DEBUG org.hibernate.SQL - select r1_0.username,r1_0.address,r1_0.email,r1_0.gender,r1_0.marital_status,r1_0.mobile,r1_0.name,r1_0.password,r1_0.roles from users r1_0 where r1_0.username=?
2024-06-11 01:42:20 [http-nio-8888-exec-2] DEBUG org.hibernate.SQL - select r1_0.username,r1_0.address,r1_0.email,r1_0.gender,r1_0.marital_status,r1_0.mobile,r1_0.name,r1_0.password,r1_0.roles from users r1_0 where r1_0.username=?
2024-06-11 01:42:28 [http-nio-8888-exec-6] DEBUG org.hibernate.SQL - select r1_0.username,r1_0.address,r1_0.email,r1_0.gender,r1_0.marital_status,r1_0.mobile,r1_0.name,r1_0.password,r1_0.roles from users r1_0 where r1_0.username=?
2024-06-11 01:42:28 [http-nio-8888-exec-5] DEBUG org.hibernate.SQL - select r1_0.username,r1_0.address,r1_0.email,r1_0.gender,r1_0.marital_status,r1_0.mobile,r1_0.name,r1_0.password,r1_0.roles from users r1_0 where r1_0.username=?
2024-06-11 01:42:32 [http-nio-8888-exec-1] DEBUG org.hibernate.SQL - select r1_0.username,r1_0.address,r1_0.email,r1_0.gender,r1_0.marital_status,r1_0.mobile,r1_0.name,r1_0.password,r1_0.roles from users r1_0 where r1_0.username=?
2024-06-11 01:42:32 [http-nio-8888-exec-8] DEBUG org.hibernate.SQL - select r1_0.username,r1_0.address,r1_0.email,r1_0.gender,r1_0.marital_status,r1_0.mobile,r1_0.name,r1_0.password,r1_0.roles from users r1_0 where r1_0.username=?
2024-06-11 01:42:46 [http-nio-8888-exec-10] DEBUG org.hibernate.SQL - select r1_0.username,r1_0.address,r1_0.email,r1_0.gender,r1_0.marital_status,r1_0.mobile,r1_0.name,r1_0.password,r1_0.roles from users r1_0 where r1_0.username=?
2024-06-11 01:42:46 [http-nio-8888-exec-4] DEBUG org.hibernate.SQL - select r1_0.username,r1_0.address,r1_0.email,r1_0.gender,r1_0.marital_status,r1_0.mobile,r1_0.name,r1_0.password,r1_0.roles from users r1_0 where r1_0.username=?
2024-06-11 01:42:48 [http-nio-8888-exec-9] DEBUG org.hibernate.SQL - select r1_0.username,r1_0.address,r1_0.email,r1_0.gender,r1_0.marital_status,r1_0.mobile,r1_0.name,r1_0.password,r1_0.roles from users r1_0 where r1_0.username=?
2024-06-11 01:42:48 [http-nio-8888-exec-7] DEBUG org.hibernate.SQL - select r1_0.username,r1_0.address,r1_0.email,r1_0.gender,r1_0.marital_status,r1_0.mobile,r1_0.name,r1_0.password,r1_0.roles from users r1_0 where r1_0.username=?
2024-06-11 01:42:59 [http-nio-8888-exec-3] DEBUG org.hibernate.SQL - select r1_0.username,r1_0.address,r1_0.email,r1_0.gender,r1_0.marital_status,r1_0.mobile,r1_0.name,r1_0.password,r1_0.roles from users r1_0 where r1_0.username=?
2024-06-11 01:42:59 [http-nio-8888-exec-2] DEBUG org.hibernate.SQL - select r1_0.username,r1_0.address,r1_0.email,r1_0.gender,r1_0.marital_status,r1_0.mobile,r1_0.name,r1_0.password,r1_0.roles from users r1_0 where r1_0.username=?
2024-06-11 01:43:01 [http-nio-8888-exec-6] DEBUG org.hibernate.SQL - select r1_0.username,r1_0.address,r1_0.email,r1_0.gender,r1_0.marital_status,r1_0.mobile,r1_0.name,r1_0.password,r1_0.roles from users r1_0 where r1_0.username=?
2024-06-11 01:43:01 [http-nio-8888-exec-5] DEBUG org.hibernate.SQL - select r1_0.username,r1_0.address,r1_0.email,r1_0.gender,r1_0.marital_status,r1_0.mobile,r1_0.name,r1_0.password,r1_0.roles from users r1_0 where r1_0.username=?
2024-06-11 01:43:03 [http-nio-8888-exec-1] DEBUG org.hibernate.SQL - select r1_0.username,r1_0.address,r1_0.email,r1_0.gender,r1_0.marital_status,r1_0.mobile,r1_0.name,r1_0.password,r1_0.roles from users r1_0 where r1_0.username=?
2024-06-11 01:43:03 [http-nio-8888-exec-8] DEBUG org.hibernate.SQL - select r1_0.username,r1_0.address,r1_0.email,r1_0.gender,r1_0.marital_status,r1_0.mobile,r1_0.name,r1_0.password,r1_0.roles from users r1_0 where r1_0.username=?
2024-06-11 01:43:06 [http-nio-8888-exec-4] DEBUG org.hibernate.SQL - select r1_0.username,r1_0.address,r1_0.email,r1_0.gender,r1_0.marital_status,r1_0.mobile,r1_0.name,r1_0.password,r1_0.roles from users r1_0 where r1_0.username=?
2024-06-11 01:43:06 [http-nio-8888-exec-10] DEBUG org.hibernate.SQL - select r1_0.username,r1_0.address,r1_0.email,r1_0.gender,r1_0.marital_status,r1_0.mobile,r1_0.name,r1_0.password,r1_0.roles from users r1_0 where r1_0.username=?
2024-06-11 01:43:07 [http-nio-8888-exec-9] DEBUG org.hibernate.SQL - select r1_0.username,r1_0.address,r1_0.email,r1_0.gender,r1_0.marital_status,r1_0.mobile,r1_0.name,r1_0.password,r1_0.roles from users r1_0 where r1_0.username=?
2024-06-11 01:43:07 [http-nio-8888-exec-7] DEBUG org.hibernate.SQL - select r1_0.username,r1_0.address,r1_0.email,r1_0.gender,r1_0.marital_status,r1_0.mobile,r1_0.name,r1_0.password,r1_0.roles from users r1_0 where r1_0.username=?
2024-06-11 01:43:22 [http-nio-8888-exec-3] DEBUG org.hibernate.SQL - select r1_0.username,r1_0.address,r1_0.email,r1_0.gender,r1_0.marital_status,r1_0.mobile,r1_0.name,r1_0.password,r1_0.roles from users r1_0 where r1_0.username=?
2024-06-11 01:43:22 [http-nio-8888-exec-2] DEBUG org.hibernate.SQL - select r1_0.username,r1_0.address,r1_0.email,r1_0.gender,r1_0.marital_status,r1_0.mobile,r1_0.name,r1_0.password,r1_0.roles from users r1_0 where r1_0.username=?
2024-06-11 01:43:27 [http-nio-8888-exec-6] DEBUG org.hibernate.SQL - select r1_0.username,r1_0.address,r1_0.email,r1_0.gender,r1_0.marital_status,r1_0.mobile,r1_0.name,r1_0.password,r1_0.roles from users r1_0 where r1_0.username=?
2024-06-11 01:43:27 [http-nio-8888-exec-5] DEBUG org.hibernate.SQL - select r1_0.username,r1_0.address,r1_0.email,r1_0.gender,r1_0.marital_status,r1_0.mobile,r1_0.name,r1_0.password,r1_0.roles from users r1_0 where r1_0.username=?
2024-06-11 01:43:58 [http-nio-8888-exec-1] DEBUG org.hibernate.SQL - select r1_0.username,r1_0.address,r1_0.email,r1_0.gender,r1_0.marital_status,r1_0.mobile,r1_0.name,r1_0.password,r1_0.roles from users r1_0 where r1_0.username=?
2024-06-11 01:43:58 [http-nio-8888-exec-8] DEBUG org.hibernate.SQL - select r1_0.username,r1_0.address,r1_0.email,r1_0.gender,r1_0.marital_status,r1_0.mobile,r1_0.name,r1_0.password,r1_0.roles from users r1_0 where r1_0.username=?
2024-06-11 01:44:19 [http-nio-8888-exec-10] DEBUG org.hibernate.SQL - select r1_0.username,r1_0.address,r1_0.email,r1_0.gender,r1_0.marital_status,r1_0.mobile,r1_0.name,r1_0.password,r1_0.roles from users r1_0 where r1_0.username=?
2024-06-11 01:44:19 [http-nio-8888-exec-4] DEBUG org.hibernate.SQL - select r1_0.username,r1_0.address,r1_0.email,r1_0.gender,r1_0.marital_status,r1_0.mobile,r1_0.name,r1_0.password,r1_0.roles from users r1_0 where r1_0.username=?
2024-06-11 01:44:21 [http-nio-8888-exec-9] DEBUG org.hibernate.SQL - select r1_0.username,r1_0.address,r1_0.email,r1_0.gender,r1_0.marital_status,r1_0.mobile,r1_0.name,r1_0.password,r1_0.roles from users r1_0 where r1_0.username=?
2024-06-11 01:44:21 [http-nio-8888-exec-7] DEBUG org.hibernate.SQL - select r1_0.username,r1_0.address,r1_0.email,r1_0.gender,r1_0.marital_status,r1_0.mobile,r1_0.name,r1_0.password,r1_0.roles from users r1_0 where r1_0.username=?
2024-06-11 01:44:49 [AsyncResolver-bootstrap-executor-0] INFO  c.n.d.s.r.aws.ConfigClusterResolver - Resolving eureka endpoints via configuration
2024-06-11 01:44:56 [http-nio-8888-exec-3] DEBUG org.hibernate.SQL - select r1_0.username,r1_0.address,r1_0.email,r1_0.gender,r1_0.marital_status,r1_0.mobile,r1_0.name,r1_0.password,r1_0.roles from users r1_0 where r1_0.username=?
2024-06-11 01:44:56 [http-nio-8888-exec-2] DEBUG org.hibernate.SQL - select r1_0.username,r1_0.address,r1_0.email,r1_0.gender,r1_0.marital_status,r1_0.mobile,r1_0.name,r1_0.password,r1_0.roles from users r1_0 where r1_0.username=?
2024-06-11 01:45:06 [http-nio-8888-exec-6] DEBUG org.hibernate.SQL - select r1_0.username,r1_0.address,r1_0.email,r1_0.gender,r1_0.marital_status,r1_0.mobile,r1_0.name,r1_0.password,r1_0.roles from users r1_0 where r1_0.username=?
2024-06-11 01:45:06 [http-nio-8888-exec-5] DEBUG org.hibernate.SQL - select r1_0.username,r1_0.address,r1_0.email,r1_0.gender,r1_0.marital_status,r1_0.mobile,r1_0.name,r1_0.password,r1_0.roles from users r1_0 where r1_0.username=?
2024-06-11 01:45:11 [http-nio-8888-exec-1] DEBUG org.hibernate.SQL - select r1_0.username,r1_0.address,r1_0.email,r1_0.gender,r1_0.marital_status,r1_0.mobile,r1_0.name,r1_0.password,r1_0.roles from users r1_0 where r1_0.username=?
2024-06-11 01:45:11 [http-nio-8888-exec-8] DEBUG org.hibernate.SQL - select r1_0.username,r1_0.address,r1_0.email,r1_0.gender,r1_0.marital_status,r1_0.mobile,r1_0.name,r1_0.password,r1_0.roles from users r1_0 where r1_0.username=?
2024-06-11 01:45:28 [http-nio-8888-exec-4] DEBUG org.hibernate.SQL - select r1_0.username,r1_0.address,r1_0.email,r1_0.gender,r1_0.marital_status,r1_0.mobile,r1_0.name,r1_0.password,r1_0.roles from users r1_0 where r1_0.username=?
2024-06-11 01:45:28 [http-nio-8888-exec-10] DEBUG org.hibernate.SQL - select r1_0.username,r1_0.address,r1_0.email,r1_0.gender,r1_0.marital_status,r1_0.mobile,r1_0.name,r1_0.password,r1_0.roles from users r1_0 where r1_0.username=?
2024-06-11 01:45:29 [http-nio-8888-exec-7] DEBUG org.hibernate.SQL - select r1_0.username,r1_0.address,r1_0.email,r1_0.gender,r1_0.marital_status,r1_0.mobile,r1_0.name,r1_0.password,r1_0.roles from users r1_0 where r1_0.username=?
2024-06-11 01:45:29 [http-nio-8888-exec-9] DEBUG org.hibernate.SQL - select r1_0.username,r1_0.address,r1_0.email,r1_0.gender,r1_0.marital_status,r1_0.mobile,r1_0.name,r1_0.password,r1_0.roles from users r1_0 where r1_0.username=?
2024-06-11 01:45:44 [http-nio-8888-exec-2] DEBUG org.hibernate.SQL - select r1_0.username,r1_0.address,r1_0.email,r1_0.gender,r1_0.marital_status,r1_0.mobile,r1_0.name,r1_0.password,r1_0.roles from users r1_0 where r1_0.username=?
2024-06-11 01:45:44 [http-nio-8888-exec-3] DEBUG org.hibernate.SQL - select r1_0.username,r1_0.address,r1_0.email,r1_0.gender,r1_0.marital_status,r1_0.mobile,r1_0.name,r1_0.password,r1_0.roles from users r1_0 where r1_0.username=?
2024-06-11 01:45:49 [http-nio-8888-exec-6] DEBUG org.hibernate.SQL - select r1_0.username,r1_0.address,r1_0.email,r1_0.gender,r1_0.marital_status,r1_0.mobile,r1_0.name,r1_0.password,r1_0.roles from users r1_0 where r1_0.username=?
2024-06-11 01:45:49 [http-nio-8888-exec-5] DEBUG org.hibernate.SQL - select r1_0.username,r1_0.address,r1_0.email,r1_0.gender,r1_0.marital_status,r1_0.mobile,r1_0.name,r1_0.password,r1_0.roles from users r1_0 where r1_0.username=?
2024-06-11 01:45:50 [http-nio-8888-exec-8] DEBUG org.hibernate.SQL - select r1_0.username,r1_0.address,r1_0.email,r1_0.gender,r1_0.marital_status,r1_0.mobile,r1_0.name,r1_0.password,r1_0.roles from users r1_0 where r1_0.username=?
2024-06-11 01:45:50 [http-nio-8888-exec-1] DEBUG org.hibernate.SQL - select r1_0.username,r1_0.address,r1_0.email,r1_0.gender,r1_0.marital_status,r1_0.mobile,r1_0.name,r1_0.password,r1_0.roles from users r1_0 where r1_0.username=?
2024-06-11 01:45:52 [http-nio-8888-exec-4] DEBUG org.hibernate.SQL - select r1_0.username,r1_0.address,r1_0.email,r1_0.gender,r1_0.marital_status,r1_0.mobile,r1_0.name,r1_0.password,r1_0.roles from users r1_0 where r1_0.username=?
2024-06-11 01:45:52 [http-nio-8888-exec-10] DEBUG org.hibernate.SQL - select r1_0.username,r1_0.address,r1_0.email,r1_0.gender,r1_0.marital_status,r1_0.mobile,r1_0.name,r1_0.password,r1_0.roles from users r1_0 where r1_0.username=?
2024-06-11 01:45:54 [http-nio-8888-exec-9] DEBUG org.hibernate.SQL - select r1_0.username,r1_0.address,r1_0.email,r1_0.gender,r1_0.marital_status,r1_0.mobile,r1_0.name,r1_0.password,r1_0.roles from users r1_0 where r1_0.username=?
2024-06-11 01:45:54 [http-nio-8888-exec-7] DEBUG org.hibernate.SQL - select r1_0.username,r1_0.address,r1_0.email,r1_0.gender,r1_0.marital_status,r1_0.mobile,r1_0.name,r1_0.password,r1_0.roles from users r1_0 where r1_0.username=?
2024-06-11 01:45:57 [http-nio-8888-exec-3] DEBUG org.hibernate.SQL - select r1_0.username,r1_0.address,r1_0.email,r1_0.gender,r1_0.marital_status,r1_0.mobile,r1_0.name,r1_0.password,r1_0.roles from users r1_0 where r1_0.username=?
2024-06-11 01:45:57 [http-nio-8888-exec-2] DEBUG org.hibernate.SQL - select r1_0.username,r1_0.address,r1_0.email,r1_0.gender,r1_0.marital_status,r1_0.mobile,r1_0.name,r1_0.password,r1_0.roles from users r1_0 where r1_0.username=?
2024-06-11 01:49:49 [AsyncResolver-bootstrap-executor-0] INFO  c.n.d.s.r.aws.ConfigClusterResolver - Resolving eureka endpoints via configuration
2024-06-11 01:54:49 [AsyncResolver-bootstrap-executor-0] INFO  c.n.d.s.r.aws.ConfigClusterResolver - Resolving eureka endpoints via configuration
2024-06-11 01:55:03 [http-nio-8888-exec-8] DEBUG org.hibernate.SQL - select r1_0.username,r1_0.address,r1_0.email,r1_0.gender,r1_0.marital_status,r1_0.mobile,r1_0.name,r1_0.password,r1_0.roles from users r1_0 where r1_0.username=?
2024-06-11 01:55:03 [http-nio-8888-exec-1] DEBUG org.hibernate.SQL - select r1_0.username,r1_0.address,r1_0.email,r1_0.gender,r1_0.marital_status,r1_0.mobile,r1_0.name,r1_0.password,r1_0.roles from users r1_0 where r1_0.username=?
2024-06-11 01:56:19 [http-nio-8888-exec-9] DEBUG org.hibernate.SQL - select r1_0.username,r1_0.address,r1_0.email,r1_0.gender,r1_0.marital_status,r1_0.mobile,r1_0.name,r1_0.password,r1_0.roles from users r1_0 where r1_0.username=?
2024-06-11 01:56:19 [http-nio-8888-exec-7] DEBUG org.hibernate.SQL - select r1_0.username,r1_0.address,r1_0.email,r1_0.gender,r1_0.marital_status,r1_0.mobile,r1_0.name,r1_0.password,r1_0.roles from users r1_0 where r1_0.username=?
2024-06-11 01:56:28 [http-nio-8888-exec-2] DEBUG org.hibernate.SQL - select r1_0.username,r1_0.address,r1_0.email,r1_0.gender,r1_0.marital_status,r1_0.mobile,r1_0.name,r1_0.password,r1_0.roles from users r1_0 where r1_0.username=?
2024-06-11 01:56:28 [http-nio-8888-exec-3] DEBUG org.hibernate.SQL - select r1_0.username,r1_0.address,r1_0.email,r1_0.gender,r1_0.marital_status,r1_0.mobile,r1_0.name,r1_0.password,r1_0.roles from users r1_0 where r1_0.username=?
2024-06-11 01:56:32 [http-nio-8888-exec-5] DEBUG org.hibernate.SQL - select r1_0.username,r1_0.address,r1_0.email,r1_0.gender,r1_0.marital_status,r1_0.mobile,r1_0.name,r1_0.password,r1_0.roles from users r1_0 where r1_0.username=?
2024-06-11 01:56:32 [http-nio-8888-exec-6] DEBUG org.hibernate.SQL - select r1_0.username,r1_0.address,r1_0.email,r1_0.gender,r1_0.marital_status,r1_0.mobile,r1_0.name,r1_0.password,r1_0.roles from users r1_0 where r1_0.username=?
2024-06-11 01:56:33 [http-nio-8888-exec-1] DEBUG org.hibernate.SQL - select r1_0.username,r1_0.address,r1_0.email,r1_0.gender,r1_0.marital_status,r1_0.mobile,r1_0.name,r1_0.password,r1_0.roles from users r1_0 where r1_0.username=?
2024-06-11 01:56:33 [http-nio-8888-exec-8] DEBUG org.hibernate.SQL - select r1_0.username,r1_0.address,r1_0.email,r1_0.gender,r1_0.marital_status,r1_0.mobile,r1_0.name,r1_0.password,r1_0.roles from users r1_0 where r1_0.username=?
2024-06-11 01:57:49 [http-nio-8888-exec-9] DEBUG org.hibernate.SQL - select r1_0.username,r1_0.address,r1_0.email,r1_0.gender,r1_0.marital_status,r1_0.mobile,r1_0.name,r1_0.password,r1_0.roles from users r1_0 where r1_0.username=?
2024-06-11 01:57:49 [http-nio-8888-exec-7] DEBUG org.hibernate.SQL - select r1_0.username,r1_0.address,r1_0.email,r1_0.gender,r1_0.marital_status,r1_0.mobile,r1_0.name,r1_0.password,r1_0.roles from users r1_0 where r1_0.username=?
2024-06-11 01:57:56 [http-nio-8888-exec-2] DEBUG org.hibernate.SQL - select r1_0.username,r1_0.address,r1_0.email,r1_0.gender,r1_0.marital_status,r1_0.mobile,r1_0.name,r1_0.password,r1_0.roles from users r1_0 where r1_0.username=?
2024-06-11 01:57:56 [http-nio-8888-exec-3] DEBUG org.hibernate.SQL - select r1_0.username,r1_0.address,r1_0.email,r1_0.gender,r1_0.marital_status,r1_0.mobile,r1_0.name,r1_0.password,r1_0.roles from users r1_0 where r1_0.username=?
2024-06-11 01:57:57 [http-nio-8888-exec-5] DEBUG org.hibernate.SQL - select r1_0.username,r1_0.address,r1_0.email,r1_0.gender,r1_0.marital_status,r1_0.mobile,r1_0.name,r1_0.password,r1_0.roles from users r1_0 where r1_0.username=?
2024-06-11 01:57:57 [http-nio-8888-exec-6] DEBUG org.hibernate.SQL - select r1_0.username,r1_0.address,r1_0.email,r1_0.gender,r1_0.marital_status,r1_0.mobile,r1_0.name,r1_0.password,r1_0.roles from users r1_0 where r1_0.username=?
2024-06-11 01:59:49 [AsyncResolver-bootstrap-executor-0] INFO  c.n.d.s.r.aws.ConfigClusterResolver - Resolving eureka endpoints via configuration
2024-06-11 02:03:11 [http-nio-8888-exec-4] DEBUG org.hibernate.SQL - select r1_0.username,r1_0.address,r1_0.email,r1_0.gender,r1_0.marital_status,r1_0.mobile,r1_0.name,r1_0.password,r1_0.roles from users r1_0 where r1_0.username=?
2024-06-11 02:03:11 [http-nio-8888-exec-10] DEBUG org.hibernate.SQL - select r1_0.username,r1_0.address,r1_0.email,r1_0.gender,r1_0.marital_status,r1_0.mobile,r1_0.name,r1_0.password,r1_0.roles from users r1_0 where r1_0.username=?
2024-06-11 02:03:16 [http-nio-8888-exec-9] DEBUG org.hibernate.SQL - select r1_0.username,r1_0.address,r1_0.email,r1_0.gender,r1_0.marital_status,r1_0.mobile,r1_0.name,r1_0.password,r1_0.roles from users r1_0 where r1_0.username=?
2024-06-11 02:03:16 [http-nio-8888-exec-7] DEBUG org.hibernate.SQL - select r1_0.username,r1_0.address,r1_0.email,r1_0.gender,r1_0.marital_status,r1_0.mobile,r1_0.name,r1_0.password,r1_0.roles from users r1_0 where r1_0.username=?
2024-06-11 02:03:17 [http-nio-8888-exec-2] DEBUG org.hibernate.SQL - select r1_0.username,r1_0.address,r1_0.email,r1_0.gender,r1_0.marital_status,r1_0.mobile,r1_0.name,r1_0.password,r1_0.roles from users r1_0 where r1_0.username=?
2024-06-11 02:03:17 [http-nio-8888-exec-3] DEBUG org.hibernate.SQL - select r1_0.username,r1_0.address,r1_0.email,r1_0.gender,r1_0.marital_status,r1_0.mobile,r1_0.name,r1_0.password,r1_0.roles from users r1_0 where r1_0.username=?
2024-06-11 02:03:19 [http-nio-8888-exec-5] DEBUG org.hibernate.SQL - select r1_0.username,r1_0.address,r1_0.email,r1_0.gender,r1_0.marital_status,r1_0.mobile,r1_0.name,r1_0.password,r1_0.roles from users r1_0 where r1_0.username=?
2024-06-11 02:03:19 [http-nio-8888-exec-6] DEBUG org.hibernate.SQL - select r1_0.username,r1_0.address,r1_0.email,r1_0.gender,r1_0.marital_status,r1_0.mobile,r1_0.name,r1_0.password,r1_0.roles from users r1_0 where r1_0.username=?
2024-06-11 02:03:52 [http-nio-8888-exec-1] DEBUG org.hibernate.SQL - select r1_0.username,r1_0.address,r1_0.email,r1_0.gender,r1_0.marital_status,r1_0.mobile,r1_0.name,r1_0.password,r1_0.roles from users r1_0 where r1_0.username=?
2024-06-11 02:03:52 [http-nio-8888-exec-8] DEBUG org.hibernate.SQL - select r1_0.username,r1_0.address,r1_0.email,r1_0.gender,r1_0.marital_status,r1_0.mobile,r1_0.name,r1_0.password,r1_0.roles from users r1_0 where r1_0.username=?
2024-06-11 02:04:49 [AsyncResolver-bootstrap-executor-0] INFO  c.n.d.s.r.aws.ConfigClusterResolver - Resolving eureka endpoints via configuration
2024-06-11 02:05:53 [http-nio-8888-exec-7] DEBUG org.hibernate.SQL - select r1_0.username,r1_0.address,r1_0.email,r1_0.gender,r1_0.marital_status,r1_0.mobile,r1_0.name,r1_0.password,r1_0.roles from users r1_0 where r1_0.username=?
2024-06-11 02:05:54 [http-nio-8888-exec-9] DEBUG org.hibernate.SQL - select r1_0.username,r1_0.address,r1_0.email,r1_0.gender,r1_0.marital_status,r1_0.mobile,r1_0.name,r1_0.password,r1_0.roles from users r1_0 where r1_0.username=?
2024-06-11 02:05:55 [http-nio-8888-exec-2] DEBUG org.hibernate.SQL - select r1_0.username,r1_0.address,r1_0.email,r1_0.gender,r1_0.marital_status,r1_0.mobile,r1_0.name,r1_0.password,r1_0.roles from users r1_0 where r1_0.username=?
2024-06-11 02:05:57 [http-nio-8888-exec-3] DEBUG org.hibernate.SQL - select r1_0.username,r1_0.address,r1_0.email,r1_0.gender,r1_0.marital_status,r1_0.mobile,r1_0.name,r1_0.password,r1_0.roles from users r1_0 where r1_0.username=?
2024-06-11 02:06:52 [http-nio-8888-exec-6] DEBUG org.hibernate.SQL - select r1_0.username,r1_0.address,r1_0.email,r1_0.gender,r1_0.marital_status,r1_0.mobile,r1_0.name,r1_0.password,r1_0.roles from users r1_0 where r1_0.username=?
2024-06-11 02:06:52 [http-nio-8888-exec-5] DEBUG org.hibernate.SQL - select r1_0.username,r1_0.address,r1_0.email,r1_0.gender,r1_0.marital_status,r1_0.mobile,r1_0.name,r1_0.password,r1_0.roles from users r1_0 where r1_0.username=?
2024-06-11 02:06:54 [http-nio-8888-exec-1] DEBUG org.hibernate.SQL - select r1_0.username,r1_0.address,r1_0.email,r1_0.gender,r1_0.marital_status,r1_0.mobile,r1_0.name,r1_0.password,r1_0.roles from users r1_0 where r1_0.username=?
