2024-06-07 03:31:12 [main] INFO  c.h.HotelServiceApplication - Starting HotelServiceApplication using Java 17.0.9 with PID 6728 (C:\Users\USER\Documents\JourneyNest\Backend\Hotel-Service\target\classes started by USER in C:\Users\USER\Documents\JourneyNest\Backend\Hotel-Service)
2024-06-07 03:31:12 [main] INFO  c.h.HotelServiceApplication - No active profile set, falling back to 1 default profile: "default"
2024-06-07 03:31:13 [main] INFO  o.s.c.c.c.ConfigServerConfigDataLoader - Fetching config from server at : http://localhost:9999/
2024-06-07 03:31:13 [main] INFO  o.s.c.c.c.ConfigServerConfigDataLoader - Located environment: name=HOTEL-SERVICE, profiles=[default], label=null, version=6182736fe80b5a49edb164d1ff627e9260d08d00, state=null
2024-06-07 03:31:15 [main] INFO  o.s.d.r.c.RepositoryConfigurationDelegate - Bootstrapping Spring Data JPA repositories in DEFAULT mode.
2024-06-07 03:31:15 [main] INFO  o.s.d.r.c.RepositoryConfigurationDelegate - Finished Spring Data repository scanning in 288 ms. Found 1 JPA repository interface.
2024-06-07 03:31:16 [main] INFO  o.s.i.c.DefaultConfiguringBeanFactoryPostProcessor - No bean named 'errorChannel' has been explicitly defined. Therefore, a default PublishSubscribeChannel will be created.
2024-06-07 03:31:16 [main] INFO  o.s.i.c.DefaultConfiguringBeanFactoryPostProcessor - No bean named 'integrationHeaderChannelRegistry' has been explicitly defined. Therefore, a default DefaultHeaderChannelRegistry will be created.
2024-06-07 03:31:16 [main] INFO  o.s.cloud.context.scope.GenericScope - BeanFactory id=b9db7b91-9a21-336b-ba24-7421b4504946
2024-06-07 03:31:17 [main] WARN  o.s.c.s.PostProcessorRegistrationDelegate$BeanPostProcessorChecker - Bean 'org.springframework.boot.autoconfigure.integration.IntegrationAutoConfiguration$IntegrationJmxConfiguration' of type [org.springframework.boot.autoconfigure.integration.IntegrationAutoConfiguration$IntegrationJmxConfiguration] is not eligible for getting processed by all BeanPostProcessors (for example: not eligible for auto-proxying). The currently created BeanPostProcessor [integrationMbeanExporter] is declared through a non-static factory method on that class; consider declaring it as static instead.
2024-06-07 03:31:17 [main] WARN  o.s.c.s.PostProcessorRegistrationDelegate$BeanPostProcessorChecker - Bean 'org.springframework.cloud.stream.config.BindersHealthIndicatorAutoConfiguration' of type [org.springframework.cloud.stream.config.BindersHealthIndicatorAutoConfiguration] is not eligible for getting processed by all BeanPostProcessors (for example: not eligible for auto-proxying). Is this bean getting eagerly injected into a currently created BeanPostProcessor [integrationMbeanExporter]? Check the corresponding BeanPostProcessor declaration and its dependencies.
2024-06-07 03:31:17 [main] WARN  o.s.c.s.PostProcessorRegistrationDelegate$BeanPostProcessorChecker - Bean 'bindersHealthContributor' of type [org.springframework.cloud.stream.config.BindersHealthIndicatorAutoConfiguration$BindersHealthContributor] is not eligible for getting processed by all BeanPostProcessors (for example: not eligible for auto-proxying). Is this bean getting eagerly injected into a currently created BeanPostProcessor [integrationMbeanExporter]? Check the corresponding BeanPostProcessor declaration and its dependencies.
2024-06-07 03:31:17 [main] WARN  o.s.c.s.PostProcessorRegistrationDelegate$BeanPostProcessorChecker - Bean 'bindersHealthIndicatorListener' of type [org.springframework.cloud.stream.config.BindersHealthIndicatorAutoConfiguration$BindersHealthIndicatorListener] is not eligible for getting processed by all BeanPostProcessors (for example: not eligible for auto-proxying). Is this bean getting eagerly injected into a currently created BeanPostProcessor [integrationMbeanExporter]? Check the corresponding BeanPostProcessor declaration and its dependencies.
2024-06-07 03:31:17 [main] WARN  o.s.c.s.PostProcessorRegistrationDelegate$BeanPostProcessorChecker - Bean 'org.springframework.cloud.stream.binder.rabbit.config.ExtendedBindingHandlerMappingsProviderConfiguration' of type [org.springframework.cloud.stream.binder.rabbit.config.ExtendedBindingHandlerMappingsProviderConfiguration] is not eligible for getting processed by all BeanPostProcessors (for example: not eligible for auto-proxying). Is this bean getting eagerly injected into a currently created BeanPostProcessor [integrationMbeanExporter]? Check the corresponding BeanPostProcessor declaration and its dependencies.
2024-06-07 03:31:17 [main] WARN  o.s.c.s.PostProcessorRegistrationDelegate$BeanPostProcessorChecker - Bean 'rabbitExtendedPropertiesDefaultMappingsProvider' of type [org.springframework.cloud.stream.binder.rabbit.config.ExtendedBindingHandlerMappingsProviderConfiguration$$Lambda$764/0x00000220b156a860] is not eligible for getting processed by all BeanPostProcessors (for example: not eligible for auto-proxying). Is this bean getting eagerly injected into a currently created BeanPostProcessor [integrationMbeanExporter]? Check the corresponding BeanPostProcessor declaration and its dependencies.
2024-06-07 03:31:17 [main] WARN  o.s.c.s.PostProcessorRegistrationDelegate$BeanPostProcessorChecker - Bean 'BindingHandlerAdvise' of type [org.springframework.cloud.stream.config.BindingHandlerAdvise] is not eligible for getting processed by all BeanPostProcessors (for example: not eligible for auto-proxying). Is this bean getting eagerly injected into a currently created BeanPostProcessor [integrationMbeanExporter]? Check the corresponding BeanPostProcessor declaration and its dependencies.
2024-06-07 03:31:17 [main] WARN  o.s.c.s.PostProcessorRegistrationDelegate$BeanPostProcessorChecker - Bean 'org.springframework.cloud.commons.config.CommonsConfigAutoConfiguration' of type [org.springframework.cloud.commons.config.CommonsConfigAutoConfiguration] is not eligible for getting processed by all BeanPostProcessors (for example: not eligible for auto-proxying). Is this bean getting eagerly injected into a currently created BeanPostProcessor [integrationMbeanExporter]? Check the corresponding BeanPostProcessor declaration and its dependencies.
2024-06-07 03:31:17 [main] WARN  o.s.c.s.PostProcessorRegistrationDelegate$BeanPostProcessorChecker - Bean 'org.springframework.cloud.client.loadbalancer.LoadBalancerDefaultMappingsProviderAutoConfiguration' of type [org.springframework.cloud.client.loadbalancer.LoadBalancerDefaultMappingsProviderAutoConfiguration] is not eligible for getting processed by all BeanPostProcessors (for example: not eligible for auto-proxying). Is this bean getting eagerly injected into a currently created BeanPostProcessor [integrationMbeanExporter]? Check the corresponding BeanPostProcessor declaration and its dependencies.
2024-06-07 03:31:17 [main] WARN  o.s.c.s.PostProcessorRegistrationDelegate$BeanPostProcessorChecker - Bean 'loadBalancerClientsDefaultsMappingsProvider' of type [org.springframework.cloud.client.loadbalancer.LoadBalancerDefaultMappingsProviderAutoConfiguration$$Lambda$765/0x00000220b156aa78] is not eligible for getting processed by all BeanPostProcessors (for example: not eligible for auto-proxying). Is this bean getting eagerly injected into a currently created BeanPostProcessor [integrationMbeanExporter]? Check the corresponding BeanPostProcessor declaration and its dependencies.
2024-06-07 03:31:17 [main] WARN  o.s.c.s.PostProcessorRegistrationDelegate$BeanPostProcessorChecker - Bean 'defaultsBindHandlerAdvisor' of type [org.springframework.cloud.commons.config.DefaultsBindHandlerAdvisor] is not eligible for getting processed by all BeanPostProcessors (for example: not eligible for auto-proxying). Is this bean getting eagerly injected into a currently created BeanPostProcessor [integrationMbeanExporter]? Check the corresponding BeanPostProcessor declaration and its dependencies.
2024-06-07 03:31:17 [main] WARN  o.s.c.s.PostProcessorRegistrationDelegate$BeanPostProcessorChecker - Bean 'spelConverter' of type [org.springframework.cloud.stream.config.SpelExpressionConverterConfiguration$SpelConverter] is not eligible for getting processed by all BeanPostProcessors (for example: not eligible for auto-proxying). Is this bean getting eagerly injected into a currently created BeanPostProcessor [integrationMbeanExporter]? Check the corresponding BeanPostProcessor declaration and its dependencies.
2024-06-07 03:31:17 [main] WARN  o.s.c.s.PostProcessorRegistrationDelegate$BeanPostProcessorChecker - Bean 'spring.jmx-org.springframework.boot.autoconfigure.jmx.JmxProperties' of type [org.springframework.boot.autoconfigure.jmx.JmxProperties] is not eligible for getting processed by all BeanPostProcessors (for example: not eligible for auto-proxying). Is this bean getting eagerly injected into a currently created BeanPostProcessor [integrationMbeanExporter]? Check the corresponding BeanPostProcessor declaration and its dependencies.
2024-06-07 03:31:17 [main] WARN  o.s.c.s.PostProcessorRegistrationDelegate$BeanPostProcessorChecker - Bean 'org.springframework.boot.autoconfigure.jmx.JmxAutoConfiguration' of type [org.springframework.boot.autoconfigure.jmx.JmxAutoConfiguration] is not eligible for getting processed by all BeanPostProcessors (for example: not eligible for auto-proxying). Is this bean getting eagerly injected into a currently created BeanPostProcessor [integrationMbeanExporter]? Check the corresponding BeanPostProcessor declaration and its dependencies.
2024-06-07 03:31:17 [main] WARN  o.s.c.s.PostProcessorRegistrationDelegate$BeanPostProcessorChecker - Bean 'mbeanServer' of type [com.sun.jmx.mbeanserver.JmxMBeanServer] is not eligible for getting processed by all BeanPostProcessors (for example: not eligible for auto-proxying). Is this bean getting eagerly injected into a currently created BeanPostProcessor [integrationMbeanExporter]? Check the corresponding BeanPostProcessor declaration and its dependencies.
2024-06-07 03:31:17 [main] WARN  o.s.c.s.PostProcessorRegistrationDelegate$BeanPostProcessorChecker - Bean 'org.springframework.cloud.client.loadbalancer.LoadBalancerAutoConfiguration$RetryInterceptorAutoConfiguration' of type [org.springframework.cloud.client.loadbalancer.LoadBalancerAutoConfiguration$RetryInterceptorAutoConfiguration] is not eligible for getting processed by all BeanPostProcessors (for example: not eligible for auto-proxying). The currently created BeanPostProcessor [lbRestClientPostProcessor] is declared through a non-static factory method on that class; consider declaring it as static instead.
2024-06-07 03:31:17 [main] WARN  o.s.c.s.PostProcessorRegistrationDelegate$BeanPostProcessorChecker - Bean 'org.springframework.cloud.loadbalancer.config.BlockingLoadBalancerClientAutoConfiguration' of type [org.springframework.cloud.loadbalancer.config.BlockingLoadBalancerClientAutoConfiguration] is not eligible for getting processed by all BeanPostProcessors (for example: not eligible for auto-proxying). Is this bean getting eagerly injected into a currently created BeanPostProcessor [lbRestClientPostProcessor]? Check the corresponding BeanPostProcessor declaration and its dependencies.
2024-06-07 03:31:17 [main] WARN  o.s.c.s.PostProcessorRegistrationDelegate$BeanPostProcessorChecker - Bean 'org.springframework.cloud.loadbalancer.config.LoadBalancerAutoConfiguration' of type [org.springframework.cloud.loadbalancer.config.LoadBalancerAutoConfiguration] is not eligible for getting processed by all BeanPostProcessors (for example: not eligible for auto-proxying). Is this bean getting eagerly injected into a currently created BeanPostProcessor [lbRestClientPostProcessor]? Check the corresponding BeanPostProcessor declaration and its dependencies.
2024-06-07 03:31:17 [main] WARN  o.s.c.s.PostProcessorRegistrationDelegate$BeanPostProcessorChecker - Bean 'spring.cloud.loadbalancer-org.springframework.cloud.client.loadbalancer.LoadBalancerClientsProperties' of type [org.springframework.cloud.client.loadbalancer.LoadBalancerClientsProperties] is not eligible for getting processed by all BeanPostProcessors (for example: not eligible for auto-proxying). Is this bean getting eagerly injected into a currently created BeanPostProcessor [lbRestClientPostProcessor]? Check the corresponding BeanPostProcessor declaration and its dependencies.
2024-06-07 03:31:17 [main] WARN  o.s.c.s.PostProcessorRegistrationDelegate$BeanPostProcessorChecker - Bean 'default.org.springframework.cloud.loadbalancer.config.LoadBalancerAutoConfiguration.LoadBalancerClientSpecification' of type [org.springframework.cloud.loadbalancer.annotation.LoadBalancerClientSpecification] is not eligible for getting processed by all BeanPostProcessors (for example: not eligible for auto-proxying). Is this bean getting eagerly injected into a currently created BeanPostProcessor [lbRestClientPostProcessor]? Check the corresponding BeanPostProcessor declaration and its dependencies.
2024-06-07 03:31:17 [main] WARN  o.s.c.s.PostProcessorRegistrationDelegate$BeanPostProcessorChecker - Bean 'default.org.springframework.cloud.loadbalancer.config.BlockingLoadBalancerClientAutoConfiguration.LoadBalancerClientSpecification' of type [org.springframework.cloud.loadbalancer.annotation.LoadBalancerClientSpecification] is not eligible for getting processed by all BeanPostProcessors (for example: not eligible for auto-proxying). Is this bean getting eagerly injected into a currently created BeanPostProcessor [lbRestClientPostProcessor]? Check the corresponding BeanPostProcessor declaration and its dependencies.
2024-06-07 03:31:17 [main] WARN  o.s.c.s.PostProcessorRegistrationDelegate$BeanPostProcessorChecker - Bean 'default.org.springframework.cloud.netflix.eureka.loadbalancer.LoadBalancerEurekaAutoConfiguration.LoadBalancerClientSpecification' of type [org.springframework.cloud.loadbalancer.annotation.LoadBalancerClientSpecification] is not eligible for getting processed by all BeanPostProcessors (for example: not eligible for auto-proxying). Is this bean getting eagerly injected into a currently created BeanPostProcessor [lbRestClientPostProcessor]? Check the corresponding BeanPostProcessor declaration and its dependencies.
2024-06-07 03:31:17 [main] WARN  o.s.c.s.PostProcessorRegistrationDelegate$BeanPostProcessorChecker - Bean 'loadBalancerClientFactory' of type [org.springframework.cloud.loadbalancer.support.LoadBalancerClientFactory] is not eligible for getting processed by all BeanPostProcessors (for example: not eligible for auto-proxying). Is this bean getting eagerly injected into a currently created BeanPostProcessor [lbRestClientPostProcessor]? Check the corresponding BeanPostProcessor declaration and its dependencies.
2024-06-07 03:31:17 [main] WARN  o.s.c.s.PostProcessorRegistrationDelegate$BeanPostProcessorChecker - Bean 'blockingLoadBalancerClient' of type [org.springframework.cloud.loadbalancer.blocking.client.BlockingLoadBalancerClient] is not eligible for getting processed by all BeanPostProcessors (for example: not eligible for auto-proxying). Is this bean getting eagerly injected into a currently created BeanPostProcessor [lbRestClientPostProcessor]? Check the corresponding BeanPostProcessor declaration and its dependencies.
2024-06-07 03:31:17 [main] WARN  o.s.c.s.PostProcessorRegistrationDelegate$BeanPostProcessorChecker - Bean 'loadBalancerServiceInstanceCookieTransformer' of type [org.springframework.cloud.loadbalancer.core.LoadBalancerServiceInstanceCookieTransformer] is not eligible for getting processed by all BeanPostProcessors (for example: not eligible for auto-proxying). Is this bean getting eagerly injected into a currently created BeanPostProcessor [lbRestClientPostProcessor]? Check the corresponding BeanPostProcessor declaration and its dependencies.
2024-06-07 03:31:17 [main] WARN  o.s.c.s.PostProcessorRegistrationDelegate$BeanPostProcessorChecker - Bean 'xForwarderHeadersTransformer' of type [org.springframework.cloud.loadbalancer.blocking.XForwardedHeadersTransformer] is not eligible for getting processed by all BeanPostProcessors (for example: not eligible for auto-proxying). Is this bean getting eagerly injected into a currently created BeanPostProcessor [lbRestClientPostProcessor]? Check the corresponding BeanPostProcessor declaration and its dependencies.
2024-06-07 03:31:17 [main] WARN  o.s.c.s.PostProcessorRegistrationDelegate$BeanPostProcessorChecker - Bean 'org.springframework.cloud.client.loadbalancer.LoadBalancerAutoConfiguration' of type [org.springframework.cloud.client.loadbalancer.LoadBalancerAutoConfiguration] is not eligible for getting processed by all BeanPostProcessors (for example: not eligible for auto-proxying). Is this bean getting eagerly injected into a currently created BeanPostProcessor [lbRestClientPostProcessor]? Check the corresponding BeanPostProcessor declaration and its dependencies.
2024-06-07 03:31:17 [main] WARN  o.s.c.s.PostProcessorRegistrationDelegate$BeanPostProcessorChecker - Bean 'loadBalancerRequestFactory' of type [org.springframework.cloud.client.loadbalancer.LoadBalancerRequestFactory] is not eligible for getting processed by all BeanPostProcessors (for example: not eligible for auto-proxying). Is this bean getting eagerly injected into a currently created BeanPostProcessor [lbRestClientPostProcessor]? Check the corresponding BeanPostProcessor declaration and its dependencies.
2024-06-07 03:31:17 [main] WARN  o.s.c.s.PostProcessorRegistrationDelegate$BeanPostProcessorChecker - Bean 'org.springframework.cloud.loadbalancer.config.BlockingLoadBalancerClientAutoConfiguration$BlockingLoadBalancerRetryConfig' of type [org.springframework.cloud.loadbalancer.config.BlockingLoadBalancerClientAutoConfiguration$BlockingLoadBalancerRetryConfig$$SpringCGLIB$$0] is not eligible for getting processed by all BeanPostProcessors (for example: not eligible for auto-proxying). Is this bean getting eagerly injected into a currently created BeanPostProcessor [lbRestClientPostProcessor]? Check the corresponding BeanPostProcessor declaration and its dependencies.
2024-06-07 03:31:17 [main] WARN  o.s.c.s.PostProcessorRegistrationDelegate$BeanPostProcessorChecker - Bean 'loadBalancedRetryFactory' of type [org.springframework.cloud.loadbalancer.blocking.retry.BlockingLoadBalancedRetryFactory] is not eligible for getting processed by all BeanPostProcessors (for example: not eligible for auto-proxying). Is this bean getting eagerly injected into a currently created BeanPostProcessor [lbRestClientPostProcessor]? Check the corresponding BeanPostProcessor declaration and its dependencies.
2024-06-07 03:31:17 [main] WARN  o.s.c.s.PostProcessorRegistrationDelegate$BeanPostProcessorChecker - Bean 'loadBalancerInterceptor' of type [org.springframework.cloud.client.loadbalancer.RetryLoadBalancerInterceptor] is not eligible for getting processed by all BeanPostProcessors (for example: not eligible for auto-proxying). Is this bean getting eagerly injected into a currently created BeanPostProcessor [lbRestClientPostProcessor]? Check the corresponding BeanPostProcessor declaration and its dependencies.
2024-06-07 03:31:17 [main] WARN  o.s.c.s.PostProcessorRegistrationDelegate$BeanPostProcessorChecker - Bean 'org.springframework.cloud.client.loadbalancer.reactive.LoadBalancerBeanPostProcessorAutoConfiguration' of type [org.springframework.cloud.client.loadbalancer.reactive.LoadBalancerBeanPostProcessorAutoConfiguration] is not eligible for getting processed by all BeanPostProcessors (for example: not eligible for auto-proxying). The currently created BeanPostProcessor [loadBalancerWebClientBuilderBeanPostProcessor] is declared through a non-static factory method on that class; consider declaring it as static instead.
2024-06-07 03:31:17 [main] WARN  o.s.c.s.PostProcessorRegistrationDelegate$BeanPostProcessorChecker - Bean 'org.springframework.cloud.client.loadbalancer.reactive.LoadBalancerBeanPostProcessorAutoConfiguration$ReactorDeferringLoadBalancerFilterConfig' of type [org.springframework.cloud.client.loadbalancer.reactive.LoadBalancerBeanPostProcessorAutoConfiguration$ReactorDeferringLoadBalancerFilterConfig] is not eligible for getting processed by all BeanPostProcessors (for example: not eligible for auto-proxying). Is this bean getting eagerly injected into a currently created BeanPostProcessor [loadBalancerWebClientBuilderBeanPostProcessor]? Check the corresponding BeanPostProcessor declaration and its dependencies.
2024-06-07 03:31:17 [main] WARN  o.s.c.s.PostProcessorRegistrationDelegate$BeanPostProcessorChecker - Bean 'reactorDeferringLoadBalancerExchangeFilterFunction' of type [org.springframework.cloud.client.loadbalancer.reactive.DeferringLoadBalancerExchangeFilterFunction] is not eligible for getting processed by all BeanPostProcessors (for example: not eligible for auto-proxying). Is this bean getting eagerly injected into a currently created BeanPostProcessor [loadBalancerWebClientBuilderBeanPostProcessor]? Check the corresponding BeanPostProcessor declaration and its dependencies.
2024-06-07 03:31:18 [main] INFO  o.s.b.w.e.tomcat.TomcatWebServer - Tomcat initialized with port 8082 (http)
2024-06-07 03:31:18 [main] INFO  o.a.catalina.core.StandardService - Starting service [Tomcat]
2024-06-07 03:31:18 [main] INFO  o.a.catalina.core.StandardEngine - Starting Servlet engine: [Apache Tomcat/10.1.17]
2024-06-07 03:31:18 [main] INFO  o.a.c.c.C.[Tomcat].[localhost].[/] - Initializing Spring embedded WebApplicationContext
2024-06-07 03:31:18 [main] INFO  o.s.b.w.s.c.ServletWebServerApplicationContext - Root WebApplicationContext: initialization completed in 5394 ms
2024-06-07 03:31:19 [main] INFO  o.h.jpa.internal.util.LogHelper - HHH000204: Processing PersistenceUnitInfo [name: default]
2024-06-07 03:31:19 [main] INFO  org.hibernate.Version - HHH000412: Hibernate ORM core version 6.4.1.Final
2024-06-07 03:31:19 [main] INFO  o.h.c.i.RegionFactoryInitiator - HHH000026: Second-level cache disabled
2024-06-07 03:31:19 [main] INFO  o.s.o.j.p.SpringPersistenceUnitInfo - No LoadTimeWeaver setup: ignoring JPA class transformer
2024-06-07 03:31:20 [main] INFO  com.zaxxer.hikari.HikariDataSource - HikariPool-1 - Starting...
2024-06-07 03:31:20 [main] INFO  com.zaxxer.hikari.pool.HikariPool - HikariPool-1 - Added connection org.postgresql.jdbc.PgConnection@7b44e98e
2024-06-07 03:31:20 [main] INFO  com.zaxxer.hikari.HikariDataSource - HikariPool-1 - Start completed.
2024-06-07 03:31:20 [main] WARN  org.hibernate.orm.deprecation - HHH90000025: PostgreSQLDialect does not need to be specified explicitly using 'hibernate.dialect' (remove the property setting and it will be selected by default)
2024-06-07 03:31:22 [main] INFO  o.h.e.t.j.p.i.JtaPlatformInitiator - HHH000489: No JTA platform available (set 'hibernate.transaction.jta.platform' to enable JTA platform integration)
2024-06-07 03:31:23 [main] INFO  o.s.o.j.LocalContainerEntityManagerFactoryBean - Initialized JPA EntityManagerFactory for persistence unit 'default'
2024-06-07 03:31:24 [main] WARN  o.s.b.a.o.j.JpaBaseConfiguration$JpaWebConfiguration - spring.jpa.open-in-view is enabled by default. Therefore, database queries may be performed during view rendering. Explicitly configure spring.jpa.open-in-view to disable this warning
2024-06-07 03:31:27 [main] INFO  o.s.c.s.m.DirectWithAttributesChannel - Channel 'HOTEL-SERVICE.springCloudBusInput' has 1 subscriber(s).
2024-06-07 03:31:28 [main] INFO  o.s.c.n.e.c.DiscoveryClientOptionalArgsConfiguration - Eureka HTTP Client uses RestTemplate.
2024-06-07 03:31:28 [main] WARN  o.s.c.l.c.LoadBalancerCacheAutoConfiguration$LoadBalancerCaffeineWarnLogger - Spring Cloud LoadBalancer is currently working with the default cache. While this cache implementation is useful for development and tests, it's recommended to use Caffeine cache in production.You can switch to using Caffeine cache, by adding it and org.springframework.cache.caffeine.CaffeineCacheManager to the classpath.
2024-06-07 03:31:28 [main] INFO  o.s.b.a.e.web.EndpointLinksResolver - Exposing 23 endpoint(s) beneath base path '/actuator'
2024-06-07 03:31:28 [main] INFO  o.s.i.m.IntegrationMBeanExporter - Registering MessageChannel errorChannel
2024-06-07 03:31:28 [main] INFO  o.s.i.m.IntegrationMBeanExporter - Registering MessageChannel springCloudBusInput
2024-06-07 03:31:28 [main] INFO  o.s.i.m.IntegrationMBeanExporter - Registering MessageChannel nullChannel
2024-06-07 03:31:28 [main] INFO  o.s.i.m.IntegrationMBeanExporter - Registering MessageHandler _org.springframework.integration.errorLogger
2024-06-07 03:31:28 [main] INFO  o.s.i.endpoint.EventDrivenConsumer - Adding {logging-channel-adapter:_org.springframework.integration.errorLogger} as a subscriber to the 'errorChannel' channel
2024-06-07 03:31:28 [main] INFO  o.s.i.c.PublishSubscribeChannel - Channel 'HOTEL-SERVICE.errorChannel' has 1 subscriber(s).
2024-06-07 03:31:28 [main] INFO  o.s.i.endpoint.EventDrivenConsumer - started bean '_org.springframework.integration.errorLogger'
2024-06-07 03:31:28 [main] INFO  o.s.c.n.eureka.InstanceInfoFactory - Setting initial instance status as: STARTING
2024-06-07 03:31:28 [main] INFO  c.netflix.discovery.DiscoveryClient - Initializing Eureka in region us-east-1
2024-06-07 03:31:28 [main] INFO  c.n.d.s.r.aws.ConfigClusterResolver - Resolving eureka endpoints via configuration
2024-06-07 03:31:28 [main] INFO  c.netflix.discovery.DiscoveryClient - Disable delta property : false
2024-06-07 03:31:28 [main] INFO  c.netflix.discovery.DiscoveryClient - Single vip registry refresh property : null
2024-06-07 03:31:28 [main] INFO  c.netflix.discovery.DiscoveryClient - Force full registry fetch : false
2024-06-07 03:31:28 [main] INFO  c.netflix.discovery.DiscoveryClient - Application is null : false
2024-06-07 03:31:28 [main] INFO  c.netflix.discovery.DiscoveryClient - Registered Applications size is zero : true
2024-06-07 03:31:28 [main] INFO  c.netflix.discovery.DiscoveryClient - Application version is -1: true
2024-06-07 03:31:28 [main] INFO  c.netflix.discovery.DiscoveryClient - Getting all instance registry info from the eureka server
2024-06-07 03:31:29 [main] INFO  c.netflix.discovery.DiscoveryClient - The response status is 200
2024-06-07 03:31:29 [main] INFO  c.netflix.discovery.DiscoveryClient - Starting heartbeat executor: renew interval is: 30
2024-06-07 03:31:29 [main] INFO  c.n.discovery.InstanceInfoReplicator - InstanceInfoReplicator onDemand update allowed rate per min is 4
2024-06-07 03:31:29 [main] INFO  c.netflix.discovery.DiscoveryClient - Discovery Client initialized at timestamp 1717711289357 with initial instances count: 5
2024-06-07 03:31:29 [main] INFO  o.s.c.n.e.s.EurekaServiceRegistry - Registering application HOTEL-SERVICE with eureka with status UP
2024-06-07 03:31:29 [main] INFO  c.netflix.discovery.DiscoveryClient - Saw local status change event StatusChangeEvent [timestamp=1717711289380, current=UP, previous=STARTING]
2024-06-07 03:31:29 [DiscoveryClient-InstanceInfoReplicator-0] INFO  c.netflix.discovery.DiscoveryClient - DiscoveryClient_HOTEL-SERVICE/Akilan:HOTEL-SERVICE:8082: registering service...
2024-06-07 03:31:29 [main] INFO  o.s.b.w.e.tomcat.TomcatWebServer - Tomcat started on port 8082 (http) with context path ''
2024-06-07 03:31:29 [main] INFO  o.s.c.n.e.s.EurekaAutoServiceRegistration - Updating port to 8082
2024-06-07 03:31:29 [DiscoveryClient-InstanceInfoReplicator-0] INFO  c.netflix.discovery.DiscoveryClient - DiscoveryClient_HOTEL-SERVICE/Akilan:HOTEL-SERVICE:8082 - registration status: 204
2024-06-07 03:31:30 [main] INFO  o.s.c.s.binder.DefaultBinderFactory - Creating binder: rabbit
2024-06-07 03:31:30 [main] INFO  o.s.c.s.binder.DefaultBinderFactory - Constructing binder child context for rabbit
2024-06-07 03:31:30 [main] INFO  o.s.c.s.binder.DefaultBinderFactory - Caching the binder: rabbit
2024-06-07 03:31:30 [main] INFO  o.s.c.s.b.r.p.RabbitExchangeQueueProvisioner - declaring queue for inbound: springCloudBus.anonymous.N5ydTJxsQHSGIJ_Icb5Rtw, bound to: springCloudBus
2024-06-07 03:31:30 [main] INFO  o.s.a.r.c.CachingConnectionFactory - Attempting to connect to: [localhost:5672]
2024-06-07 03:31:30 [main] INFO  o.s.a.r.c.CachingConnectionFactory - Created new connection: rabbitConnectionFactory#77d5c4c6:0/SimpleConnection@589b0021 [delegate=amqp://rabbitmq@127.0.0.1:5672/, localPort=51283]
2024-06-07 03:31:30 [main] INFO  o.s.c.s.binder.BinderErrorChannel - Channel 'rabbit-688779133.springCloudBusInput.errors' has 1 subscriber(s).
2024-06-07 03:31:30 [main] INFO  o.s.c.s.binder.BinderErrorChannel - Channel 'rabbit-688779133.springCloudBusInput.errors' has 2 subscriber(s).
2024-06-07 03:31:30 [main] INFO  o.s.i.a.i.AmqpInboundChannelAdapter - started bean 'inbound.springCloudBus.anonymous.N5ydTJxsQHSGIJ_Icb5Rtw'
2024-06-07 03:31:30 [main] INFO  o.s.i.m.IntegrationMBeanExporter - Registering MessageChannel rabbit-688779133.springCloudBusInput.errors
2024-06-07 03:31:30 [main] INFO  c.h.HotelServiceApplication - Started HotelServiceApplication in 20.844 seconds (process running for 22.194)
2024-06-07 03:31:31 [RMI TCP Connection(3)-127.0.0.1] INFO  o.a.c.c.C.[Tomcat].[localhost].[/] - Initializing Spring DispatcherServlet 'dispatcherServlet'
2024-06-07 03:31:31 [RMI TCP Connection(3)-127.0.0.1] INFO  o.s.web.servlet.DispatcherServlet - Initializing Servlet 'dispatcherServlet'
2024-06-07 03:31:31 [RMI TCP Connection(3)-127.0.0.1] INFO  o.s.web.servlet.DispatcherServlet - Completed initialization in 6 ms
2024-06-07 03:35:25 [http-nio-8082-exec-1] DEBUG org.hibernate.SQL - select h1_0.hotel_id,h1_0.address,h1_0.city,h1_0.description,h1_0.email,h1_0.hotel_image,h1_0.hotel_name,h1_0.mobile1,h1_0.mobile2,h1_0.website from hotel h1_0
2024-06-07 03:35:25 [http-nio-8082-exec-1] DEBUG org.hibernate.SQL - select h1_0.hotel_id,h1_0.address,h1_0.city,h1_0.description,h1_0.email,h1_0.hotel_image,h1_0.hotel_name,h1_0.mobile1,h1_0.mobile2,h1_0.website,r1_0.hotel_id,r1_0.room_id,r1_0.rate_per_day,r1_0.room_image,r1_0.room_no,r1_0.roomtype from hotel h1_0 left join room r1_0 on h1_0.hotel_id=r1_0.hotel_id where h1_0.hotel_id=?
2024-06-07 03:35:26 [http-nio-8082-exec-1] DEBUG org.hibernate.SQL - insert into hotel (address,city,description,email,hotel_image,hotel_name,mobile1,mobile2,website,hotel_id) values (?,?,?,?,?,?,?,?,?,?)
2024-06-07 03:36:29 [AsyncResolver-bootstrap-executor-0] INFO  c.n.d.s.r.aws.ConfigClusterResolver - Resolving eureka endpoints via configuration
2024-06-07 03:38:16 [http-nio-8082-exec-2] DEBUG org.hibernate.SQL - select h1_0.hotel_id,h1_0.address,h1_0.city,h1_0.description,h1_0.email,h1_0.hotel_image,h1_0.hotel_name,h1_0.mobile1,h1_0.mobile2,h1_0.website from hotel h1_0
2024-06-07 03:38:17 [http-nio-8082-exec-4] DEBUG org.hibernate.SQL - select h1_0.hotel_id,h1_0.address,h1_0.city,h1_0.description,h1_0.email,h1_0.hotel_image,h1_0.hotel_name,h1_0.mobile1,h1_0.mobile2,h1_0.website from hotel h1_0
2024-06-07 03:40:32 [http-nio-8082-exec-7] DEBUG org.hibernate.SQL - select h1_0.hotel_id,h1_0.address,h1_0.city,h1_0.description,h1_0.email,h1_0.hotel_image,h1_0.hotel_name,h1_0.mobile1,h1_0.mobile2,h1_0.website from hotel h1_0
2024-06-07 03:40:32 [http-nio-8082-exec-6] DEBUG org.hibernate.SQL - select h1_0.hotel_id,h1_0.address,h1_0.city,h1_0.description,h1_0.email,h1_0.hotel_image,h1_0.hotel_name,h1_0.mobile1,h1_0.mobile2,h1_0.website from hotel h1_0
2024-06-07 03:41:29 [AsyncResolver-bootstrap-executor-0] INFO  c.n.d.s.r.aws.ConfigClusterResolver - Resolving eureka endpoints via configuration
2024-06-07 03:46:29 [AsyncResolver-bootstrap-executor-0] INFO  c.n.d.s.r.aws.ConfigClusterResolver - Resolving eureka endpoints via configuration
2024-06-07 03:51:29 [AsyncResolver-bootstrap-executor-0] INFO  c.n.d.s.r.aws.ConfigClusterResolver - Resolving eureka endpoints via configuration
2024-06-07 03:56:29 [AsyncResolver-bootstrap-executor-0] INFO  c.n.d.s.r.aws.ConfigClusterResolver - Resolving eureka endpoints via configuration
2024-06-07 04:01:29 [AsyncResolver-bootstrap-executor-0] INFO  c.n.d.s.r.aws.ConfigClusterResolver - Resolving eureka endpoints via configuration
2024-06-07 04:02:29 [http-nio-8082-exec-5] DEBUG org.hibernate.SQL - select h1_0.hotel_id,h1_0.address,h1_0.city,h1_0.description,h1_0.email,h1_0.hotel_image,h1_0.hotel_name,h1_0.mobile1,h1_0.mobile2,h1_0.website from hotel h1_0
2024-06-07 04:02:30 [http-nio-8082-exec-9] DEBUG org.hibernate.SQL - select h1_0.hotel_id,h1_0.address,h1_0.city,h1_0.description,h1_0.email,h1_0.hotel_image,h1_0.hotel_name,h1_0.mobile1,h1_0.mobile2,h1_0.website from hotel h1_0
2024-06-07 04:02:49 [http-nio-8082-exec-10] DEBUG org.hibernate.SQL - select h1_0.hotel_id,h1_0.address,h1_0.city,h1_0.description,h1_0.email,h1_0.hotel_image,h1_0.hotel_name,h1_0.mobile1,h1_0.mobile2,h1_0.website from hotel h1_0
2024-06-07 04:02:50 [http-nio-8082-exec-10] DEBUG org.hibernate.SQL - select h1_0.hotel_id,h1_0.address,h1_0.city,h1_0.description,h1_0.email,h1_0.hotel_image,h1_0.hotel_name,h1_0.mobile1,h1_0.mobile2,h1_0.website from hotel h1_0
2024-06-07 04:03:59 [http-nio-8082-exec-3] DEBUG org.hibernate.SQL - select h1_0.hotel_id,h1_0.address,h1_0.city,h1_0.description,h1_0.email,h1_0.hotel_image,h1_0.hotel_name,h1_0.mobile1,h1_0.mobile2,h1_0.website from hotel h1_0
2024-06-07 04:03:59 [http-nio-8082-exec-2] DEBUG org.hibernate.SQL - select h1_0.hotel_id,h1_0.address,h1_0.city,h1_0.description,h1_0.email,h1_0.hotel_image,h1_0.hotel_name,h1_0.mobile1,h1_0.mobile2,h1_0.website from hotel h1_0
2024-06-07 04:04:17 [http-nio-8082-exec-4] DEBUG org.hibernate.SQL - select h1_0.hotel_id,h1_0.address,h1_0.city,h1_0.description,h1_0.email,h1_0.hotel_image,h1_0.hotel_name,h1_0.mobile1,h1_0.mobile2,h1_0.website from hotel h1_0
2024-06-07 04:04:17 [http-nio-8082-exec-8] DEBUG org.hibernate.SQL - select h1_0.hotel_id,h1_0.address,h1_0.city,h1_0.description,h1_0.email,h1_0.hotel_image,h1_0.hotel_name,h1_0.mobile1,h1_0.mobile2,h1_0.website from hotel h1_0
2024-06-07 04:06:29 [AsyncResolver-bootstrap-executor-0] INFO  c.n.d.s.r.aws.ConfigClusterResolver - Resolving eureka endpoints via configuration
2024-06-07 04:08:23 [http-nio-8082-exec-7] DEBUG org.hibernate.SQL - select h1_0.hotel_id,h1_0.address,h1_0.city,h1_0.description,h1_0.email,h1_0.hotel_image,h1_0.hotel_name,h1_0.mobile1,h1_0.mobile2,h1_0.website from hotel h1_0
2024-06-07 04:08:23 [http-nio-8082-exec-6] DEBUG org.hibernate.SQL - select h1_0.hotel_id,h1_0.address,h1_0.city,h1_0.description,h1_0.email,h1_0.hotel_image,h1_0.hotel_name,h1_0.mobile1,h1_0.mobile2,h1_0.website from hotel h1_0
2024-06-07 04:11:24 [http-nio-8082-exec-9] DEBUG org.hibernate.SQL - select h1_0.hotel_id,h1_0.address,h1_0.city,h1_0.description,h1_0.email,h1_0.hotel_image,h1_0.hotel_name,h1_0.mobile1,h1_0.mobile2,h1_0.website from hotel h1_0
2024-06-07 04:11:26 [http-nio-8082-exec-1] DEBUG org.hibernate.SQL - select h1_0.hotel_id,h1_0.address,h1_0.city,h1_0.description,h1_0.email,h1_0.hotel_image,h1_0.hotel_name,h1_0.mobile1,h1_0.mobile2,h1_0.website from hotel h1_0
2024-06-07 04:11:29 [AsyncResolver-bootstrap-executor-0] INFO  c.n.d.s.r.aws.ConfigClusterResolver - Resolving eureka endpoints via configuration
2024-06-07 04:16:29 [AsyncResolver-bootstrap-executor-0] INFO  c.n.d.s.r.aws.ConfigClusterResolver - Resolving eureka endpoints via configuration
2024-06-07 04:19:21 [http-nio-8082-exec-3] DEBUG org.hibernate.SQL - select h1_0.hotel_id,h1_0.address,h1_0.city,h1_0.description,h1_0.email,h1_0.hotel_image,h1_0.hotel_name,h1_0.mobile1,h1_0.mobile2,h1_0.website from hotel h1_0
2024-06-07 04:19:21 [http-nio-8082-exec-2] DEBUG org.hibernate.SQL - select h1_0.hotel_id,h1_0.address,h1_0.city,h1_0.description,h1_0.email,h1_0.hotel_image,h1_0.hotel_name,h1_0.mobile1,h1_0.mobile2,h1_0.website from hotel h1_0
2024-06-07 04:21:20 [http-nio-8082-exec-4] DEBUG org.hibernate.SQL - select h1_0.hotel_id,h1_0.address,h1_0.city,h1_0.description,h1_0.email,h1_0.hotel_image,h1_0.hotel_name,h1_0.mobile1,h1_0.mobile2,h1_0.website from hotel h1_0
2024-06-07 04:21:21 [http-nio-8082-exec-8] DEBUG org.hibernate.SQL - select h1_0.hotel_id,h1_0.address,h1_0.city,h1_0.description,h1_0.email,h1_0.hotel_image,h1_0.hotel_name,h1_0.mobile1,h1_0.mobile2,h1_0.website from hotel h1_0
2024-06-07 04:21:29 [AsyncResolver-bootstrap-executor-0] INFO  c.n.d.s.r.aws.ConfigClusterResolver - Resolving eureka endpoints via configuration
2024-06-07 04:21:54 [http-nio-8082-exec-7] DEBUG org.hibernate.SQL - select h1_0.hotel_id,h1_0.address,h1_0.city,h1_0.description,h1_0.email,h1_0.hotel_image,h1_0.hotel_name,h1_0.mobile1,h1_0.mobile2,h1_0.website from hotel h1_0
2024-06-07 04:21:55 [http-nio-8082-exec-6] DEBUG org.hibernate.SQL - select h1_0.hotel_id,h1_0.address,h1_0.city,h1_0.description,h1_0.email,h1_0.hotel_image,h1_0.hotel_name,h1_0.mobile1,h1_0.mobile2,h1_0.website from hotel h1_0
2024-06-07 04:26:29 [AsyncResolver-bootstrap-executor-0] INFO  c.n.d.s.r.aws.ConfigClusterResolver - Resolving eureka endpoints via configuration
2024-06-07 04:31:08 [http-nio-8082-exec-5] DEBUG org.hibernate.SQL - select h1_0.hotel_id,h1_0.address,h1_0.city,h1_0.description,h1_0.email,h1_0.hotel_image,h1_0.hotel_name,h1_0.mobile1,h1_0.mobile2,h1_0.website from hotel h1_0
2024-06-07 04:31:08 [http-nio-8082-exec-9] DEBUG org.hibernate.SQL - select h1_0.hotel_id,h1_0.address,h1_0.city,h1_0.description,h1_0.email,h1_0.hotel_image,h1_0.hotel_name,h1_0.mobile1,h1_0.mobile2,h1_0.website from hotel h1_0
2024-06-07 04:31:29 [AsyncResolver-bootstrap-executor-0] INFO  c.n.d.s.r.aws.ConfigClusterResolver - Resolving eureka endpoints via configuration
2024-06-07 04:36:29 [AsyncResolver-bootstrap-executor-0] INFO  c.n.d.s.r.aws.ConfigClusterResolver - Resolving eureka endpoints via configuration
2024-06-07 04:41:29 [AsyncResolver-bootstrap-executor-0] INFO  c.n.d.s.r.aws.ConfigClusterResolver - Resolving eureka endpoints via configuration
2024-06-07 04:46:29 [AsyncResolver-bootstrap-executor-0] INFO  c.n.d.s.r.aws.ConfigClusterResolver - Resolving eureka endpoints via configuration
2024-06-07 04:51:29 [AsyncResolver-bootstrap-executor-0] INFO  c.n.d.s.r.aws.ConfigClusterResolver - Resolving eureka endpoints via configuration
2024-06-07 04:56:29 [AsyncResolver-bootstrap-executor-0] INFO  c.n.d.s.r.aws.ConfigClusterResolver - Resolving eureka endpoints via configuration
2024-06-07 05:01:29 [AsyncResolver-bootstrap-executor-0] INFO  c.n.d.s.r.aws.ConfigClusterResolver - Resolving eureka endpoints via configuration
2024-06-07 05:06:29 [AsyncResolver-bootstrap-executor-0] INFO  c.n.d.s.r.aws.ConfigClusterResolver - Resolving eureka endpoints via configuration
2024-06-07 05:08:36 [http-nio-8082-exec-10] DEBUG org.hibernate.SQL - select h1_0.hotel_id,h1_0.address,h1_0.city,h1_0.description,h1_0.email,h1_0.hotel_image,h1_0.hotel_name,h1_0.mobile1,h1_0.mobile2,h1_0.website from hotel h1_0
2024-06-07 05:08:37 [http-nio-8082-exec-3] DEBUG org.hibernate.SQL - select h1_0.hotel_id,h1_0.address,h1_0.city,h1_0.description,h1_0.email,h1_0.hotel_image,h1_0.hotel_name,h1_0.mobile1,h1_0.mobile2,h1_0.website from hotel h1_0
2024-06-07 05:11:29 [AsyncResolver-bootstrap-executor-0] INFO  c.n.d.s.r.aws.ConfigClusterResolver - Resolving eureka endpoints via configuration
2024-06-07 05:16:29 [AsyncResolver-bootstrap-executor-0] INFO  c.n.d.s.r.aws.ConfigClusterResolver - Resolving eureka endpoints via configuration
2024-06-07 05:20:06 [http-nio-8082-exec-4] DEBUG org.hibernate.SQL - select h1_0.hotel_id,h1_0.address,h1_0.city,h1_0.description,h1_0.email,h1_0.hotel_image,h1_0.hotel_name,h1_0.mobile1,h1_0.mobile2,h1_0.website from hotel h1_0
2024-06-07 05:20:06 [http-nio-8082-exec-4] DEBUG org.hibernate.SQL - select h1_0.hotel_id,h1_0.address,h1_0.city,h1_0.description,h1_0.email,h1_0.hotel_image,h1_0.hotel_name,h1_0.mobile1,h1_0.mobile2,h1_0.website from hotel h1_0
2024-06-07 05:21:29 [AsyncResolver-bootstrap-executor-0] INFO  c.n.d.s.r.aws.ConfigClusterResolver - Resolving eureka endpoints via configuration
2024-06-07 05:26:29 [AsyncResolver-bootstrap-executor-0] INFO  c.n.d.s.r.aws.ConfigClusterResolver - Resolving eureka endpoints via configuration
2024-06-07 08:29:25 [HikariPool-1 housekeeper] WARN  com.zaxxer.hikari.pool.HikariPool - HikariPool-1 - Thread starvation or clock leap detected (housekeeper delta=3h20s116ms723µs800ns).
2024-06-07 10:39:07 [AsyncResolver-bootstrap-executor-0] INFO  c.n.d.s.r.aws.ConfigClusterResolver - Resolving eureka endpoints via configuration
2024-06-07 10:39:07 [HikariPool-1 housekeeper] WARN  com.zaxxer.hikari.pool.HikariPool - HikariPool-1 - Thread starvation or clock leap detected (housekeeper delta=2h10m27s379ms789µs900ns).
2024-06-07 12:17:59 [main] INFO  c.h.HotelServiceApplication - Starting HotelServiceApplication using Java 17.0.9 with PID 3016 (C:\Users\USER\Documents\JourneyNest\Backend\Hotel-Service\target\classes started by USER in C:\Users\USER\Documents\JourneyNest\Backend\Hotel-Service)
2024-06-07 12:17:59 [main] INFO  c.h.HotelServiceApplication - No active profile set, falling back to 1 default profile: "default"
2024-06-07 12:17:59 [main] INFO  o.s.c.c.c.ConfigServerConfigDataLoader - Fetching config from server at : http://localhost:9999/
2024-06-07 12:17:59 [main] INFO  o.s.c.c.c.ConfigServerConfigDataLoader - Located environment: name=HOTEL-SERVICE, profiles=[default], label=null, version=6182736fe80b5a49edb164d1ff627e9260d08d00, state=null
2024-06-07 12:18:00 [main] INFO  o.s.d.r.c.RepositoryConfigurationDelegate - Bootstrapping Spring Data JPA repositories in DEFAULT mode.
2024-06-07 12:18:01 [main] INFO  o.s.d.r.c.RepositoryConfigurationDelegate - Finished Spring Data repository scanning in 160 ms. Found 1 JPA repository interface.
2024-06-07 12:18:01 [main] INFO  o.s.i.c.DefaultConfiguringBeanFactoryPostProcessor - No bean named 'errorChannel' has been explicitly defined. Therefore, a default PublishSubscribeChannel will be created.
2024-06-07 12:18:01 [main] INFO  o.s.i.c.DefaultConfiguringBeanFactoryPostProcessor - No bean named 'integrationHeaderChannelRegistry' has been explicitly defined. Therefore, a default DefaultHeaderChannelRegistry will be created.
2024-06-07 12:18:01 [main] INFO  o.s.cloud.context.scope.GenericScope - BeanFactory id=b9db7b91-9a21-336b-ba24-7421b4504946
2024-06-07 12:18:01 [main] WARN  o.s.c.s.PostProcessorRegistrationDelegate$BeanPostProcessorChecker - Bean 'org.springframework.boot.autoconfigure.integration.IntegrationAutoConfiguration$IntegrationJmxConfiguration' of type [org.springframework.boot.autoconfigure.integration.IntegrationAutoConfiguration$IntegrationJmxConfiguration] is not eligible for getting processed by all BeanPostProcessors (for example: not eligible for auto-proxying). The currently created BeanPostProcessor [integrationMbeanExporter] is declared through a non-static factory method on that class; consider declaring it as static instead.
2024-06-07 12:18:02 [main] WARN  o.s.c.s.PostProcessorRegistrationDelegate$BeanPostProcessorChecker - Bean 'org.springframework.cloud.stream.config.BindersHealthIndicatorAutoConfiguration' of type [org.springframework.cloud.stream.config.BindersHealthIndicatorAutoConfiguration] is not eligible for getting processed by all BeanPostProcessors (for example: not eligible for auto-proxying). Is this bean getting eagerly injected into a currently created BeanPostProcessor [integrationMbeanExporter]? Check the corresponding BeanPostProcessor declaration and its dependencies.
2024-06-07 12:18:02 [main] WARN  o.s.c.s.PostProcessorRegistrationDelegate$BeanPostProcessorChecker - Bean 'bindersHealthContributor' of type [org.springframework.cloud.stream.config.BindersHealthIndicatorAutoConfiguration$BindersHealthContributor] is not eligible for getting processed by all BeanPostProcessors (for example: not eligible for auto-proxying). Is this bean getting eagerly injected into a currently created BeanPostProcessor [integrationMbeanExporter]? Check the corresponding BeanPostProcessor declaration and its dependencies.
2024-06-07 12:18:02 [main] WARN  o.s.c.s.PostProcessorRegistrationDelegate$BeanPostProcessorChecker - Bean 'bindersHealthIndicatorListener' of type [org.springframework.cloud.stream.config.BindersHealthIndicatorAutoConfiguration$BindersHealthIndicatorListener] is not eligible for getting processed by all BeanPostProcessors (for example: not eligible for auto-proxying). Is this bean getting eagerly injected into a currently created BeanPostProcessor [integrationMbeanExporter]? Check the corresponding BeanPostProcessor declaration and its dependencies.
2024-06-07 12:18:02 [main] WARN  o.s.c.s.PostProcessorRegistrationDelegate$BeanPostProcessorChecker - Bean 'org.springframework.cloud.stream.binder.rabbit.config.ExtendedBindingHandlerMappingsProviderConfiguration' of type [org.springframework.cloud.stream.binder.rabbit.config.ExtendedBindingHandlerMappingsProviderConfiguration] is not eligible for getting processed by all BeanPostProcessors (for example: not eligible for auto-proxying). Is this bean getting eagerly injected into a currently created BeanPostProcessor [integrationMbeanExporter]? Check the corresponding BeanPostProcessor declaration and its dependencies.
2024-06-07 12:18:02 [main] WARN  o.s.c.s.PostProcessorRegistrationDelegate$BeanPostProcessorChecker - Bean 'rabbitExtendedPropertiesDefaultMappingsProvider' of type [org.springframework.cloud.stream.binder.rabbit.config.ExtendedBindingHandlerMappingsProviderConfiguration$$Lambda$764/0x000002864356bf48] is not eligible for getting processed by all BeanPostProcessors (for example: not eligible for auto-proxying). Is this bean getting eagerly injected into a currently created BeanPostProcessor [integrationMbeanExporter]? Check the corresponding BeanPostProcessor declaration and its dependencies.
2024-06-07 12:18:02 [main] WARN  o.s.c.s.PostProcessorRegistrationDelegate$BeanPostProcessorChecker - Bean 'BindingHandlerAdvise' of type [org.springframework.cloud.stream.config.BindingHandlerAdvise] is not eligible for getting processed by all BeanPostProcessors (for example: not eligible for auto-proxying). Is this bean getting eagerly injected into a currently created BeanPostProcessor [integrationMbeanExporter]? Check the corresponding BeanPostProcessor declaration and its dependencies.
2024-06-07 12:18:02 [main] WARN  o.s.c.s.PostProcessorRegistrationDelegate$BeanPostProcessorChecker - Bean 'org.springframework.cloud.commons.config.CommonsConfigAutoConfiguration' of type [org.springframework.cloud.commons.config.CommonsConfigAutoConfiguration] is not eligible for getting processed by all BeanPostProcessors (for example: not eligible for auto-proxying). Is this bean getting eagerly injected into a currently created BeanPostProcessor [integrationMbeanExporter]? Check the corresponding BeanPostProcessor declaration and its dependencies.
2024-06-07 12:18:02 [main] WARN  o.s.c.s.PostProcessorRegistrationDelegate$BeanPostProcessorChecker - Bean 'org.springframework.cloud.client.loadbalancer.LoadBalancerDefaultMappingsProviderAutoConfiguration' of type [org.springframework.cloud.client.loadbalancer.LoadBalancerDefaultMappingsProviderAutoConfiguration] is not eligible for getting processed by all BeanPostProcessors (for example: not eligible for auto-proxying). Is this bean getting eagerly injected into a currently created BeanPostProcessor [integrationMbeanExporter]? Check the corresponding BeanPostProcessor declaration and its dependencies.
2024-06-07 12:18:02 [main] WARN  o.s.c.s.PostProcessorRegistrationDelegate$BeanPostProcessorChecker - Bean 'loadBalancerClientsDefaultsMappingsProvider' of type [org.springframework.cloud.client.loadbalancer.LoadBalancerDefaultMappingsProviderAutoConfiguration$$Lambda$765/0x000002864356c160] is not eligible for getting processed by all BeanPostProcessors (for example: not eligible for auto-proxying). Is this bean getting eagerly injected into a currently created BeanPostProcessor [integrationMbeanExporter]? Check the corresponding BeanPostProcessor declaration and its dependencies.
2024-06-07 12:18:02 [main] WARN  o.s.c.s.PostProcessorRegistrationDelegate$BeanPostProcessorChecker - Bean 'defaultsBindHandlerAdvisor' of type [org.springframework.cloud.commons.config.DefaultsBindHandlerAdvisor] is not eligible for getting processed by all BeanPostProcessors (for example: not eligible for auto-proxying). Is this bean getting eagerly injected into a currently created BeanPostProcessor [integrationMbeanExporter]? Check the corresponding BeanPostProcessor declaration and its dependencies.
2024-06-07 12:18:02 [main] WARN  o.s.c.s.PostProcessorRegistrationDelegate$BeanPostProcessorChecker - Bean 'spelConverter' of type [org.springframework.cloud.stream.config.SpelExpressionConverterConfiguration$SpelConverter] is not eligible for getting processed by all BeanPostProcessors (for example: not eligible for auto-proxying). Is this bean getting eagerly injected into a currently created BeanPostProcessor [integrationMbeanExporter]? Check the corresponding BeanPostProcessor declaration and its dependencies.
2024-06-07 12:18:02 [main] WARN  o.s.c.s.PostProcessorRegistrationDelegate$BeanPostProcessorChecker - Bean 'spring.jmx-org.springframework.boot.autoconfigure.jmx.JmxProperties' of type [org.springframework.boot.autoconfigure.jmx.JmxProperties] is not eligible for getting processed by all BeanPostProcessors (for example: not eligible for auto-proxying). Is this bean getting eagerly injected into a currently created BeanPostProcessor [integrationMbeanExporter]? Check the corresponding BeanPostProcessor declaration and its dependencies.
2024-06-07 12:18:02 [main] WARN  o.s.c.s.PostProcessorRegistrationDelegate$BeanPostProcessorChecker - Bean 'org.springframework.boot.autoconfigure.jmx.JmxAutoConfiguration' of type [org.springframework.boot.autoconfigure.jmx.JmxAutoConfiguration] is not eligible for getting processed by all BeanPostProcessors (for example: not eligible for auto-proxying). Is this bean getting eagerly injected into a currently created BeanPostProcessor [integrationMbeanExporter]? Check the corresponding BeanPostProcessor declaration and its dependencies.
2024-06-07 12:18:02 [main] WARN  o.s.c.s.PostProcessorRegistrationDelegate$BeanPostProcessorChecker - Bean 'mbeanServer' of type [com.sun.jmx.mbeanserver.JmxMBeanServer] is not eligible for getting processed by all BeanPostProcessors (for example: not eligible for auto-proxying). Is this bean getting eagerly injected into a currently created BeanPostProcessor [integrationMbeanExporter]? Check the corresponding BeanPostProcessor declaration and its dependencies.
2024-06-07 12:18:02 [main] WARN  o.s.c.s.PostProcessorRegistrationDelegate$BeanPostProcessorChecker - Bean 'org.springframework.cloud.client.loadbalancer.LoadBalancerAutoConfiguration$RetryInterceptorAutoConfiguration' of type [org.springframework.cloud.client.loadbalancer.LoadBalancerAutoConfiguration$RetryInterceptorAutoConfiguration] is not eligible for getting processed by all BeanPostProcessors (for example: not eligible for auto-proxying). The currently created BeanPostProcessor [lbRestClientPostProcessor] is declared through a non-static factory method on that class; consider declaring it as static instead.
2024-06-07 12:18:02 [main] WARN  o.s.c.s.PostProcessorRegistrationDelegate$BeanPostProcessorChecker - Bean 'org.springframework.cloud.loadbalancer.config.BlockingLoadBalancerClientAutoConfiguration' of type [org.springframework.cloud.loadbalancer.config.BlockingLoadBalancerClientAutoConfiguration] is not eligible for getting processed by all BeanPostProcessors (for example: not eligible for auto-proxying). Is this bean getting eagerly injected into a currently created BeanPostProcessor [lbRestClientPostProcessor]? Check the corresponding BeanPostProcessor declaration and its dependencies.
2024-06-07 12:18:02 [main] WARN  o.s.c.s.PostProcessorRegistrationDelegate$BeanPostProcessorChecker - Bean 'org.springframework.cloud.loadbalancer.config.LoadBalancerAutoConfiguration' of type [org.springframework.cloud.loadbalancer.config.LoadBalancerAutoConfiguration] is not eligible for getting processed by all BeanPostProcessors (for example: not eligible for auto-proxying). Is this bean getting eagerly injected into a currently created BeanPostProcessor [lbRestClientPostProcessor]? Check the corresponding BeanPostProcessor declaration and its dependencies.
2024-06-07 12:18:02 [main] WARN  o.s.c.s.PostProcessorRegistrationDelegate$BeanPostProcessorChecker - Bean 'spring.cloud.loadbalancer-org.springframework.cloud.client.loadbalancer.LoadBalancerClientsProperties' of type [org.springframework.cloud.client.loadbalancer.LoadBalancerClientsProperties] is not eligible for getting processed by all BeanPostProcessors (for example: not eligible for auto-proxying). Is this bean getting eagerly injected into a currently created BeanPostProcessor [lbRestClientPostProcessor]? Check the corresponding BeanPostProcessor declaration and its dependencies.
2024-06-07 12:18:02 [main] WARN  o.s.c.s.PostProcessorRegistrationDelegate$BeanPostProcessorChecker - Bean 'default.org.springframework.cloud.loadbalancer.config.LoadBalancerAutoConfiguration.LoadBalancerClientSpecification' of type [org.springframework.cloud.loadbalancer.annotation.LoadBalancerClientSpecification] is not eligible for getting processed by all BeanPostProcessors (for example: not eligible for auto-proxying). Is this bean getting eagerly injected into a currently created BeanPostProcessor [lbRestClientPostProcessor]? Check the corresponding BeanPostProcessor declaration and its dependencies.
2024-06-07 12:18:02 [main] WARN  o.s.c.s.PostProcessorRegistrationDelegate$BeanPostProcessorChecker - Bean 'default.org.springframework.cloud.loadbalancer.config.BlockingLoadBalancerClientAutoConfiguration.LoadBalancerClientSpecification' of type [org.springframework.cloud.loadbalancer.annotation.LoadBalancerClientSpecification] is not eligible for getting processed by all BeanPostProcessors (for example: not eligible for auto-proxying). Is this bean getting eagerly injected into a currently created BeanPostProcessor [lbRestClientPostProcessor]? Check the corresponding BeanPostProcessor declaration and its dependencies.
2024-06-07 12:18:02 [main] WARN  o.s.c.s.PostProcessorRegistrationDelegate$BeanPostProcessorChecker - Bean 'default.org.springframework.cloud.netflix.eureka.loadbalancer.LoadBalancerEurekaAutoConfiguration.LoadBalancerClientSpecification' of type [org.springframework.cloud.loadbalancer.annotation.LoadBalancerClientSpecification] is not eligible for getting processed by all BeanPostProcessors (for example: not eligible for auto-proxying). Is this bean getting eagerly injected into a currently created BeanPostProcessor [lbRestClientPostProcessor]? Check the corresponding BeanPostProcessor declaration and its dependencies.
2024-06-07 12:18:02 [main] WARN  o.s.c.s.PostProcessorRegistrationDelegate$BeanPostProcessorChecker - Bean 'loadBalancerClientFactory' of type [org.springframework.cloud.loadbalancer.support.LoadBalancerClientFactory] is not eligible for getting processed by all BeanPostProcessors (for example: not eligible for auto-proxying). Is this bean getting eagerly injected into a currently created BeanPostProcessor [lbRestClientPostProcessor]? Check the corresponding BeanPostProcessor declaration and its dependencies.
2024-06-07 12:18:02 [main] WARN  o.s.c.s.PostProcessorRegistrationDelegate$BeanPostProcessorChecker - Bean 'blockingLoadBalancerClient' of type [org.springframework.cloud.loadbalancer.blocking.client.BlockingLoadBalancerClient] is not eligible for getting processed by all BeanPostProcessors (for example: not eligible for auto-proxying). Is this bean getting eagerly injected into a currently created BeanPostProcessor [lbRestClientPostProcessor]? Check the corresponding BeanPostProcessor declaration and its dependencies.
2024-06-07 12:18:02 [main] WARN  o.s.c.s.PostProcessorRegistrationDelegate$BeanPostProcessorChecker - Bean 'loadBalancerServiceInstanceCookieTransformer' of type [org.springframework.cloud.loadbalancer.core.LoadBalancerServiceInstanceCookieTransformer] is not eligible for getting processed by all BeanPostProcessors (for example: not eligible for auto-proxying). Is this bean getting eagerly injected into a currently created BeanPostProcessor [lbRestClientPostProcessor]? Check the corresponding BeanPostProcessor declaration and its dependencies.
2024-06-07 12:18:02 [main] WARN  o.s.c.s.PostProcessorRegistrationDelegate$BeanPostProcessorChecker - Bean 'xForwarderHeadersTransformer' of type [org.springframework.cloud.loadbalancer.blocking.XForwardedHeadersTransformer] is not eligible for getting processed by all BeanPostProcessors (for example: not eligible for auto-proxying). Is this bean getting eagerly injected into a currently created BeanPostProcessor [lbRestClientPostProcessor]? Check the corresponding BeanPostProcessor declaration and its dependencies.
2024-06-07 12:18:02 [main] WARN  o.s.c.s.PostProcessorRegistrationDelegate$BeanPostProcessorChecker - Bean 'org.springframework.cloud.client.loadbalancer.LoadBalancerAutoConfiguration' of type [org.springframework.cloud.client.loadbalancer.LoadBalancerAutoConfiguration] is not eligible for getting processed by all BeanPostProcessors (for example: not eligible for auto-proxying). Is this bean getting eagerly injected into a currently created BeanPostProcessor [lbRestClientPostProcessor]? Check the corresponding BeanPostProcessor declaration and its dependencies.
2024-06-07 12:18:02 [main] WARN  o.s.c.s.PostProcessorRegistrationDelegate$BeanPostProcessorChecker - Bean 'loadBalancerRequestFactory' of type [org.springframework.cloud.client.loadbalancer.LoadBalancerRequestFactory] is not eligible for getting processed by all BeanPostProcessors (for example: not eligible for auto-proxying). Is this bean getting eagerly injected into a currently created BeanPostProcessor [lbRestClientPostProcessor]? Check the corresponding BeanPostProcessor declaration and its dependencies.
2024-06-07 12:18:02 [main] WARN  o.s.c.s.PostProcessorRegistrationDelegate$BeanPostProcessorChecker - Bean 'org.springframework.cloud.loadbalancer.config.BlockingLoadBalancerClientAutoConfiguration$BlockingLoadBalancerRetryConfig' of type [org.springframework.cloud.loadbalancer.config.BlockingLoadBalancerClientAutoConfiguration$BlockingLoadBalancerRetryConfig$$SpringCGLIB$$0] is not eligible for getting processed by all BeanPostProcessors (for example: not eligible for auto-proxying). Is this bean getting eagerly injected into a currently created BeanPostProcessor [lbRestClientPostProcessor]? Check the corresponding BeanPostProcessor declaration and its dependencies.
2024-06-07 12:18:02 [main] WARN  o.s.c.s.PostProcessorRegistrationDelegate$BeanPostProcessorChecker - Bean 'loadBalancedRetryFactory' of type [org.springframework.cloud.loadbalancer.blocking.retry.BlockingLoadBalancedRetryFactory] is not eligible for getting processed by all BeanPostProcessors (for example: not eligible for auto-proxying). Is this bean getting eagerly injected into a currently created BeanPostProcessor [lbRestClientPostProcessor]? Check the corresponding BeanPostProcessor declaration and its dependencies.
2024-06-07 12:18:02 [main] WARN  o.s.c.s.PostProcessorRegistrationDelegate$BeanPostProcessorChecker - Bean 'loadBalancerInterceptor' of type [org.springframework.cloud.client.loadbalancer.RetryLoadBalancerInterceptor] is not eligible for getting processed by all BeanPostProcessors (for example: not eligible for auto-proxying). Is this bean getting eagerly injected into a currently created BeanPostProcessor [lbRestClientPostProcessor]? Check the corresponding BeanPostProcessor declaration and its dependencies.
2024-06-07 12:18:02 [main] WARN  o.s.c.s.PostProcessorRegistrationDelegate$BeanPostProcessorChecker - Bean 'org.springframework.cloud.client.loadbalancer.reactive.LoadBalancerBeanPostProcessorAutoConfiguration' of type [org.springframework.cloud.client.loadbalancer.reactive.LoadBalancerBeanPostProcessorAutoConfiguration] is not eligible for getting processed by all BeanPostProcessors (for example: not eligible for auto-proxying). The currently created BeanPostProcessor [loadBalancerWebClientBuilderBeanPostProcessor] is declared through a non-static factory method on that class; consider declaring it as static instead.
2024-06-07 12:18:02 [main] WARN  o.s.c.s.PostProcessorRegistrationDelegate$BeanPostProcessorChecker - Bean 'org.springframework.cloud.client.loadbalancer.reactive.LoadBalancerBeanPostProcessorAutoConfiguration$ReactorDeferringLoadBalancerFilterConfig' of type [org.springframework.cloud.client.loadbalancer.reactive.LoadBalancerBeanPostProcessorAutoConfiguration$ReactorDeferringLoadBalancerFilterConfig] is not eligible for getting processed by all BeanPostProcessors (for example: not eligible for auto-proxying). Is this bean getting eagerly injected into a currently created BeanPostProcessor [loadBalancerWebClientBuilderBeanPostProcessor]? Check the corresponding BeanPostProcessor declaration and its dependencies.
2024-06-07 12:18:02 [main] WARN  o.s.c.s.PostProcessorRegistrationDelegate$BeanPostProcessorChecker - Bean 'reactorDeferringLoadBalancerExchangeFilterFunction' of type [org.springframework.cloud.client.loadbalancer.reactive.DeferringLoadBalancerExchangeFilterFunction] is not eligible for getting processed by all BeanPostProcessors (for example: not eligible for auto-proxying). Is this bean getting eagerly injected into a currently created BeanPostProcessor [loadBalancerWebClientBuilderBeanPostProcessor]? Check the corresponding BeanPostProcessor declaration and its dependencies.
2024-06-07 12:18:02 [main] INFO  o.s.b.w.e.tomcat.TomcatWebServer - Tomcat initialized with port 8082 (http)
2024-06-07 12:18:02 [main] INFO  o.a.catalina.core.StandardService - Starting service [Tomcat]
2024-06-07 12:18:02 [main] INFO  o.a.catalina.core.StandardEngine - Starting Servlet engine: [Apache Tomcat/10.1.17]
2024-06-07 12:18:02 [main] INFO  o.a.c.c.C.[Tomcat].[localhost].[/] - Initializing Spring embedded WebApplicationContext
2024-06-07 12:18:02 [main] INFO  o.s.b.w.s.c.ServletWebServerApplicationContext - Root WebApplicationContext: initialization completed in 3321 ms
2024-06-07 12:18:03 [main] INFO  o.h.jpa.internal.util.LogHelper - HHH000204: Processing PersistenceUnitInfo [name: default]
2024-06-07 12:18:03 [main] INFO  org.hibernate.Version - HHH000412: Hibernate ORM core version 6.4.1.Final
2024-06-07 12:18:03 [main] INFO  o.h.c.i.RegionFactoryInitiator - HHH000026: Second-level cache disabled
2024-06-07 12:18:03 [main] INFO  o.s.o.j.p.SpringPersistenceUnitInfo - No LoadTimeWeaver setup: ignoring JPA class transformer
2024-06-07 12:18:03 [main] INFO  com.zaxxer.hikari.HikariDataSource - HikariPool-1 - Starting...
2024-06-07 12:18:04 [main] INFO  com.zaxxer.hikari.pool.HikariPool - HikariPool-1 - Added connection org.postgresql.jdbc.PgConnection@7e35d743
2024-06-07 12:18:04 [main] INFO  com.zaxxer.hikari.HikariDataSource - HikariPool-1 - Start completed.
2024-06-07 12:18:04 [main] WARN  org.hibernate.orm.deprecation - HHH90000025: PostgreSQLDialect does not need to be specified explicitly using 'hibernate.dialect' (remove the property setting and it will be selected by default)
2024-06-07 12:18:05 [main] INFO  o.h.e.t.j.p.i.JtaPlatformInitiator - HHH000489: No JTA platform available (set 'hibernate.transaction.jta.platform' to enable JTA platform integration)
2024-06-07 12:18:06 [main] INFO  o.s.o.j.LocalContainerEntityManagerFactoryBean - Initialized JPA EntityManagerFactory for persistence unit 'default'
2024-06-07 12:18:07 [main] WARN  o.s.b.a.o.j.JpaBaseConfiguration$JpaWebConfiguration - spring.jpa.open-in-view is enabled by default. Therefore, database queries may be performed during view rendering. Explicitly configure spring.jpa.open-in-view to disable this warning
2024-06-07 12:18:09 [main] INFO  o.s.c.s.m.DirectWithAttributesChannel - Channel 'HOTEL-SERVICE.springCloudBusInput' has 1 subscriber(s).
2024-06-07 12:18:10 [main] INFO  o.s.c.n.e.c.DiscoveryClientOptionalArgsConfiguration - Eureka HTTP Client uses RestTemplate.
2024-06-07 12:18:10 [main] WARN  o.s.c.l.c.LoadBalancerCacheAutoConfiguration$LoadBalancerCaffeineWarnLogger - Spring Cloud LoadBalancer is currently working with the default cache. While this cache implementation is useful for development and tests, it's recommended to use Caffeine cache in production.You can switch to using Caffeine cache, by adding it and org.springframework.cache.caffeine.CaffeineCacheManager to the classpath.
2024-06-07 12:18:10 [main] INFO  o.s.b.a.e.web.EndpointLinksResolver - Exposing 23 endpoint(s) beneath base path '/actuator'
2024-06-07 12:18:10 [main] INFO  o.s.i.m.IntegrationMBeanExporter - Registering MessageChannel errorChannel
2024-06-07 12:18:10 [main] INFO  o.s.i.m.IntegrationMBeanExporter - Registering MessageChannel springCloudBusInput
2024-06-07 12:18:10 [main] INFO  o.s.i.m.IntegrationMBeanExporter - Registering MessageChannel nullChannel
2024-06-07 12:18:10 [main] INFO  o.s.i.m.IntegrationMBeanExporter - Registering MessageHandler _org.springframework.integration.errorLogger
2024-06-07 12:18:10 [main] INFO  o.s.i.endpoint.EventDrivenConsumer - Adding {logging-channel-adapter:_org.springframework.integration.errorLogger} as a subscriber to the 'errorChannel' channel
2024-06-07 12:18:10 [main] INFO  o.s.i.c.PublishSubscribeChannel - Channel 'HOTEL-SERVICE.errorChannel' has 1 subscriber(s).
2024-06-07 12:18:10 [main] INFO  o.s.i.endpoint.EventDrivenConsumer - started bean '_org.springframework.integration.errorLogger'
2024-06-07 12:18:10 [main] INFO  o.s.c.n.eureka.InstanceInfoFactory - Setting initial instance status as: STARTING
2024-06-07 12:18:10 [main] INFO  c.netflix.discovery.DiscoveryClient - Initializing Eureka in region us-east-1
2024-06-07 12:18:11 [main] INFO  c.n.d.s.r.aws.ConfigClusterResolver - Resolving eureka endpoints via configuration
2024-06-07 12:18:11 [main] INFO  c.netflix.discovery.DiscoveryClient - Disable delta property : false
2024-06-07 12:18:11 [main] INFO  c.netflix.discovery.DiscoveryClient - Single vip registry refresh property : null
2024-06-07 12:18:11 [main] INFO  c.netflix.discovery.DiscoveryClient - Force full registry fetch : false
2024-06-07 12:18:11 [main] INFO  c.netflix.discovery.DiscoveryClient - Application is null : false
2024-06-07 12:18:11 [main] INFO  c.netflix.discovery.DiscoveryClient - Registered Applications size is zero : true
2024-06-07 12:18:11 [main] INFO  c.netflix.discovery.DiscoveryClient - Application version is -1: true
2024-06-07 12:18:11 [main] INFO  c.netflix.discovery.DiscoveryClient - Getting all instance registry info from the eureka server
2024-06-07 12:18:11 [main] INFO  c.netflix.discovery.DiscoveryClient - The response status is 200
2024-06-07 12:18:11 [main] INFO  c.netflix.discovery.DiscoveryClient - Starting heartbeat executor: renew interval is: 30
2024-06-07 12:18:11 [main] INFO  c.n.discovery.InstanceInfoReplicator - InstanceInfoReplicator onDemand update allowed rate per min is 4
2024-06-07 12:18:11 [main] INFO  c.netflix.discovery.DiscoveryClient - Discovery Client initialized at timestamp 1717742891297 with initial instances count: 5
2024-06-07 12:18:11 [main] INFO  o.s.c.n.e.s.EurekaServiceRegistry - Registering application HOTEL-SERVICE with eureka with status UP
2024-06-07 12:18:11 [main] INFO  c.netflix.discovery.DiscoveryClient - Saw local status change event StatusChangeEvent [timestamp=1717742891308, current=UP, previous=STARTING]
2024-06-07 12:18:11 [DiscoveryClient-InstanceInfoReplicator-0] INFO  c.netflix.discovery.DiscoveryClient - DiscoveryClient_HOTEL-SERVICE/Akilan:HOTEL-SERVICE:8082: registering service...
2024-06-07 12:18:11 [main] INFO  o.s.b.w.e.tomcat.TomcatWebServer - Tomcat started on port 8082 (http) with context path ''
2024-06-07 12:18:11 [main] INFO  o.s.c.n.e.s.EurekaAutoServiceRegistration - Updating port to 8082
2024-06-07 12:18:11 [DiscoveryClient-InstanceInfoReplicator-0] INFO  c.netflix.discovery.DiscoveryClient - DiscoveryClient_HOTEL-SERVICE/Akilan:HOTEL-SERVICE:8082 - registration status: 204
2024-06-07 12:18:11 [main] INFO  o.s.c.s.binder.DefaultBinderFactory - Creating binder: rabbit
2024-06-07 12:18:11 [main] INFO  o.s.c.s.binder.DefaultBinderFactory - Constructing binder child context for rabbit
2024-06-07 12:18:11 [main] INFO  o.s.c.s.binder.DefaultBinderFactory - Caching the binder: rabbit
2024-06-07 12:18:11 [main] INFO  o.s.c.s.b.r.p.RabbitExchangeQueueProvisioner - declaring queue for inbound: springCloudBus.anonymous.IU6zPtR1RXSajEm1pB6F8g, bound to: springCloudBus
2024-06-07 12:18:11 [main] INFO  o.s.a.r.c.CachingConnectionFactory - Attempting to connect to: [localhost:5672]
2024-06-07 12:18:12 [main] INFO  o.s.a.r.c.CachingConnectionFactory - Created new connection: rabbitConnectionFactory#25b8a2f7:0/SimpleConnection@46f7fc28 [delegate=amqp://rabbitmq@127.0.0.1:5672/, localPort=53075]
2024-06-07 12:18:12 [main] INFO  o.s.c.s.binder.BinderErrorChannel - Channel 'rabbit-222449416.springCloudBusInput.errors' has 1 subscriber(s).
2024-06-07 12:18:12 [main] INFO  o.s.c.s.binder.BinderErrorChannel - Channel 'rabbit-222449416.springCloudBusInput.errors' has 2 subscriber(s).
2024-06-07 12:18:12 [main] INFO  o.s.i.a.i.AmqpInboundChannelAdapter - started bean 'inbound.springCloudBus.anonymous.IU6zPtR1RXSajEm1pB6F8g'
2024-06-07 12:18:12 [main] INFO  o.s.i.m.IntegrationMBeanExporter - Registering MessageChannel rabbit-222449416.springCloudBusInput.errors
2024-06-07 12:18:12 [main] INFO  c.h.HotelServiceApplication - Started HotelServiceApplication in 15.523 seconds (process running for 16.564)
2024-06-07 12:18:12 [RMI TCP Connection(3)-127.0.0.1] INFO  o.a.c.c.C.[Tomcat].[localhost].[/] - Initializing Spring DispatcherServlet 'dispatcherServlet'
2024-06-07 12:18:12 [RMI TCP Connection(3)-127.0.0.1] INFO  o.s.web.servlet.DispatcherServlet - Initializing Servlet 'dispatcherServlet'
2024-06-07 12:18:12 [RMI TCP Connection(3)-127.0.0.1] INFO  o.s.web.servlet.DispatcherServlet - Completed initialization in 5 ms
2024-06-07 12:23:12 [AsyncResolver-bootstrap-executor-0] INFO  c.n.d.s.r.aws.ConfigClusterResolver - Resolving eureka endpoints via configuration
2024-06-07 12:24:26 [http-nio-8082-exec-1] DEBUG org.hibernate.SQL - select h1_0.hotel_id,h1_0.address,h1_0.city,h1_0.description,h1_0.email,h1_0.hotel_image,h1_0.hotel_name,h1_0.mobile1,h1_0.mobile2,h1_0.website from hotel h1_0
2024-06-07 12:24:27 [http-nio-8082-exec-1] DEBUG org.hibernate.SQL - select h1_0.hotel_id,h1_0.address,h1_0.city,h1_0.description,h1_0.email,h1_0.hotel_image,h1_0.hotel_name,h1_0.mobile1,h1_0.mobile2,h1_0.website,r1_0.hotel_id,r1_0.room_id,r1_0.rate_per_day,r1_0.room_image,r1_0.room_no,r1_0.roomtype from hotel h1_0 left join room r1_0 on h1_0.hotel_id=r1_0.hotel_id where h1_0.hotel_id=?
2024-06-07 12:24:27 [http-nio-8082-exec-1] DEBUG org.hibernate.SQL - insert into hotel (address,city,description,email,hotel_image,hotel_name,mobile1,mobile2,website,hotel_id) values (?,?,?,?,?,?,?,?,?,?)
2024-06-07 12:28:08 [http-nio-8082-exec-2] DEBUG org.hibernate.SQL - select h1_0.hotel_id,h1_0.address,h1_0.city,h1_0.description,h1_0.email,h1_0.hotel_image,h1_0.hotel_name,h1_0.mobile1,h1_0.mobile2,h1_0.website from hotel h1_0
2024-06-07 12:28:09 [http-nio-8082-exec-3] DEBUG org.hibernate.SQL - select h1_0.hotel_id,h1_0.address,h1_0.city,h1_0.description,h1_0.email,h1_0.hotel_image,h1_0.hotel_name,h1_0.mobile1,h1_0.mobile2,h1_0.website from hotel h1_0
2024-06-07 12:28:13 [AsyncResolver-bootstrap-executor-0] INFO  c.n.d.s.r.aws.ConfigClusterResolver - Resolving eureka endpoints via configuration
2024-06-07 12:29:35 [http-nio-8082-exec-4] DEBUG org.hibernate.SQL - select h1_0.hotel_id,h1_0.address,h1_0.city,h1_0.description,h1_0.email,h1_0.hotel_image,h1_0.hotel_name,h1_0.mobile1,h1_0.mobile2,h1_0.website from hotel h1_0
2024-06-07 12:29:35 [http-nio-8082-exec-5] DEBUG org.hibernate.SQL - select h1_0.hotel_id,h1_0.address,h1_0.city,h1_0.description,h1_0.email,h1_0.hotel_image,h1_0.hotel_name,h1_0.mobile1,h1_0.mobile2,h1_0.website from hotel h1_0
2024-06-07 12:30:24 [http-nio-8082-exec-6] DEBUG org.hibernate.SQL - select h1_0.hotel_id,h1_0.address,h1_0.city,h1_0.description,h1_0.email,h1_0.hotel_image,h1_0.hotel_name,h1_0.mobile1,h1_0.mobile2,h1_0.website from hotel h1_0
2024-06-07 12:30:24 [http-nio-8082-exec-7] DEBUG org.hibernate.SQL - select h1_0.hotel_id,h1_0.address,h1_0.city,h1_0.description,h1_0.email,h1_0.hotel_image,h1_0.hotel_name,h1_0.mobile1,h1_0.mobile2,h1_0.website from hotel h1_0
2024-06-07 12:33:13 [AsyncResolver-bootstrap-executor-0] INFO  c.n.d.s.r.aws.ConfigClusterResolver - Resolving eureka endpoints via configuration
2024-06-07 12:37:21 [DiscoveryClient-1] WARN  c.n.discovery.TimedSupervisorTask - task supervisor timed out
java.util.concurrent.TimeoutException: null
	at java.base/java.util.concurrent.FutureTask.get(FutureTask.java:204)
	at com.netflix.discovery.TimedSupervisorTask.run(TimedSupervisorTask.java:68)
	at java.base/java.util.concurrent.Executors$RunnableAdapter.call(Executors.java:539)
	at java.base/java.util.concurrent.FutureTask.run(FutureTask.java:264)
	at java.base/java.util.concurrent.ScheduledThreadPoolExecutor$ScheduledFutureTask.run(ScheduledThreadPoolExecutor.java:304)
	at java.base/java.util.concurrent.ThreadPoolExecutor.runWorker(ThreadPoolExecutor.java:1136)
	at java.base/java.util.concurrent.ThreadPoolExecutor$Worker.run(ThreadPoolExecutor.java:635)
	at java.base/java.lang.Thread.run(Thread.java:842)
2024-06-07 12:38:13 [AsyncResolver-bootstrap-executor-0] INFO  c.n.d.s.r.aws.ConfigClusterResolver - Resolving eureka endpoints via configuration
2024-06-07 12:41:27 [http-nio-8082-exec-9] DEBUG org.hibernate.SQL - select h1_0.hotel_id,h1_0.address,h1_0.city,h1_0.description,h1_0.email,h1_0.hotel_image,h1_0.hotel_name,h1_0.mobile1,h1_0.mobile2,h1_0.website from hotel h1_0
2024-06-07 12:41:31 [http-nio-8082-exec-10] DEBUG org.hibernate.SQL - select h1_0.hotel_id,h1_0.address,h1_0.city,h1_0.description,h1_0.email,h1_0.hotel_image,h1_0.hotel_name,h1_0.mobile1,h1_0.mobile2,h1_0.website from hotel h1_0
2024-06-07 12:43:13 [AsyncResolver-bootstrap-executor-0] INFO  c.n.d.s.r.aws.ConfigClusterResolver - Resolving eureka endpoints via configuration
2024-06-07 12:48:13 [AsyncResolver-bootstrap-executor-0] INFO  c.n.d.s.r.aws.ConfigClusterResolver - Resolving eureka endpoints via configuration
2024-06-07 12:49:36 [RMI TCP Connection(40)-127.0.0.1] INFO  o.s.b.a.SpringApplicationAdminMXBeanRegistrar$SpringApplicationAdmin - Application shutdown requested.
2024-06-07 12:49:36 [RMI TCP Connection(44)-127.0.0.1] INFO  o.s.b.a.SpringApplicationAdminMXBeanRegistrar$SpringApplicationAdmin - Application shutdown requested.
2024-06-07 12:49:36 [RMI TCP Connection(41)-127.0.0.1] INFO  o.s.b.a.SpringApplicationAdminMXBeanRegistrar$SpringApplicationAdmin - Application shutdown requested.
2024-06-07 12:49:36 [RMI TCP Connection(43)-127.0.0.1] INFO  o.s.b.a.SpringApplicationAdminMXBeanRegistrar$SpringApplicationAdmin - Application shutdown requested.
2024-06-07 12:49:36 [RMI TCP Connection(42)-127.0.0.1] INFO  o.s.b.a.SpringApplicationAdminMXBeanRegistrar$SpringApplicationAdmin - Application shutdown requested.
2024-06-07 12:49:37 [RMI TCP Connection(46)-127.0.0.1] INFO  o.s.b.a.SpringApplicationAdminMXBeanRegistrar$SpringApplicationAdmin - Application shutdown requested.
2024-06-07 12:49:37 [RMI TCP Connection(45)-127.0.0.1] INFO  o.s.b.a.SpringApplicationAdminMXBeanRegistrar$SpringApplicationAdmin - Application shutdown requested.
2024-06-07 12:49:37 [RMI TCP Connection(48)-127.0.0.1] INFO  o.s.b.a.SpringApplicationAdminMXBeanRegistrar$SpringApplicationAdmin - Application shutdown requested.
2024-06-07 12:49:37 [RMI TCP Connection(39)-127.0.0.1] INFO  o.s.b.a.SpringApplicationAdminMXBeanRegistrar$SpringApplicationAdmin - Application shutdown requested.
2024-06-07 12:49:37 [RMI TCP Connection(49)-127.0.0.1] INFO  o.s.b.a.SpringApplicationAdminMXBeanRegistrar$SpringApplicationAdmin - Application shutdown requested.
2024-06-07 12:49:37 [RMI TCP Connection(47)-127.0.0.1] INFO  o.s.b.a.SpringApplicationAdminMXBeanRegistrar$SpringApplicationAdmin - Application shutdown requested.
2024-06-07 12:49:37 [RMI TCP Connection(50)-127.0.0.1] INFO  o.s.b.a.SpringApplicationAdminMXBeanRegistrar$SpringApplicationAdmin - Application shutdown requested.
2024-06-07 12:49:38 [RMI TCP Connection(52)-127.0.0.1] INFO  o.s.b.a.SpringApplicationAdminMXBeanRegistrar$SpringApplicationAdmin - Application shutdown requested.
2024-06-07 12:49:38 [RMI TCP Connection(51)-127.0.0.1] INFO  o.s.b.a.SpringApplicationAdminMXBeanRegistrar$SpringApplicationAdmin - Application shutdown requested.
2024-06-07 12:49:39 [RMI TCP Connection(53)-127.0.0.1] INFO  o.s.b.a.SpringApplicationAdminMXBeanRegistrar$SpringApplicationAdmin - Application shutdown requested.
2024-06-07 12:49:40 [RMI TCP Connection(44)-127.0.0.1] INFO  o.s.c.n.e.s.EurekaServiceRegistry - Unregistering application HOTEL-SERVICE with eureka with status DOWN
2024-06-07 12:49:40 [RMI TCP Connection(44)-127.0.0.1] INFO  c.netflix.discovery.DiscoveryClient - Saw local status change event StatusChangeEvent [timestamp=1717744780346, current=DOWN, previous=UP]
2024-06-07 12:49:40 [DiscoveryClient-InstanceInfoReplicator-0] INFO  c.netflix.discovery.DiscoveryClient - DiscoveryClient_HOTEL-SERVICE/Akilan:HOTEL-SERVICE:8082: registering service...
2024-06-07 12:49:41 [DiscoveryClient-InstanceInfoReplicator-0] INFO  c.netflix.discovery.DiscoveryClient - DiscoveryClient_HOTEL-SERVICE/Akilan:HOTEL-SERVICE:8082 - registration status: 204
2024-06-07 12:49:43 [RMI TCP Connection(54)-127.0.0.1] INFO  o.s.b.a.SpringApplicationAdminMXBeanRegistrar$SpringApplicationAdmin - Application shutdown requested.
2024-06-07 12:49:43 [RMI TCP Connection(44)-127.0.0.1] INFO  o.s.a.r.l.SimpleMessageListenerContainer - Waiting for workers to finish.
2024-06-07 12:49:43 [RMI TCP Connection(55)-127.0.0.1] INFO  o.s.b.a.SpringApplicationAdminMXBeanRegistrar$SpringApplicationAdmin - Application shutdown requested.
2024-06-07 12:49:43 [RMI TCP Connection(56)-127.0.0.1] INFO  o.s.b.a.SpringApplicationAdminMXBeanRegistrar$SpringApplicationAdmin - Application shutdown requested.
2024-06-07 12:49:43 [RMI TCP Connection(57)-127.0.0.1] INFO  o.s.b.a.SpringApplicationAdminMXBeanRegistrar$SpringApplicationAdmin - Application shutdown requested.
2024-06-07 12:49:44 [RMI TCP Connection(44)-127.0.0.1] INFO  o.s.a.r.l.SimpleMessageListenerContainer - Successfully waited for workers to finish.
2024-06-07 12:49:44 [RMI TCP Connection(44)-127.0.0.1] INFO  o.s.i.a.i.AmqpInboundChannelAdapter - stopped bean 'inbound.springCloudBus.anonymous.IU6zPtR1RXSajEm1pB6F8g'
2024-06-07 12:49:45 [RMI TCP Connection(44)-127.0.0.1] INFO  o.s.c.s.binder.BinderErrorChannel - Channel 'HOTEL-SERVICE.rabbit-222449416.springCloudBusInput.errors' has 1 subscriber(s).
2024-06-07 12:49:46 [RMI TCP Connection(44)-127.0.0.1] INFO  o.s.i.endpoint.EventDrivenConsumer - Removing {logging-channel-adapter:_org.springframework.integration.errorLogger} as a subscriber to the 'errorChannel' channel
2024-06-07 12:49:46 [RMI TCP Connection(44)-127.0.0.1] INFO  o.s.i.c.PublishSubscribeChannel - Channel 'HOTEL-SERVICE.errorChannel' has 0 subscriber(s).
2024-06-07 12:49:46 [RMI TCP Connection(44)-127.0.0.1] INFO  o.s.i.endpoint.EventDrivenConsumer - stopped bean '_org.springframework.integration.errorLogger'
2024-06-07 12:49:47 [RMI TCP Connection(44)-127.0.0.1] INFO  o.s.o.j.LocalContainerEntityManagerFactoryBean - Closing JPA EntityManagerFactory for persistence unit 'default'
2024-06-07 12:49:48 [RMI TCP Connection(44)-127.0.0.1] INFO  com.zaxxer.hikari.HikariDataSource - HikariPool-1 - Shutdown initiated...
2024-06-07 12:49:48 [RMI TCP Connection(44)-127.0.0.1] INFO  com.zaxxer.hikari.HikariDataSource - HikariPool-1 - Shutdown completed.
2024-06-07 12:49:48 [RMI TCP Connection(44)-127.0.0.1] INFO  c.netflix.discovery.DiscoveryClient - Shutting down DiscoveryClient ...
2024-06-07 12:49:51 [RMI TCP Connection(44)-127.0.0.1] INFO  c.netflix.discovery.DiscoveryClient - Unregistering ...
2024-06-07 12:49:51 [RMI TCP Connection(44)-127.0.0.1] INFO  c.netflix.discovery.DiscoveryClient - DiscoveryClient_HOTEL-SERVICE/Akilan:HOTEL-SERVICE:8082 - deregister  status: 200
2024-06-07 12:49:51 [RMI TCP Connection(44)-127.0.0.1] INFO  c.netflix.discovery.DiscoveryClient - Completed shut down of DiscoveryClient
