2024-06-07 11:35:00 [main] INFO  c.userservice.UserServiceApplication - Starting UserServiceApplication using Java 17.0.9 with PID 18416 (C:\Users\USER\Documents\JourneyNest\Backend\User-Service\target\classes started by USER in C:\Users\USER\Documents\JourneyNest\Backend\User-Service)
2024-06-07 11:35:00 [main] INFO  c.userservice.UserServiceApplication - No active profile set, falling back to 1 default profile: "default"
2024-06-07 11:35:00 [main] INFO  o.s.c.c.c.ConfigServerConfigDataLoader - Fetching config from server at : http://localhost:9999/
2024-06-07 11:35:00 [main] INFO  o.s.c.c.c.ConfigServerConfigDataLoader - Located environment: name=USER-SERVICE, profiles=[default], label=null, version=6182736fe80b5a49edb164d1ff627e9260d08d00, state=null
2024-06-07 11:35:02 [main] INFO  o.s.d.r.c.RepositoryConfigurationDelegate - Bootstrapping Spring Data JPA repositories in DEFAULT mode.
2024-06-07 11:35:02 [main] INFO  o.s.d.r.c.RepositoryConfigurationDelegate - Finished Spring Data repository scanning in 168 ms. Found 2 JPA repository interfaces.
2024-06-07 11:35:02 [main] INFO  o.s.i.c.DefaultConfiguringBeanFactoryPostProcessor - No bean named 'errorChannel' has been explicitly defined. Therefore, a default PublishSubscribeChannel will be created.
2024-06-07 11:35:02 [main] INFO  o.s.i.c.DefaultConfiguringBeanFactoryPostProcessor - No bean named 'integrationHeaderChannelRegistry' has been explicitly defined. Therefore, a default DefaultHeaderChannelRegistry will be created.
2024-06-07 11:35:03 [main] INFO  o.s.cloud.context.scope.GenericScope - BeanFactory id=d5826e50-894f-3ff1-a76f-e657f5bd4bf3
2024-06-07 11:35:03 [main] WARN  o.s.c.s.PostProcessorRegistrationDelegate$BeanPostProcessorChecker - Bean 'org.springframework.boot.autoconfigure.integration.IntegrationAutoConfiguration$IntegrationJmxConfiguration' of type [org.springframework.boot.autoconfigure.integration.IntegrationAutoConfiguration$IntegrationJmxConfiguration] is not eligible for getting processed by all BeanPostProcessors (for example: not eligible for auto-proxying). The currently created BeanPostProcessor [integrationMbeanExporter] is declared through a non-static factory method on that class; consider declaring it as static instead.
2024-06-07 11:35:03 [main] WARN  o.s.c.s.PostProcessorRegistrationDelegate$BeanPostProcessorChecker - Bean 'org.springframework.cloud.stream.config.BindersHealthIndicatorAutoConfiguration' of type [org.springframework.cloud.stream.config.BindersHealthIndicatorAutoConfiguration] is not eligible for getting processed by all BeanPostProcessors (for example: not eligible for auto-proxying). Is this bean getting eagerly injected into a currently created BeanPostProcessor [integrationMbeanExporter]? Check the corresponding BeanPostProcessor declaration and its dependencies.
2024-06-07 11:35:03 [main] WARN  o.s.c.s.PostProcessorRegistrationDelegate$BeanPostProcessorChecker - Bean 'bindersHealthContributor' of type [org.springframework.cloud.stream.config.BindersHealthIndicatorAutoConfiguration$BindersHealthContributor] is not eligible for getting processed by all BeanPostProcessors (for example: not eligible for auto-proxying). Is this bean getting eagerly injected into a currently created BeanPostProcessor [integrationMbeanExporter]? Check the corresponding BeanPostProcessor declaration and its dependencies.
2024-06-07 11:35:03 [main] WARN  o.s.c.s.PostProcessorRegistrationDelegate$BeanPostProcessorChecker - Bean 'bindersHealthIndicatorListener' of type [org.springframework.cloud.stream.config.BindersHealthIndicatorAutoConfiguration$BindersHealthIndicatorListener] is not eligible for getting processed by all BeanPostProcessors (for example: not eligible for auto-proxying). Is this bean getting eagerly injected into a currently created BeanPostProcessor [integrationMbeanExporter]? Check the corresponding BeanPostProcessor declaration and its dependencies.
2024-06-07 11:35:03 [main] WARN  o.s.c.s.PostProcessorRegistrationDelegate$BeanPostProcessorChecker - Bean 'org.springframework.cloud.stream.binder.rabbit.config.ExtendedBindingHandlerMappingsProviderConfiguration' of type [org.springframework.cloud.stream.binder.rabbit.config.ExtendedBindingHandlerMappingsProviderConfiguration] is not eligible for getting processed by all BeanPostProcessors (for example: not eligible for auto-proxying). Is this bean getting eagerly injected into a currently created BeanPostProcessor [integrationMbeanExporter]? Check the corresponding BeanPostProcessor declaration and its dependencies.
2024-06-07 11:35:03 [main] WARN  o.s.c.s.PostProcessorRegistrationDelegate$BeanPostProcessorChecker - Bean 'rabbitExtendedPropertiesDefaultMappingsProvider' of type [org.springframework.cloud.stream.binder.rabbit.config.ExtendedBindingHandlerMappingsProviderConfiguration$$Lambda$763/0x00000249bd56a860] is not eligible for getting processed by all BeanPostProcessors (for example: not eligible for auto-proxying). Is this bean getting eagerly injected into a currently created BeanPostProcessor [integrationMbeanExporter]? Check the corresponding BeanPostProcessor declaration and its dependencies.
2024-06-07 11:35:03 [main] WARN  o.s.c.s.PostProcessorRegistrationDelegate$BeanPostProcessorChecker - Bean 'BindingHandlerAdvise' of type [org.springframework.cloud.stream.config.BindingHandlerAdvise] is not eligible for getting processed by all BeanPostProcessors (for example: not eligible for auto-proxying). Is this bean getting eagerly injected into a currently created BeanPostProcessor [integrationMbeanExporter]? Check the corresponding BeanPostProcessor declaration and its dependencies.
2024-06-07 11:35:03 [main] WARN  o.s.c.s.PostProcessorRegistrationDelegate$BeanPostProcessorChecker - Bean 'org.springframework.cloud.commons.config.CommonsConfigAutoConfiguration' of type [org.springframework.cloud.commons.config.CommonsConfigAutoConfiguration] is not eligible for getting processed by all BeanPostProcessors (for example: not eligible for auto-proxying). Is this bean getting eagerly injected into a currently created BeanPostProcessor [integrationMbeanExporter]? Check the corresponding BeanPostProcessor declaration and its dependencies.
2024-06-07 11:35:03 [main] WARN  o.s.c.s.PostProcessorRegistrationDelegate$BeanPostProcessorChecker - Bean 'org.springframework.cloud.client.loadbalancer.LoadBalancerDefaultMappingsProviderAutoConfiguration' of type [org.springframework.cloud.client.loadbalancer.LoadBalancerDefaultMappingsProviderAutoConfiguration] is not eligible for getting processed by all BeanPostProcessors (for example: not eligible for auto-proxying). Is this bean getting eagerly injected into a currently created BeanPostProcessor [integrationMbeanExporter]? Check the corresponding BeanPostProcessor declaration and its dependencies.
2024-06-07 11:35:03 [main] WARN  o.s.c.s.PostProcessorRegistrationDelegate$BeanPostProcessorChecker - Bean 'loadBalancerClientsDefaultsMappingsProvider' of type [org.springframework.cloud.client.loadbalancer.LoadBalancerDefaultMappingsProviderAutoConfiguration$$Lambda$764/0x00000249bd56aa78] is not eligible for getting processed by all BeanPostProcessors (for example: not eligible for auto-proxying). Is this bean getting eagerly injected into a currently created BeanPostProcessor [integrationMbeanExporter]? Check the corresponding BeanPostProcessor declaration and its dependencies.
2024-06-07 11:35:03 [main] WARN  o.s.c.s.PostProcessorRegistrationDelegate$BeanPostProcessorChecker - Bean 'defaultsBindHandlerAdvisor' of type [org.springframework.cloud.commons.config.DefaultsBindHandlerAdvisor] is not eligible for getting processed by all BeanPostProcessors (for example: not eligible for auto-proxying). Is this bean getting eagerly injected into a currently created BeanPostProcessor [integrationMbeanExporter]? Check the corresponding BeanPostProcessor declaration and its dependencies.
2024-06-07 11:35:03 [main] WARN  o.s.c.s.PostProcessorRegistrationDelegate$BeanPostProcessorChecker - Bean 'spelConverter' of type [org.springframework.cloud.stream.config.SpelExpressionConverterConfiguration$SpelConverter] is not eligible for getting processed by all BeanPostProcessors (for example: not eligible for auto-proxying). Is this bean getting eagerly injected into a currently created BeanPostProcessor [integrationMbeanExporter]? Check the corresponding BeanPostProcessor declaration and its dependencies.
2024-06-07 11:35:03 [main] WARN  o.s.c.s.PostProcessorRegistrationDelegate$BeanPostProcessorChecker - Bean 'spring.jmx-org.springframework.boot.autoconfigure.jmx.JmxProperties' of type [org.springframework.boot.autoconfigure.jmx.JmxProperties] is not eligible for getting processed by all BeanPostProcessors (for example: not eligible for auto-proxying). Is this bean getting eagerly injected into a currently created BeanPostProcessor [integrationMbeanExporter]? Check the corresponding BeanPostProcessor declaration and its dependencies.
2024-06-07 11:35:03 [main] WARN  o.s.c.s.PostProcessorRegistrationDelegate$BeanPostProcessorChecker - Bean 'org.springframework.boot.autoconfigure.jmx.JmxAutoConfiguration' of type [org.springframework.boot.autoconfigure.jmx.JmxAutoConfiguration] is not eligible for getting processed by all BeanPostProcessors (for example: not eligible for auto-proxying). Is this bean getting eagerly injected into a currently created BeanPostProcessor [integrationMbeanExporter]? Check the corresponding BeanPostProcessor declaration and its dependencies.
2024-06-07 11:35:03 [main] WARN  o.s.c.s.PostProcessorRegistrationDelegate$BeanPostProcessorChecker - Bean 'mbeanServer' of type [com.sun.jmx.mbeanserver.JmxMBeanServer] is not eligible for getting processed by all BeanPostProcessors (for example: not eligible for auto-proxying). Is this bean getting eagerly injected into a currently created BeanPostProcessor [integrationMbeanExporter]? Check the corresponding BeanPostProcessor declaration and its dependencies.
2024-06-07 11:35:03 [main] WARN  o.s.c.s.PostProcessorRegistrationDelegate$BeanPostProcessorChecker - Bean 'org.springframework.cloud.client.loadbalancer.LoadBalancerAutoConfiguration$RetryInterceptorAutoConfiguration' of type [org.springframework.cloud.client.loadbalancer.LoadBalancerAutoConfiguration$RetryInterceptorAutoConfiguration] is not eligible for getting processed by all BeanPostProcessors (for example: not eligible for auto-proxying). The currently created BeanPostProcessor [lbRestClientPostProcessor] is declared through a non-static factory method on that class; consider declaring it as static instead.
2024-06-07 11:35:03 [main] WARN  o.s.c.s.PostProcessorRegistrationDelegate$BeanPostProcessorChecker - Bean 'org.springframework.cloud.loadbalancer.config.BlockingLoadBalancerClientAutoConfiguration' of type [org.springframework.cloud.loadbalancer.config.BlockingLoadBalancerClientAutoConfiguration] is not eligible for getting processed by all BeanPostProcessors (for example: not eligible for auto-proxying). Is this bean getting eagerly injected into a currently created BeanPostProcessor [lbRestClientPostProcessor]? Check the corresponding BeanPostProcessor declaration and its dependencies.
2024-06-07 11:35:03 [main] WARN  o.s.c.s.PostProcessorRegistrationDelegate$BeanPostProcessorChecker - Bean 'org.springframework.cloud.loadbalancer.config.LoadBalancerAutoConfiguration' of type [org.springframework.cloud.loadbalancer.config.LoadBalancerAutoConfiguration] is not eligible for getting processed by all BeanPostProcessors (for example: not eligible for auto-proxying). Is this bean getting eagerly injected into a currently created BeanPostProcessor [lbRestClientPostProcessor]? Check the corresponding BeanPostProcessor declaration and its dependencies.
2024-06-07 11:35:03 [main] WARN  o.s.c.s.PostProcessorRegistrationDelegate$BeanPostProcessorChecker - Bean 'spring.cloud.loadbalancer-org.springframework.cloud.client.loadbalancer.LoadBalancerClientsProperties' of type [org.springframework.cloud.client.loadbalancer.LoadBalancerClientsProperties] is not eligible for getting processed by all BeanPostProcessors (for example: not eligible for auto-proxying). Is this bean getting eagerly injected into a currently created BeanPostProcessor [lbRestClientPostProcessor]? Check the corresponding BeanPostProcessor declaration and its dependencies.
2024-06-07 11:35:03 [main] WARN  o.s.c.s.PostProcessorRegistrationDelegate$BeanPostProcessorChecker - Bean 'default.org.springframework.cloud.loadbalancer.config.LoadBalancerAutoConfiguration.LoadBalancerClientSpecification' of type [org.springframework.cloud.loadbalancer.annotation.LoadBalancerClientSpecification] is not eligible for getting processed by all BeanPostProcessors (for example: not eligible for auto-proxying). Is this bean getting eagerly injected into a currently created BeanPostProcessor [lbRestClientPostProcessor]? Check the corresponding BeanPostProcessor declaration and its dependencies.
2024-06-07 11:35:03 [main] WARN  o.s.c.s.PostProcessorRegistrationDelegate$BeanPostProcessorChecker - Bean 'default.org.springframework.cloud.loadbalancer.config.BlockingLoadBalancerClientAutoConfiguration.LoadBalancerClientSpecification' of type [org.springframework.cloud.loadbalancer.annotation.LoadBalancerClientSpecification] is not eligible for getting processed by all BeanPostProcessors (for example: not eligible for auto-proxying). Is this bean getting eagerly injected into a currently created BeanPostProcessor [lbRestClientPostProcessor]? Check the corresponding BeanPostProcessor declaration and its dependencies.
2024-06-07 11:35:03 [main] WARN  o.s.c.s.PostProcessorRegistrationDelegate$BeanPostProcessorChecker - Bean 'default.org.springframework.cloud.netflix.eureka.loadbalancer.LoadBalancerEurekaAutoConfiguration.LoadBalancerClientSpecification' of type [org.springframework.cloud.loadbalancer.annotation.LoadBalancerClientSpecification] is not eligible for getting processed by all BeanPostProcessors (for example: not eligible for auto-proxying). Is this bean getting eagerly injected into a currently created BeanPostProcessor [lbRestClientPostProcessor]? Check the corresponding BeanPostProcessor declaration and its dependencies.
2024-06-07 11:35:03 [main] WARN  o.s.c.s.PostProcessorRegistrationDelegate$BeanPostProcessorChecker - Bean 'loadBalancerClientFactory' of type [org.springframework.cloud.loadbalancer.support.LoadBalancerClientFactory] is not eligible for getting processed by all BeanPostProcessors (for example: not eligible for auto-proxying). Is this bean getting eagerly injected into a currently created BeanPostProcessor [lbRestClientPostProcessor]? Check the corresponding BeanPostProcessor declaration and its dependencies.
2024-06-07 11:35:03 [main] WARN  o.s.c.s.PostProcessorRegistrationDelegate$BeanPostProcessorChecker - Bean 'blockingLoadBalancerClient' of type [org.springframework.cloud.loadbalancer.blocking.client.BlockingLoadBalancerClient] is not eligible for getting processed by all BeanPostProcessors (for example: not eligible for auto-proxying). Is this bean getting eagerly injected into a currently created BeanPostProcessor [lbRestClientPostProcessor]? Check the corresponding BeanPostProcessor declaration and its dependencies.
2024-06-07 11:35:03 [main] WARN  o.s.c.s.PostProcessorRegistrationDelegate$BeanPostProcessorChecker - Bean 'loadBalancerServiceInstanceCookieTransformer' of type [org.springframework.cloud.loadbalancer.core.LoadBalancerServiceInstanceCookieTransformer] is not eligible for getting processed by all BeanPostProcessors (for example: not eligible for auto-proxying). Is this bean getting eagerly injected into a currently created BeanPostProcessor [lbRestClientPostProcessor]? Check the corresponding BeanPostProcessor declaration and its dependencies.
2024-06-07 11:35:03 [main] WARN  o.s.c.s.PostProcessorRegistrationDelegate$BeanPostProcessorChecker - Bean 'xForwarderHeadersTransformer' of type [org.springframework.cloud.loadbalancer.blocking.XForwardedHeadersTransformer] is not eligible for getting processed by all BeanPostProcessors (for example: not eligible for auto-proxying). Is this bean getting eagerly injected into a currently created BeanPostProcessor [lbRestClientPostProcessor]? Check the corresponding BeanPostProcessor declaration and its dependencies.
2024-06-07 11:35:03 [main] WARN  o.s.c.s.PostProcessorRegistrationDelegate$BeanPostProcessorChecker - Bean 'org.springframework.cloud.client.loadbalancer.LoadBalancerAutoConfiguration' of type [org.springframework.cloud.client.loadbalancer.LoadBalancerAutoConfiguration] is not eligible for getting processed by all BeanPostProcessors (for example: not eligible for auto-proxying). Is this bean getting eagerly injected into a currently created BeanPostProcessor [lbRestClientPostProcessor]? Check the corresponding BeanPostProcessor declaration and its dependencies.
2024-06-07 11:35:03 [main] WARN  o.s.c.s.PostProcessorRegistrationDelegate$BeanPostProcessorChecker - Bean 'loadBalancerRequestFactory' of type [org.springframework.cloud.client.loadbalancer.LoadBalancerRequestFactory] is not eligible for getting processed by all BeanPostProcessors (for example: not eligible for auto-proxying). Is this bean getting eagerly injected into a currently created BeanPostProcessor [lbRestClientPostProcessor]? Check the corresponding BeanPostProcessor declaration and its dependencies.
2024-06-07 11:35:03 [main] WARN  o.s.c.s.PostProcessorRegistrationDelegate$BeanPostProcessorChecker - Bean 'org.springframework.cloud.loadbalancer.config.BlockingLoadBalancerClientAutoConfiguration$BlockingLoadBalancerRetryConfig' of type [org.springframework.cloud.loadbalancer.config.BlockingLoadBalancerClientAutoConfiguration$BlockingLoadBalancerRetryConfig$$SpringCGLIB$$0] is not eligible for getting processed by all BeanPostProcessors (for example: not eligible for auto-proxying). Is this bean getting eagerly injected into a currently created BeanPostProcessor [lbRestClientPostProcessor]? Check the corresponding BeanPostProcessor declaration and its dependencies.
2024-06-07 11:35:03 [main] WARN  o.s.c.s.PostProcessorRegistrationDelegate$BeanPostProcessorChecker - Bean 'loadBalancedRetryFactory' of type [org.springframework.cloud.loadbalancer.blocking.retry.BlockingLoadBalancedRetryFactory] is not eligible for getting processed by all BeanPostProcessors (for example: not eligible for auto-proxying). Is this bean getting eagerly injected into a currently created BeanPostProcessor [lbRestClientPostProcessor]? Check the corresponding BeanPostProcessor declaration and its dependencies.
2024-06-07 11:35:03 [main] WARN  o.s.c.s.PostProcessorRegistrationDelegate$BeanPostProcessorChecker - Bean 'loadBalancerInterceptor' of type [org.springframework.cloud.client.loadbalancer.RetryLoadBalancerInterceptor] is not eligible for getting processed by all BeanPostProcessors (for example: not eligible for auto-proxying). Is this bean getting eagerly injected into a currently created BeanPostProcessor [lbRestClientPostProcessor]? Check the corresponding BeanPostProcessor declaration and its dependencies.
2024-06-07 11:35:03 [main] WARN  o.s.c.s.PostProcessorRegistrationDelegate$BeanPostProcessorChecker - Bean 'org.springframework.cloud.client.loadbalancer.reactive.LoadBalancerBeanPostProcessorAutoConfiguration' of type [org.springframework.cloud.client.loadbalancer.reactive.LoadBalancerBeanPostProcessorAutoConfiguration] is not eligible for getting processed by all BeanPostProcessors (for example: not eligible for auto-proxying). The currently created BeanPostProcessor [loadBalancerWebClientBuilderBeanPostProcessor] is declared through a non-static factory method on that class; consider declaring it as static instead.
2024-06-07 11:35:03 [main] WARN  o.s.c.s.PostProcessorRegistrationDelegate$BeanPostProcessorChecker - Bean 'org.springframework.cloud.client.loadbalancer.reactive.LoadBalancerBeanPostProcessorAutoConfiguration$ReactorDeferringLoadBalancerFilterConfig' of type [org.springframework.cloud.client.loadbalancer.reactive.LoadBalancerBeanPostProcessorAutoConfiguration$ReactorDeferringLoadBalancerFilterConfig] is not eligible for getting processed by all BeanPostProcessors (for example: not eligible for auto-proxying). Is this bean getting eagerly injected into a currently created BeanPostProcessor [loadBalancerWebClientBuilderBeanPostProcessor]? Check the corresponding BeanPostProcessor declaration and its dependencies.
2024-06-07 11:35:03 [main] WARN  o.s.c.s.PostProcessorRegistrationDelegate$BeanPostProcessorChecker - Bean 'reactorDeferringLoadBalancerExchangeFilterFunction' of type [org.springframework.cloud.client.loadbalancer.reactive.DeferringLoadBalancerExchangeFilterFunction] is not eligible for getting processed by all BeanPostProcessors (for example: not eligible for auto-proxying). Is this bean getting eagerly injected into a currently created BeanPostProcessor [loadBalancerWebClientBuilderBeanPostProcessor]? Check the corresponding BeanPostProcessor declaration and its dependencies.
2024-06-07 11:35:04 [main] INFO  o.s.b.w.e.tomcat.TomcatWebServer - Tomcat initialized with port 8081 (http)
2024-06-07 11:35:04 [main] INFO  o.a.catalina.core.StandardService - Starting service [Tomcat]
2024-06-07 11:35:04 [main] INFO  o.a.catalina.core.StandardEngine - Starting Servlet engine: [Apache Tomcat/10.1.17]
2024-06-07 11:35:04 [main] INFO  o.a.c.c.C.[Tomcat].[localhost].[/] - Initializing Spring embedded WebApplicationContext
2024-06-07 11:35:04 [main] INFO  o.s.b.w.s.c.ServletWebServerApplicationContext - Root WebApplicationContext: initialization completed in 3479 ms
2024-06-07 11:35:04 [main] INFO  o.h.jpa.internal.util.LogHelper - HHH000204: Processing PersistenceUnitInfo [name: default]
2024-06-07 11:35:04 [main] INFO  org.hibernate.Version - HHH000412: Hibernate ORM core version 6.4.1.Final
2024-06-07 11:35:05 [main] INFO  o.h.c.i.RegionFactoryInitiator - HHH000026: Second-level cache disabled
2024-06-07 11:35:05 [main] INFO  o.s.o.j.p.SpringPersistenceUnitInfo - No LoadTimeWeaver setup: ignoring JPA class transformer
2024-06-07 11:35:05 [main] INFO  com.zaxxer.hikari.HikariDataSource - HikariPool-1 - Starting...
2024-06-07 11:35:05 [main] INFO  com.zaxxer.hikari.pool.HikariPool - HikariPool-1 - Added connection org.postgresql.jdbc.PgConnection@7ca7bddd
2024-06-07 11:35:05 [main] INFO  com.zaxxer.hikari.HikariDataSource - HikariPool-1 - Start completed.
2024-06-07 11:35:05 [main] WARN  org.hibernate.orm.deprecation - HHH90000025: PostgreSQLDialect does not need to be specified explicitly using 'hibernate.dialect' (remove the property setting and it will be selected by default)
2024-06-07 11:35:07 [main] INFO  o.h.e.t.j.p.i.JtaPlatformInitiator - HHH000489: No JTA platform available (set 'hibernate.transaction.jta.platform' to enable JTA platform integration)
2024-06-07 11:35:07 [main] DEBUG org.hibernate.SQL - create table traveller (traveller_id bigserial not null, address varchar(255), age integer not null, gender varchar(255), mobile varchar(255), name varchar(255), username varchar(255), primary key (traveller_id))
2024-06-07 11:35:07 [main] DEBUG org.hibernate.SQL - create table users (username varchar(255) not null, address varchar(255), email varchar(255), gender varchar(255), marital_status varchar(255), mobile varchar(255), name varchar(255), password varchar(255), roles varchar(255), primary key (username))
2024-06-07 11:35:07 [main] DEBUG org.hibernate.SQL - alter table if exists traveller add constraint FK662aabnximerkw38a9bc2jl7o foreign key (username) references users
2024-06-07 11:35:07 [main] INFO  o.s.o.j.LocalContainerEntityManagerFactoryBean - Initialized JPA EntityManagerFactory for persistence unit 'default'
2024-06-07 11:35:08 [main] WARN  o.s.b.a.o.j.JpaBaseConfiguration$JpaWebConfiguration - spring.jpa.open-in-view is enabled by default. Therefore, database queries may be performed during view rendering. Explicitly configure spring.jpa.open-in-view to disable this warning
2024-06-07 11:35:10 [main] INFO  o.s.c.s.m.DirectWithAttributesChannel - Channel 'USER-SERVICE.springCloudBusInput' has 1 subscriber(s).
2024-06-07 11:35:11 [main] INFO  o.s.c.n.e.c.DiscoveryClientOptionalArgsConfiguration - Eureka HTTP Client uses RestTemplate.
2024-06-07 11:35:11 [main] WARN  o.s.c.l.c.LoadBalancerCacheAutoConfiguration$LoadBalancerCaffeineWarnLogger - Spring Cloud LoadBalancer is currently working with the default cache. While this cache implementation is useful for development and tests, it's recommended to use Caffeine cache in production.You can switch to using Caffeine cache, by adding it and org.springframework.cache.caffeine.CaffeineCacheManager to the classpath.
2024-06-07 11:35:11 [main] INFO  o.s.b.a.e.web.EndpointLinksResolver - Exposing 23 endpoint(s) beneath base path '/actuator'
2024-06-07 11:35:11 [main] INFO  o.s.i.m.IntegrationMBeanExporter - Registering MessageChannel errorChannel
2024-06-07 11:35:11 [main] INFO  o.s.i.m.IntegrationMBeanExporter - Registering MessageChannel springCloudBusInput
2024-06-07 11:35:11 [main] INFO  o.s.i.m.IntegrationMBeanExporter - Registering MessageChannel nullChannel
2024-06-07 11:35:11 [main] INFO  o.s.i.m.IntegrationMBeanExporter - Registering MessageHandler _org.springframework.integration.errorLogger
2024-06-07 11:35:11 [main] INFO  o.s.i.endpoint.EventDrivenConsumer - Adding {logging-channel-adapter:_org.springframework.integration.errorLogger} as a subscriber to the 'errorChannel' channel
2024-06-07 11:35:11 [main] INFO  o.s.i.c.PublishSubscribeChannel - Channel 'USER-SERVICE.errorChannel' has 1 subscriber(s).
2024-06-07 11:35:11 [main] INFO  o.s.i.endpoint.EventDrivenConsumer - started bean '_org.springframework.integration.errorLogger'
2024-06-07 11:35:11 [main] INFO  o.s.c.n.eureka.InstanceInfoFactory - Setting initial instance status as: STARTING
2024-06-07 11:35:11 [main] INFO  c.netflix.discovery.DiscoveryClient - Initializing Eureka in region us-east-1
2024-06-07 11:35:11 [main] INFO  c.n.d.s.r.aws.ConfigClusterResolver - Resolving eureka endpoints via configuration
2024-06-07 11:35:11 [main] INFO  c.netflix.discovery.DiscoveryClient - Disable delta property : false
2024-06-07 11:35:11 [main] INFO  c.netflix.discovery.DiscoveryClient - Single vip registry refresh property : null
2024-06-07 11:35:11 [main] INFO  c.netflix.discovery.DiscoveryClient - Force full registry fetch : false
2024-06-07 11:35:11 [main] INFO  c.netflix.discovery.DiscoveryClient - Application is null : false
2024-06-07 11:35:11 [main] INFO  c.netflix.discovery.DiscoveryClient - Registered Applications size is zero : true
2024-06-07 11:35:11 [main] INFO  c.netflix.discovery.DiscoveryClient - Application version is -1: true
2024-06-07 11:35:11 [main] INFO  c.netflix.discovery.DiscoveryClient - Getting all instance registry info from the eureka server
2024-06-07 11:35:12 [main] INFO  c.netflix.discovery.DiscoveryClient - The response status is 200
2024-06-07 11:35:12 [main] INFO  c.netflix.discovery.DiscoveryClient - Starting heartbeat executor: renew interval is: 30
2024-06-07 11:35:12 [main] INFO  c.n.discovery.InstanceInfoReplicator - InstanceInfoReplicator onDemand update allowed rate per min is 4
2024-06-07 11:35:12 [main] INFO  c.netflix.discovery.DiscoveryClient - Discovery Client initialized at timestamp 1717740312106 with initial instances count: 1
2024-06-07 11:35:12 [main] INFO  o.s.c.n.e.s.EurekaServiceRegistry - Registering application USER-SERVICE with eureka with status UP
2024-06-07 11:35:12 [main] INFO  c.netflix.discovery.DiscoveryClient - Saw local status change event StatusChangeEvent [timestamp=1717740312118, current=UP, previous=STARTING]
2024-06-07 11:35:12 [DiscoveryClient-InstanceInfoReplicator-0] INFO  c.netflix.discovery.DiscoveryClient - DiscoveryClient_USER-SERVICE/Akilan:USER-SERVICE:8081: registering service...
2024-06-07 11:35:12 [main] INFO  o.s.b.w.e.tomcat.TomcatWebServer - Tomcat started on port 8081 (http) with context path ''
2024-06-07 11:35:12 [main] INFO  o.s.c.n.e.s.EurekaAutoServiceRegistration - Updating port to 8081
2024-06-07 11:35:12 [DiscoveryClient-InstanceInfoReplicator-0] INFO  c.netflix.discovery.DiscoveryClient - DiscoveryClient_USER-SERVICE/Akilan:USER-SERVICE:8081 - registration status: 204
2024-06-07 11:35:12 [main] INFO  o.s.c.s.binder.DefaultBinderFactory - Creating binder: rabbit
2024-06-07 11:35:12 [main] INFO  o.s.c.s.binder.DefaultBinderFactory - Constructing binder child context for rabbit
2024-06-07 11:35:12 [main] INFO  o.s.c.s.binder.DefaultBinderFactory - Caching the binder: rabbit
2024-06-07 11:35:12 [main] INFO  o.s.c.s.b.r.p.RabbitExchangeQueueProvisioner - declaring queue for inbound: springCloudBus.anonymous.2UCaIeYcTIuYkvDCysS1MQ, bound to: springCloudBus
2024-06-07 11:35:12 [main] INFO  o.s.a.r.c.CachingConnectionFactory - Attempting to connect to: [localhost:5672]
2024-06-07 11:35:12 [main] INFO  o.s.a.r.c.CachingConnectionFactory - Created new connection: rabbitConnectionFactory#7b7695f:0/SimpleConnection@49d5b1 [delegate=amqp://rabbitmq@127.0.0.1:5672/, localPort=52162]
2024-06-07 11:35:13 [main] INFO  o.s.c.s.binder.BinderErrorChannel - Channel 'rabbit-397128344.springCloudBusInput.errors' has 1 subscriber(s).
2024-06-07 11:35:13 [main] INFO  o.s.c.s.binder.BinderErrorChannel - Channel 'rabbit-397128344.springCloudBusInput.errors' has 2 subscriber(s).
2024-06-07 11:35:13 [main] INFO  o.s.i.a.i.AmqpInboundChannelAdapter - started bean 'inbound.springCloudBus.anonymous.2UCaIeYcTIuYkvDCysS1MQ'
2024-06-07 11:35:13 [main] INFO  o.s.i.m.IntegrationMBeanExporter - Registering MessageChannel rabbit-397128344.springCloudBusInput.errors
2024-06-07 11:35:13 [main] INFO  c.userservice.UserServiceApplication - Started UserServiceApplication in 17.28 seconds (process running for 18.338)
2024-06-07 11:35:13 [RMI TCP Connection(3)-127.0.0.1] INFO  o.a.c.c.C.[Tomcat].[localhost].[/] - Initializing Spring DispatcherServlet 'dispatcherServlet'
2024-06-07 11:35:13 [RMI TCP Connection(3)-127.0.0.1] INFO  o.s.web.servlet.DispatcherServlet - Initializing Servlet 'dispatcherServlet'
2024-06-07 11:35:13 [RMI TCP Connection(3)-127.0.0.1] INFO  o.s.web.servlet.DispatcherServlet - Completed initialization in 2 ms
2024-06-07 11:40:11 [AsyncResolver-bootstrap-executor-0] INFO  c.n.d.s.r.aws.ConfigClusterResolver - Resolving eureka endpoints via configuration
2024-06-07 11:45:11 [AsyncResolver-bootstrap-executor-0] INFO  c.n.d.s.r.aws.ConfigClusterResolver - Resolving eureka endpoints via configuration
2024-06-07 11:50:11 [AsyncResolver-bootstrap-executor-0] INFO  c.n.d.s.r.aws.ConfigClusterResolver - Resolving eureka endpoints via configuration
2024-06-07 11:55:12 [AsyncResolver-bootstrap-executor-0] INFO  c.n.d.s.r.aws.ConfigClusterResolver - Resolving eureka endpoints via configuration
2024-06-07 12:00:12 [AsyncResolver-bootstrap-executor-0] INFO  c.n.d.s.r.aws.ConfigClusterResolver - Resolving eureka endpoints via configuration
2024-06-07 12:05:12 [AsyncResolver-bootstrap-executor-0] INFO  c.n.d.s.r.aws.ConfigClusterResolver - Resolving eureka endpoints via configuration
2024-06-07 12:10:12 [AsyncResolver-bootstrap-executor-0] INFO  c.n.d.s.r.aws.ConfigClusterResolver - Resolving eureka endpoints via configuration
2024-06-07 12:15:00 [RMI TCP Connection(44)-127.0.0.1] INFO  o.s.b.a.SpringApplicationAdminMXBeanRegistrar$SpringApplicationAdmin - Application shutdown requested.
2024-06-07 12:15:01 [RMI TCP Connection(44)-127.0.0.1] INFO  o.s.c.n.e.s.EurekaServiceRegistry - Unregistering application USER-SERVICE with eureka with status DOWN
2024-06-07 12:15:01 [RMI TCP Connection(44)-127.0.0.1] INFO  c.netflix.discovery.DiscoveryClient - Saw local status change event StatusChangeEvent [timestamp=1717742701795, current=DOWN, previous=UP]
2024-06-07 12:15:01 [DiscoveryClient-InstanceInfoReplicator-0] INFO  c.netflix.discovery.DiscoveryClient - DiscoveryClient_USER-SERVICE/Akilan:USER-SERVICE:8081: registering service...
2024-06-07 12:15:02 [DiscoveryClient-InstanceInfoReplicator-0] INFO  c.netflix.discovery.DiscoveryClient - DiscoveryClient_USER-SERVICE/Akilan:USER-SERVICE:8081 - registration status: 204
2024-06-07 12:15:04 [RMI TCP Connection(44)-127.0.0.1] INFO  o.s.a.r.l.SimpleMessageListenerContainer - Waiting for workers to finish.
2024-06-07 12:15:04 [RMI TCP Connection(44)-127.0.0.1] INFO  o.s.a.r.l.SimpleMessageListenerContainer - Successfully waited for workers to finish.
2024-06-07 12:15:04 [RMI TCP Connection(44)-127.0.0.1] INFO  o.s.i.a.i.AmqpInboundChannelAdapter - stopped bean 'inbound.springCloudBus.anonymous.2UCaIeYcTIuYkvDCysS1MQ'
2024-06-07 12:15:05 [RMI TCP Connection(44)-127.0.0.1] INFO  o.s.c.s.binder.BinderErrorChannel - Channel 'USER-SERVICE.rabbit-397128344.springCloudBusInput.errors' has 1 subscriber(s).
2024-06-07 12:15:06 [RMI TCP Connection(44)-127.0.0.1] INFO  o.s.i.endpoint.EventDrivenConsumer - Removing {logging-channel-adapter:_org.springframework.integration.errorLogger} as a subscriber to the 'errorChannel' channel
2024-06-07 12:15:06 [RMI TCP Connection(44)-127.0.0.1] INFO  o.s.i.c.PublishSubscribeChannel - Channel 'USER-SERVICE.errorChannel' has 0 subscriber(s).
2024-06-07 12:15:06 [RMI TCP Connection(44)-127.0.0.1] INFO  o.s.i.endpoint.EventDrivenConsumer - stopped bean '_org.springframework.integration.errorLogger'
2024-06-07 12:15:06 [RMI TCP Connection(44)-127.0.0.1] INFO  o.s.o.j.LocalContainerEntityManagerFactoryBean - Closing JPA EntityManagerFactory for persistence unit 'default'
2024-06-07 12:15:06 [RMI TCP Connection(44)-127.0.0.1] INFO  com.zaxxer.hikari.HikariDataSource - HikariPool-1 - Shutdown initiated...
2024-06-07 12:15:06 [RMI TCP Connection(44)-127.0.0.1] INFO  com.zaxxer.hikari.HikariDataSource - HikariPool-1 - Shutdown completed.
2024-06-07 12:15:06 [RMI TCP Connection(44)-127.0.0.1] INFO  c.netflix.discovery.DiscoveryClient - Shutting down DiscoveryClient ...
2024-06-07 12:15:09 [RMI TCP Connection(44)-127.0.0.1] INFO  c.netflix.discovery.DiscoveryClient - Unregistering ...
2024-06-07 12:15:10 [RMI TCP Connection(44)-127.0.0.1] INFO  c.netflix.discovery.DiscoveryClient - DiscoveryClient_USER-SERVICE/Akilan:USER-SERVICE:8081 - deregister  status: 200
2024-06-07 12:15:10 [RMI TCP Connection(44)-127.0.0.1] INFO  c.netflix.discovery.DiscoveryClient - Completed shut down of DiscoveryClient
2024-06-07 12:15:26 [main] INFO  c.userservice.UserServiceApplication - Starting UserServiceApplication using Java 17.0.9 with PID 17740 (C:\Users\USER\Documents\JourneyNest\Backend\User-Service\target\classes started by USER in C:\Users\USER\Documents\JourneyNest\Backend\User-Service)
2024-06-07 12:15:26 [main] INFO  c.userservice.UserServiceApplication - No active profile set, falling back to 1 default profile: "default"
2024-06-07 12:15:26 [main] INFO  o.s.c.c.c.ConfigServerConfigDataLoader - Fetching config from server at : http://localhost:9999/
2024-06-07 12:15:26 [main] INFO  o.s.c.c.c.ConfigServerConfigDataLoader - Located environment: name=USER-SERVICE, profiles=[default], label=null, version=6182736fe80b5a49edb164d1ff627e9260d08d00, state=null
2024-06-07 12:15:27 [main] INFO  o.s.d.r.c.RepositoryConfigurationDelegate - Bootstrapping Spring Data JPA repositories in DEFAULT mode.
2024-06-07 12:15:28 [main] INFO  o.s.d.r.c.RepositoryConfigurationDelegate - Finished Spring Data repository scanning in 188 ms. Found 2 JPA repository interfaces.
2024-06-07 12:15:28 [main] INFO  o.s.i.c.DefaultConfiguringBeanFactoryPostProcessor - No bean named 'errorChannel' has been explicitly defined. Therefore, a default PublishSubscribeChannel will be created.
2024-06-07 12:15:28 [main] INFO  o.s.i.c.DefaultConfiguringBeanFactoryPostProcessor - No bean named 'integrationHeaderChannelRegistry' has been explicitly defined. Therefore, a default DefaultHeaderChannelRegistry will be created.
2024-06-07 12:15:28 [main] INFO  o.s.cloud.context.scope.GenericScope - BeanFactory id=d5826e50-894f-3ff1-a76f-e657f5bd4bf3
2024-06-07 12:15:29 [main] WARN  o.s.c.s.PostProcessorRegistrationDelegate$BeanPostProcessorChecker - Bean 'org.springframework.boot.autoconfigure.integration.IntegrationAutoConfiguration$IntegrationJmxConfiguration' of type [org.springframework.boot.autoconfigure.integration.IntegrationAutoConfiguration$IntegrationJmxConfiguration] is not eligible for getting processed by all BeanPostProcessors (for example: not eligible for auto-proxying). The currently created BeanPostProcessor [integrationMbeanExporter] is declared through a non-static factory method on that class; consider declaring it as static instead.
2024-06-07 12:15:29 [main] WARN  o.s.c.s.PostProcessorRegistrationDelegate$BeanPostProcessorChecker - Bean 'org.springframework.cloud.stream.config.BindersHealthIndicatorAutoConfiguration' of type [org.springframework.cloud.stream.config.BindersHealthIndicatorAutoConfiguration] is not eligible for getting processed by all BeanPostProcessors (for example: not eligible for auto-proxying). Is this bean getting eagerly injected into a currently created BeanPostProcessor [integrationMbeanExporter]? Check the corresponding BeanPostProcessor declaration and its dependencies.
2024-06-07 12:15:29 [main] WARN  o.s.c.s.PostProcessorRegistrationDelegate$BeanPostProcessorChecker - Bean 'bindersHealthContributor' of type [org.springframework.cloud.stream.config.BindersHealthIndicatorAutoConfiguration$BindersHealthContributor] is not eligible for getting processed by all BeanPostProcessors (for example: not eligible for auto-proxying). Is this bean getting eagerly injected into a currently created BeanPostProcessor [integrationMbeanExporter]? Check the corresponding BeanPostProcessor declaration and its dependencies.
2024-06-07 12:15:29 [main] WARN  o.s.c.s.PostProcessorRegistrationDelegate$BeanPostProcessorChecker - Bean 'bindersHealthIndicatorListener' of type [org.springframework.cloud.stream.config.BindersHealthIndicatorAutoConfiguration$BindersHealthIndicatorListener] is not eligible for getting processed by all BeanPostProcessors (for example: not eligible for auto-proxying). Is this bean getting eagerly injected into a currently created BeanPostProcessor [integrationMbeanExporter]? Check the corresponding BeanPostProcessor declaration and its dependencies.
2024-06-07 12:15:29 [main] WARN  o.s.c.s.PostProcessorRegistrationDelegate$BeanPostProcessorChecker - Bean 'org.springframework.cloud.stream.binder.rabbit.config.ExtendedBindingHandlerMappingsProviderConfiguration' of type [org.springframework.cloud.stream.binder.rabbit.config.ExtendedBindingHandlerMappingsProviderConfiguration] is not eligible for getting processed by all BeanPostProcessors (for example: not eligible for auto-proxying). Is this bean getting eagerly injected into a currently created BeanPostProcessor [integrationMbeanExporter]? Check the corresponding BeanPostProcessor declaration and its dependencies.
2024-06-07 12:15:29 [main] WARN  o.s.c.s.PostProcessorRegistrationDelegate$BeanPostProcessorChecker - Bean 'rabbitExtendedPropertiesDefaultMappingsProvider' of type [org.springframework.cloud.stream.binder.rabbit.config.ExtendedBindingHandlerMappingsProviderConfiguration$$Lambda$764/0x0000026e8656cbe0] is not eligible for getting processed by all BeanPostProcessors (for example: not eligible for auto-proxying). Is this bean getting eagerly injected into a currently created BeanPostProcessor [integrationMbeanExporter]? Check the corresponding BeanPostProcessor declaration and its dependencies.
2024-06-07 12:15:29 [main] WARN  o.s.c.s.PostProcessorRegistrationDelegate$BeanPostProcessorChecker - Bean 'BindingHandlerAdvise' of type [org.springframework.cloud.stream.config.BindingHandlerAdvise] is not eligible for getting processed by all BeanPostProcessors (for example: not eligible for auto-proxying). Is this bean getting eagerly injected into a currently created BeanPostProcessor [integrationMbeanExporter]? Check the corresponding BeanPostProcessor declaration and its dependencies.
2024-06-07 12:15:29 [main] WARN  o.s.c.s.PostProcessorRegistrationDelegate$BeanPostProcessorChecker - Bean 'org.springframework.cloud.commons.config.CommonsConfigAutoConfiguration' of type [org.springframework.cloud.commons.config.CommonsConfigAutoConfiguration] is not eligible for getting processed by all BeanPostProcessors (for example: not eligible for auto-proxying). Is this bean getting eagerly injected into a currently created BeanPostProcessor [integrationMbeanExporter]? Check the corresponding BeanPostProcessor declaration and its dependencies.
2024-06-07 12:15:29 [main] WARN  o.s.c.s.PostProcessorRegistrationDelegate$BeanPostProcessorChecker - Bean 'org.springframework.cloud.client.loadbalancer.LoadBalancerDefaultMappingsProviderAutoConfiguration' of type [org.springframework.cloud.client.loadbalancer.LoadBalancerDefaultMappingsProviderAutoConfiguration] is not eligible for getting processed by all BeanPostProcessors (for example: not eligible for auto-proxying). Is this bean getting eagerly injected into a currently created BeanPostProcessor [integrationMbeanExporter]? Check the corresponding BeanPostProcessor declaration and its dependencies.
2024-06-07 12:15:29 [main] WARN  o.s.c.s.PostProcessorRegistrationDelegate$BeanPostProcessorChecker - Bean 'loadBalancerClientsDefaultsMappingsProvider' of type [org.springframework.cloud.client.loadbalancer.LoadBalancerDefaultMappingsProviderAutoConfiguration$$Lambda$765/0x0000026e8656cdf8] is not eligible for getting processed by all BeanPostProcessors (for example: not eligible for auto-proxying). Is this bean getting eagerly injected into a currently created BeanPostProcessor [integrationMbeanExporter]? Check the corresponding BeanPostProcessor declaration and its dependencies.
2024-06-07 12:15:29 [main] WARN  o.s.c.s.PostProcessorRegistrationDelegate$BeanPostProcessorChecker - Bean 'defaultsBindHandlerAdvisor' of type [org.springframework.cloud.commons.config.DefaultsBindHandlerAdvisor] is not eligible for getting processed by all BeanPostProcessors (for example: not eligible for auto-proxying). Is this bean getting eagerly injected into a currently created BeanPostProcessor [integrationMbeanExporter]? Check the corresponding BeanPostProcessor declaration and its dependencies.
2024-06-07 12:15:29 [main] WARN  o.s.c.s.PostProcessorRegistrationDelegate$BeanPostProcessorChecker - Bean 'spelConverter' of type [org.springframework.cloud.stream.config.SpelExpressionConverterConfiguration$SpelConverter] is not eligible for getting processed by all BeanPostProcessors (for example: not eligible for auto-proxying). Is this bean getting eagerly injected into a currently created BeanPostProcessor [integrationMbeanExporter]? Check the corresponding BeanPostProcessor declaration and its dependencies.
2024-06-07 12:15:29 [main] WARN  o.s.c.s.PostProcessorRegistrationDelegate$BeanPostProcessorChecker - Bean 'spring.jmx-org.springframework.boot.autoconfigure.jmx.JmxProperties' of type [org.springframework.boot.autoconfigure.jmx.JmxProperties] is not eligible for getting processed by all BeanPostProcessors (for example: not eligible for auto-proxying). Is this bean getting eagerly injected into a currently created BeanPostProcessor [integrationMbeanExporter]? Check the corresponding BeanPostProcessor declaration and its dependencies.
2024-06-07 12:15:29 [main] WARN  o.s.c.s.PostProcessorRegistrationDelegate$BeanPostProcessorChecker - Bean 'org.springframework.boot.autoconfigure.jmx.JmxAutoConfiguration' of type [org.springframework.boot.autoconfigure.jmx.JmxAutoConfiguration] is not eligible for getting processed by all BeanPostProcessors (for example: not eligible for auto-proxying). Is this bean getting eagerly injected into a currently created BeanPostProcessor [integrationMbeanExporter]? Check the corresponding BeanPostProcessor declaration and its dependencies.
2024-06-07 12:15:29 [main] WARN  o.s.c.s.PostProcessorRegistrationDelegate$BeanPostProcessorChecker - Bean 'mbeanServer' of type [com.sun.jmx.mbeanserver.JmxMBeanServer] is not eligible for getting processed by all BeanPostProcessors (for example: not eligible for auto-proxying). Is this bean getting eagerly injected into a currently created BeanPostProcessor [integrationMbeanExporter]? Check the corresponding BeanPostProcessor declaration and its dependencies.
2024-06-07 12:15:29 [main] WARN  o.s.c.s.PostProcessorRegistrationDelegate$BeanPostProcessorChecker - Bean 'org.springframework.cloud.client.loadbalancer.LoadBalancerAutoConfiguration$RetryInterceptorAutoConfiguration' of type [org.springframework.cloud.client.loadbalancer.LoadBalancerAutoConfiguration$RetryInterceptorAutoConfiguration] is not eligible for getting processed by all BeanPostProcessors (for example: not eligible for auto-proxying). The currently created BeanPostProcessor [lbRestClientPostProcessor] is declared through a non-static factory method on that class; consider declaring it as static instead.
2024-06-07 12:15:29 [main] WARN  o.s.c.s.PostProcessorRegistrationDelegate$BeanPostProcessorChecker - Bean 'org.springframework.cloud.loadbalancer.config.BlockingLoadBalancerClientAutoConfiguration' of type [org.springframework.cloud.loadbalancer.config.BlockingLoadBalancerClientAutoConfiguration] is not eligible for getting processed by all BeanPostProcessors (for example: not eligible for auto-proxying). Is this bean getting eagerly injected into a currently created BeanPostProcessor [lbRestClientPostProcessor]? Check the corresponding BeanPostProcessor declaration and its dependencies.
2024-06-07 12:15:29 [main] WARN  o.s.c.s.PostProcessorRegistrationDelegate$BeanPostProcessorChecker - Bean 'org.springframework.cloud.loadbalancer.config.LoadBalancerAutoConfiguration' of type [org.springframework.cloud.loadbalancer.config.LoadBalancerAutoConfiguration] is not eligible for getting processed by all BeanPostProcessors (for example: not eligible for auto-proxying). Is this bean getting eagerly injected into a currently created BeanPostProcessor [lbRestClientPostProcessor]? Check the corresponding BeanPostProcessor declaration and its dependencies.
2024-06-07 12:15:29 [main] WARN  o.s.c.s.PostProcessorRegistrationDelegate$BeanPostProcessorChecker - Bean 'spring.cloud.loadbalancer-org.springframework.cloud.client.loadbalancer.LoadBalancerClientsProperties' of type [org.springframework.cloud.client.loadbalancer.LoadBalancerClientsProperties] is not eligible for getting processed by all BeanPostProcessors (for example: not eligible for auto-proxying). Is this bean getting eagerly injected into a currently created BeanPostProcessor [lbRestClientPostProcessor]? Check the corresponding BeanPostProcessor declaration and its dependencies.
2024-06-07 12:15:29 [main] WARN  o.s.c.s.PostProcessorRegistrationDelegate$BeanPostProcessorChecker - Bean 'default.org.springframework.cloud.loadbalancer.config.LoadBalancerAutoConfiguration.LoadBalancerClientSpecification' of type [org.springframework.cloud.loadbalancer.annotation.LoadBalancerClientSpecification] is not eligible for getting processed by all BeanPostProcessors (for example: not eligible for auto-proxying). Is this bean getting eagerly injected into a currently created BeanPostProcessor [lbRestClientPostProcessor]? Check the corresponding BeanPostProcessor declaration and its dependencies.
2024-06-07 12:15:29 [main] WARN  o.s.c.s.PostProcessorRegistrationDelegate$BeanPostProcessorChecker - Bean 'default.org.springframework.cloud.loadbalancer.config.BlockingLoadBalancerClientAutoConfiguration.LoadBalancerClientSpecification' of type [org.springframework.cloud.loadbalancer.annotation.LoadBalancerClientSpecification] is not eligible for getting processed by all BeanPostProcessors (for example: not eligible for auto-proxying). Is this bean getting eagerly injected into a currently created BeanPostProcessor [lbRestClientPostProcessor]? Check the corresponding BeanPostProcessor declaration and its dependencies.
2024-06-07 12:15:29 [main] WARN  o.s.c.s.PostProcessorRegistrationDelegate$BeanPostProcessorChecker - Bean 'default.org.springframework.cloud.netflix.eureka.loadbalancer.LoadBalancerEurekaAutoConfiguration.LoadBalancerClientSpecification' of type [org.springframework.cloud.loadbalancer.annotation.LoadBalancerClientSpecification] is not eligible for getting processed by all BeanPostProcessors (for example: not eligible for auto-proxying). Is this bean getting eagerly injected into a currently created BeanPostProcessor [lbRestClientPostProcessor]? Check the corresponding BeanPostProcessor declaration and its dependencies.
2024-06-07 12:15:29 [main] WARN  o.s.c.s.PostProcessorRegistrationDelegate$BeanPostProcessorChecker - Bean 'loadBalancerClientFactory' of type [org.springframework.cloud.loadbalancer.support.LoadBalancerClientFactory] is not eligible for getting processed by all BeanPostProcessors (for example: not eligible for auto-proxying). Is this bean getting eagerly injected into a currently created BeanPostProcessor [lbRestClientPostProcessor]? Check the corresponding BeanPostProcessor declaration and its dependencies.
2024-06-07 12:15:29 [main] WARN  o.s.c.s.PostProcessorRegistrationDelegate$BeanPostProcessorChecker - Bean 'blockingLoadBalancerClient' of type [org.springframework.cloud.loadbalancer.blocking.client.BlockingLoadBalancerClient] is not eligible for getting processed by all BeanPostProcessors (for example: not eligible for auto-proxying). Is this bean getting eagerly injected into a currently created BeanPostProcessor [lbRestClientPostProcessor]? Check the corresponding BeanPostProcessor declaration and its dependencies.
2024-06-07 12:15:29 [main] WARN  o.s.c.s.PostProcessorRegistrationDelegate$BeanPostProcessorChecker - Bean 'loadBalancerServiceInstanceCookieTransformer' of type [org.springframework.cloud.loadbalancer.core.LoadBalancerServiceInstanceCookieTransformer] is not eligible for getting processed by all BeanPostProcessors (for example: not eligible for auto-proxying). Is this bean getting eagerly injected into a currently created BeanPostProcessor [lbRestClientPostProcessor]? Check the corresponding BeanPostProcessor declaration and its dependencies.
2024-06-07 12:15:29 [main] WARN  o.s.c.s.PostProcessorRegistrationDelegate$BeanPostProcessorChecker - Bean 'xForwarderHeadersTransformer' of type [org.springframework.cloud.loadbalancer.blocking.XForwardedHeadersTransformer] is not eligible for getting processed by all BeanPostProcessors (for example: not eligible for auto-proxying). Is this bean getting eagerly injected into a currently created BeanPostProcessor [lbRestClientPostProcessor]? Check the corresponding BeanPostProcessor declaration and its dependencies.
2024-06-07 12:15:29 [main] WARN  o.s.c.s.PostProcessorRegistrationDelegate$BeanPostProcessorChecker - Bean 'org.springframework.cloud.client.loadbalancer.LoadBalancerAutoConfiguration' of type [org.springframework.cloud.client.loadbalancer.LoadBalancerAutoConfiguration] is not eligible for getting processed by all BeanPostProcessors (for example: not eligible for auto-proxying). Is this bean getting eagerly injected into a currently created BeanPostProcessor [lbRestClientPostProcessor]? Check the corresponding BeanPostProcessor declaration and its dependencies.
2024-06-07 12:15:29 [main] WARN  o.s.c.s.PostProcessorRegistrationDelegate$BeanPostProcessorChecker - Bean 'loadBalancerRequestFactory' of type [org.springframework.cloud.client.loadbalancer.LoadBalancerRequestFactory] is not eligible for getting processed by all BeanPostProcessors (for example: not eligible for auto-proxying). Is this bean getting eagerly injected into a currently created BeanPostProcessor [lbRestClientPostProcessor]? Check the corresponding BeanPostProcessor declaration and its dependencies.
2024-06-07 12:15:29 [main] WARN  o.s.c.s.PostProcessorRegistrationDelegate$BeanPostProcessorChecker - Bean 'org.springframework.cloud.loadbalancer.config.BlockingLoadBalancerClientAutoConfiguration$BlockingLoadBalancerRetryConfig' of type [org.springframework.cloud.loadbalancer.config.BlockingLoadBalancerClientAutoConfiguration$BlockingLoadBalancerRetryConfig$$SpringCGLIB$$0] is not eligible for getting processed by all BeanPostProcessors (for example: not eligible for auto-proxying). Is this bean getting eagerly injected into a currently created BeanPostProcessor [lbRestClientPostProcessor]? Check the corresponding BeanPostProcessor declaration and its dependencies.
2024-06-07 12:15:29 [main] WARN  o.s.c.s.PostProcessorRegistrationDelegate$BeanPostProcessorChecker - Bean 'loadBalancedRetryFactory' of type [org.springframework.cloud.loadbalancer.blocking.retry.BlockingLoadBalancedRetryFactory] is not eligible for getting processed by all BeanPostProcessors (for example: not eligible for auto-proxying). Is this bean getting eagerly injected into a currently created BeanPostProcessor [lbRestClientPostProcessor]? Check the corresponding BeanPostProcessor declaration and its dependencies.
2024-06-07 12:15:29 [main] WARN  o.s.c.s.PostProcessorRegistrationDelegate$BeanPostProcessorChecker - Bean 'loadBalancerInterceptor' of type [org.springframework.cloud.client.loadbalancer.RetryLoadBalancerInterceptor] is not eligible for getting processed by all BeanPostProcessors (for example: not eligible for auto-proxying). Is this bean getting eagerly injected into a currently created BeanPostProcessor [lbRestClientPostProcessor]? Check the corresponding BeanPostProcessor declaration and its dependencies.
2024-06-07 12:15:29 [main] WARN  o.s.c.s.PostProcessorRegistrationDelegate$BeanPostProcessorChecker - Bean 'org.springframework.cloud.client.loadbalancer.reactive.LoadBalancerBeanPostProcessorAutoConfiguration' of type [org.springframework.cloud.client.loadbalancer.reactive.LoadBalancerBeanPostProcessorAutoConfiguration] is not eligible for getting processed by all BeanPostProcessors (for example: not eligible for auto-proxying). The currently created BeanPostProcessor [loadBalancerWebClientBuilderBeanPostProcessor] is declared through a non-static factory method on that class; consider declaring it as static instead.
2024-06-07 12:15:29 [main] WARN  o.s.c.s.PostProcessorRegistrationDelegate$BeanPostProcessorChecker - Bean 'org.springframework.cloud.client.loadbalancer.reactive.LoadBalancerBeanPostProcessorAutoConfiguration$ReactorDeferringLoadBalancerFilterConfig' of type [org.springframework.cloud.client.loadbalancer.reactive.LoadBalancerBeanPostProcessorAutoConfiguration$ReactorDeferringLoadBalancerFilterConfig] is not eligible for getting processed by all BeanPostProcessors (for example: not eligible for auto-proxying). Is this bean getting eagerly injected into a currently created BeanPostProcessor [loadBalancerWebClientBuilderBeanPostProcessor]? Check the corresponding BeanPostProcessor declaration and its dependencies.
2024-06-07 12:15:29 [main] WARN  o.s.c.s.PostProcessorRegistrationDelegate$BeanPostProcessorChecker - Bean 'reactorDeferringLoadBalancerExchangeFilterFunction' of type [org.springframework.cloud.client.loadbalancer.reactive.DeferringLoadBalancerExchangeFilterFunction] is not eligible for getting processed by all BeanPostProcessors (for example: not eligible for auto-proxying). Is this bean getting eagerly injected into a currently created BeanPostProcessor [loadBalancerWebClientBuilderBeanPostProcessor]? Check the corresponding BeanPostProcessor declaration and its dependencies.
2024-06-07 12:15:29 [main] INFO  o.s.b.w.e.tomcat.TomcatWebServer - Tomcat initialized with port 8081 (http)
2024-06-07 12:15:29 [main] INFO  o.a.catalina.core.StandardService - Starting service [Tomcat]
2024-06-07 12:15:29 [main] INFO  o.a.catalina.core.StandardEngine - Starting Servlet engine: [Apache Tomcat/10.1.17]
2024-06-07 12:15:30 [main] INFO  o.a.c.c.C.[Tomcat].[localhost].[/] - Initializing Spring embedded WebApplicationContext
2024-06-07 12:15:30 [main] INFO  o.s.b.w.s.c.ServletWebServerApplicationContext - Root WebApplicationContext: initialization completed in 3784 ms
2024-06-07 12:15:30 [main] INFO  o.h.jpa.internal.util.LogHelper - HHH000204: Processing PersistenceUnitInfo [name: default]
2024-06-07 12:15:30 [main] INFO  org.hibernate.Version - HHH000412: Hibernate ORM core version 6.4.1.Final
2024-06-07 12:15:30 [main] INFO  o.h.c.i.RegionFactoryInitiator - HHH000026: Second-level cache disabled
2024-06-07 12:15:31 [main] INFO  o.s.o.j.p.SpringPersistenceUnitInfo - No LoadTimeWeaver setup: ignoring JPA class transformer
2024-06-07 12:15:31 [main] INFO  com.zaxxer.hikari.HikariDataSource - HikariPool-1 - Starting...
2024-06-07 12:15:31 [main] INFO  com.zaxxer.hikari.pool.HikariPool - HikariPool-1 - Added connection org.postgresql.jdbc.PgConnection@34a99d8
2024-06-07 12:15:31 [main] INFO  com.zaxxer.hikari.HikariDataSource - HikariPool-1 - Start completed.
2024-06-07 12:15:31 [main] WARN  org.hibernate.orm.deprecation - HHH90000025: PostgreSQLDialect does not need to be specified explicitly using 'hibernate.dialect' (remove the property setting and it will be selected by default)
2024-06-07 12:15:32 [main] INFO  o.h.e.t.j.p.i.JtaPlatformInitiator - HHH000489: No JTA platform available (set 'hibernate.transaction.jta.platform' to enable JTA platform integration)
2024-06-07 12:15:32 [main] DEBUG org.hibernate.SQL - create table traveller (traveller_id bigserial not null, address varchar(255), age integer not null, gender varchar(255), mobile varchar(255), name varchar(255), username varchar(255), primary key (traveller_id))
2024-06-07 12:15:33 [main] DEBUG org.hibernate.SQL - create table users (username varchar(255) not null, address varchar(255), email varchar(255), gender varchar(255), marital_status varchar(255), mobile varchar(255), name varchar(255), password varchar(255), roles varchar(255), primary key (username))
2024-06-07 12:15:33 [main] DEBUG org.hibernate.SQL - alter table if exists traveller add constraint FK662aabnximerkw38a9bc2jl7o foreign key (username) references users
2024-06-07 12:15:33 [main] INFO  o.s.o.j.LocalContainerEntityManagerFactoryBean - Initialized JPA EntityManagerFactory for persistence unit 'default'
2024-06-07 12:15:34 [main] WARN  o.s.b.a.o.j.JpaBaseConfiguration$JpaWebConfiguration - spring.jpa.open-in-view is enabled by default. Therefore, database queries may be performed during view rendering. Explicitly configure spring.jpa.open-in-view to disable this warning
2024-06-07 12:15:36 [main] INFO  o.s.c.s.m.DirectWithAttributesChannel - Channel 'USER-SERVICE.springCloudBusInput' has 1 subscriber(s).
2024-06-07 12:15:37 [main] INFO  o.s.c.n.e.c.DiscoveryClientOptionalArgsConfiguration - Eureka HTTP Client uses RestTemplate.
2024-06-07 12:15:37 [main] WARN  o.s.c.l.c.LoadBalancerCacheAutoConfiguration$LoadBalancerCaffeineWarnLogger - Spring Cloud LoadBalancer is currently working with the default cache. While this cache implementation is useful for development and tests, it's recommended to use Caffeine cache in production.You can switch to using Caffeine cache, by adding it and org.springframework.cache.caffeine.CaffeineCacheManager to the classpath.
2024-06-07 12:15:37 [main] INFO  o.s.b.a.e.web.EndpointLinksResolver - Exposing 23 endpoint(s) beneath base path '/actuator'
2024-06-07 12:15:37 [main] INFO  o.s.i.m.IntegrationMBeanExporter - Registering MessageChannel errorChannel
2024-06-07 12:15:37 [main] INFO  o.s.i.m.IntegrationMBeanExporter - Registering MessageChannel springCloudBusInput
2024-06-07 12:15:37 [main] INFO  o.s.i.m.IntegrationMBeanExporter - Registering MessageChannel nullChannel
2024-06-07 12:15:37 [main] INFO  o.s.i.m.IntegrationMBeanExporter - Registering MessageHandler _org.springframework.integration.errorLogger
2024-06-07 12:15:37 [main] INFO  o.s.i.endpoint.EventDrivenConsumer - Adding {logging-channel-adapter:_org.springframework.integration.errorLogger} as a subscriber to the 'errorChannel' channel
2024-06-07 12:15:37 [main] INFO  o.s.i.c.PublishSubscribeChannel - Channel 'USER-SERVICE.errorChannel' has 1 subscriber(s).
2024-06-07 12:15:37 [main] INFO  o.s.i.endpoint.EventDrivenConsumer - started bean '_org.springframework.integration.errorLogger'
2024-06-07 12:15:37 [main] INFO  o.s.c.n.eureka.InstanceInfoFactory - Setting initial instance status as: STARTING
2024-06-07 12:15:37 [main] INFO  c.netflix.discovery.DiscoveryClient - Initializing Eureka in region us-east-1
2024-06-07 12:15:37 [main] INFO  c.n.d.s.r.aws.ConfigClusterResolver - Resolving eureka endpoints via configuration
2024-06-07 12:15:37 [main] INFO  c.netflix.discovery.DiscoveryClient - Disable delta property : false
2024-06-07 12:15:37 [main] INFO  c.netflix.discovery.DiscoveryClient - Single vip registry refresh property : null
2024-06-07 12:15:37 [main] INFO  c.netflix.discovery.DiscoveryClient - Force full registry fetch : false
2024-06-07 12:15:37 [main] INFO  c.netflix.discovery.DiscoveryClient - Application is null : false
2024-06-07 12:15:37 [main] INFO  c.netflix.discovery.DiscoveryClient - Registered Applications size is zero : true
2024-06-07 12:15:37 [main] INFO  c.netflix.discovery.DiscoveryClient - Application version is -1: true
2024-06-07 12:15:37 [main] INFO  c.netflix.discovery.DiscoveryClient - Getting all instance registry info from the eureka server
2024-06-07 12:15:38 [main] INFO  c.netflix.discovery.DiscoveryClient - The response status is 200
2024-06-07 12:15:38 [main] INFO  c.netflix.discovery.DiscoveryClient - Starting heartbeat executor: renew interval is: 30
2024-06-07 12:15:38 [main] INFO  c.n.discovery.InstanceInfoReplicator - InstanceInfoReplicator onDemand update allowed rate per min is 4
2024-06-07 12:15:38 [main] INFO  c.netflix.discovery.DiscoveryClient - Discovery Client initialized at timestamp 1717742738103 with initial instances count: 3
2024-06-07 12:15:38 [main] INFO  o.s.c.n.e.s.EurekaServiceRegistry - Registering application USER-SERVICE with eureka with status UP
2024-06-07 12:15:38 [main] INFO  c.netflix.discovery.DiscoveryClient - Saw local status change event StatusChangeEvent [timestamp=1717742738120, current=UP, previous=STARTING]
2024-06-07 12:15:38 [DiscoveryClient-InstanceInfoReplicator-0] INFO  c.netflix.discovery.DiscoveryClient - DiscoveryClient_USER-SERVICE/Akilan:USER-SERVICE:8081: registering service...
2024-06-07 12:15:38 [main] INFO  o.s.b.w.e.tomcat.TomcatWebServer - Tomcat started on port 8081 (http) with context path ''
2024-06-07 12:15:38 [main] INFO  o.s.c.n.e.s.EurekaAutoServiceRegistration - Updating port to 8081
2024-06-07 12:15:38 [DiscoveryClient-InstanceInfoReplicator-0] INFO  c.netflix.discovery.DiscoveryClient - DiscoveryClient_USER-SERVICE/Akilan:USER-SERVICE:8081 - registration status: 204
2024-06-07 12:15:38 [main] INFO  o.s.c.s.binder.DefaultBinderFactory - Creating binder: rabbit
2024-06-07 12:15:38 [main] INFO  o.s.c.s.binder.DefaultBinderFactory - Constructing binder child context for rabbit
2024-06-07 12:15:38 [main] INFO  o.s.c.s.binder.DefaultBinderFactory - Caching the binder: rabbit
2024-06-07 12:15:38 [main] INFO  o.s.c.s.b.r.p.RabbitExchangeQueueProvisioner - declaring queue for inbound: springCloudBus.anonymous.LnKJubMGTl6ixWb4tCsyow, bound to: springCloudBus
2024-06-07 12:15:38 [main] INFO  o.s.a.r.c.CachingConnectionFactory - Attempting to connect to: [localhost:5672]
2024-06-07 12:15:39 [main] INFO  o.s.a.r.c.CachingConnectionFactory - Created new connection: rabbitConnectionFactory#74a15f4:0/SimpleConnection@301db982 [delegate=amqp://rabbitmq@127.0.0.1:5672/, localPort=52954]
2024-06-07 12:15:39 [main] INFO  o.s.c.s.binder.BinderErrorChannel - Channel 'rabbit-1610270528.springCloudBusInput.errors' has 1 subscriber(s).
2024-06-07 12:15:39 [main] INFO  o.s.c.s.binder.BinderErrorChannel - Channel 'rabbit-1610270528.springCloudBusInput.errors' has 2 subscriber(s).
2024-06-07 12:15:39 [main] INFO  o.s.i.a.i.AmqpInboundChannelAdapter - started bean 'inbound.springCloudBus.anonymous.LnKJubMGTl6ixWb4tCsyow'
2024-06-07 12:15:39 [main] INFO  o.s.i.m.IntegrationMBeanExporter - Registering MessageChannel rabbit-1610270528.springCloudBusInput.errors
2024-06-07 12:15:39 [main] INFO  c.userservice.UserServiceApplication - Started UserServiceApplication in 17.161 seconds (process running for 18.088)
2024-06-07 12:15:40 [RMI TCP Connection(3)-127.0.0.1] INFO  o.a.c.c.C.[Tomcat].[localhost].[/] - Initializing Spring DispatcherServlet 'dispatcherServlet'
2024-06-07 12:15:40 [RMI TCP Connection(3)-127.0.0.1] INFO  o.s.web.servlet.DispatcherServlet - Initializing Servlet 'dispatcherServlet'
2024-06-07 12:15:40 [RMI TCP Connection(3)-127.0.0.1] INFO  o.s.web.servlet.DispatcherServlet - Completed initialization in 3 ms
2024-06-07 12:20:41 [AsyncResolver-bootstrap-executor-0] INFO  c.n.d.s.r.aws.ConfigClusterResolver - Resolving eureka endpoints via configuration
2024-06-07 12:25:42 [AsyncResolver-bootstrap-executor-0] INFO  c.n.d.s.r.aws.ConfigClusterResolver - Resolving eureka endpoints via configuration
2024-06-07 12:29:10 [http-nio-8081-exec-1] INFO  c.u.controller.UserController - /getuserbyname/{username} called
2024-06-07 12:29:15 [http-nio-8081-exec-1] DEBUG org.hibernate.SQL - select r1_0.username,r1_0.address,r1_0.email,r1_0.gender,r1_0.marital_status,r1_0.mobile,r1_0.name,r1_0.password,r1_0.roles from users r1_0 where r1_0.username=?
2024-06-07 12:29:17 [http-nio-8081-exec-1] DEBUG org.hibernate.SQL - select r1_0.username,r1_0.address,r1_0.email,r1_0.gender,r1_0.marital_status,r1_0.mobile,r1_0.name,r1_0.password,r1_0.roles from users r1_0 where r1_0.username=?
2024-06-07 12:29:17 [http-nio-8081-exec-1] DEBUG org.hibernate.SQL - select t1_0.username,t1_0.traveller_id,t1_0.address,t1_0.age,t1_0.gender,t1_0.mobile,t1_0.name from traveller t1_0 where t1_0.username=?
2024-06-07 12:29:24 [http-nio-8081-exec-2] INFO  c.u.controller.UserController - /getuserbyname/{username} called
2024-06-07 12:29:24 [http-nio-8081-exec-2] DEBUG org.hibernate.SQL - select r1_0.username,r1_0.address,r1_0.email,r1_0.gender,r1_0.marital_status,r1_0.mobile,r1_0.name,r1_0.password,r1_0.roles from users r1_0 where r1_0.username=?
2024-06-07 12:29:24 [http-nio-8081-exec-2] DEBUG org.hibernate.SQL - select r1_0.username,r1_0.address,r1_0.email,r1_0.gender,r1_0.marital_status,r1_0.mobile,r1_0.name,r1_0.password,r1_0.roles from users r1_0 where r1_0.username=?
2024-06-07 12:29:24 [http-nio-8081-exec-2] DEBUG org.hibernate.SQL - select t1_0.username,t1_0.traveller_id,t1_0.address,t1_0.age,t1_0.gender,t1_0.mobile,t1_0.name from traveller t1_0 where t1_0.username=?
2024-06-07 12:29:25 [http-nio-8081-exec-3] INFO  c.u.controller.UserController - /getalltravellers/{username} called
2024-06-07 12:29:25 [http-nio-8081-exec-3] DEBUG org.hibernate.SQL - select r1_0.username,r1_0.address,r1_0.email,r1_0.gender,r1_0.marital_status,r1_0.mobile,r1_0.name,r1_0.password,r1_0.roles from users r1_0 where r1_0.username=?
2024-06-07 12:29:25 [http-nio-8081-exec-3] DEBUG org.hibernate.SQL - select r1_0.username,r1_0.address,r1_0.email,r1_0.gender,r1_0.marital_status,r1_0.mobile,r1_0.name,r1_0.password,r1_0.roles from users r1_0 where r1_0.username=?
2024-06-07 12:29:25 [http-nio-8081-exec-3] DEBUG org.hibernate.SQL - select t1_0.username,t1_0.traveller_id,t1_0.address,t1_0.age,t1_0.gender,t1_0.mobile,t1_0.name from traveller t1_0 where t1_0.username=?
2024-06-07 12:29:25 [http-nio-8081-exec-3] INFO  c.u.service.UserServiceImpl - Traveller details of username: Akil11 are not found
2024-06-07 12:29:26 [http-nio-8081-exec-4] INFO  c.u.controller.UserController - /getalltravellers/{username} called
2024-06-07 12:29:26 [http-nio-8081-exec-4] DEBUG org.hibernate.SQL - select r1_0.username,r1_0.address,r1_0.email,r1_0.gender,r1_0.marital_status,r1_0.mobile,r1_0.name,r1_0.password,r1_0.roles from users r1_0 where r1_0.username=?
2024-06-07 12:29:26 [http-nio-8081-exec-4] DEBUG org.hibernate.SQL - select r1_0.username,r1_0.address,r1_0.email,r1_0.gender,r1_0.marital_status,r1_0.mobile,r1_0.name,r1_0.password,r1_0.roles from users r1_0 where r1_0.username=?
2024-06-07 12:29:26 [http-nio-8081-exec-4] DEBUG org.hibernate.SQL - select t1_0.username,t1_0.traveller_id,t1_0.address,t1_0.age,t1_0.gender,t1_0.mobile,t1_0.name from traveller t1_0 where t1_0.username=?
2024-06-07 12:29:26 [http-nio-8081-exec-4] INFO  c.u.service.UserServiceImpl - Traveller details of username: Akil11 are not found
2024-06-07 12:29:27 [http-nio-8081-exec-5] INFO  c.u.controller.UserController - /getuserbyname/{username} called
2024-06-07 12:29:27 [http-nio-8081-exec-5] DEBUG org.hibernate.SQL - select r1_0.username,r1_0.address,r1_0.email,r1_0.gender,r1_0.marital_status,r1_0.mobile,r1_0.name,r1_0.password,r1_0.roles from users r1_0 where r1_0.username=?
2024-06-07 12:29:27 [http-nio-8081-exec-5] DEBUG org.hibernate.SQL - select r1_0.username,r1_0.address,r1_0.email,r1_0.gender,r1_0.marital_status,r1_0.mobile,r1_0.name,r1_0.password,r1_0.roles from users r1_0 where r1_0.username=?
2024-06-07 12:29:27 [http-nio-8081-exec-5] DEBUG org.hibernate.SQL - select t1_0.username,t1_0.traveller_id,t1_0.address,t1_0.age,t1_0.gender,t1_0.mobile,t1_0.name from traveller t1_0 where t1_0.username=?
2024-06-07 12:29:39 [http-nio-8081-exec-6] INFO  c.u.controller.UserController - /getalltravellers/{username} called
2024-06-07 12:29:39 [http-nio-8081-exec-6] DEBUG org.hibernate.SQL - select r1_0.username,r1_0.address,r1_0.email,r1_0.gender,r1_0.marital_status,r1_0.mobile,r1_0.name,r1_0.password,r1_0.roles from users r1_0 where r1_0.username=?
2024-06-07 12:29:39 [http-nio-8081-exec-6] DEBUG org.hibernate.SQL - select r1_0.username,r1_0.address,r1_0.email,r1_0.gender,r1_0.marital_status,r1_0.mobile,r1_0.name,r1_0.password,r1_0.roles from users r1_0 where r1_0.username=?
2024-06-07 12:29:39 [http-nio-8081-exec-6] DEBUG org.hibernate.SQL - select t1_0.username,t1_0.traveller_id,t1_0.address,t1_0.age,t1_0.gender,t1_0.mobile,t1_0.name from traveller t1_0 where t1_0.username=?
2024-06-07 12:29:39 [http-nio-8081-exec-6] INFO  c.u.service.UserServiceImpl - Traveller details of username: Akil11 are not found
2024-06-07 12:29:40 [http-nio-8081-exec-7] INFO  c.u.controller.UserController - /getalltravellers/{username} called
2024-06-07 12:29:40 [http-nio-8081-exec-7] DEBUG org.hibernate.SQL - select r1_0.username,r1_0.address,r1_0.email,r1_0.gender,r1_0.marital_status,r1_0.mobile,r1_0.name,r1_0.password,r1_0.roles from users r1_0 where r1_0.username=?
2024-06-07 12:29:40 [http-nio-8081-exec-7] DEBUG org.hibernate.SQL - select r1_0.username,r1_0.address,r1_0.email,r1_0.gender,r1_0.marital_status,r1_0.mobile,r1_0.name,r1_0.password,r1_0.roles from users r1_0 where r1_0.username=?
2024-06-07 12:29:40 [http-nio-8081-exec-7] DEBUG org.hibernate.SQL - select t1_0.username,t1_0.traveller_id,t1_0.address,t1_0.age,t1_0.gender,t1_0.mobile,t1_0.name from traveller t1_0 where t1_0.username=?
2024-06-07 12:29:40 [http-nio-8081-exec-7] INFO  c.u.service.UserServiceImpl - Traveller details of username: Akil11 are not found
2024-06-07 12:30:17 [http-nio-8081-exec-8] INFO  c.u.controller.UserController - /addtraveller/{username} called
2024-06-07 12:30:17 [http-nio-8081-exec-8] DEBUG org.hibernate.SQL - select r1_0.username,r1_0.address,r1_0.email,r1_0.gender,r1_0.marital_status,r1_0.mobile,r1_0.name,r1_0.password,r1_0.roles from users r1_0 where r1_0.username=?
2024-06-07 12:30:17 [http-nio-8081-exec-8] DEBUG org.hibernate.SQL - select t1_0.username,t1_0.traveller_id,t1_0.address,t1_0.age,t1_0.gender,t1_0.mobile,t1_0.name from traveller t1_0 where t1_0.username=?
2024-06-07 12:30:18 [http-nio-8081-exec-8] DEBUG org.hibernate.SQL - insert into traveller (address,age,gender,mobile,name) values (?,?,?,?,?)
2024-06-07 12:30:18 [http-nio-8081-exec-8] DEBUG org.hibernate.SQL - update traveller set username=? where traveller_id=?
2024-06-07 12:30:18 [http-nio-8081-exec-8] INFO  c.u.service.UserServiceImpl - Traveller details of username: Akil11 got added
2024-06-07 12:30:19 [http-nio-8081-exec-9] INFO  c.u.controller.UserController - /getalltravellers/{username} called
2024-06-07 12:30:19 [http-nio-8081-exec-9] DEBUG org.hibernate.SQL - select r1_0.username,r1_0.address,r1_0.email,r1_0.gender,r1_0.marital_status,r1_0.mobile,r1_0.name,r1_0.password,r1_0.roles from users r1_0 where r1_0.username=?
2024-06-07 12:30:19 [http-nio-8081-exec-9] DEBUG org.hibernate.SQL - select r1_0.username,r1_0.address,r1_0.email,r1_0.gender,r1_0.marital_status,r1_0.mobile,r1_0.name,r1_0.password,r1_0.roles from users r1_0 where r1_0.username=?
2024-06-07 12:30:19 [http-nio-8081-exec-9] DEBUG org.hibernate.SQL - select t1_0.username,t1_0.traveller_id,t1_0.address,t1_0.age,t1_0.gender,t1_0.mobile,t1_0.name from traveller t1_0 where t1_0.username=?
2024-06-07 12:30:19 [http-nio-8081-exec-9] INFO  c.u.service.UserServiceImpl - Traveller details of username: Akil11 are found
2024-06-07 12:30:30 [http-nio-8081-exec-10] INFO  c.u.controller.UserController - /getalltravellers/{username} called
2024-06-07 12:30:30 [http-nio-8081-exec-10] DEBUG org.hibernate.SQL - select r1_0.username,r1_0.address,r1_0.email,r1_0.gender,r1_0.marital_status,r1_0.mobile,r1_0.name,r1_0.password,r1_0.roles from users r1_0 where r1_0.username=?
2024-06-07 12:30:30 [http-nio-8081-exec-10] DEBUG org.hibernate.SQL - select r1_0.username,r1_0.address,r1_0.email,r1_0.gender,r1_0.marital_status,r1_0.mobile,r1_0.name,r1_0.password,r1_0.roles from users r1_0 where r1_0.username=?
2024-06-07 12:30:30 [http-nio-8081-exec-10] DEBUG org.hibernate.SQL - select t1_0.username,t1_0.traveller_id,t1_0.address,t1_0.age,t1_0.gender,t1_0.mobile,t1_0.name from traveller t1_0 where t1_0.username=?
2024-06-07 12:30:30 [http-nio-8081-exec-1] INFO  c.u.controller.UserController - /getuserbyname/{username} called
2024-06-07 12:30:30 [http-nio-8081-exec-1] DEBUG org.hibernate.SQL - select r1_0.username,r1_0.address,r1_0.email,r1_0.gender,r1_0.marital_status,r1_0.mobile,r1_0.name,r1_0.password,r1_0.roles from users r1_0 where r1_0.username=?
2024-06-07 12:30:30 [http-nio-8081-exec-10] INFO  c.u.service.UserServiceImpl - Traveller details of username: Akil11 are found
2024-06-07 12:30:30 [http-nio-8081-exec-2] INFO  c.u.controller.UserController - /getalltravellers/{username} called
2024-06-07 12:30:30 [http-nio-8081-exec-2] DEBUG org.hibernate.SQL - select r1_0.username,r1_0.address,r1_0.email,r1_0.gender,r1_0.marital_status,r1_0.mobile,r1_0.name,r1_0.password,r1_0.roles from users r1_0 where r1_0.username=?
2024-06-07 12:30:30 [http-nio-8081-exec-2] DEBUG org.hibernate.SQL - select r1_0.username,r1_0.address,r1_0.email,r1_0.gender,r1_0.marital_status,r1_0.mobile,r1_0.name,r1_0.password,r1_0.roles from users r1_0 where r1_0.username=?
2024-06-07 12:30:30 [http-nio-8081-exec-2] DEBUG org.hibernate.SQL - select t1_0.username,t1_0.traveller_id,t1_0.address,t1_0.age,t1_0.gender,t1_0.mobile,t1_0.name from traveller t1_0 where t1_0.username=?
2024-06-07 12:30:30 [http-nio-8081-exec-2] INFO  c.u.service.UserServiceImpl - Traveller details of username: Akil11 are found
2024-06-07 12:30:31 [http-nio-8081-exec-1] DEBUG org.hibernate.SQL - select r1_0.username,r1_0.address,r1_0.email,r1_0.gender,r1_0.marital_status,r1_0.mobile,r1_0.name,r1_0.password,r1_0.roles from users r1_0 where r1_0.username=?
2024-06-07 12:30:31 [http-nio-8081-exec-1] DEBUG org.hibernate.SQL - select t1_0.username,t1_0.traveller_id,t1_0.address,t1_0.age,t1_0.gender,t1_0.mobile,t1_0.name from traveller t1_0 where t1_0.username=?
2024-06-07 12:30:31 [http-nio-8081-exec-3] INFO  c.u.controller.UserController - /getuserbyname/{username} called
2024-06-07 12:30:31 [http-nio-8081-exec-3] DEBUG org.hibernate.SQL - select r1_0.username,r1_0.address,r1_0.email,r1_0.gender,r1_0.marital_status,r1_0.mobile,r1_0.name,r1_0.password,r1_0.roles from users r1_0 where r1_0.username=?
2024-06-07 12:30:31 [http-nio-8081-exec-3] DEBUG org.hibernate.SQL - select r1_0.username,r1_0.address,r1_0.email,r1_0.gender,r1_0.marital_status,r1_0.mobile,r1_0.name,r1_0.password,r1_0.roles from users r1_0 where r1_0.username=?
2024-06-07 12:30:31 [http-nio-8081-exec-3] DEBUG org.hibernate.SQL - select t1_0.username,t1_0.traveller_id,t1_0.address,t1_0.age,t1_0.gender,t1_0.mobile,t1_0.name from traveller t1_0 where t1_0.username=?
2024-06-07 12:30:42 [AsyncResolver-bootstrap-executor-0] INFO  c.n.d.s.r.aws.ConfigClusterResolver - Resolving eureka endpoints via configuration
2024-06-07 12:35:05 [http-nio-8081-exec-5] INFO  c.u.controller.UserController - /getuserbyname/{username} called
2024-06-07 12:35:05 [http-nio-8081-exec-5] DEBUG org.hibernate.SQL - select r1_0.username,r1_0.address,r1_0.email,r1_0.gender,r1_0.marital_status,r1_0.mobile,r1_0.name,r1_0.password,r1_0.roles from users r1_0 where r1_0.username=?
2024-06-07 12:35:05 [http-nio-8081-exec-5] DEBUG org.hibernate.SQL - select r1_0.username,r1_0.address,r1_0.email,r1_0.gender,r1_0.marital_status,r1_0.mobile,r1_0.name,r1_0.password,r1_0.roles from users r1_0 where r1_0.username=?
2024-06-07 12:35:05 [http-nio-8081-exec-6] INFO  c.u.controller.UserController - /getalltravellers/{username} called
2024-06-07 12:35:05 [http-nio-8081-exec-6] DEBUG org.hibernate.SQL - select r1_0.username,r1_0.address,r1_0.email,r1_0.gender,r1_0.marital_status,r1_0.mobile,r1_0.name,r1_0.password,r1_0.roles from users r1_0 where r1_0.username=?
2024-06-07 12:35:05 [http-nio-8081-exec-5] DEBUG org.hibernate.SQL - select t1_0.username,t1_0.traveller_id,t1_0.address,t1_0.age,t1_0.gender,t1_0.mobile,t1_0.name from traveller t1_0 where t1_0.username=?
2024-06-07 12:35:05 [http-nio-8081-exec-6] DEBUG org.hibernate.SQL - select r1_0.username,r1_0.address,r1_0.email,r1_0.gender,r1_0.marital_status,r1_0.mobile,r1_0.name,r1_0.password,r1_0.roles from users r1_0 where r1_0.username=?
2024-06-07 12:35:05 [http-nio-8081-exec-6] DEBUG org.hibernate.SQL - select t1_0.username,t1_0.traveller_id,t1_0.address,t1_0.age,t1_0.gender,t1_0.mobile,t1_0.name from traveller t1_0 where t1_0.username=?
2024-06-07 12:35:05 [http-nio-8081-exec-6] INFO  c.u.service.UserServiceImpl - Traveller details of username: Akil11 are found
2024-06-07 12:35:05 [http-nio-8081-exec-7] INFO  c.u.controller.UserController - /getalltravellers/{username} called
2024-06-07 12:35:05 [http-nio-8081-exec-7] DEBUG org.hibernate.SQL - select r1_0.username,r1_0.address,r1_0.email,r1_0.gender,r1_0.marital_status,r1_0.mobile,r1_0.name,r1_0.password,r1_0.roles from users r1_0 where r1_0.username=?
2024-06-07 12:35:06 [http-nio-8081-exec-7] DEBUG org.hibernate.SQL - select r1_0.username,r1_0.address,r1_0.email,r1_0.gender,r1_0.marital_status,r1_0.mobile,r1_0.name,r1_0.password,r1_0.roles from users r1_0 where r1_0.username=?
2024-06-07 12:35:06 [http-nio-8081-exec-7] DEBUG org.hibernate.SQL - select t1_0.username,t1_0.traveller_id,t1_0.address,t1_0.age,t1_0.gender,t1_0.mobile,t1_0.name from traveller t1_0 where t1_0.username=?
2024-06-07 12:35:06 [http-nio-8081-exec-7] INFO  c.u.service.UserServiceImpl - Traveller details of username: Akil11 are found
2024-06-07 12:35:06 [http-nio-8081-exec-8] INFO  c.u.controller.UserController - /getuserbyname/{username} called
2024-06-07 12:35:06 [http-nio-8081-exec-8] DEBUG org.hibernate.SQL - select r1_0.username,r1_0.address,r1_0.email,r1_0.gender,r1_0.marital_status,r1_0.mobile,r1_0.name,r1_0.password,r1_0.roles from users r1_0 where r1_0.username=?
2024-06-07 12:35:06 [http-nio-8081-exec-8] DEBUG org.hibernate.SQL - select r1_0.username,r1_0.address,r1_0.email,r1_0.gender,r1_0.marital_status,r1_0.mobile,r1_0.name,r1_0.password,r1_0.roles from users r1_0 where r1_0.username=?
2024-06-07 12:35:06 [http-nio-8081-exec-8] DEBUG org.hibernate.SQL - select t1_0.username,t1_0.traveller_id,t1_0.address,t1_0.age,t1_0.gender,t1_0.mobile,t1_0.name from traveller t1_0 where t1_0.username=?
2024-06-07 12:35:10 [http-nio-8081-exec-9] INFO  c.u.controller.UserController - /getuserbyname/{username} called
2024-06-07 12:35:10 [http-nio-8081-exec-9] DEBUG org.hibernate.SQL - select r1_0.username,r1_0.address,r1_0.email,r1_0.gender,r1_0.marital_status,r1_0.mobile,r1_0.name,r1_0.password,r1_0.roles from users r1_0 where r1_0.username=?
2024-06-07 12:35:10 [http-nio-8081-exec-9] DEBUG org.hibernate.SQL - select r1_0.username,r1_0.address,r1_0.email,r1_0.gender,r1_0.marital_status,r1_0.mobile,r1_0.name,r1_0.password,r1_0.roles from users r1_0 where r1_0.username=?
2024-06-07 12:35:10 [http-nio-8081-exec-9] DEBUG org.hibernate.SQL - select t1_0.username,t1_0.traveller_id,t1_0.address,t1_0.age,t1_0.gender,t1_0.mobile,t1_0.name from traveller t1_0 where t1_0.username=?
2024-06-07 12:35:12 [http-nio-8081-exec-10] INFO  c.u.controller.UserController - /getalltravellers/{username} called
2024-06-07 12:35:12 [http-nio-8081-exec-10] DEBUG org.hibernate.SQL - select r1_0.username,r1_0.address,r1_0.email,r1_0.gender,r1_0.marital_status,r1_0.mobile,r1_0.name,r1_0.password,r1_0.roles from users r1_0 where r1_0.username=?
2024-06-07 12:35:12 [http-nio-8081-exec-10] DEBUG org.hibernate.SQL - select r1_0.username,r1_0.address,r1_0.email,r1_0.gender,r1_0.marital_status,r1_0.mobile,r1_0.name,r1_0.password,r1_0.roles from users r1_0 where r1_0.username=?
2024-06-07 12:35:12 [http-nio-8081-exec-10] DEBUG org.hibernate.SQL - select t1_0.username,t1_0.traveller_id,t1_0.address,t1_0.age,t1_0.gender,t1_0.mobile,t1_0.name from traveller t1_0 where t1_0.username=?
2024-06-07 12:35:12 [http-nio-8081-exec-10] INFO  c.u.service.UserServiceImpl - Traveller details of username: Akil11 are found
2024-06-07 12:35:38 [http-nio-8081-exec-2] INFO  c.u.controller.UserController - /getalltravellers/{username} called
2024-06-07 12:35:38 [http-nio-8081-exec-2] DEBUG org.hibernate.SQL - select r1_0.username,r1_0.address,r1_0.email,r1_0.gender,r1_0.marital_status,r1_0.mobile,r1_0.name,r1_0.password,r1_0.roles from users r1_0 where r1_0.username=?
2024-06-07 12:35:38 [http-nio-8081-exec-2] DEBUG org.hibernate.SQL - select r1_0.username,r1_0.address,r1_0.email,r1_0.gender,r1_0.marital_status,r1_0.mobile,r1_0.name,r1_0.password,r1_0.roles from users r1_0 where r1_0.username=?
2024-06-07 12:35:38 [http-nio-8081-exec-2] DEBUG org.hibernate.SQL - select t1_0.username,t1_0.traveller_id,t1_0.address,t1_0.age,t1_0.gender,t1_0.mobile,t1_0.name from traveller t1_0 where t1_0.username=?
2024-06-07 12:35:38 [http-nio-8081-exec-2] INFO  c.u.service.UserServiceImpl - Traveller details of username: Akil11 are found
2024-06-07 12:35:38 [http-nio-8081-exec-1] INFO  c.u.controller.UserController - /getuserbyname/{username} called
2024-06-07 12:35:38 [http-nio-8081-exec-1] DEBUG org.hibernate.SQL - select r1_0.username,r1_0.address,r1_0.email,r1_0.gender,r1_0.marital_status,r1_0.mobile,r1_0.name,r1_0.password,r1_0.roles from users r1_0 where r1_0.username=?
2024-06-07 12:35:38 [http-nio-8081-exec-1] DEBUG org.hibernate.SQL - select r1_0.username,r1_0.address,r1_0.email,r1_0.gender,r1_0.marital_status,r1_0.mobile,r1_0.name,r1_0.password,r1_0.roles from users r1_0 where r1_0.username=?
2024-06-07 12:35:38 [http-nio-8081-exec-1] DEBUG org.hibernate.SQL - select t1_0.username,t1_0.traveller_id,t1_0.address,t1_0.age,t1_0.gender,t1_0.mobile,t1_0.name from traveller t1_0 where t1_0.username=?
2024-06-07 12:35:39 [http-nio-8081-exec-3] INFO  c.u.controller.UserController - /getalltravellers/{username} called
2024-06-07 12:35:39 [http-nio-8081-exec-3] DEBUG org.hibernate.SQL - select r1_0.username,r1_0.address,r1_0.email,r1_0.gender,r1_0.marital_status,r1_0.mobile,r1_0.name,r1_0.password,r1_0.roles from users r1_0 where r1_0.username=?
2024-06-07 12:35:39 [http-nio-8081-exec-3] DEBUG org.hibernate.SQL - select r1_0.username,r1_0.address,r1_0.email,r1_0.gender,r1_0.marital_status,r1_0.mobile,r1_0.name,r1_0.password,r1_0.roles from users r1_0 where r1_0.username=?
2024-06-07 12:35:39 [http-nio-8081-exec-3] DEBUG org.hibernate.SQL - select t1_0.username,t1_0.traveller_id,t1_0.address,t1_0.age,t1_0.gender,t1_0.mobile,t1_0.name from traveller t1_0 where t1_0.username=?
2024-06-07 12:35:39 [http-nio-8081-exec-3] INFO  c.u.service.UserServiceImpl - Traveller details of username: Akil11 are found
2024-06-07 12:35:39 [http-nio-8081-exec-4] INFO  c.u.controller.UserController - /getuserbyname/{username} called
2024-06-07 12:35:39 [http-nio-8081-exec-4] DEBUG org.hibernate.SQL - select r1_0.username,r1_0.address,r1_0.email,r1_0.gender,r1_0.marital_status,r1_0.mobile,r1_0.name,r1_0.password,r1_0.roles from users r1_0 where r1_0.username=?
2024-06-07 12:35:39 [http-nio-8081-exec-4] DEBUG org.hibernate.SQL - select r1_0.username,r1_0.address,r1_0.email,r1_0.gender,r1_0.marital_status,r1_0.mobile,r1_0.name,r1_0.password,r1_0.roles from users r1_0 where r1_0.username=?
2024-06-07 12:35:39 [http-nio-8081-exec-4] DEBUG org.hibernate.SQL - select t1_0.username,t1_0.traveller_id,t1_0.address,t1_0.age,t1_0.gender,t1_0.mobile,t1_0.name from traveller t1_0 where t1_0.username=?
2024-06-07 12:35:42 [AsyncResolver-bootstrap-executor-0] INFO  c.n.d.s.r.aws.ConfigClusterResolver - Resolving eureka endpoints via configuration
2024-06-07 12:40:38 [http-nio-8081-exec-7] INFO  c.u.controller.UserController - /getalltravellers/{username} called
2024-06-07 12:40:37 [http-nio-8081-exec-8] INFO  c.u.controller.UserController - /getuserbyname/{username} called
2024-06-07 12:40:41 [http-nio-8081-exec-8] DEBUG org.hibernate.SQL - select r1_0.username,r1_0.address,r1_0.email,r1_0.gender,r1_0.marital_status,r1_0.mobile,r1_0.name,r1_0.password,r1_0.roles from users r1_0 where r1_0.username=?
2024-06-07 12:40:43 [AsyncResolver-bootstrap-executor-0] INFO  c.n.d.s.r.aws.ConfigClusterResolver - Resolving eureka endpoints via configuration
2024-06-07 12:40:43 [http-nio-8081-exec-8] DEBUG org.hibernate.SQL - select r1_0.username,r1_0.address,r1_0.email,r1_0.gender,r1_0.marital_status,r1_0.mobile,r1_0.name,r1_0.password,r1_0.roles from users r1_0 where r1_0.username=?
2024-06-07 12:40:44 [http-nio-8081-exec-8] DEBUG org.hibernate.SQL - select t1_0.username,t1_0.traveller_id,t1_0.address,t1_0.age,t1_0.gender,t1_0.mobile,t1_0.name from traveller t1_0 where t1_0.username=?
2024-06-07 12:40:45 [http-nio-8081-exec-9] INFO  c.u.controller.UserController - /getalltravellers/{username} called
2024-06-07 12:40:45 [http-nio-8081-exec-9] DEBUG org.hibernate.SQL - select r1_0.username,r1_0.address,r1_0.email,r1_0.gender,r1_0.marital_status,r1_0.mobile,r1_0.name,r1_0.password,r1_0.roles from users r1_0 where r1_0.username=?
2024-06-07 12:40:47 [http-nio-8081-exec-9] DEBUG org.hibernate.SQL - select r1_0.username,r1_0.address,r1_0.email,r1_0.gender,r1_0.marital_status,r1_0.mobile,r1_0.name,r1_0.password,r1_0.roles from users r1_0 where r1_0.username=?
2024-06-07 12:40:47 [http-nio-8081-exec-9] DEBUG org.hibernate.SQL - select t1_0.username,t1_0.traveller_id,t1_0.address,t1_0.age,t1_0.gender,t1_0.mobile,t1_0.name from traveller t1_0 where t1_0.username=?
2024-06-07 12:40:47 [http-nio-8081-exec-9] INFO  c.u.service.UserServiceImpl - Traveller details of username: Akil11 are found
2024-06-07 12:40:47 [http-nio-8081-exec-10] INFO  c.u.controller.UserController - /getuserbyname/{username} called
2024-06-07 12:40:47 [http-nio-8081-exec-10] DEBUG org.hibernate.SQL - select r1_0.username,r1_0.address,r1_0.email,r1_0.gender,r1_0.marital_status,r1_0.mobile,r1_0.name,r1_0.password,r1_0.roles from users r1_0 where r1_0.username=?
2024-06-07 12:40:48 [http-nio-8081-exec-7] DEBUG org.hibernate.SQL - select r1_0.username,r1_0.address,r1_0.email,r1_0.gender,r1_0.marital_status,r1_0.mobile,r1_0.name,r1_0.password,r1_0.roles from users r1_0 where r1_0.username=?
2024-06-07 12:40:53 [http-nio-8081-exec-2] INFO  c.u.controller.UserController - /getalltravellers/{username} called
2024-06-07 12:40:53 [http-nio-8081-exec-2] DEBUG org.hibernate.SQL - select r1_0.username,r1_0.address,r1_0.email,r1_0.gender,r1_0.marital_status,r1_0.mobile,r1_0.name,r1_0.password,r1_0.roles from users r1_0 where r1_0.username=?
2024-06-07 12:40:54 [http-nio-8081-exec-2] DEBUG org.hibernate.SQL - select r1_0.username,r1_0.address,r1_0.email,r1_0.gender,r1_0.marital_status,r1_0.mobile,r1_0.name,r1_0.password,r1_0.roles from users r1_0 where r1_0.username=?
2024-06-07 12:40:54 [http-nio-8081-exec-2] DEBUG org.hibernate.SQL - select t1_0.username,t1_0.traveller_id,t1_0.address,t1_0.age,t1_0.gender,t1_0.mobile,t1_0.name from traveller t1_0 where t1_0.username=?
2024-06-07 12:40:54 [http-nio-8081-exec-2] INFO  c.u.service.UserServiceImpl - Traveller details of username: Akil11 are found
2024-06-07 12:40:54 [http-nio-8081-exec-7] DEBUG org.hibernate.SQL - select r1_0.username,r1_0.address,r1_0.email,r1_0.gender,r1_0.marital_status,r1_0.mobile,r1_0.name,r1_0.password,r1_0.roles from users r1_0 where r1_0.username=?
2024-06-07 12:40:54 [http-nio-8081-exec-10] DEBUG org.hibernate.SQL - select r1_0.username,r1_0.address,r1_0.email,r1_0.gender,r1_0.marital_status,r1_0.mobile,r1_0.name,r1_0.password,r1_0.roles from users r1_0 where r1_0.username=?
2024-06-07 12:40:54 [http-nio-8081-exec-7] DEBUG org.hibernate.SQL - select t1_0.username,t1_0.traveller_id,t1_0.address,t1_0.age,t1_0.gender,t1_0.mobile,t1_0.name from traveller t1_0 where t1_0.username=?
2024-06-07 12:40:54 [http-nio-8081-exec-10] DEBUG org.hibernate.SQL - select t1_0.username,t1_0.traveller_id,t1_0.address,t1_0.age,t1_0.gender,t1_0.mobile,t1_0.name from traveller t1_0 where t1_0.username=?
2024-06-07 12:40:55 [http-nio-8081-exec-7] INFO  c.u.service.UserServiceImpl - Traveller details of username: Akil11 are found
2024-06-07 12:40:59 [http-nio-8081-exec-1] INFO  c.u.controller.UserController - /getuserbyname/{username} called
2024-06-07 12:40:59 [http-nio-8081-exec-1] DEBUG org.hibernate.SQL - select r1_0.username,r1_0.address,r1_0.email,r1_0.gender,r1_0.marital_status,r1_0.mobile,r1_0.name,r1_0.password,r1_0.roles from users r1_0 where r1_0.username=?
2024-06-07 12:40:59 [http-nio-8081-exec-1] DEBUG org.hibernate.SQL - select r1_0.username,r1_0.address,r1_0.email,r1_0.gender,r1_0.marital_status,r1_0.mobile,r1_0.name,r1_0.password,r1_0.roles from users r1_0 where r1_0.username=?
2024-06-07 12:40:59 [http-nio-8081-exec-1] DEBUG org.hibernate.SQL - select t1_0.username,t1_0.traveller_id,t1_0.address,t1_0.age,t1_0.gender,t1_0.mobile,t1_0.name from traveller t1_0 where t1_0.username=?
2024-06-07 12:45:43 [AsyncResolver-bootstrap-executor-0] INFO  c.n.d.s.r.aws.ConfigClusterResolver - Resolving eureka endpoints via configuration
2024-06-07 12:50:43 [AsyncResolver-bootstrap-executor-0] INFO  c.n.d.s.r.aws.ConfigClusterResolver - Resolving eureka endpoints via configuration
2024-06-07 12:52:05 [RMI TCP Connection(44)-127.0.0.1] INFO  o.s.b.a.SpringApplicationAdminMXBeanRegistrar$SpringApplicationAdmin - Application shutdown requested.
2024-06-07 12:52:05 [RMI TCP Connection(48)-127.0.0.1] INFO  o.s.b.a.SpringApplicationAdminMXBeanRegistrar$SpringApplicationAdmin - Application shutdown requested.
2024-06-07 12:52:05 [RMI TCP Connection(46)-127.0.0.1] INFO  o.s.b.a.SpringApplicationAdminMXBeanRegistrar$SpringApplicationAdmin - Application shutdown requested.
2024-06-07 12:52:05 [RMI TCP Connection(49)-127.0.0.1] INFO  o.s.b.a.SpringApplicationAdminMXBeanRegistrar$SpringApplicationAdmin - Application shutdown requested.
2024-06-07 12:52:05 [RMI TCP Connection(45)-127.0.0.1] INFO  o.s.b.a.SpringApplicationAdminMXBeanRegistrar$SpringApplicationAdmin - Application shutdown requested.
2024-06-07 12:52:05 [RMI TCP Connection(47)-127.0.0.1] INFO  o.s.b.a.SpringApplicationAdminMXBeanRegistrar$SpringApplicationAdmin - Application shutdown requested.
2024-06-07 12:52:05 [RMI TCP Connection(50)-127.0.0.1] INFO  o.s.b.a.SpringApplicationAdminMXBeanRegistrar$SpringApplicationAdmin - Application shutdown requested.
2024-06-07 12:52:06 [RMI TCP Connection(51)-127.0.0.1] INFO  o.s.b.a.SpringApplicationAdminMXBeanRegistrar$SpringApplicationAdmin - Application shutdown requested.
2024-06-07 12:52:06 [RMI TCP Connection(52)-127.0.0.1] INFO  o.s.b.a.SpringApplicationAdminMXBeanRegistrar$SpringApplicationAdmin - Application shutdown requested.
2024-06-07 12:52:06 [RMI TCP Connection(53)-127.0.0.1] INFO  o.s.b.a.SpringApplicationAdminMXBeanRegistrar$SpringApplicationAdmin - Application shutdown requested.
2024-06-07 12:52:07 [RMI TCP Connection(54)-127.0.0.1] INFO  o.s.b.a.SpringApplicationAdminMXBeanRegistrar$SpringApplicationAdmin - Application shutdown requested.
2024-06-07 12:52:07 [RMI TCP Connection(49)-127.0.0.1] INFO  o.s.c.n.e.s.EurekaServiceRegistry - Unregistering application USER-SERVICE with eureka with status DOWN
2024-06-07 12:52:07 [RMI TCP Connection(49)-127.0.0.1] INFO  c.netflix.discovery.DiscoveryClient - Saw local status change event StatusChangeEvent [timestamp=1717744927713, current=DOWN, previous=UP]
2024-06-07 12:52:07 [DiscoveryClient-InstanceInfoReplicator-0] INFO  c.netflix.discovery.DiscoveryClient - DiscoveryClient_USER-SERVICE/Akilan:USER-SERVICE:8081: registering service...
2024-06-07 12:52:07 [RMI TCP Connection(55)-127.0.0.1] INFO  o.s.b.a.SpringApplicationAdminMXBeanRegistrar$SpringApplicationAdmin - Application shutdown requested.
2024-06-07 12:52:08 [RMI TCP Connection(56)-127.0.0.1] INFO  o.s.b.a.SpringApplicationAdminMXBeanRegistrar$SpringApplicationAdmin - Application shutdown requested.
2024-06-07 12:52:08 [DiscoveryClient-InstanceInfoReplicator-0] INFO  c.netflix.discovery.DiscoveryClient - DiscoveryClient_USER-SERVICE/Akilan:USER-SERVICE:8081 - registration status: 204
2024-06-07 12:52:08 [RMI TCP Connection(57)-127.0.0.1] INFO  o.s.b.a.SpringApplicationAdminMXBeanRegistrar$SpringApplicationAdmin - Application shutdown requested.
2024-06-07 12:52:08 [RMI TCP Connection(58)-127.0.0.1] INFO  o.s.b.a.SpringApplicationAdminMXBeanRegistrar$SpringApplicationAdmin - Application shutdown requested.
2024-06-07 12:52:08 [RMI TCP Connection(59)-127.0.0.1] INFO  o.s.b.a.SpringApplicationAdminMXBeanRegistrar$SpringApplicationAdmin - Application shutdown requested.
2024-06-07 12:52:09 [RMI TCP Connection(60)-127.0.0.1] INFO  o.s.b.a.SpringApplicationAdminMXBeanRegistrar$SpringApplicationAdmin - Application shutdown requested.
2024-06-07 12:52:09 [RMI TCP Connection(61)-127.0.0.1] INFO  o.s.b.a.SpringApplicationAdminMXBeanRegistrar$SpringApplicationAdmin - Application shutdown requested.
2024-06-07 12:52:10 [RMI TCP Connection(62)-127.0.0.1] INFO  o.s.b.a.SpringApplicationAdminMXBeanRegistrar$SpringApplicationAdmin - Application shutdown requested.
2024-06-07 12:52:10 [RMI TCP Connection(49)-127.0.0.1] INFO  o.s.a.r.l.SimpleMessageListenerContainer - Waiting for workers to finish.
2024-06-07 12:52:10 [RMI TCP Connection(63)-127.0.0.1] INFO  o.s.b.a.SpringApplicationAdminMXBeanRegistrar$SpringApplicationAdmin - Application shutdown requested.
2024-06-07 12:52:11 [RMI TCP Connection(49)-127.0.0.1] INFO  o.s.a.r.l.SimpleMessageListenerContainer - Successfully waited for workers to finish.
2024-06-07 12:52:11 [RMI TCP Connection(49)-127.0.0.1] INFO  o.s.i.a.i.AmqpInboundChannelAdapter - stopped bean 'inbound.springCloudBus.anonymous.LnKJubMGTl6ixWb4tCsyow'
2024-06-07 12:52:11 [RMI TCP Connection(64)-127.0.0.1] INFO  o.s.b.a.SpringApplicationAdminMXBeanRegistrar$SpringApplicationAdmin - Application shutdown requested.
2024-06-07 12:52:12 [RMI TCP Connection(65)-127.0.0.1] INFO  o.s.b.a.SpringApplicationAdminMXBeanRegistrar$SpringApplicationAdmin - Application shutdown requested.
2024-06-07 12:52:13 [RMI TCP Connection(49)-127.0.0.1] INFO  o.s.c.s.binder.BinderErrorChannel - Channel 'USER-SERVICE.rabbit-1610270528.springCloudBusInput.errors' has 1 subscriber(s).
2024-06-07 12:52:13 [RMI TCP Connection(66)-127.0.0.1] INFO  o.s.b.a.SpringApplicationAdminMXBeanRegistrar$SpringApplicationAdmin - Application shutdown requested.
2024-06-07 12:52:14 [RMI TCP Connection(49)-127.0.0.1] INFO  o.s.i.endpoint.EventDrivenConsumer - Removing {logging-channel-adapter:_org.springframework.integration.errorLogger} as a subscriber to the 'errorChannel' channel
2024-06-07 12:52:14 [RMI TCP Connection(49)-127.0.0.1] INFO  o.s.i.c.PublishSubscribeChannel - Channel 'USER-SERVICE.errorChannel' has 0 subscriber(s).
2024-06-07 12:52:14 [RMI TCP Connection(49)-127.0.0.1] INFO  o.s.i.endpoint.EventDrivenConsumer - stopped bean '_org.springframework.integration.errorLogger'
2024-06-07 12:52:14 [RMI TCP Connection(49)-127.0.0.1] INFO  o.s.o.j.LocalContainerEntityManagerFactoryBean - Closing JPA EntityManagerFactory for persistence unit 'default'
2024-06-07 12:52:15 [RMI TCP Connection(49)-127.0.0.1] INFO  com.zaxxer.hikari.HikariDataSource - HikariPool-1 - Shutdown initiated...
2024-06-07 12:52:15 [RMI TCP Connection(49)-127.0.0.1] INFO  com.zaxxer.hikari.HikariDataSource - HikariPool-1 - Shutdown completed.
2024-06-07 12:52:15 [RMI TCP Connection(49)-127.0.0.1] INFO  c.netflix.discovery.DiscoveryClient - Shutting down DiscoveryClient ...
2024-06-07 12:52:18 [RMI TCP Connection(49)-127.0.0.1] INFO  c.netflix.discovery.DiscoveryClient - Unregistering ...
2024-06-07 12:52:18 [RMI TCP Connection(49)-127.0.0.1] INFO  c.netflix.discovery.DiscoveryClient - DiscoveryClient_USER-SERVICE/Akilan:USER-SERVICE:8081 - deregister  status: 200
2024-06-07 12:52:18 [RMI TCP Connection(49)-127.0.0.1] INFO  c.netflix.discovery.DiscoveryClient - Completed shut down of DiscoveryClient
